ARM GAS  /tmp/ccYtvLJZ.s 			page 1


   1              		.syntax unified
   2              		.cpu cortex-m4
   3              		.fpu softvfp
   4              		.eabi_attribute 20, 1
   5              		.eabi_attribute 21, 1
   6              		.eabi_attribute 23, 3
   7              		.eabi_attribute 24, 1
   8              		.eabi_attribute 25, 1
   9              		.eabi_attribute 26, 1
  10              		.eabi_attribute 30, 2
  11              		.eabi_attribute 34, 1
  12              		.eabi_attribute 18, 4
  13              		.thumb
  14              		.file	"board.c"
  15              		.text
  16              	.Ltext0:
  17              		.cfi_sections	.debug_frame
  18              		.section	.text.__early_init,"ax",%progbits
  19              		.align	2
  20              		.p2align 4,,15
  21              		.global	__early_init
  22              		.thumb
  23              		.thumb_func
  24              		.type	__early_init, %function
  25              	__early_init:
  26              	.LFB118:
  27              		.file 1 "../../boards/TIVA/board.c"
  28              		.loc 1 96 0
  29              		.cfi_startproc
  30              		@ args = 0, pretend = 0, frame = 0
  31              		@ frame_needed = 0, uses_anonymous_args = 0
  32              		@ link register save eliminated.
  33              		.loc 1 97 0
  34 0000 FFF7FEBF 		b	tiva_clock_init
  35              	.LVL0:
  36              		.cfi_endproc
  37              	.LFE118:
  38              		.size	__early_init, .-__early_init
  39 0004 AFF30080 		.section	.text.boardInit,"ax",%progbits
  39      AFF30080 
  39      AFF30080 
  40              		.align	2
  41              		.p2align 4,,15
  42              		.global	boardInit
  43              		.thumb
  44              		.thumb_func
  45              		.type	boardInit, %function
  46              	boardInit:
  47              	.LFB119:
  48              		.loc 1 105 0
  49              		.cfi_startproc
  50              		@ args = 0, pretend = 0, frame = 0
  51              		@ frame_needed = 0, uses_anonymous_args = 0
  52              		@ link register save eliminated.
  53 0000 7047     		bx	lr
  54              		.cfi_endproc
  55              	.LFE119:
ARM GAS  /tmp/ccYtvLJZ.s 			page 2


  56              		.size	boardInit, .-boardInit
  57              		.global	pal_default_config
  58 0002 00BFAFF3 		.section	.rodata.pal_default_config,"a",%progbits
  58      0080AFF3 
  58      0080AFF3 
  58      0080
  59              		.align	2
  60              		.type	pal_default_config, %object
  61              		.size	pal_default_config, 780
  62              	pal_default_config:
  63 0000 00000000 		.word	0
  64 0004 00000000 		.word	0
  65 0008 03000000 		.word	3
  66 000c FF000000 		.word	255
  67 0010 00000000 		.word	0
  68 0014 00000000 		.word	0
  69 0018 00000000 		.word	0
  70 001c 00000000 		.word	0
  71 0020 00000000 		.word	0
  72 0024 00000000 		.word	0
  73 0028 FF000000 		.word	255
  74 002c 00000000 		.word	0
  75 0030 11000000 		.word	17
  76 0034 00000000 		.word	0
  77 0038 00000000 		.word	0
  78 003c 0C000000 		.word	12
  79 0040 FF000000 		.word	255
  80 0044 00000000 		.word	0
  81 0048 00000000 		.word	0
  82 004c 08000000 		.word	8
  83 0050 00000000 		.word	0
  84 0054 00000000 		.word	0
  85 0058 00000000 		.word	0
  86 005c FF000000 		.word	255
  87 0060 00000000 		.word	0
  88 0064 00330000 		.word	13056
  89 0068 00000000 		.word	0
  90 006c 08000000 		.word	8
  91 0070 0F000000 		.word	15
  92 0074 FF000000 		.word	255
  93 0078 00000000 		.word	0
  94 007c 00000000 		.word	0
  95 0080 00000000 		.word	0
  96 0084 0F000000 		.word	15
  97 0088 00000000 		.word	0
  98 008c 00000000 		.word	0
  99 0090 FF000000 		.word	255
 100 0094 00000000 		.word	0
 101 0098 11110000 		.word	4369
 102 009c 00000000 		.word	0
 103 00a0 00000000 		.word	0
 104 00a4 00000000 		.word	0
 105 00a8 FF000000 		.word	255
 106 00ac 00000000 		.word	0
 107 00b0 00000000 		.word	0
 108 00b4 00000000 		.word	0
 109 00b8 00000000 		.word	0
ARM GAS  /tmp/ccYtvLJZ.s 			page 3


 110 00bc 00000000 		.word	0
 111 00c0 00000000 		.word	0
 112 00c4 FF000000 		.word	255
 113 00c8 00000000 		.word	0
 114 00cc 00000000 		.word	0
 115 00d0 00000000 		.word	0
 116 00d4 00000000 		.word	0
 117 00d8 00000000 		.word	0
 118 00dc FF000000 		.word	255
 119 00e0 00000000 		.word	0
 120 00e4 00000000 		.word	0
 121 00e8 00000000 		.word	0
 122 00ec 00000000 		.word	0
 123 00f0 00000000 		.word	0
 124 00f4 00000000 		.word	0
 125 00f8 FF000000 		.word	255
 126 00fc 00000000 		.word	0
 127 0100 00000000 		.word	0
 128 0104 00000000 		.word	0
 129 0108 11000000 		.word	17
 130 010c 00000000 		.word	0
 131 0110 FF000000 		.word	255
 132 0114 00000000 		.word	0
 133 0118 00000000 		.word	0
 134 011c 00000000 		.word	0
 135 0120 11000000 		.word	17
 136 0124 00000000 		.word	0
 137 0128 00000000 		.word	0
 138 012c FF000000 		.word	255
 139 0130 00000000 		.word	0
 140 0134 00000000 		.word	0
 141 0138 00000000 		.word	0
 142 013c 00000000 		.word	0
 143 0140 00000000 		.word	0
 144 0144 FF000000 		.word	255
 145 0148 00000000 		.word	0
 146 014c 00000000 		.word	0
 147 0150 00000000 		.word	0
 148 0154 00000000 		.word	0
 149 0158 00000000 		.word	0
 150 015c 00000000 		.word	0
 151 0160 FF000000 		.word	255
 152 0164 00000000 		.word	0
 153 0168 00000000 		.word	0
 154 016c 00000000 		.word	0
 155 0170 00000000 		.word	0
 156 0174 00000000 		.word	0
 157 0178 FF000000 		.word	255
 158 017c 00000000 		.word	0
 159 0180 00000000 		.word	0
 160 0184 00000000 		.word	0
 161 0188 00000000 		.word	0
 162 018c 00000000 		.word	0
 163 0190 00000000 		.word	0
 164 0194 FF000000 		.word	255
 165 0198 00000000 		.word	0
 166 019c 00000000 		.word	0
ARM GAS  /tmp/ccYtvLJZ.s 			page 4


 167 01a0 00000000 		.word	0
 168 01a4 00000000 		.word	0
 169 01a8 00000000 		.word	0
 170 01ac FF000000 		.word	255
 171 01b0 00000000 		.word	0
 172 01b4 00000000 		.word	0
 173 01b8 00000000 		.word	0
 174 01bc 01000000 		.word	1
 175 01c0 00000000 		.word	0
 176 01c4 00000000 		.word	0
 177 01c8 FF000000 		.word	255
 178 01cc 00000000 		.word	0
 179 01d0 00000000 		.word	0
 180 01d4 00000000 		.word	0
 181 01d8 00000000 		.word	0
 182 01dc 00000000 		.word	0
 183 01e0 FF000000 		.word	255
 184 01e4 00000000 		.word	0
 185 01e8 00000000 		.word	0
 186 01ec 00000000 		.word	0
 187 01f0 00000000 		.word	0
 188 01f4 00000000 		.word	0
 189 01f8 00000000 		.word	0
 190 01fc FF000000 		.word	255
 191 0200 00000000 		.word	0
 192 0204 00000000 		.word	0
 193 0208 00000000 		.word	0
 194 020c 00000000 		.word	0
 195 0210 00000000 		.word	0
 196 0214 FF000000 		.word	255
 197 0218 00000000 		.word	0
 198 021c 00000000 		.word	0
 199 0220 00000000 		.word	0
 200 0224 00000000 		.word	0
 201 0228 00000000 		.word	0
 202 022c 00000000 		.word	0
 203 0230 FF000000 		.word	255
 204 0234 00000000 		.word	0
 205 0238 00000000 		.word	0
 206 023c 00000000 		.word	0
 207 0240 00000000 		.word	0
 208 0244 00000000 		.word	0
 209 0248 FF000000 		.word	255
 210 024c 00000000 		.word	0
 211 0250 00000000 		.word	0
 212 0254 00000000 		.word	0
 213 0258 00000000 		.word	0
 214 025c 00000000 		.word	0
 215 0260 00000000 		.word	0
 216 0264 FF000000 		.word	255
 217 0268 00000000 		.word	0
 218 026c 00000000 		.word	0
 219 0270 00000000 		.word	0
 220 0274 03000000 		.word	3
 221 0278 00000000 		.word	0
 222 027c FF000000 		.word	255
 223 0280 00000000 		.word	0
ARM GAS  /tmp/ccYtvLJZ.s 			page 5


 224 0284 00000000 		.word	0
 225 0288 00000000 		.word	0
 226 028c 00000000 		.word	0
 227 0290 00000000 		.word	0
 228 0294 00000000 		.word	0
 229 0298 FF000000 		.word	255
 230 029c 00000000 		.word	0
 231 02a0 00000000 		.word	0
 232 02a4 00000000 		.word	0
 233 02a8 00000000 		.word	0
 234 02ac 00000000 		.word	0
 235 02b0 FF000000 		.word	255
 236 02b4 00000000 		.word	0
 237 02b8 00000000 		.word	0
 238 02bc 00000000 		.word	0
 239 02c0 00000000 		.word	0
 240 02c4 00000000 		.word	0
 241 02c8 00000000 		.word	0
 242 02cc FF000000 		.word	255
 243 02d0 00000000 		.word	0
 244 02d4 00000000 		.word	0
 245 02d8 00000000 		.word	0
 246 02dc 00000000 		.word	0
 247 02e0 00000000 		.word	0
 248 02e4 FF000000 		.word	255
 249 02e8 00000000 		.word	0
 250 02ec 00000000 		.word	0
 251 02f0 00000000 		.word	0
 252 02f4 00000000 		.word	0
 253 02f8 00000000 		.word	0
 254 02fc 00000000 		.word	0
 255 0300 FF000000 		.word	255
 256 0304 00000000 		.word	0
 257 0308 00000000 		.word	0
 258              		.text
 259              	.Letext0:
 260              		.file 2 "/usr/include/newlib/machine/_default_types.h"
 261              		.file 3 "/usr/include/newlib/stdint.h"
 262              		.file 4 "../../os/hal/platforms/TM4C129x/pal_lld.h"
 263              		.file 5 "../../os/ports/common/ARMCMx/CMSIS/include/core_cm4.h"
 264              		.file 6 "../../os/hal/platforms/TM4C129x/hal_lld.h"
 265              		.section	.debug_info,"",%progbits
 266              	.Ldebug_info0:
 267 0000 8B020000 		.4byte	0x28b
 268 0004 0400     		.2byte	0x4
 269 0006 00000000 		.4byte	.Ldebug_abbrev0
 270 000a 04       		.byte	0x4
 271 000b 01       		.uleb128 0x1
 272 000c 4E000000 		.4byte	.LASF42
 273 0010 01       		.byte	0x1
 274 0011 DA010000 		.4byte	.LASF43
 275 0015 33020000 		.4byte	.LASF44
 276 0019 00000000 		.4byte	.Ldebug_ranges0+0
 277 001d 00000000 		.4byte	0
 278 0021 00000000 		.4byte	.Ldebug_line0
 279 0025 02       		.uleb128 0x2
 280 0026 04       		.byte	0x4
ARM GAS  /tmp/ccYtvLJZ.s 			page 6


 281 0027 05       		.byte	0x5
 282 0028 696E7400 		.ascii	"int\000"
 283 002c 03       		.uleb128 0x3
 284 002d 04       		.byte	0x4
 285 002e 07       		.byte	0x7
 286 002f 41000000 		.4byte	.LASF0
 287 0033 03       		.uleb128 0x3
 288 0034 01       		.byte	0x1
 289 0035 06       		.byte	0x6
 290 0036 A1020000 		.4byte	.LASF1
 291 003a 03       		.uleb128 0x3
 292 003b 01       		.byte	0x1
 293 003c 08       		.byte	0x8
 294 003d 35010000 		.4byte	.LASF2
 295 0041 03       		.uleb128 0x3
 296 0042 02       		.byte	0x2
 297 0043 05       		.byte	0x5
 298 0044 7E020000 		.4byte	.LASF3
 299 0048 03       		.uleb128 0x3
 300 0049 02       		.byte	0x2
 301 004a 07       		.byte	0x7
 302 004b 5C010000 		.4byte	.LASF4
 303 004f 04       		.uleb128 0x4
 304 0050 25000000 		.4byte	.LASF6
 305 0054 02       		.byte	0x2
 306 0055 3F       		.byte	0x3f
 307 0056 5A000000 		.4byte	0x5a
 308 005a 03       		.uleb128 0x3
 309 005b 04       		.byte	0x4
 310 005c 05       		.byte	0x5
 311 005d 98020000 		.4byte	.LASF5
 312 0061 04       		.uleb128 0x4
 313 0062 9E010000 		.4byte	.LASF7
 314 0066 02       		.byte	0x2
 315 0067 41       		.byte	0x41
 316 0068 6C000000 		.4byte	0x6c
 317 006c 03       		.uleb128 0x3
 318 006d 04       		.byte	0x4
 319 006e 07       		.byte	0x7
 320 006f 4A010000 		.4byte	.LASF8
 321 0073 03       		.uleb128 0x3
 322 0074 08       		.byte	0x8
 323 0075 05       		.byte	0x5
 324 0076 17020000 		.4byte	.LASF9
 325 007a 03       		.uleb128 0x3
 326 007b 08       		.byte	0x8
 327 007c 07       		.byte	0x7
 328 007d 17010000 		.4byte	.LASF10
 329 0081 04       		.uleb128 0x4
 330 0082 06020000 		.4byte	.LASF11
 331 0086 03       		.byte	0x3
 332 0087 41       		.byte	0x41
 333 0088 4F000000 		.4byte	0x4f
 334 008c 04       		.uleb128 0x4
 335 008d 8F020000 		.4byte	.LASF12
 336 0091 03       		.byte	0x3
 337 0092 42       		.byte	0x42
ARM GAS  /tmp/ccYtvLJZ.s 			page 7


 338 0093 61000000 		.4byte	0x61
 339 0097 03       		.uleb128 0x3
 340 0098 01       		.byte	0x1
 341 0099 02       		.byte	0x2
 342 009a B7020000 		.4byte	.LASF13
 343 009e 03       		.uleb128 0x3
 344 009f 04       		.byte	0x4
 345 00a0 07       		.byte	0x7
 346 00a1 0E020000 		.4byte	.LASF14
 347 00a5 03       		.uleb128 0x3
 348 00a6 01       		.byte	0x1
 349 00a7 08       		.byte	0x8
 350 00a8 D0010000 		.4byte	.LASF15
 351 00ac 05       		.uleb128 0x5
 352 00ad 34       		.byte	0x34
 353 00ae 04       		.byte	0x4
 354 00af 29       		.byte	0x29
 355 00b0 51010000 		.4byte	0x151
 356 00b4 06       		.uleb128 0x6
 357 00b5 12010000 		.4byte	.LASF16
 358 00b9 04       		.byte	0x4
 359 00ba 2C       		.byte	0x2c
 360 00bb 8C000000 		.4byte	0x8c
 361 00bf 00       		.byte	0
 362 00c0 07       		.uleb128 0x7
 363 00c1 64697200 		.ascii	"dir\000"
 364 00c5 04       		.byte	0x4
 365 00c6 2E       		.byte	0x2e
 366 00c7 8C000000 		.4byte	0x8c
 367 00cb 04       		.byte	0x4
 368 00cc 06       		.uleb128 0x6
 369 00cd FE000000 		.4byte	.LASF17
 370 00d1 04       		.byte	0x4
 371 00d2 30       		.byte	0x30
 372 00d3 8C000000 		.4byte	0x8c
 373 00d7 08       		.byte	0x8
 374 00d8 06       		.uleb128 0x6
 375 00d9 99010000 		.4byte	.LASF18
 376 00dd 04       		.byte	0x4
 377 00de 32       		.byte	0x32
 378 00df 8C000000 		.4byte	0x8c
 379 00e3 0C       		.byte	0xc
 380 00e4 06       		.uleb128 0x6
 381 00e5 BD010000 		.4byte	.LASF19
 382 00e9 04       		.byte	0x4
 383 00ea 34       		.byte	0x34
 384 00eb 8C000000 		.4byte	0x8c
 385 00ef 10       		.byte	0x10
 386 00f0 06       		.uleb128 0x6
 387 00f1 F4010000 		.4byte	.LASF20
 388 00f5 04       		.byte	0x4
 389 00f6 36       		.byte	0x36
 390 00f7 8C000000 		.4byte	0x8c
 391 00fb 14       		.byte	0x14
 392 00fc 07       		.uleb128 0x7
 393 00fd 6F647200 		.ascii	"odr\000"
 394 0101 04       		.byte	0x4
ARM GAS  /tmp/ccYtvLJZ.s 			page 8


 395 0102 38       		.byte	0x38
 396 0103 8C000000 		.4byte	0x8c
 397 0107 18       		.byte	0x18
 398 0108 07       		.uleb128 0x7
 399 0109 70757200 		.ascii	"pur\000"
 400 010d 04       		.byte	0x4
 401 010e 3A       		.byte	0x3a
 402 010f 8C000000 		.4byte	0x8c
 403 0113 1C       		.byte	0x1c
 404 0114 07       		.uleb128 0x7
 405 0115 70647200 		.ascii	"pdr\000"
 406 0119 04       		.byte	0x4
 407 011a 3C       		.byte	0x3c
 408 011b 8C000000 		.4byte	0x8c
 409 011f 20       		.byte	0x20
 410 0120 07       		.uleb128 0x7
 411 0121 736C7200 		.ascii	"slr\000"
 412 0125 04       		.byte	0x4
 413 0126 3E       		.byte	0x3e
 414 0127 8C000000 		.4byte	0x8c
 415 012b 24       		.byte	0x24
 416 012c 07       		.uleb128 0x7
 417 012d 64656E00 		.ascii	"den\000"
 418 0131 04       		.byte	0x4
 419 0132 40       		.byte	0x40
 420 0133 8C000000 		.4byte	0x8c
 421 0137 28       		.byte	0x28
 422 0138 06       		.uleb128 0x6
 423 0139 B0010000 		.4byte	.LASF21
 424 013d 04       		.byte	0x4
 425 013e 42       		.byte	0x42
 426 013f 8C000000 		.4byte	0x8c
 427 0143 2C       		.byte	0x2c
 428 0144 06       		.uleb128 0x6
 429 0145 D5010000 		.4byte	.LASF22
 430 0149 04       		.byte	0x4
 431 014a 44       		.byte	0x44
 432 014b 8C000000 		.4byte	0x8c
 433 014f 30       		.byte	0x30
 434 0150 00       		.byte	0
 435 0151 04       		.uleb128 0x4
 436 0152 2F000000 		.4byte	.LASF23
 437 0156 04       		.byte	0x4
 438 0157 45       		.byte	0x45
 439 0158 AC000000 		.4byte	0xac
 440 015c 08       		.uleb128 0x8
 441 015d 0C03     		.2byte	0x30c
 442 015f 04       		.byte	0x4
 443 0160 4E       		.byte	0x4e
 444 0161 24020000 		.4byte	0x224
 445 0165 06       		.uleb128 0x6
 446 0166 43010000 		.4byte	.LASF24
 447 016a 04       		.byte	0x4
 448 016b 51       		.byte	0x51
 449 016c 51010000 		.4byte	0x151
 450 0170 00       		.byte	0
 451 0171 06       		.uleb128 0x6
ARM GAS  /tmp/ccYtvLJZ.s 			page 9


 452 0172 C9010000 		.4byte	.LASF25
 453 0176 04       		.byte	0x4
 454 0177 53       		.byte	0x53
 455 0178 51010000 		.4byte	0x151
 456 017c 34       		.byte	0x34
 457 017d 06       		.uleb128 0x6
 458 017e 88020000 		.4byte	.LASF26
 459 0182 04       		.byte	0x4
 460 0183 55       		.byte	0x55
 461 0184 51010000 		.4byte	0x151
 462 0188 68       		.byte	0x68
 463 0189 06       		.uleb128 0x6
 464 018a 1E000000 		.4byte	.LASF27
 465 018e 04       		.byte	0x4
 466 018f 57       		.byte	0x57
 467 0190 51010000 		.4byte	0x151
 468 0194 9C       		.byte	0x9c
 469 0195 06       		.uleb128 0x6
 470 0196 2E010000 		.4byte	.LASF28
 471 019a 04       		.byte	0x4
 472 019b 59       		.byte	0x59
 473 019c 51010000 		.4byte	0x151
 474 01a0 D0       		.byte	0xd0
 475 01a1 09       		.uleb128 0x9
 476 01a2 C2010000 		.4byte	.LASF29
 477 01a6 04       		.byte	0x4
 478 01a7 5B       		.byte	0x5b
 479 01a8 51010000 		.4byte	0x151
 480 01ac 0401     		.2byte	0x104
 481 01ae 09       		.uleb128 0x9
 482 01af 2C020000 		.4byte	.LASF30
 483 01b3 04       		.byte	0x4
 484 01b4 5F       		.byte	0x5f
 485 01b5 51010000 		.4byte	0x151
 486 01b9 3801     		.2byte	0x138
 487 01bb 09       		.uleb128 0x9
 488 01bc 07000000 		.4byte	.LASF31
 489 01c0 04       		.byte	0x4
 490 01c1 64       		.byte	0x64
 491 01c2 51010000 		.4byte	0x151
 492 01c6 6C01     		.2byte	0x16c
 493 01c8 09       		.uleb128 0x9
 494 01c9 B6010000 		.4byte	.LASF32
 495 01cd 04       		.byte	0x4
 496 01ce 69       		.byte	0x69
 497 01cf 51010000 		.4byte	0x151
 498 01d3 A001     		.2byte	0x1a0
 499 01d5 09       		.uleb128 0x9
 500 01d6 25020000 		.4byte	.LASF33
 501 01da 04       		.byte	0x4
 502 01db 6E       		.byte	0x6e
 503 01dc 51010000 		.4byte	0x151
 504 01e0 D401     		.2byte	0x1d4
 505 01e2 09       		.uleb128 0x9
 506 01e3 00000000 		.4byte	.LASF34
 507 01e7 04       		.byte	0x4
 508 01e8 73       		.byte	0x73
ARM GAS  /tmp/ccYtvLJZ.s 			page 10


 509 01e9 51010000 		.4byte	0x151
 510 01ed 0802     		.2byte	0x208
 511 01ef 09       		.uleb128 0x9
 512 01f0 0B010000 		.4byte	.LASF35
 513 01f4 04       		.byte	0x4
 514 01f5 78       		.byte	0x78
 515 01f6 51010000 		.4byte	0x151
 516 01fa 3C02     		.2byte	0x23c
 517 01fc 09       		.uleb128 0x9
 518 01fd A9010000 		.4byte	.LASF36
 519 0201 04       		.byte	0x4
 520 0202 7D       		.byte	0x7d
 521 0203 51010000 		.4byte	0x151
 522 0207 7002     		.2byte	0x270
 523 0209 09       		.uleb128 0x9
 524 020a BD020000 		.4byte	.LASF37
 525 020e 04       		.byte	0x4
 526 020f 82       		.byte	0x82
 527 0210 51010000 		.4byte	0x151
 528 0214 A402     		.2byte	0x2a4
 529 0216 09       		.uleb128 0x9
 530 0217 04010000 		.4byte	.LASF38
 531 021b 04       		.byte	0x4
 532 021c 87       		.byte	0x87
 533 021d 51010000 		.4byte	0x151
 534 0221 D802     		.2byte	0x2d8
 535 0223 00       		.byte	0
 536 0224 04       		.uleb128 0x4
 537 0225 7C010000 		.4byte	.LASF39
 538 0229 04       		.byte	0x4
 539 022a 98       		.byte	0x98
 540 022b 5C010000 		.4byte	0x15c
 541 022f 0A       		.uleb128 0xa
 542 0230 F9010000 		.4byte	.LASF45
 543 0234 01       		.byte	0x1
 544 0235 60       		.byte	0x60
 545 0236 00000000 		.4byte	.LFB118
 546 023a 04000000 		.4byte	.LFE118-.LFB118
 547 023e 01       		.uleb128 0x1
 548 023f 9C       		.byte	0x9c
 549 0240 4E020000 		.4byte	0x24e
 550 0244 0B       		.uleb128 0xb
 551 0245 04000000 		.4byte	.LVL0
 552 0249 86020000 		.4byte	0x286
 553 024d 00       		.byte	0
 554 024e 0C       		.uleb128 0xc
 555 024f AD020000 		.4byte	.LASF46
 556 0253 01       		.byte	0x1
 557 0254 69       		.byte	0x69
 558 0255 00000000 		.4byte	.LFB119
 559 0259 02000000 		.4byte	.LFE119-.LFB119
 560 025d 01       		.uleb128 0x1
 561 025e 9C       		.byte	0x9c
 562 025f 0D       		.uleb128 0xd
 563 0260 6F010000 		.4byte	.LASF40
 564 0264 05       		.byte	0x5
 565 0265 9806     		.2byte	0x698
ARM GAS  /tmp/ccYtvLJZ.s 			page 11


 566 0267 6B020000 		.4byte	0x26b
 567 026b 0E       		.uleb128 0xe
 568 026c 81000000 		.4byte	0x81
 569 0270 0F       		.uleb128 0xf
 570 0271 86010000 		.4byte	.LASF41
 571 0275 01       		.byte	0x1
 572 0276 1A       		.byte	0x1a
 573 0277 81020000 		.4byte	0x281
 574 027b 05       		.uleb128 0x5
 575 027c 03       		.byte	0x3
 576 027d 00000000 		.4byte	pal_default_config
 577 0281 10       		.uleb128 0x10
 578 0282 24020000 		.4byte	0x224
 579 0286 11       		.uleb128 0x11
 580 0287 0E000000 		.4byte	.LASF47
 581 028b 06       		.byte	0x6
 582 028c 7401     		.2byte	0x174
 583 028e 00       		.byte	0
 584              		.section	.debug_abbrev,"",%progbits
 585              	.Ldebug_abbrev0:
 586 0000 01       		.uleb128 0x1
 587 0001 11       		.uleb128 0x11
 588 0002 01       		.byte	0x1
 589 0003 25       		.uleb128 0x25
 590 0004 0E       		.uleb128 0xe
 591 0005 13       		.uleb128 0x13
 592 0006 0B       		.uleb128 0xb
 593 0007 03       		.uleb128 0x3
 594 0008 0E       		.uleb128 0xe
 595 0009 1B       		.uleb128 0x1b
 596 000a 0E       		.uleb128 0xe
 597 000b 55       		.uleb128 0x55
 598 000c 17       		.uleb128 0x17
 599 000d 11       		.uleb128 0x11
 600 000e 01       		.uleb128 0x1
 601 000f 10       		.uleb128 0x10
 602 0010 17       		.uleb128 0x17
 603 0011 00       		.byte	0
 604 0012 00       		.byte	0
 605 0013 02       		.uleb128 0x2
 606 0014 24       		.uleb128 0x24
 607 0015 00       		.byte	0
 608 0016 0B       		.uleb128 0xb
 609 0017 0B       		.uleb128 0xb
 610 0018 3E       		.uleb128 0x3e
 611 0019 0B       		.uleb128 0xb
 612 001a 03       		.uleb128 0x3
 613 001b 08       		.uleb128 0x8
 614 001c 00       		.byte	0
 615 001d 00       		.byte	0
 616 001e 03       		.uleb128 0x3
 617 001f 24       		.uleb128 0x24
 618 0020 00       		.byte	0
 619 0021 0B       		.uleb128 0xb
 620 0022 0B       		.uleb128 0xb
 621 0023 3E       		.uleb128 0x3e
 622 0024 0B       		.uleb128 0xb
ARM GAS  /tmp/ccYtvLJZ.s 			page 12


 623 0025 03       		.uleb128 0x3
 624 0026 0E       		.uleb128 0xe
 625 0027 00       		.byte	0
 626 0028 00       		.byte	0
 627 0029 04       		.uleb128 0x4
 628 002a 16       		.uleb128 0x16
 629 002b 00       		.byte	0
 630 002c 03       		.uleb128 0x3
 631 002d 0E       		.uleb128 0xe
 632 002e 3A       		.uleb128 0x3a
 633 002f 0B       		.uleb128 0xb
 634 0030 3B       		.uleb128 0x3b
 635 0031 0B       		.uleb128 0xb
 636 0032 49       		.uleb128 0x49
 637 0033 13       		.uleb128 0x13
 638 0034 00       		.byte	0
 639 0035 00       		.byte	0
 640 0036 05       		.uleb128 0x5
 641 0037 13       		.uleb128 0x13
 642 0038 01       		.byte	0x1
 643 0039 0B       		.uleb128 0xb
 644 003a 0B       		.uleb128 0xb
 645 003b 3A       		.uleb128 0x3a
 646 003c 0B       		.uleb128 0xb
 647 003d 3B       		.uleb128 0x3b
 648 003e 0B       		.uleb128 0xb
 649 003f 01       		.uleb128 0x1
 650 0040 13       		.uleb128 0x13
 651 0041 00       		.byte	0
 652 0042 00       		.byte	0
 653 0043 06       		.uleb128 0x6
 654 0044 0D       		.uleb128 0xd
 655 0045 00       		.byte	0
 656 0046 03       		.uleb128 0x3
 657 0047 0E       		.uleb128 0xe
 658 0048 3A       		.uleb128 0x3a
 659 0049 0B       		.uleb128 0xb
 660 004a 3B       		.uleb128 0x3b
 661 004b 0B       		.uleb128 0xb
 662 004c 49       		.uleb128 0x49
 663 004d 13       		.uleb128 0x13
 664 004e 38       		.uleb128 0x38
 665 004f 0B       		.uleb128 0xb
 666 0050 00       		.byte	0
 667 0051 00       		.byte	0
 668 0052 07       		.uleb128 0x7
 669 0053 0D       		.uleb128 0xd
 670 0054 00       		.byte	0
 671 0055 03       		.uleb128 0x3
 672 0056 08       		.uleb128 0x8
 673 0057 3A       		.uleb128 0x3a
 674 0058 0B       		.uleb128 0xb
 675 0059 3B       		.uleb128 0x3b
 676 005a 0B       		.uleb128 0xb
 677 005b 49       		.uleb128 0x49
 678 005c 13       		.uleb128 0x13
 679 005d 38       		.uleb128 0x38
ARM GAS  /tmp/ccYtvLJZ.s 			page 13


 680 005e 0B       		.uleb128 0xb
 681 005f 00       		.byte	0
 682 0060 00       		.byte	0
 683 0061 08       		.uleb128 0x8
 684 0062 13       		.uleb128 0x13
 685 0063 01       		.byte	0x1
 686 0064 0B       		.uleb128 0xb
 687 0065 05       		.uleb128 0x5
 688 0066 3A       		.uleb128 0x3a
 689 0067 0B       		.uleb128 0xb
 690 0068 3B       		.uleb128 0x3b
 691 0069 0B       		.uleb128 0xb
 692 006a 01       		.uleb128 0x1
 693 006b 13       		.uleb128 0x13
 694 006c 00       		.byte	0
 695 006d 00       		.byte	0
 696 006e 09       		.uleb128 0x9
 697 006f 0D       		.uleb128 0xd
 698 0070 00       		.byte	0
 699 0071 03       		.uleb128 0x3
 700 0072 0E       		.uleb128 0xe
 701 0073 3A       		.uleb128 0x3a
 702 0074 0B       		.uleb128 0xb
 703 0075 3B       		.uleb128 0x3b
 704 0076 0B       		.uleb128 0xb
 705 0077 49       		.uleb128 0x49
 706 0078 13       		.uleb128 0x13
 707 0079 38       		.uleb128 0x38
 708 007a 05       		.uleb128 0x5
 709 007b 00       		.byte	0
 710 007c 00       		.byte	0
 711 007d 0A       		.uleb128 0xa
 712 007e 2E       		.uleb128 0x2e
 713 007f 01       		.byte	0x1
 714 0080 3F       		.uleb128 0x3f
 715 0081 19       		.uleb128 0x19
 716 0082 03       		.uleb128 0x3
 717 0083 0E       		.uleb128 0xe
 718 0084 3A       		.uleb128 0x3a
 719 0085 0B       		.uleb128 0xb
 720 0086 3B       		.uleb128 0x3b
 721 0087 0B       		.uleb128 0xb
 722 0088 27       		.uleb128 0x27
 723 0089 19       		.uleb128 0x19
 724 008a 11       		.uleb128 0x11
 725 008b 01       		.uleb128 0x1
 726 008c 12       		.uleb128 0x12
 727 008d 06       		.uleb128 0x6
 728 008e 40       		.uleb128 0x40
 729 008f 18       		.uleb128 0x18
 730 0090 9742     		.uleb128 0x2117
 731 0092 19       		.uleb128 0x19
 732 0093 01       		.uleb128 0x1
 733 0094 13       		.uleb128 0x13
 734 0095 00       		.byte	0
 735 0096 00       		.byte	0
 736 0097 0B       		.uleb128 0xb
ARM GAS  /tmp/ccYtvLJZ.s 			page 14


 737 0098 898201   		.uleb128 0x4109
 738 009b 00       		.byte	0
 739 009c 11       		.uleb128 0x11
 740 009d 01       		.uleb128 0x1
 741 009e 9542     		.uleb128 0x2115
 742 00a0 19       		.uleb128 0x19
 743 00a1 31       		.uleb128 0x31
 744 00a2 13       		.uleb128 0x13
 745 00a3 00       		.byte	0
 746 00a4 00       		.byte	0
 747 00a5 0C       		.uleb128 0xc
 748 00a6 2E       		.uleb128 0x2e
 749 00a7 00       		.byte	0
 750 00a8 3F       		.uleb128 0x3f
 751 00a9 19       		.uleb128 0x19
 752 00aa 03       		.uleb128 0x3
 753 00ab 0E       		.uleb128 0xe
 754 00ac 3A       		.uleb128 0x3a
 755 00ad 0B       		.uleb128 0xb
 756 00ae 3B       		.uleb128 0x3b
 757 00af 0B       		.uleb128 0xb
 758 00b0 27       		.uleb128 0x27
 759 00b1 19       		.uleb128 0x19
 760 00b2 11       		.uleb128 0x11
 761 00b3 01       		.uleb128 0x1
 762 00b4 12       		.uleb128 0x12
 763 00b5 06       		.uleb128 0x6
 764 00b6 40       		.uleb128 0x40
 765 00b7 18       		.uleb128 0x18
 766 00b8 9742     		.uleb128 0x2117
 767 00ba 19       		.uleb128 0x19
 768 00bb 00       		.byte	0
 769 00bc 00       		.byte	0
 770 00bd 0D       		.uleb128 0xd
 771 00be 34       		.uleb128 0x34
 772 00bf 00       		.byte	0
 773 00c0 03       		.uleb128 0x3
 774 00c1 0E       		.uleb128 0xe
 775 00c2 3A       		.uleb128 0x3a
 776 00c3 0B       		.uleb128 0xb
 777 00c4 3B       		.uleb128 0x3b
 778 00c5 05       		.uleb128 0x5
 779 00c6 49       		.uleb128 0x49
 780 00c7 13       		.uleb128 0x13
 781 00c8 3F       		.uleb128 0x3f
 782 00c9 19       		.uleb128 0x19
 783 00ca 3C       		.uleb128 0x3c
 784 00cb 19       		.uleb128 0x19
 785 00cc 00       		.byte	0
 786 00cd 00       		.byte	0
 787 00ce 0E       		.uleb128 0xe
 788 00cf 35       		.uleb128 0x35
 789 00d0 00       		.byte	0
 790 00d1 49       		.uleb128 0x49
 791 00d2 13       		.uleb128 0x13
 792 00d3 00       		.byte	0
 793 00d4 00       		.byte	0
ARM GAS  /tmp/ccYtvLJZ.s 			page 15


 794 00d5 0F       		.uleb128 0xf
 795 00d6 34       		.uleb128 0x34
 796 00d7 00       		.byte	0
 797 00d8 03       		.uleb128 0x3
 798 00d9 0E       		.uleb128 0xe
 799 00da 3A       		.uleb128 0x3a
 800 00db 0B       		.uleb128 0xb
 801 00dc 3B       		.uleb128 0x3b
 802 00dd 0B       		.uleb128 0xb
 803 00de 49       		.uleb128 0x49
 804 00df 13       		.uleb128 0x13
 805 00e0 3F       		.uleb128 0x3f
 806 00e1 19       		.uleb128 0x19
 807 00e2 02       		.uleb128 0x2
 808 00e3 18       		.uleb128 0x18
 809 00e4 00       		.byte	0
 810 00e5 00       		.byte	0
 811 00e6 10       		.uleb128 0x10
 812 00e7 26       		.uleb128 0x26
 813 00e8 00       		.byte	0
 814 00e9 49       		.uleb128 0x49
 815 00ea 13       		.uleb128 0x13
 816 00eb 00       		.byte	0
 817 00ec 00       		.byte	0
 818 00ed 11       		.uleb128 0x11
 819 00ee 2E       		.uleb128 0x2e
 820 00ef 00       		.byte	0
 821 00f0 3F       		.uleb128 0x3f
 822 00f1 19       		.uleb128 0x19
 823 00f2 03       		.uleb128 0x3
 824 00f3 0E       		.uleb128 0xe
 825 00f4 3A       		.uleb128 0x3a
 826 00f5 0B       		.uleb128 0xb
 827 00f6 3B       		.uleb128 0x3b
 828 00f7 05       		.uleb128 0x5
 829 00f8 27       		.uleb128 0x27
 830 00f9 19       		.uleb128 0x19
 831 00fa 3C       		.uleb128 0x3c
 832 00fb 19       		.uleb128 0x19
 833 00fc 00       		.byte	0
 834 00fd 00       		.byte	0
 835 00fe 00       		.byte	0
 836              		.section	.debug_aranges,"",%progbits
 837 0000 24000000 		.4byte	0x24
 838 0004 0200     		.2byte	0x2
 839 0006 00000000 		.4byte	.Ldebug_info0
 840 000a 04       		.byte	0x4
 841 000b 00       		.byte	0
 842 000c 0000     		.2byte	0
 843 000e 0000     		.2byte	0
 844 0010 00000000 		.4byte	.LFB118
 845 0014 04000000 		.4byte	.LFE118-.LFB118
 846 0018 00000000 		.4byte	.LFB119
 847 001c 02000000 		.4byte	.LFE119-.LFB119
 848 0020 00000000 		.4byte	0
 849 0024 00000000 		.4byte	0
 850              		.section	.debug_ranges,"",%progbits
ARM GAS  /tmp/ccYtvLJZ.s 			page 16


 851              	.Ldebug_ranges0:
 852 0000 00000000 		.4byte	.LFB118
 853 0004 04000000 		.4byte	.LFE118
 854 0008 00000000 		.4byte	.LFB119
 855 000c 02000000 		.4byte	.LFE119
 856 0010 00000000 		.4byte	0
 857 0014 00000000 		.4byte	0
 858              		.section	.debug_line,"",%progbits
 859              	.Ldebug_line0:
 860 0000 1A010000 		.section	.debug_str,"MS",%progbits,1
 860      0200F300 
 860      00000201 
 860      FB0E0D00 
 860      01010101 
 861              	.LASF34:
 862 0000 504C4461 		.ascii	"PLData\000"
 862      746100
 863              	.LASF31:
 864 0007 50484461 		.ascii	"PHData\000"
 864      746100
 865              	.LASF47:
 866 000e 74697661 		.ascii	"tiva_clock_init\000"
 866      5F636C6F 
 866      636B5F69 
 866      6E697400 
 867              	.LASF27:
 868 001e 50444461 		.ascii	"PDData\000"
 868      746100
 869              	.LASF6:
 870 0025 5F5F696E 		.ascii	"__int32_t\000"
 870      7433325F 
 870      7400
 871              	.LASF23:
 872 002f 74697661 		.ascii	"tiva_gpio_setup_t\000"
 872      5F677069 
 872      6F5F7365 
 872      7475705F 
 872      7400
 873              	.LASF0:
 874 0041 756E7369 		.ascii	"unsigned int\000"
 874      676E6564 
 874      20696E74 
 874      00
 875              	.LASF42:
 876 004e 474E5520 		.ascii	"GNU C 4.8.3 20140820 (release) -mcpu=cortex-m4 -mno"
 876      4320342E 
 876      382E3320 
 876      32303134 
 876      30383230 
 877 0081 2D746875 		.ascii	"-thumb-interwork -mthumb -ggdb -O2 -fomit-frame-poi"
 877      6D622D69 
 877      6E746572 
 877      776F726B 
 877      202D6D74 
 878 00b4 6E746572 		.ascii	"nter -falign-functions=16 -ffunction-sections -fdat"
 878      202D6661 
 878      6C69676E 
ARM GAS  /tmp/ccYtvLJZ.s 			page 17


 878      2D66756E 
 878      6374696F 
 879 00e7 612D7365 		.ascii	"a-sections -fno-common\000"
 879      6374696F 
 879      6E73202D 
 879      666E6F2D 
 879      636F6D6D 
 880              	.LASF17:
 881 00fe 61667365 		.ascii	"afsel\000"
 881      6C00
 882              	.LASF38:
 883 0104 50514461 		.ascii	"PQData\000"
 883      746100
 884              	.LASF35:
 885 010b 504D4461 		.ascii	"PMData\000"
 885      746100
 886              	.LASF16:
 887 0112 64617461 		.ascii	"data\000"
 887      00
 888              	.LASF10:
 889 0117 6C6F6E67 		.ascii	"long long unsigned int\000"
 889      206C6F6E 
 889      6720756E 
 889      7369676E 
 889      65642069 
 890              	.LASF28:
 891 012e 50454461 		.ascii	"PEData\000"
 891      746100
 892              	.LASF2:
 893 0135 756E7369 		.ascii	"unsigned char\000"
 893      676E6564 
 893      20636861 
 893      7200
 894              	.LASF24:
 895 0143 50414461 		.ascii	"PAData\000"
 895      746100
 896              	.LASF8:
 897 014a 6C6F6E67 		.ascii	"long unsigned int\000"
 897      20756E73 
 897      69676E65 
 897      6420696E 
 897      7400
 898              	.LASF4:
 899 015c 73686F72 		.ascii	"short unsigned int\000"
 899      7420756E 
 899      7369676E 
 899      65642069 
 899      6E7400
 900              	.LASF40:
 901 016f 49544D5F 		.ascii	"ITM_RxBuffer\000"
 901      52784275 
 901      66666572 
 901      00
 902              	.LASF39:
 903 017c 50414C43 		.ascii	"PALConfig\000"
 903      6F6E6669 
 903      6700
ARM GAS  /tmp/ccYtvLJZ.s 			page 18


 904              	.LASF41:
 905 0186 70616C5F 		.ascii	"pal_default_config\000"
 905      64656661 
 905      756C745F 
 905      636F6E66 
 905      696700
 906              	.LASF18:
 907 0199 64723272 		.ascii	"dr2r\000"
 907      00
 908              	.LASF7:
 909 019e 5F5F7569 		.ascii	"__uint32_t\000"
 909      6E743332 
 909      5F7400
 910              	.LASF36:
 911 01a9 504E4461 		.ascii	"PNData\000"
 911      746100
 912              	.LASF21:
 913 01b0 616D7365 		.ascii	"amsel\000"
 913      6C00
 914              	.LASF32:
 915 01b6 504A4461 		.ascii	"PJData\000"
 915      746100
 916              	.LASF19:
 917 01bd 64723472 		.ascii	"dr4r\000"
 917      00
 918              	.LASF29:
 919 01c2 50464461 		.ascii	"PFData\000"
 919      746100
 920              	.LASF25:
 921 01c9 50424461 		.ascii	"PBData\000"
 921      746100
 922              	.LASF15:
 923 01d0 63686172 		.ascii	"char\000"
 923      00
 924              	.LASF22:
 925 01d5 7063746C 		.ascii	"pctl\000"
 925      00
 926              	.LASF43:
 927 01da 2E2E2F2E 		.ascii	"../../boards/TIVA/board.c\000"
 927      2E2F626F 
 927      61726473 
 927      2F544956 
 927      412F626F 
 928              	.LASF20:
 929 01f4 64723872 		.ascii	"dr8r\000"
 929      00
 930              	.LASF45:
 931 01f9 5F5F6561 		.ascii	"__early_init\000"
 931      726C795F 
 931      696E6974 
 931      00
 932              	.LASF11:
 933 0206 696E7433 		.ascii	"int32_t\000"
 933      325F7400 
 934              	.LASF14:
 935 020e 73697A65 		.ascii	"sizetype\000"
 935      74797065 
ARM GAS  /tmp/ccYtvLJZ.s 			page 19


 935      00
 936              	.LASF9:
 937 0217 6C6F6E67 		.ascii	"long long int\000"
 937      206C6F6E 
 937      6720696E 
 937      7400
 938              	.LASF33:
 939 0225 504B4461 		.ascii	"PKData\000"
 939      746100
 940              	.LASF30:
 941 022c 50474461 		.ascii	"PGData\000"
 941      746100
 942              	.LASF44:
 943 0233 2F686F6D 		.ascii	"/home/autoscatto/prototipi/git/tiva-chibios2_6/demo"
 943      652F6175 
 943      746F7363 
 943      6174746F 
 943      2F70726F 
 944 0266 732F5254 		.ascii	"s/RT-TM4C1294-LAUNCHPAD\000"
 944      2D544D34 
 944      43313239 
 944      342D4C41 
 944      554E4348 
 945              	.LASF3:
 946 027e 73686F72 		.ascii	"short int\000"
 946      7420696E 
 946      7400
 947              	.LASF26:
 948 0288 50434461 		.ascii	"PCData\000"
 948      746100
 949              	.LASF12:
 950 028f 75696E74 		.ascii	"uint32_t\000"
 950      33325F74 
 950      00
 951              	.LASF5:
 952 0298 6C6F6E67 		.ascii	"long int\000"
 952      20696E74 
 952      00
 953              	.LASF1:
 954 02a1 7369676E 		.ascii	"signed char\000"
 954      65642063 
 954      68617200 
 955              	.LASF46:
 956 02ad 626F6172 		.ascii	"boardInit\000"
 956      64496E69 
 956      7400
 957              	.LASF13:
 958 02b7 5F426F6F 		.ascii	"_Bool\000"
 958      6C00
 959              	.LASF37:
 960 02bd 50504461 		.ascii	"PPData\000"
 960      746100
 961              		.ident	"GCC: (4.8.3-9+11) 4.8.3 20140820 (release)"
ARM GAS  /tmp/ccYtvLJZ.s 			page 20


DEFINED SYMBOLS
                            *ABS*:0000000000000000 board.c
     /tmp/ccYtvLJZ.s:19     .text.__early_init:0000000000000000 $t
     /tmp/ccYtvLJZ.s:25     .text.__early_init:0000000000000000 __early_init
     /tmp/ccYtvLJZ.s:40     .text.boardInit:0000000000000000 $t
     /tmp/ccYtvLJZ.s:46     .text.boardInit:0000000000000000 boardInit
     /tmp/ccYtvLJZ.s:62     .rodata.pal_default_config:0000000000000000 pal_default_config
     /tmp/ccYtvLJZ.s:59     .rodata.pal_default_config:0000000000000000 $d
                     .debug_frame:0000000000000010 $d

UNDEFINED SYMBOLS
tiva_clock_init
