ARM GAS  /tmp/cc4JRqJJ.s 			page 1


   1              		.syntax unified
   2              		.cpu cortex-m4
   3              		.fpu softvfp
   4              		.eabi_attribute 20, 1
   5              		.eabi_attribute 21, 1
   6              		.eabi_attribute 23, 3
   7              		.eabi_attribute 24, 1
   8              		.eabi_attribute 25, 1
   9              		.eabi_attribute 26, 1
  10              		.eabi_attribute 30, 2
  11              		.eabi_attribute 34, 1
  12              		.eabi_attribute 18, 4
  13              		.thumb
  14              		.file	"chcore_v7m.c"
  15              		.text
  16              	.Ltext0:
  17              		.cfi_sections	.debug_frame
  18              		.section	.text._port_switch_from_isr,"ax",%progbits
  19              		.align	2
  20              		.p2align 4,,15
  21              		.global	_port_switch_from_isr
  22              		.thumb
  23              		.thumb_func
  24              		.type	_port_switch_from_isr, %function
  25              	_port_switch_from_isr:
  26              	.LFB122:
  27              		.file 1 "../../os/ports/GCC/ARMCMx/chcore_v7m.c"
  28              		.loc 1 200 0
  29              		.cfi_startproc
  30              		@ Naked Function: prologue and epilogue provided by programmer.
  31              		@ args = 0, pretend = 0, frame = 0
  32              		@ frame_needed = 0, uses_anonymous_args = 0
  33              		.loc 1 203 0
  34 0000 FFF7FEFF 		bl	chSchDoReschedule
  35              	.LVL0:
  36              		.loc 1 205 0
  37              	@ 205 "../../os/ports/GCC/ARMCMx/chcore_v7m.c" 1
  38              		_port_exit_from_isr:
  39              	@ 0 "" 2
  40              		.loc 1 207 0
  41              	@ 207 "../../os/ports/GCC/ARMCMx/chcore_v7m.c" 1
  42 0004 00DF     		svc     #0
  43              	@ 0 "" 2
  44              		.loc 1 214 0
  45              		.thumb
  46              		.cfi_endproc
  47              	.LFE122:
  48              		.size	_port_switch_from_isr, .-_port_switch_from_isr
  49 0006 00BFAFF3 		.section	.text.SVCallVector,"ax",%progbits
  49      0080AFF3 
  49      0080
  50              		.align	2
  51              		.p2align 4,,15
  52              		.global	SVCallVector
  53              		.thumb
  54              		.thumb_func
  55              		.type	SVCallVector, %function
ARM GAS  /tmp/cc4JRqJJ.s 			page 2


  56              	SVCallVector:
  57              	.LFB119:
  58              		.loc 1 65 0
  59              		.cfi_startproc
  60              		@ args = 0, pretend = 0, frame = 0
  61              		@ frame_needed = 0, uses_anonymous_args = 0
  62              		@ link register save eliminated.
  63              		.loc 1 74 0
  64              	@ 74 "../../os/ports/GCC/ARMCMx/chcore_v7m.c" 1
  65 0000 EFF30983 		mrs     r3, PSP
  66              	@ 0 "" 2
  67              	.LVL1:
  68              		.loc 1 78 0
  69              		.thumb
  70 0004 2033     		adds	r3, r3, #32
  71              	.LVL2:
  72              		.loc 1 81 0
  73              	@ 81 "../../os/ports/GCC/ARMCMx/chcore_v7m.c" 1
  74 0006 83F30988 		msr     PSP, r3
  75              	@ 0 "" 2
  76              		.thumb
  77              	.LBB2:
  78              		.loc 1 82 0
  79 000a 0023     		movs	r3, #0
  80              	.LVL3:
  81              	@ 82 "../../os/ports/GCC/ARMCMx/chcore_v7m.c" 1
  82 000c 83F31188 		msr     BASEPRI, r3
  83              	@ 0 "" 2
  84              		.thumb
  85 0010 7047     		bx	lr
  86              	.LBE2:
  87              		.cfi_endproc
  88              	.LFE119:
  89              		.size	SVCallVector, .-SVCallVector
  90 0012 00BFAFF3 		.section	.text._port_init,"ax",%progbits
  90      0080AFF3 
  90      0080AFF3 
  90      0080
  91              		.align	2
  92              		.p2align 4,,15
  93              		.global	_port_init
  94              		.thumb
  95              		.thumb_func
  96              		.type	_port_init, %function
  97              	_port_init:
  98              	.LFB120:
  99              		.loc 1 120 0
 100              		.cfi_startproc
 101              		@ args = 0, pretend = 0, frame = 0
 102              		@ frame_needed = 0, uses_anonymous_args = 0
 103 0000 08B5     		push	{r3, lr}
 104              		.cfi_def_cfa_offset 8
 105              		.cfi_offset 3, -8
 106              		.cfi_offset 14, -4
 107              		.loc 1 123 0
 108 0002 094B     		ldr	r3, .L4
 109              		.loc 1 124 0
ARM GAS  /tmp/cc4JRqJJ.s 			page 3


 110 0004 094A     		ldr	r2, .L4+4
 111              		.loc 1 123 0
 112 0006 0021     		movs	r1, #0
 113 0008 9960     		str	r1, [r3, #8]
 114              		.loc 1 127 0
 115 000a 0720     		movs	r0, #7
 116              		.loc 1 124 0
 117 000c DA60     		str	r2, [r3, #12]
 118              		.loc 1 127 0
 119 000e 2021     		movs	r1, #32
 120 0010 FFF7FEFF 		bl	nvicSetSystemHandlerPriority
 121              	.LVL4:
 122              		.loc 1 129 0
 123 0014 0A20     		movs	r0, #10
 124 0016 4021     		movs	r1, #64
 125 0018 FFF7FEFF 		bl	nvicSetSystemHandlerPriority
 126              	.LVL5:
 127              		.loc 1 131 0
 128 001c 0B20     		movs	r0, #11
 129 001e 8021     		movs	r1, #128
 130              		.loc 1 133 0
 131 0020 BDE80840 		pop	{r3, lr}
 132              		.loc 1 131 0
 133 0024 FFF7FEBF 		b	nvicSetSystemHandlerPriority
 134              	.LVL6:
 135              	.L5:
 136              		.align	2
 137              	.L4:
 138 0028 00ED00E0 		.word	-536810240
 139 002c 0004FA05 		.word	100271104
 140              		.cfi_endproc
 141              	.LFE120:
 142              		.size	_port_init, .-_port_init
 143              		.section	.text._port_irq_epilogue,"ax",%progbits
 144              		.align	2
 145              		.p2align 4,,15
 146              		.global	_port_irq_epilogue
 147              		.thumb
 148              		.thumb_func
 149              		.type	_port_irq_epilogue, %function
 150              	_port_irq_epilogue:
 151              	.LFB121:
 152              		.loc 1 150 0
 153              		.cfi_startproc
 154              		@ args = 0, pretend = 0, frame = 0
 155              		@ frame_needed = 0, uses_anonymous_args = 0
 156              		@ link register save eliminated.
 157              	.LBB3:
 158              		.loc 1 152 0
 159 0000 4023     		movs	r3, #64
 160              	@ 152 "../../os/ports/GCC/ARMCMx/chcore_v7m.c" 1
 161 0002 83F31188 		msr     BASEPRI, r3
 162              	@ 0 "" 2
 163              		.thumb
 164              	.LBE3:
 165              		.loc 1 153 0
 166 0006 0F4B     		ldr	r3, .L11
ARM GAS  /tmp/cc4JRqJJ.s 			page 4


 167 0008 5B68     		ldr	r3, [r3, #4]
 168 000a 13F40063 		ands	r3, r3, #2048
 169 000e 15D0     		beq	.L7
 170              	.LBB4:
 171              		.loc 1 163 0
 172              	@ 163 "../../os/ports/GCC/ARMCMx/chcore_v7m.c" 1
 173 0010 EFF30983 		mrs     r3, PSP
 174              	@ 0 "" 2
 175              	.LVL7:
 176              		.loc 1 168 0
 177              		.thumb
 178 0014 4FF08072 		mov	r2, #16777216
 179 0018 43F8042C 		str	r2, [r3, #-4]
 180              		.loc 1 167 0
 181 001c A3F12002 		sub	r2, r3, #32
 182              	.LVL8:
 183              		.loc 1 172 0
 184              	@ 172 "../../os/ports/GCC/ARMCMx/chcore_v7m.c" 1
 185 0020 82F30988 		msr     PSP, r2
 186              	@ 0 "" 2
 187              		.loc 1 176 0
 188              		.thumb
 189 0024 084A     		ldr	r2, .L11+4
 190              	.LVL9:
 191 0026 1168     		ldr	r1, [r2]
 192 0028 9269     		ldr	r2, [r2, #24]
 193 002a 8968     		ldr	r1, [r1, #8]
 194 002c 9268     		ldr	r2, [r2, #8]
 195 002e 9142     		cmp	r1, r2
 196              		.loc 1 178 0
 197 0030 8CBF     		ite	hi
 198 0032 064A     		ldrhi	r2, .L11+8
 199              		.loc 1 183 0
 200 0034 064A     		ldrls	r2, .L11+12
 201 0036 43F8082C 		str	r2, [r3, #-8]
 202 003a 7047     		bx	lr
 203              	.LVL10:
 204              	.L7:
 205              	.LBE4:
 206              	.LBB5:
 207              		.loc 1 190 0
 208              	@ 190 "../../os/ports/GCC/ARMCMx/chcore_v7m.c" 1
 209 003c 83F31188 		msr     BASEPRI, r3
 210              	@ 0 "" 2
 211              		.thumb
 212 0040 7047     		bx	lr
 213              	.L12:
 214 0042 00BF     		.align	2
 215              	.L11:
 216 0044 00ED00E0 		.word	-536810240
 217 0048 00000000 		.word	rlist
 218 004c 00000000 		.word	_port_switch_from_isr
 219 0050 04000000 		.word	_port_exit_from_isr
 220              	.LBE5:
 221              		.cfi_endproc
 222              	.LFE121:
 223              		.size	_port_irq_epilogue, .-_port_irq_epilogue
ARM GAS  /tmp/cc4JRqJJ.s 			page 5


 224 0054 AFF30080 		.section	.text.SysTickVector,"ax",%progbits
 224      AFF30080 
 224      AFF30080 
 225              		.align	2
 226              		.p2align 4,,15
 227              		.global	SysTickVector
 228              		.thumb
 229              		.thumb_func
 230              		.type	SysTickVector, %function
 231              	SysTickVector:
 232              	.LFB118:
 233              		.loc 1 47 0
 234              		.cfi_startproc
 235              		@ args = 0, pretend = 0, frame = 0
 236              		@ frame_needed = 0, uses_anonymous_args = 0
 237 0000 08B5     		push	{r3, lr}
 238              		.cfi_def_cfa_offset 8
 239              		.cfi_offset 3, -8
 240              		.cfi_offset 14, -4
 241              	.LBB6:
 242              		.loc 1 51 0
 243 0002 4023     		movs	r3, #64
 244              	@ 51 "../../os/ports/GCC/ARMCMx/chcore_v7m.c" 1
 245 0004 83F31188 		msr     BASEPRI, r3
 246              	@ 0 "" 2
 247              		.thumb
 248              	.LBE6:
 249              		.loc 1 52 0
 250 0008 FFF7FEFF 		bl	chSysTimerHandlerI
 251              	.LVL11:
 252              	.LBB7:
 253              		.loc 1 53 0
 254 000c 0023     		movs	r3, #0
 255              	@ 53 "../../os/ports/GCC/ARMCMx/chcore_v7m.c" 1
 256 000e 83F31188 		msr     BASEPRI, r3
 257              	@ 0 "" 2
 258              		.thumb
 259              	.LBE7:
 260              		.loc 1 56 0
 261 0012 BDE80840 		pop	{r3, lr}
 262              		.loc 1 55 0
 263 0016 FFF7FEBF 		b	_port_irq_epilogue
 264              	.LVL12:
 265              		.cfi_endproc
 266              	.LFE118:
 267              		.size	SysTickVector, .-SysTickVector
 268 001a 00BFAFF3 		.section	.text._port_switch,"ax",%progbits
 268      0080
 269              		.align	2
 270              		.p2align 4,,15
 271              		.global	_port_switch
 272              		.thumb
 273              		.thumb_func
 274              		.type	_port_switch, %function
 275              	_port_switch:
 276              	.LFB123:
 277              		.loc 1 229 0
ARM GAS  /tmp/cc4JRqJJ.s 			page 6


 278              		.cfi_startproc
 279              		@ Naked Function: prologue and epilogue provided by programmer.
 280              		@ args = 0, pretend = 0, frame = 0
 281              		@ frame_needed = 0, uses_anonymous_args = 0
 282              	.LVL13:
 283              		.loc 1 231 0
 284              	@ 231 "../../os/ports/GCC/ARMCMx/chcore_v7m.c" 1
 285 0000 2DE9F04F 		push    {r4, r5, r6, r7, r8, r9, r10, r11, lr}
 286              	@ 0 "" 2
 287              		.loc 1 237 0
 288              	@ 237 "../../os/ports/GCC/ARMCMx/chcore_v7m.c" 1
 289 0004 C1F80CD0 		str     sp, [r1, #12]                          
 290 0008 D0F80CD0 		ldr     sp, [r0, #12]
 291              	@ 0 "" 2
 292              		.loc 1 243 0
 293              	@ 243 "../../os/ports/GCC/ARMCMx/chcore_v7m.c" 1
 294 000c BDE8F08F 		pop     {r4, r5, r6, r7, r8, r9, r10, r11, pc}
 295              	@ 0 "" 2
 296              		.loc 1 245 0
 297              		.thumb
 298              		.cfi_endproc
 299              	.LFE123:
 300              		.size	_port_switch, .-_port_switch
 301              		.section	.text._port_thread_start,"ax",%progbits
 302              		.align	2
 303              		.p2align 4,,15
 304              		.global	_port_thread_start
 305              		.thumb
 306              		.thumb_func
 307              		.type	_port_thread_start, %function
 308              	_port_thread_start:
 309              	.LFB124:
 310              		.loc 1 252 0
 311              		.cfi_startproc
 312              		@ args = 0, pretend = 0, frame = 0
 313              		@ frame_needed = 0, uses_anonymous_args = 0
 314              		@ link register save eliminated.
 315              	.LBB8:
 316              		.loc 1 254 0
 317 0000 0023     		movs	r3, #0
 318              	@ 254 "../../os/ports/GCC/ARMCMx/chcore_v7m.c" 1
 319 0002 83F31188 		msr     BASEPRI, r3
 320              	@ 0 "" 2
 321              		.thumb
 322              	.LBE8:
 323              		.loc 1 255 0
 324              	@ 255 "../../os/ports/GCC/ARMCMx/chcore_v7m.c" 1
 325 0006 2846     		mov     r0, r5                                 
 326 0008 A047     		blx     r4                                     
 327 000a FFF7FEFF 		bl      chThdExit
 328              	@ 0 "" 2
 329              		.thumb
 330 000e 7047     		bx	lr
 331              		.cfi_endproc
 332              	.LFE124:
 333              		.size	_port_thread_start, .-_port_thread_start
 334              		.text
ARM GAS  /tmp/cc4JRqJJ.s 			page 7


 335              	.Letext0:
 336              		.file 2 "/usr/include/newlib/machine/_default_types.h"
 337              		.file 3 "/usr/include/newlib/stdint.h"
 338              		.file 4 "../../os/ports/GCC/ARMCMx/chtypes.h"
 339              		.file 5 "../../os/kernel/include/chlists.h"
 340              		.file 6 "../../os/kernel/include/chthreads.h"
 341              		.file 7 "../../os/ports/GCC/ARMCMx/chcore_v7m.h"
 342              		.file 8 "../../os/ports/common/ARMCMx/nvic.h"
 343              		.file 9 "../../os/kernel/include/chschd.h"
 344              		.file 10 "../../os/kernel/include/chmtx.h"
 345              		.file 11 "../../os/ports/common/ARMCMx/CMSIS/include/core_cm4.h"
 346              		.file 12 "../../os/kernel/include/chsys.h"
 347              		.section	.debug_info,"",%progbits
 348              	.Ldebug_info0:
 349 0000 ED070000 		.4byte	0x7ed
 350 0004 0400     		.2byte	0x4
 351 0006 00000000 		.4byte	.Ldebug_abbrev0
 352 000a 04       		.byte	0x4
 353 000b 01       		.uleb128 0x1
 354 000c 9E030000 		.4byte	.LASF96
 355 0010 01       		.byte	0x1
 356 0011 20030000 		.4byte	.LASF97
 357 0015 56020000 		.4byte	.LASF98
 358 0019 00000000 		.4byte	.Ldebug_ranges0+0
 359 001d 00000000 		.4byte	0
 360 0021 00000000 		.4byte	.Ldebug_line0
 361 0025 02       		.uleb128 0x2
 362 0026 04       		.byte	0x4
 363 0027 05       		.byte	0x5
 364 0028 696E7400 		.ascii	"int\000"
 365 002c 03       		.uleb128 0x3
 366 002d 04       		.byte	0x4
 367 002e 07       		.byte	0x7
 368 002f 11010000 		.4byte	.LASF0
 369 0033 03       		.uleb128 0x3
 370 0034 01       		.byte	0x1
 371 0035 06       		.byte	0x6
 372 0036 7E000000 		.4byte	.LASF1
 373 003a 04       		.uleb128 0x4
 374 003b 19000000 		.4byte	.LASF5
 375 003f 02       		.byte	0x2
 376 0040 1D       		.byte	0x1d
 377 0041 45000000 		.4byte	0x45
 378 0045 03       		.uleb128 0x3
 379 0046 01       		.byte	0x1
 380 0047 08       		.byte	0x8
 381 0048 19020000 		.4byte	.LASF2
 382 004c 03       		.uleb128 0x3
 383 004d 02       		.byte	0x2
 384 004e 05       		.byte	0x5
 385 004f 44020000 		.4byte	.LASF3
 386 0053 03       		.uleb128 0x3
 387 0054 02       		.byte	0x2
 388 0055 07       		.byte	0x7
 389 0056 C3020000 		.4byte	.LASF4
 390 005a 04       		.uleb128 0x4
 391 005b 59000000 		.4byte	.LASF6
ARM GAS  /tmp/cc4JRqJJ.s 			page 8


 392 005f 02       		.byte	0x2
 393 0060 3F       		.byte	0x3f
 394 0061 65000000 		.4byte	0x65
 395 0065 03       		.uleb128 0x3
 396 0066 04       		.byte	0x4
 397 0067 05       		.byte	0x5
 398 0068 9A000000 		.4byte	.LASF7
 399 006c 04       		.uleb128 0x4
 400 006d 78030000 		.4byte	.LASF8
 401 0071 02       		.byte	0x2
 402 0072 41       		.byte	0x41
 403 0073 77000000 		.4byte	0x77
 404 0077 03       		.uleb128 0x3
 405 0078 04       		.byte	0x4
 406 0079 07       		.byte	0x7
 407 007a 01030000 		.4byte	.LASF9
 408 007e 03       		.uleb128 0x3
 409 007f 08       		.byte	0x8
 410 0080 05       		.byte	0x5
 411 0081 70000000 		.4byte	.LASF10
 412 0085 03       		.uleb128 0x3
 413 0086 08       		.byte	0x8
 414 0087 07       		.byte	0x7
 415 0088 39000000 		.4byte	.LASF11
 416 008c 04       		.uleb128 0x4
 417 008d 63040000 		.4byte	.LASF12
 418 0091 03       		.byte	0x3
 419 0092 2A       		.byte	0x2a
 420 0093 3A000000 		.4byte	0x3a
 421 0097 04       		.uleb128 0x4
 422 0098 11020000 		.4byte	.LASF13
 423 009c 03       		.byte	0x3
 424 009d 41       		.byte	0x41
 425 009e 5A000000 		.4byte	0x5a
 426 00a2 04       		.uleb128 0x4
 427 00a3 E8020000 		.4byte	.LASF14
 428 00a7 03       		.byte	0x3
 429 00a8 42       		.byte	0x42
 430 00a9 6C000000 		.4byte	0x6c
 431 00ad 03       		.uleb128 0x3
 432 00ae 01       		.byte	0x1
 433 00af 02       		.byte	0x2
 434 00b0 0B020000 		.4byte	.LASF15
 435 00b4 04       		.uleb128 0x4
 436 00b5 8E010000 		.4byte	.LASF16
 437 00b9 04       		.byte	0x4
 438 00ba 2C       		.byte	0x2c
 439 00bb 8C000000 		.4byte	0x8c
 440 00bf 04       		.uleb128 0x4
 441 00c0 A3000000 		.4byte	.LASF17
 442 00c4 04       		.byte	0x4
 443 00c5 2D       		.byte	0x2d
 444 00c6 8C000000 		.4byte	0x8c
 445 00ca 04       		.uleb128 0x4
 446 00cb EF010000 		.4byte	.LASF18
 447 00cf 04       		.byte	0x4
 448 00d0 2E       		.byte	0x2e
ARM GAS  /tmp/cc4JRqJJ.s 			page 9


 449 00d1 8C000000 		.4byte	0x8c
 450 00d5 04       		.uleb128 0x4
 451 00d6 03020000 		.4byte	.LASF19
 452 00da 04       		.byte	0x4
 453 00db 30       		.byte	0x30
 454 00dc A2000000 		.4byte	0xa2
 455 00e0 04       		.uleb128 0x4
 456 00e1 64010000 		.4byte	.LASF20
 457 00e5 04       		.byte	0x4
 458 00e6 31       		.byte	0x31
 459 00e7 97000000 		.4byte	0x97
 460 00eb 04       		.uleb128 0x4
 461 00ec A2010000 		.4byte	.LASF21
 462 00f0 04       		.byte	0x4
 463 00f1 33       		.byte	0x33
 464 00f2 A2000000 		.4byte	0xa2
 465 00f6 04       		.uleb128 0x4
 466 00f7 4E030000 		.4byte	.LASF22
 467 00fb 04       		.byte	0x4
 468 00fc 35       		.byte	0x35
 469 00fd A2000000 		.4byte	0xa2
 470 0101 04       		.uleb128 0x4
 471 0102 D6020000 		.4byte	.LASF23
 472 0106 05       		.byte	0x5
 473 0107 2A       		.byte	0x2a
 474 0108 0C010000 		.4byte	0x10c
 475 010c 05       		.uleb128 0x5
 476 010d D6020000 		.4byte	.LASF23
 477 0111 48       		.byte	0x48
 478 0112 06       		.byte	0x6
 479 0113 5E       		.byte	0x5e
 480 0114 FD010000 		.4byte	0x1fd
 481 0118 06       		.uleb128 0x6
 482 0119 B4020000 		.4byte	.LASF24
 483 011d 06       		.byte	0x6
 484 011e 5F       		.byte	0x5f
 485 011f 1E020000 		.4byte	0x21e
 486 0123 00       		.byte	0
 487 0124 06       		.uleb128 0x6
 488 0125 FC010000 		.4byte	.LASF25
 489 0129 06       		.byte	0x6
 490 012a 61       		.byte	0x61
 491 012b 1E020000 		.4byte	0x21e
 492 012f 04       		.byte	0x4
 493 0130 06       		.uleb128 0x6
 494 0131 69000000 		.4byte	.LASF26
 495 0135 06       		.byte	0x6
 496 0136 63       		.byte	0x63
 497 0137 D5000000 		.4byte	0xd5
 498 013b 08       		.byte	0x8
 499 013c 06       		.uleb128 0x6
 500 013d 9D040000 		.4byte	.LASF27
 501 0141 06       		.byte	0x6
 502 0142 64       		.byte	0x64
 503 0143 4C030000 		.4byte	0x34c
 504 0147 0C       		.byte	0xc
 505 0148 06       		.uleb128 0x6
ARM GAS  /tmp/cc4JRqJJ.s 			page 10


 506 0149 BF000000 		.4byte	.LASF28
 507 014d 06       		.byte	0x6
 508 014e 66       		.byte	0x66
 509 014f 1E020000 		.4byte	0x21e
 510 0153 10       		.byte	0x10
 511 0154 06       		.uleb128 0x6
 512 0155 C2010000 		.4byte	.LASF29
 513 0159 06       		.byte	0x6
 514 015a 67       		.byte	0x67
 515 015b 1E020000 		.4byte	0x21e
 516 015f 14       		.byte	0x14
 517 0160 06       		.uleb128 0x6
 518 0161 7D040000 		.4byte	.LASF30
 519 0165 06       		.byte	0x6
 520 0166 6E       		.byte	0x6e
 521 0167 B9050000 		.4byte	0x5b9
 522 016b 18       		.byte	0x18
 523 016c 06       		.uleb128 0x6
 524 016d 4E020000 		.4byte	.LASF31
 525 0171 06       		.byte	0x6
 526 0172 79       		.byte	0x79
 527 0173 BF000000 		.4byte	0xbf
 528 0177 1C       		.byte	0x1c
 529 0178 06       		.uleb128 0x6
 530 0179 BB020000 		.4byte	.LASF32
 531 017d 06       		.byte	0x6
 532 017e 7D       		.byte	0x7d
 533 017f B4000000 		.4byte	0xb4
 534 0183 1D       		.byte	0x1d
 535 0184 06       		.uleb128 0x6
 536 0185 97030000 		.4byte	.LASF33
 537 0189 06       		.byte	0x6
 538 018a 82       		.byte	0x82
 539 018b CA000000 		.4byte	0xca
 540 018f 1E       		.byte	0x1e
 541 0190 06       		.uleb128 0x6
 542 0191 0B000000 		.4byte	.LASF34
 543 0195 06       		.byte	0x6
 544 0196 8F       		.byte	0x8f
 545 0197 E1040000 		.4byte	0x4e1
 546 019b 20       		.byte	0x20
 547 019c 07       		.uleb128 0x7
 548 019d 705F7500 		.ascii	"p_u\000"
 549 01a1 06       		.byte	0x6
 550 01a2 B4       		.byte	0xb4
 551 01a3 84050000 		.4byte	0x584
 552 01a7 24       		.byte	0x24
 553 01a8 06       		.uleb128 0x6
 554 01a9 A3040000 		.4byte	.LASF35
 555 01ad 06       		.byte	0x6
 556 01ae B9       		.byte	0xb9
 557 01af 44020000 		.4byte	0x244
 558 01b3 28       		.byte	0x28
 559 01b4 06       		.uleb128 0x6
 560 01b5 39010000 		.4byte	.LASF36
 561 01b9 06       		.byte	0x6
 562 01ba BF       		.byte	0xbf
ARM GAS  /tmp/cc4JRqJJ.s 			page 11


 563 01bb 24020000 		.4byte	0x224
 564 01bf 2C       		.byte	0x2c
 565 01c0 06       		.uleb128 0x6
 566 01c1 84040000 		.4byte	.LASF37
 567 01c5 06       		.byte	0x6
 568 01c6 C3       		.byte	0xc3
 569 01c7 E0000000 		.4byte	0xe0
 570 01cb 34       		.byte	0x34
 571 01cc 06       		.uleb128 0x6
 572 01cd DD020000 		.4byte	.LASF38
 573 01d1 06       		.byte	0x6
 574 01d2 C9       		.byte	0xc9
 575 01d3 EB000000 		.4byte	0xeb
 576 01d7 38       		.byte	0x38
 577 01d8 06       		.uleb128 0x6
 578 01d9 3A020000 		.4byte	.LASF39
 579 01dd 06       		.byte	0x6
 580 01de D0       		.byte	0xd0
 581 01df CB050000 		.4byte	0x5cb
 582 01e3 3C       		.byte	0x3c
 583 01e4 06       		.uleb128 0x6
 584 01e5 00000000 		.4byte	.LASF40
 585 01e9 06       		.byte	0x6
 586 01ea D4       		.byte	0xd4
 587 01eb D5000000 		.4byte	0xd5
 588 01ef 40       		.byte	0x40
 589 01f0 06       		.uleb128 0x6
 590 01f1 8A000000 		.4byte	.LASF41
 591 01f5 06       		.byte	0x6
 592 01f6 DA       		.byte	0xda
 593 01f7 66020000 		.4byte	0x266
 594 01fb 44       		.byte	0x44
 595 01fc 00       		.byte	0
 596 01fd 08       		.uleb128 0x8
 597 01fe 08       		.byte	0x8
 598 01ff 05       		.byte	0x5
 599 0200 61       		.byte	0x61
 600 0201 1E020000 		.4byte	0x21e
 601 0205 06       		.uleb128 0x6
 602 0206 B4020000 		.4byte	.LASF24
 603 020a 05       		.byte	0x5
 604 020b 62       		.byte	0x62
 605 020c 1E020000 		.4byte	0x21e
 606 0210 00       		.byte	0
 607 0211 06       		.uleb128 0x6
 608 0212 FC010000 		.4byte	.LASF25
 609 0216 05       		.byte	0x5
 610 0217 64       		.byte	0x64
 611 0218 1E020000 		.4byte	0x21e
 612 021c 04       		.byte	0x4
 613 021d 00       		.byte	0
 614 021e 09       		.uleb128 0x9
 615 021f 04       		.byte	0x4
 616 0220 01010000 		.4byte	0x101
 617 0224 04       		.uleb128 0x4
 618 0225 D0010000 		.4byte	.LASF42
 619 0229 05       		.byte	0x5
ARM GAS  /tmp/cc4JRqJJ.s 			page 12


 620 022a 66       		.byte	0x66
 621 022b FD010000 		.4byte	0x1fd
 622 022f 08       		.uleb128 0x8
 623 0230 04       		.byte	0x4
 624 0231 05       		.byte	0x5
 625 0232 6B       		.byte	0x6b
 626 0233 44020000 		.4byte	0x244
 627 0237 06       		.uleb128 0x6
 628 0238 B4020000 		.4byte	.LASF24
 629 023c 05       		.byte	0x5
 630 023d 6D       		.byte	0x6d
 631 023e 1E020000 		.4byte	0x21e
 632 0242 00       		.byte	0
 633 0243 00       		.byte	0
 634 0244 04       		.uleb128 0x4
 635 0245 96010000 		.4byte	.LASF43
 636 0249 05       		.byte	0x5
 637 024a 70       		.byte	0x70
 638 024b 2F020000 		.4byte	0x22f
 639 024f 03       		.uleb128 0x3
 640 0250 04       		.byte	0x4
 641 0251 07       		.byte	0x7
 642 0252 AE010000 		.4byte	.LASF44
 643 0256 0A       		.uleb128 0xa
 644 0257 A2000000 		.4byte	0xa2
 645 025b 04       		.uleb128 0x4
 646 025c F6000000 		.4byte	.LASF45
 647 0260 07       		.byte	0x7
 648 0261 E5       		.byte	0xe5
 649 0262 66020000 		.4byte	0x266
 650 0266 0B       		.uleb128 0xb
 651 0267 04       		.byte	0x4
 652 0268 05       		.uleb128 0x5
 653 0269 25010000 		.4byte	.LASF46
 654 026d 20       		.byte	0x20
 655 026e 07       		.byte	0x7
 656 026f ED       		.byte	0xed
 657 0270 D0020000 		.4byte	0x2d0
 658 0274 07       		.uleb128 0x7
 659 0275 723000   		.ascii	"r0\000"
 660 0278 07       		.byte	0x7
 661 0279 EE       		.byte	0xee
 662 027a 5B020000 		.4byte	0x25b
 663 027e 00       		.byte	0
 664 027f 07       		.uleb128 0x7
 665 0280 723100   		.ascii	"r1\000"
 666 0283 07       		.byte	0x7
 667 0284 EF       		.byte	0xef
 668 0285 5B020000 		.4byte	0x25b
 669 0289 04       		.byte	0x4
 670 028a 07       		.uleb128 0x7
 671 028b 723200   		.ascii	"r2\000"
 672 028e 07       		.byte	0x7
 673 028f F0       		.byte	0xf0
 674 0290 5B020000 		.4byte	0x25b
 675 0294 08       		.byte	0x8
 676 0295 07       		.uleb128 0x7
ARM GAS  /tmp/cc4JRqJJ.s 			page 13


 677 0296 723300   		.ascii	"r3\000"
 678 0299 07       		.byte	0x7
 679 029a F1       		.byte	0xf1
 680 029b 5B020000 		.4byte	0x25b
 681 029f 0C       		.byte	0xc
 682 02a0 07       		.uleb128 0x7
 683 02a1 72313200 		.ascii	"r12\000"
 684 02a5 07       		.byte	0x7
 685 02a6 F2       		.byte	0xf2
 686 02a7 5B020000 		.4byte	0x25b
 687 02ab 10       		.byte	0x10
 688 02ac 06       		.uleb128 0x6
 689 02ad 1E010000 		.4byte	.LASF47
 690 02b1 07       		.byte	0x7
 691 02b2 F3       		.byte	0xf3
 692 02b3 5B020000 		.4byte	0x25b
 693 02b7 14       		.byte	0x14
 694 02b8 07       		.uleb128 0x7
 695 02b9 706300   		.ascii	"pc\000"
 696 02bc 07       		.byte	0x7
 697 02bd F4       		.byte	0xf4
 698 02be 5B020000 		.4byte	0x25b
 699 02c2 18       		.byte	0x18
 700 02c3 06       		.uleb128 0x6
 701 02c4 A1020000 		.4byte	.LASF48
 702 02c8 07       		.byte	0x7
 703 02c9 F5       		.byte	0xf5
 704 02ca 5B020000 		.4byte	0x25b
 705 02ce 1C       		.byte	0x1c
 706 02cf 00       		.byte	0
 707 02d0 0C       		.uleb128 0xc
 708 02d1 90030000 		.4byte	.LASF49
 709 02d5 24       		.byte	0x24
 710 02d6 07       		.byte	0x7
 711 02d7 0C01     		.2byte	0x10c
 712 02d9 4C030000 		.4byte	0x34c
 713 02dd 0D       		.uleb128 0xd
 714 02de 723400   		.ascii	"r4\000"
 715 02e1 07       		.byte	0x7
 716 02e2 1F01     		.2byte	0x11f
 717 02e4 5B020000 		.4byte	0x25b
 718 02e8 00       		.byte	0
 719 02e9 0D       		.uleb128 0xd
 720 02ea 723500   		.ascii	"r5\000"
 721 02ed 07       		.byte	0x7
 722 02ee 2001     		.2byte	0x120
 723 02f0 5B020000 		.4byte	0x25b
 724 02f4 04       		.byte	0x4
 725 02f5 0D       		.uleb128 0xd
 726 02f6 723600   		.ascii	"r6\000"
 727 02f9 07       		.byte	0x7
 728 02fa 2101     		.2byte	0x121
 729 02fc 5B020000 		.4byte	0x25b
 730 0300 08       		.byte	0x8
 731 0301 0D       		.uleb128 0xd
 732 0302 723700   		.ascii	"r7\000"
 733 0305 07       		.byte	0x7
ARM GAS  /tmp/cc4JRqJJ.s 			page 14


 734 0306 2201     		.2byte	0x122
 735 0308 5B020000 		.4byte	0x25b
 736 030c 0C       		.byte	0xc
 737 030d 0D       		.uleb128 0xd
 738 030e 723800   		.ascii	"r8\000"
 739 0311 07       		.byte	0x7
 740 0312 2301     		.2byte	0x123
 741 0314 5B020000 		.4byte	0x25b
 742 0318 10       		.byte	0x10
 743 0319 0D       		.uleb128 0xd
 744 031a 723900   		.ascii	"r9\000"
 745 031d 07       		.byte	0x7
 746 031e 2401     		.2byte	0x124
 747 0320 5B020000 		.4byte	0x25b
 748 0324 14       		.byte	0x14
 749 0325 0D       		.uleb128 0xd
 750 0326 72313000 		.ascii	"r10\000"
 751 032a 07       		.byte	0x7
 752 032b 2501     		.2byte	0x125
 753 032d 5B020000 		.4byte	0x25b
 754 0331 18       		.byte	0x18
 755 0332 0D       		.uleb128 0xd
 756 0333 72313100 		.ascii	"r11\000"
 757 0337 07       		.byte	0x7
 758 0338 2601     		.2byte	0x126
 759 033a 5B020000 		.4byte	0x25b
 760 033e 1C       		.byte	0x1c
 761 033f 0D       		.uleb128 0xd
 762 0340 6C7200   		.ascii	"lr\000"
 763 0343 07       		.byte	0x7
 764 0344 2701     		.2byte	0x127
 765 0346 5B020000 		.4byte	0x25b
 766 034a 20       		.byte	0x20
 767 034b 00       		.byte	0
 768 034c 0C       		.uleb128 0xc
 769 034d 83030000 		.4byte	.LASF50
 770 0351 04       		.byte	0x4
 771 0352 07       		.byte	0x7
 772 0353 3101     		.2byte	0x131
 773 0355 67030000 		.4byte	0x367
 774 0359 0D       		.uleb128 0xd
 775 035a 72313300 		.ascii	"r13\000"
 776 035e 07       		.byte	0x7
 777 035f 3201     		.2byte	0x132
 778 0361 67030000 		.4byte	0x367
 779 0365 00       		.byte	0
 780 0366 00       		.byte	0
 781 0367 09       		.uleb128 0x9
 782 0368 04       		.byte	0x4
 783 0369 D0020000 		.4byte	0x2d0
 784 036d 04       		.uleb128 0x4
 785 036e 18030000 		.4byte	.LASF51
 786 0372 08       		.byte	0x8
 787 0373 3A       		.byte	0x3a
 788 0374 56020000 		.4byte	0x256
 789 0378 08       		.uleb128 0x8
 790 0379 8C       		.byte	0x8c
ARM GAS  /tmp/cc4JRqJJ.s 			page 15


 791 037a 08       		.byte	0x8
 792 037b 89       		.byte	0x89
 793 037c 7D040000 		.4byte	0x47d
 794 0380 06       		.uleb128 0x6
 795 0381 63000000 		.4byte	.LASF52
 796 0385 08       		.byte	0x8
 797 0386 8A       		.byte	0x8a
 798 0387 6D030000 		.4byte	0x36d
 799 038b 00       		.byte	0
 800 038c 06       		.uleb128 0x6
 801 038d 5F010000 		.4byte	.LASF53
 802 0391 08       		.byte	0x8
 803 0392 8B       		.byte	0x8b
 804 0393 6D030000 		.4byte	0x36d
 805 0397 04       		.byte	0x4
 806 0398 06       		.uleb128 0x6
 807 0399 44010000 		.4byte	.LASF54
 808 039d 08       		.byte	0x8
 809 039e 8C       		.byte	0x8c
 810 039f 6D030000 		.4byte	0x36d
 811 03a3 08       		.byte	0x8
 812 03a4 06       		.uleb128 0x6
 813 03a5 6A010000 		.4byte	.LASF55
 814 03a9 08       		.byte	0x8
 815 03aa 8D       		.byte	0x8d
 816 03ab 6D030000 		.4byte	0x36d
 817 03af 0C       		.byte	0xc
 818 03b0 07       		.uleb128 0x7
 819 03b1 53435200 		.ascii	"SCR\000"
 820 03b5 08       		.byte	0x8
 821 03b6 8E       		.byte	0x8e
 822 03b7 6D030000 		.4byte	0x36d
 823 03bb 10       		.byte	0x10
 824 03bc 07       		.uleb128 0x7
 825 03bd 43435200 		.ascii	"CCR\000"
 826 03c1 08       		.byte	0x8
 827 03c2 8F       		.byte	0x8f
 828 03c3 6D030000 		.4byte	0x36d
 829 03c7 14       		.byte	0x14
 830 03c8 06       		.uleb128 0x6
 831 03c9 8B030000 		.4byte	.LASF56
 832 03cd 08       		.byte	0x8
 833 03ce 90       		.byte	0x90
 834 03cf 8D040000 		.4byte	0x48d
 835 03d3 18       		.byte	0x18
 836 03d4 06       		.uleb128 0x6
 837 03d5 27020000 		.4byte	.LASF57
 838 03d9 08       		.byte	0x8
 839 03da 91       		.byte	0x91
 840 03db 6D030000 		.4byte	0x36d
 841 03df 24       		.byte	0x24
 842 03e0 06       		.uleb128 0x6
 843 03e1 BD010000 		.4byte	.LASF58
 844 03e5 08       		.byte	0x8
 845 03e6 92       		.byte	0x92
 846 03e7 6D030000 		.4byte	0x36d
 847 03eb 28       		.byte	0x28
ARM GAS  /tmp/cc4JRqJJ.s 			page 16


 848 03ec 06       		.uleb128 0x6
 849 03ed 90040000 		.4byte	.LASF59
 850 03f1 08       		.byte	0x8
 851 03f2 93       		.byte	0x93
 852 03f3 6D030000 		.4byte	0x36d
 853 03f7 2C       		.byte	0x2c
 854 03f8 06       		.uleb128 0x6
 855 03f9 70010000 		.4byte	.LASF60
 856 03fd 08       		.byte	0x8
 857 03fe 94       		.byte	0x94
 858 03ff 6D030000 		.4byte	0x36d
 859 0403 30       		.byte	0x30
 860 0404 06       		.uleb128 0x6
 861 0405 75010000 		.4byte	.LASF61
 862 0409 08       		.byte	0x8
 863 040a 95       		.byte	0x95
 864 040b 6D030000 		.4byte	0x36d
 865 040f 34       		.byte	0x34
 866 0410 06       		.uleb128 0x6
 867 0411 C7000000 		.4byte	.LASF62
 868 0415 08       		.byte	0x8
 869 0416 96       		.byte	0x96
 870 0417 6D030000 		.4byte	0x36d
 871 041b 38       		.byte	0x38
 872 041c 06       		.uleb128 0x6
 873 041d CC000000 		.4byte	.LASF63
 874 0421 08       		.byte	0x8
 875 0422 97       		.byte	0x97
 876 0423 6D030000 		.4byte	0x36d
 877 0427 3C       		.byte	0x3c
 878 0428 07       		.uleb128 0x7
 879 0429 50465200 		.ascii	"PFR\000"
 880 042d 08       		.byte	0x8
 881 042e 98       		.byte	0x98
 882 042f A2040000 		.4byte	0x4a2
 883 0433 40       		.byte	0x40
 884 0434 07       		.uleb128 0x7
 885 0435 44465200 		.ascii	"DFR\000"
 886 0439 08       		.byte	0x8
 887 043a 99       		.byte	0x99
 888 043b 6D030000 		.4byte	0x36d
 889 043f 48       		.byte	0x48
 890 0440 07       		.uleb128 0x7
 891 0441 41445200 		.ascii	"ADR\000"
 892 0445 08       		.byte	0x8
 893 0446 9A       		.byte	0x9a
 894 0447 6D030000 		.4byte	0x36d
 895 044b 4C       		.byte	0x4c
 896 044c 06       		.uleb128 0x6
 897 044d 58040000 		.4byte	.LASF64
 898 0451 08       		.byte	0x8
 899 0452 9B       		.byte	0x9b
 900 0453 B7040000 		.4byte	0x4b7
 901 0457 50       		.byte	0x50
 902 0458 07       		.uleb128 0x7
 903 0459 53415200 		.ascii	"SAR\000"
 904 045d 08       		.byte	0x8
ARM GAS  /tmp/cc4JRqJJ.s 			page 17


 905 045e 9C       		.byte	0x9c
 906 045f CC040000 		.4byte	0x4cc
 907 0463 60       		.byte	0x60
 908 0464 06       		.uleb128 0x6
 909 0465 F9020000 		.4byte	.LASF65
 910 0469 08       		.byte	0x8
 911 046a 9D       		.byte	0x9d
 912 046b D1040000 		.4byte	0x4d1
 913 046f 74       		.byte	0x74
 914 0470 06       		.uleb128 0x6
 915 0471 8A040000 		.4byte	.LASF66
 916 0475 08       		.byte	0x8
 917 0476 9E       		.byte	0x9e
 918 0477 6D030000 		.4byte	0x36d
 919 047b 88       		.byte	0x88
 920 047c 00       		.byte	0
 921 047d 0E       		.uleb128 0xe
 922 047e 6D030000 		.4byte	0x36d
 923 0482 8D040000 		.4byte	0x48d
 924 0486 0F       		.uleb128 0xf
 925 0487 4F020000 		.4byte	0x24f
 926 048b 02       		.byte	0x2
 927 048c 00       		.byte	0
 928 048d 0A       		.uleb128 0xa
 929 048e 7D040000 		.4byte	0x47d
 930 0492 0E       		.uleb128 0xe
 931 0493 6D030000 		.4byte	0x36d
 932 0497 A2040000 		.4byte	0x4a2
 933 049b 0F       		.uleb128 0xf
 934 049c 4F020000 		.4byte	0x24f
 935 04a0 01       		.byte	0x1
 936 04a1 00       		.byte	0
 937 04a2 0A       		.uleb128 0xa
 938 04a3 92040000 		.4byte	0x492
 939 04a7 0E       		.uleb128 0xe
 940 04a8 6D030000 		.4byte	0x36d
 941 04ac B7040000 		.4byte	0x4b7
 942 04b0 0F       		.uleb128 0xf
 943 04b1 4F020000 		.4byte	0x24f
 944 04b5 03       		.byte	0x3
 945 04b6 00       		.byte	0
 946 04b7 0A       		.uleb128 0xa
 947 04b8 A7040000 		.4byte	0x4a7
 948 04bc 0E       		.uleb128 0xe
 949 04bd 6D030000 		.4byte	0x36d
 950 04c1 CC040000 		.4byte	0x4cc
 951 04c5 0F       		.uleb128 0xf
 952 04c6 4F020000 		.4byte	0x24f
 953 04ca 04       		.byte	0x4
 954 04cb 00       		.byte	0
 955 04cc 0A       		.uleb128 0xa
 956 04cd BC040000 		.4byte	0x4bc
 957 04d1 0A       		.uleb128 0xa
 958 04d2 BC040000 		.4byte	0x4bc
 959 04d6 04       		.uleb128 0x4
 960 04d7 23000000 		.4byte	.LASF67
 961 04db 08       		.byte	0x8
ARM GAS  /tmp/cc4JRqJJ.s 			page 18


 962 04dc 9F       		.byte	0x9f
 963 04dd 78030000 		.4byte	0x378
 964 04e1 0A       		.uleb128 0xa
 965 04e2 F6000000 		.4byte	0xf6
 966 04e6 08       		.uleb128 0x8
 967 04e7 1C       		.byte	0x1c
 968 04e8 09       		.byte	0x9
 969 04e9 5E       		.byte	0x5e
 970 04ea 37050000 		.4byte	0x537
 971 04ee 06       		.uleb128 0x6
 972 04ef F1020000 		.4byte	.LASF68
 973 04f3 09       		.byte	0x9
 974 04f4 5F       		.byte	0x5f
 975 04f5 24020000 		.4byte	0x224
 976 04f9 00       		.byte	0
 977 04fa 06       		.uleb128 0x6
 978 04fb A6020000 		.4byte	.LASF69
 979 04ff 09       		.byte	0x9
 980 0500 60       		.byte	0x60
 981 0501 D5000000 		.4byte	0xd5
 982 0505 08       		.byte	0x8
 983 0506 06       		.uleb128 0x6
 984 0507 CA010000 		.4byte	.LASF70
 985 050b 09       		.byte	0x9
 986 050c 62       		.byte	0x62
 987 050d 4C030000 		.4byte	0x34c
 988 0511 0C       		.byte	0xc
 989 0512 06       		.uleb128 0x6
 990 0513 D1000000 		.4byte	.LASF71
 991 0517 09       		.byte	0x9
 992 0518 65       		.byte	0x65
 993 0519 1E020000 		.4byte	0x21e
 994 051d 10       		.byte	0x10
 995 051e 06       		.uleb128 0x6
 996 051f E7010000 		.4byte	.LASF72
 997 0523 09       		.byte	0x9
 998 0524 66       		.byte	0x66
 999 0525 1E020000 		.4byte	0x21e
 1000 0529 14       		.byte	0x14
 1001 052a 06       		.uleb128 0x6
 1002 052b DD010000 		.4byte	.LASF73
 1003 052f 09       		.byte	0x9
 1004 0530 69       		.byte	0x69
 1005 0531 1E020000 		.4byte	0x21e
 1006 0535 18       		.byte	0x18
 1007 0536 00       		.byte	0
 1008 0537 04       		.uleb128 0x4
 1009 0538 4E040000 		.4byte	.LASF74
 1010 053c 09       		.byte	0x9
 1011 053d 6B       		.byte	0x6b
 1012 053e E6040000 		.4byte	0x4e6
 1013 0542 05       		.uleb128 0x5
 1014 0543 B7010000 		.4byte	.LASF75
 1015 0547 10       		.byte	0x10
 1016 0548 0A       		.byte	0xa
 1017 0549 2C       		.byte	0x2c
 1018 054a 73050000 		.4byte	0x573
ARM GAS  /tmp/cc4JRqJJ.s 			page 19


 1019 054e 06       		.uleb128 0x6
 1020 054f 92000000 		.4byte	.LASF76
 1021 0553 0A       		.byte	0xa
 1022 0554 2D       		.byte	0x2d
 1023 0555 24020000 		.4byte	0x224
 1024 0559 00       		.byte	0
 1025 055a 06       		.uleb128 0x6
 1026 055b 95040000 		.4byte	.LASF77
 1027 055f 0A       		.byte	0xa
 1028 0560 2F       		.byte	0x2f
 1029 0561 1E020000 		.4byte	0x21e
 1030 0565 08       		.byte	0x8
 1031 0566 06       		.uleb128 0x6
 1032 0567 47030000 		.4byte	.LASF78
 1033 056b 0A       		.byte	0xa
 1034 056c 31       		.byte	0x31
 1035 056d 73050000 		.4byte	0x573
 1036 0571 0C       		.byte	0xc
 1037 0572 00       		.byte	0
 1038 0573 09       		.uleb128 0x9
 1039 0574 04       		.byte	0x4
 1040 0575 42050000 		.4byte	0x542
 1041 0579 04       		.uleb128 0x4
 1042 057a B7010000 		.4byte	.LASF75
 1043 057e 0A       		.byte	0xa
 1044 057f 33       		.byte	0x33
 1045 0580 42050000 		.4byte	0x542
 1046 0584 10       		.uleb128 0x10
 1047 0585 04       		.byte	0x4
 1048 0586 06       		.byte	0x6
 1049 0587 96       		.byte	0x96
 1050 0588 B9050000 		.4byte	0x5b9
 1051 058c 11       		.uleb128 0x11
 1052 058d 12000000 		.4byte	.LASF79
 1053 0591 06       		.byte	0x6
 1054 0592 9D       		.byte	0x9d
 1055 0593 E0000000 		.4byte	0xe0
 1056 0597 11       		.uleb128 0x11
 1057 0598 50000000 		.4byte	.LASF80
 1058 059c 06       		.byte	0x6
 1059 059d A4       		.byte	0xa4
 1060 059e E0000000 		.4byte	0xe0
 1061 05a2 11       		.uleb128 0x11
 1062 05a3 6B040000 		.4byte	.LASF81
 1063 05a7 06       		.byte	0x6
 1064 05a8 AB       		.byte	0xab
 1065 05a9 66020000 		.4byte	0x266
 1066 05ad 11       		.uleb128 0x11
 1067 05ae AD020000 		.4byte	.LASF82
 1068 05b2 06       		.byte	0x6
 1069 05b3 B2       		.byte	0xb2
 1070 05b4 EB000000 		.4byte	0xeb
 1071 05b8 00       		.byte	0
 1072 05b9 09       		.uleb128 0x9
 1073 05ba 04       		.byte	0x4
 1074 05bb BF050000 		.4byte	0x5bf
 1075 05bf 12       		.uleb128 0x12
ARM GAS  /tmp/cc4JRqJJ.s 			page 20


 1076 05c0 C4050000 		.4byte	0x5c4
 1077 05c4 03       		.uleb128 0x3
 1078 05c5 01       		.byte	0x1
 1079 05c6 08       		.byte	0x8
 1080 05c7 13030000 		.4byte	.LASF83
 1081 05cb 09       		.uleb128 0x9
 1082 05cc 04       		.byte	0x4
 1083 05cd 79050000 		.4byte	0x579
 1084 05d1 13       		.uleb128 0x13
 1085 05d2 49010000 		.4byte	.LASF84
 1086 05d6 01       		.byte	0x1
 1087 05d7 C8       		.byte	0xc8
 1088 05d8 00000000 		.4byte	.LFB122
 1089 05dc 06000000 		.4byte	.LFE122-.LFB122
 1090 05e0 01       		.uleb128 0x1
 1091 05e1 9C       		.byte	0x9c
 1092 05e2 F0050000 		.4byte	0x5f0
 1093 05e6 14       		.uleb128 0x14
 1094 05e7 04000000 		.4byte	.LVL0
 1095 05eb CB070000 		.4byte	0x7cb
 1096 05ef 00       		.byte	0
 1097 05f0 13       		.uleb128 0x13
 1098 05f1 6B030000 		.4byte	.LASF85
 1099 05f5 01       		.byte	0x1
 1100 05f6 41       		.byte	0x41
 1101 05f7 00000000 		.4byte	.LFB119
 1102 05fb 12000000 		.4byte	.LFE119-.LFB119
 1103 05ff 01       		.uleb128 0x1
 1104 0600 9C       		.byte	0x9c
 1105 0601 2C060000 		.4byte	0x62c
 1106 0605 15       		.uleb128 0x15
 1107 0606 F7010000 		.4byte	.LASF86
 1108 060a 01       		.byte	0x1
 1109 060b 42       		.byte	0x42
 1110 060c 2C060000 		.4byte	0x62c
 1111 0610 00000000 		.4byte	.LLST0
 1112 0614 16       		.uleb128 0x16
 1113 0615 0A000000 		.4byte	.LBB2
 1114 0619 08000000 		.4byte	.LBE2-.LBB2
 1115 061d 17       		.uleb128 0x17
 1116 061e 746D7000 		.ascii	"tmp\000"
 1117 0622 01       		.byte	0x1
 1118 0623 52       		.byte	0x52
 1119 0624 A2000000 		.4byte	0xa2
 1120 0628 01       		.uleb128 0x1
 1121 0629 53       		.byte	0x53
 1122 062a 00       		.byte	0
 1123 062b 00       		.byte	0
 1124 062c 09       		.uleb128 0x9
 1125 062d 04       		.byte	0x4
 1126 062e 68020000 		.4byte	0x268
 1127 0632 13       		.uleb128 0x13
 1128 0633 72040000 		.4byte	.LASF87
 1129 0637 01       		.byte	0x1
 1130 0638 78       		.byte	0x78
 1131 0639 00000000 		.4byte	.LFB120
 1132 063d 30000000 		.4byte	.LFE120-.LFB120
ARM GAS  /tmp/cc4JRqJJ.s 			page 21


 1133 0641 01       		.uleb128 0x1
 1134 0642 9C       		.byte	0x9c
 1135 0643 8F060000 		.4byte	0x68f
 1136 0647 18       		.uleb128 0x18
 1137 0648 14000000 		.4byte	.LVL4
 1138 064c D2070000 		.4byte	0x7d2
 1139 0650 60060000 		.4byte	0x660
 1140 0654 19       		.uleb128 0x19
 1141 0655 01       		.uleb128 0x1
 1142 0656 51       		.byte	0x51
 1143 0657 02       		.uleb128 0x2
 1144 0658 08       		.byte	0x8
 1145 0659 20       		.byte	0x20
 1146 065a 19       		.uleb128 0x19
 1147 065b 01       		.uleb128 0x1
 1148 065c 50       		.byte	0x50
 1149 065d 01       		.uleb128 0x1
 1150 065e 37       		.byte	0x37
 1151 065f 00       		.byte	0
 1152 0660 18       		.uleb128 0x18
 1153 0661 1C000000 		.4byte	.LVL5
 1154 0665 D2070000 		.4byte	0x7d2
 1155 0669 79060000 		.4byte	0x679
 1156 066d 19       		.uleb128 0x19
 1157 066e 01       		.uleb128 0x1
 1158 066f 51       		.byte	0x51
 1159 0670 02       		.uleb128 0x2
 1160 0671 08       		.byte	0x8
 1161 0672 40       		.byte	0x40
 1162 0673 19       		.uleb128 0x19
 1163 0674 01       		.uleb128 0x1
 1164 0675 50       		.byte	0x50
 1165 0676 01       		.uleb128 0x1
 1166 0677 3A       		.byte	0x3a
 1167 0678 00       		.byte	0
 1168 0679 1A       		.uleb128 0x1a
 1169 067a 28000000 		.4byte	.LVL6
 1170 067e D2070000 		.4byte	0x7d2
 1171 0682 19       		.uleb128 0x19
 1172 0683 01       		.uleb128 0x1
 1173 0684 51       		.byte	0x51
 1174 0685 02       		.uleb128 0x2
 1175 0686 08       		.byte	0x8
 1176 0687 80       		.byte	0x80
 1177 0688 19       		.uleb128 0x19
 1178 0689 01       		.uleb128 0x1
 1179 068a 50       		.byte	0x50
 1180 068b 01       		.uleb128 0x1
 1181 068c 3B       		.byte	0x3b
 1182 068d 00       		.byte	0
 1183 068e 00       		.byte	0
 1184 068f 13       		.uleb128 0x13
 1185 0690 7B010000 		.4byte	.LASF88
 1186 0694 01       		.byte	0x1
 1187 0695 96       		.byte	0x96
 1188 0696 00000000 		.4byte	.LFB121
 1189 069a 54000000 		.4byte	.LFE121-.LFB121
ARM GAS  /tmp/cc4JRqJJ.s 			page 22


 1190 069e 01       		.uleb128 0x1
 1191 069f 9C       		.byte	0x9c
 1192 06a0 F4060000 		.4byte	0x6f4
 1193 06a4 1B       		.uleb128 0x1b
 1194 06a5 00000000 		.4byte	.LBB3
 1195 06a9 06000000 		.4byte	.LBE3-.LBB3
 1196 06ad BF060000 		.4byte	0x6bf
 1197 06b1 17       		.uleb128 0x17
 1198 06b2 746D7000 		.ascii	"tmp\000"
 1199 06b6 01       		.byte	0x1
 1200 06b7 98       		.byte	0x98
 1201 06b8 A2000000 		.4byte	0xa2
 1202 06bc 01       		.uleb128 0x1
 1203 06bd 53       		.byte	0x53
 1204 06be 00       		.byte	0
 1205 06bf 1B       		.uleb128 0x1b
 1206 06c0 10000000 		.4byte	.LBB4
 1207 06c4 2C000000 		.4byte	.LBE4-.LBB4
 1208 06c8 DC060000 		.4byte	0x6dc
 1209 06cc 15       		.uleb128 0x15
 1210 06cd F7010000 		.4byte	.LASF86
 1211 06d1 01       		.byte	0x1
 1212 06d2 9A       		.byte	0x9a
 1213 06d3 2C060000 		.4byte	0x62c
 1214 06d7 20000000 		.4byte	.LLST1
 1215 06db 00       		.byte	0
 1216 06dc 16       		.uleb128 0x16
 1217 06dd 3C000000 		.4byte	.LBB5
 1218 06e1 18000000 		.4byte	.LBE5-.LBB5
 1219 06e5 17       		.uleb128 0x17
 1220 06e6 746D7000 		.ascii	"tmp\000"
 1221 06ea 01       		.byte	0x1
 1222 06eb BE       		.byte	0xbe
 1223 06ec A2000000 		.4byte	0xa2
 1224 06f0 01       		.uleb128 0x1
 1225 06f1 53       		.byte	0x53
 1226 06f2 00       		.byte	0
 1227 06f3 00       		.byte	0
 1228 06f4 13       		.uleb128 0x13
 1229 06f5 2B000000 		.4byte	.LASF89
 1230 06f9 01       		.byte	0x1
 1231 06fa 2F       		.byte	0x2f
 1232 06fb 00000000 		.4byte	.LFB118
 1233 06ff 1A000000 		.4byte	.LFE118-.LFB118
 1234 0703 01       		.uleb128 0x1
 1235 0704 9C       		.byte	0x9c
 1236 0705 52070000 		.4byte	0x752
 1237 0709 1B       		.uleb128 0x1b
 1238 070a 02000000 		.4byte	.LBB6
 1239 070e 06000000 		.4byte	.LBE6-.LBB6
 1240 0712 24070000 		.4byte	0x724
 1241 0716 17       		.uleb128 0x17
 1242 0717 746D7000 		.ascii	"tmp\000"
 1243 071b 01       		.byte	0x1
 1244 071c 33       		.byte	0x33
 1245 071d A2000000 		.4byte	0xa2
 1246 0721 01       		.uleb128 0x1
ARM GAS  /tmp/cc4JRqJJ.s 			page 23


 1247 0722 53       		.byte	0x53
 1248 0723 00       		.byte	0
 1249 0724 1B       		.uleb128 0x1b
 1250 0725 0C000000 		.4byte	.LBB7
 1251 0729 06000000 		.4byte	.LBE7-.LBB7
 1252 072d 3F070000 		.4byte	0x73f
 1253 0731 17       		.uleb128 0x17
 1254 0732 746D7000 		.ascii	"tmp\000"
 1255 0736 01       		.byte	0x1
 1256 0737 35       		.byte	0x35
 1257 0738 A2000000 		.4byte	0xa2
 1258 073c 01       		.uleb128 0x1
 1259 073d 53       		.byte	0x53
 1260 073e 00       		.byte	0
 1261 073f 14       		.uleb128 0x14
 1262 0740 0C000000 		.4byte	.LVL11
 1263 0744 E9070000 		.4byte	0x7e9
 1264 0748 1C       		.uleb128 0x1c
 1265 0749 1A000000 		.4byte	.LVL12
 1266 074d 8F060000 		.4byte	0x68f
 1267 0751 00       		.byte	0
 1268 0752 13       		.uleb128 0x13
 1269 0753 2C010000 		.4byte	.LASF90
 1270 0757 01       		.byte	0x1
 1271 0758 E5       		.byte	0xe5
 1272 0759 00000000 		.4byte	.LFB123
 1273 075d 10000000 		.4byte	.LFE123-.LFB123
 1274 0761 01       		.uleb128 0x1
 1275 0762 9C       		.byte	0x9c
 1276 0763 82070000 		.4byte	0x782
 1277 0767 1D       		.uleb128 0x1d
 1278 0768 6E747000 		.ascii	"ntp\000"
 1279 076c 01       		.byte	0x1
 1280 076d E5       		.byte	0xe5
 1281 076e 1E020000 		.4byte	0x21e
 1282 0772 01       		.uleb128 0x1
 1283 0773 50       		.byte	0x50
 1284 0774 1D       		.uleb128 0x1d
 1285 0775 6F747000 		.ascii	"otp\000"
 1286 0779 01       		.byte	0x1
 1287 077a E5       		.byte	0xe5
 1288 077b 1E020000 		.4byte	0x21e
 1289 077f 01       		.uleb128 0x1
 1290 0780 51       		.byte	0x51
 1291 0781 00       		.byte	0
 1292 0782 13       		.uleb128 0x13
 1293 0783 AC000000 		.4byte	.LASF91
 1294 0787 01       		.byte	0x1
 1295 0788 FC       		.byte	0xfc
 1296 0789 00000000 		.4byte	.LFB124
 1297 078d 10000000 		.4byte	.LFE124-.LFB124
 1298 0791 01       		.uleb128 0x1
 1299 0792 9C       		.byte	0x9c
 1300 0793 AF070000 		.4byte	0x7af
 1301 0797 16       		.uleb128 0x16
 1302 0798 00000000 		.4byte	.LBB8
 1303 079c 06000000 		.4byte	.LBE8-.LBB8
ARM GAS  /tmp/cc4JRqJJ.s 			page 24


 1304 07a0 17       		.uleb128 0x17
 1305 07a1 746D7000 		.ascii	"tmp\000"
 1306 07a5 01       		.byte	0x1
 1307 07a6 FE       		.byte	0xfe
 1308 07a7 A2000000 		.4byte	0xa2
 1309 07ab 01       		.uleb128 0x1
 1310 07ac 53       		.byte	0x53
 1311 07ad 00       		.byte	0
 1312 07ae 00       		.byte	0
 1313 07af 1E       		.uleb128 0x1e
 1314 07b0 2D020000 		.4byte	.LASF92
 1315 07b4 0B       		.byte	0xb
 1316 07b5 9806     		.2byte	0x698
 1317 07b7 BB070000 		.4byte	0x7bb
 1318 07bb 0A       		.uleb128 0xa
 1319 07bc 97000000 		.4byte	0x97
 1320 07c0 1F       		.uleb128 0x1f
 1321 07c1 5D040000 		.4byte	.LASF93
 1322 07c5 09       		.byte	0x9
 1323 07c6 6F       		.byte	0x6f
 1324 07c7 37050000 		.4byte	0x537
 1325 07cb 20       		.uleb128 0x20
 1326 07cc FF000000 		.4byte	.LASF94
 1327 07d0 09       		.byte	0x9
 1328 07d1 A8       		.byte	0xa8
 1329 07d2 21       		.uleb128 0x21
 1330 07d3 D9000000 		.4byte	.LASF99
 1331 07d7 08       		.byte	0x8
 1332 07d8 2501     		.2byte	0x125
 1333 07da E9070000 		.4byte	0x7e9
 1334 07de 22       		.uleb128 0x22
 1335 07df A2000000 		.4byte	0xa2
 1336 07e3 22       		.uleb128 0x22
 1337 07e4 A2000000 		.4byte	0xa2
 1338 07e8 00       		.byte	0
 1339 07e9 20       		.uleb128 0x20
 1340 07ea 58030000 		.4byte	.LASF95
 1341 07ee 0C       		.byte	0xc
 1342 07ef F7       		.byte	0xf7
 1343 07f0 00       		.byte	0
 1344              		.section	.debug_abbrev,"",%progbits
 1345              	.Ldebug_abbrev0:
 1346 0000 01       		.uleb128 0x1
 1347 0001 11       		.uleb128 0x11
 1348 0002 01       		.byte	0x1
 1349 0003 25       		.uleb128 0x25
 1350 0004 0E       		.uleb128 0xe
 1351 0005 13       		.uleb128 0x13
 1352 0006 0B       		.uleb128 0xb
 1353 0007 03       		.uleb128 0x3
 1354 0008 0E       		.uleb128 0xe
 1355 0009 1B       		.uleb128 0x1b
 1356 000a 0E       		.uleb128 0xe
 1357 000b 55       		.uleb128 0x55
 1358 000c 17       		.uleb128 0x17
 1359 000d 11       		.uleb128 0x11
 1360 000e 01       		.uleb128 0x1
ARM GAS  /tmp/cc4JRqJJ.s 			page 25


 1361 000f 10       		.uleb128 0x10
 1362 0010 17       		.uleb128 0x17
 1363 0011 00       		.byte	0
 1364 0012 00       		.byte	0
 1365 0013 02       		.uleb128 0x2
 1366 0014 24       		.uleb128 0x24
 1367 0015 00       		.byte	0
 1368 0016 0B       		.uleb128 0xb
 1369 0017 0B       		.uleb128 0xb
 1370 0018 3E       		.uleb128 0x3e
 1371 0019 0B       		.uleb128 0xb
 1372 001a 03       		.uleb128 0x3
 1373 001b 08       		.uleb128 0x8
 1374 001c 00       		.byte	0
 1375 001d 00       		.byte	0
 1376 001e 03       		.uleb128 0x3
 1377 001f 24       		.uleb128 0x24
 1378 0020 00       		.byte	0
 1379 0021 0B       		.uleb128 0xb
 1380 0022 0B       		.uleb128 0xb
 1381 0023 3E       		.uleb128 0x3e
 1382 0024 0B       		.uleb128 0xb
 1383 0025 03       		.uleb128 0x3
 1384 0026 0E       		.uleb128 0xe
 1385 0027 00       		.byte	0
 1386 0028 00       		.byte	0
 1387 0029 04       		.uleb128 0x4
 1388 002a 16       		.uleb128 0x16
 1389 002b 00       		.byte	0
 1390 002c 03       		.uleb128 0x3
 1391 002d 0E       		.uleb128 0xe
 1392 002e 3A       		.uleb128 0x3a
 1393 002f 0B       		.uleb128 0xb
 1394 0030 3B       		.uleb128 0x3b
 1395 0031 0B       		.uleb128 0xb
 1396 0032 49       		.uleb128 0x49
 1397 0033 13       		.uleb128 0x13
 1398 0034 00       		.byte	0
 1399 0035 00       		.byte	0
 1400 0036 05       		.uleb128 0x5
 1401 0037 13       		.uleb128 0x13
 1402 0038 01       		.byte	0x1
 1403 0039 03       		.uleb128 0x3
 1404 003a 0E       		.uleb128 0xe
 1405 003b 0B       		.uleb128 0xb
 1406 003c 0B       		.uleb128 0xb
 1407 003d 3A       		.uleb128 0x3a
 1408 003e 0B       		.uleb128 0xb
 1409 003f 3B       		.uleb128 0x3b
 1410 0040 0B       		.uleb128 0xb
 1411 0041 01       		.uleb128 0x1
 1412 0042 13       		.uleb128 0x13
 1413 0043 00       		.byte	0
 1414 0044 00       		.byte	0
 1415 0045 06       		.uleb128 0x6
 1416 0046 0D       		.uleb128 0xd
 1417 0047 00       		.byte	0
ARM GAS  /tmp/cc4JRqJJ.s 			page 26


 1418 0048 03       		.uleb128 0x3
 1419 0049 0E       		.uleb128 0xe
 1420 004a 3A       		.uleb128 0x3a
 1421 004b 0B       		.uleb128 0xb
 1422 004c 3B       		.uleb128 0x3b
 1423 004d 0B       		.uleb128 0xb
 1424 004e 49       		.uleb128 0x49
 1425 004f 13       		.uleb128 0x13
 1426 0050 38       		.uleb128 0x38
 1427 0051 0B       		.uleb128 0xb
 1428 0052 00       		.byte	0
 1429 0053 00       		.byte	0
 1430 0054 07       		.uleb128 0x7
 1431 0055 0D       		.uleb128 0xd
 1432 0056 00       		.byte	0
 1433 0057 03       		.uleb128 0x3
 1434 0058 08       		.uleb128 0x8
 1435 0059 3A       		.uleb128 0x3a
 1436 005a 0B       		.uleb128 0xb
 1437 005b 3B       		.uleb128 0x3b
 1438 005c 0B       		.uleb128 0xb
 1439 005d 49       		.uleb128 0x49
 1440 005e 13       		.uleb128 0x13
 1441 005f 38       		.uleb128 0x38
 1442 0060 0B       		.uleb128 0xb
 1443 0061 00       		.byte	0
 1444 0062 00       		.byte	0
 1445 0063 08       		.uleb128 0x8
 1446 0064 13       		.uleb128 0x13
 1447 0065 01       		.byte	0x1
 1448 0066 0B       		.uleb128 0xb
 1449 0067 0B       		.uleb128 0xb
 1450 0068 3A       		.uleb128 0x3a
 1451 0069 0B       		.uleb128 0xb
 1452 006a 3B       		.uleb128 0x3b
 1453 006b 0B       		.uleb128 0xb
 1454 006c 01       		.uleb128 0x1
 1455 006d 13       		.uleb128 0x13
 1456 006e 00       		.byte	0
 1457 006f 00       		.byte	0
 1458 0070 09       		.uleb128 0x9
 1459 0071 0F       		.uleb128 0xf
 1460 0072 00       		.byte	0
 1461 0073 0B       		.uleb128 0xb
 1462 0074 0B       		.uleb128 0xb
 1463 0075 49       		.uleb128 0x49
 1464 0076 13       		.uleb128 0x13
 1465 0077 00       		.byte	0
 1466 0078 00       		.byte	0
 1467 0079 0A       		.uleb128 0xa
 1468 007a 35       		.uleb128 0x35
 1469 007b 00       		.byte	0
 1470 007c 49       		.uleb128 0x49
 1471 007d 13       		.uleb128 0x13
 1472 007e 00       		.byte	0
 1473 007f 00       		.byte	0
 1474 0080 0B       		.uleb128 0xb
ARM GAS  /tmp/cc4JRqJJ.s 			page 27


 1475 0081 0F       		.uleb128 0xf
 1476 0082 00       		.byte	0
 1477 0083 0B       		.uleb128 0xb
 1478 0084 0B       		.uleb128 0xb
 1479 0085 00       		.byte	0
 1480 0086 00       		.byte	0
 1481 0087 0C       		.uleb128 0xc
 1482 0088 13       		.uleb128 0x13
 1483 0089 01       		.byte	0x1
 1484 008a 03       		.uleb128 0x3
 1485 008b 0E       		.uleb128 0xe
 1486 008c 0B       		.uleb128 0xb
 1487 008d 0B       		.uleb128 0xb
 1488 008e 3A       		.uleb128 0x3a
 1489 008f 0B       		.uleb128 0xb
 1490 0090 3B       		.uleb128 0x3b
 1491 0091 05       		.uleb128 0x5
 1492 0092 01       		.uleb128 0x1
 1493 0093 13       		.uleb128 0x13
 1494 0094 00       		.byte	0
 1495 0095 00       		.byte	0
 1496 0096 0D       		.uleb128 0xd
 1497 0097 0D       		.uleb128 0xd
 1498 0098 00       		.byte	0
 1499 0099 03       		.uleb128 0x3
 1500 009a 08       		.uleb128 0x8
 1501 009b 3A       		.uleb128 0x3a
 1502 009c 0B       		.uleb128 0xb
 1503 009d 3B       		.uleb128 0x3b
 1504 009e 05       		.uleb128 0x5
 1505 009f 49       		.uleb128 0x49
 1506 00a0 13       		.uleb128 0x13
 1507 00a1 38       		.uleb128 0x38
 1508 00a2 0B       		.uleb128 0xb
 1509 00a3 00       		.byte	0
 1510 00a4 00       		.byte	0
 1511 00a5 0E       		.uleb128 0xe
 1512 00a6 01       		.uleb128 0x1
 1513 00a7 01       		.byte	0x1
 1514 00a8 49       		.uleb128 0x49
 1515 00a9 13       		.uleb128 0x13
 1516 00aa 01       		.uleb128 0x1
 1517 00ab 13       		.uleb128 0x13
 1518 00ac 00       		.byte	0
 1519 00ad 00       		.byte	0
 1520 00ae 0F       		.uleb128 0xf
 1521 00af 21       		.uleb128 0x21
 1522 00b0 00       		.byte	0
 1523 00b1 49       		.uleb128 0x49
 1524 00b2 13       		.uleb128 0x13
 1525 00b3 2F       		.uleb128 0x2f
 1526 00b4 0B       		.uleb128 0xb
 1527 00b5 00       		.byte	0
 1528 00b6 00       		.byte	0
 1529 00b7 10       		.uleb128 0x10
 1530 00b8 17       		.uleb128 0x17
 1531 00b9 01       		.byte	0x1
ARM GAS  /tmp/cc4JRqJJ.s 			page 28


 1532 00ba 0B       		.uleb128 0xb
 1533 00bb 0B       		.uleb128 0xb
 1534 00bc 3A       		.uleb128 0x3a
 1535 00bd 0B       		.uleb128 0xb
 1536 00be 3B       		.uleb128 0x3b
 1537 00bf 0B       		.uleb128 0xb
 1538 00c0 01       		.uleb128 0x1
 1539 00c1 13       		.uleb128 0x13
 1540 00c2 00       		.byte	0
 1541 00c3 00       		.byte	0
 1542 00c4 11       		.uleb128 0x11
 1543 00c5 0D       		.uleb128 0xd
 1544 00c6 00       		.byte	0
 1545 00c7 03       		.uleb128 0x3
 1546 00c8 0E       		.uleb128 0xe
 1547 00c9 3A       		.uleb128 0x3a
 1548 00ca 0B       		.uleb128 0xb
 1549 00cb 3B       		.uleb128 0x3b
 1550 00cc 0B       		.uleb128 0xb
 1551 00cd 49       		.uleb128 0x49
 1552 00ce 13       		.uleb128 0x13
 1553 00cf 00       		.byte	0
 1554 00d0 00       		.byte	0
 1555 00d1 12       		.uleb128 0x12
 1556 00d2 26       		.uleb128 0x26
 1557 00d3 00       		.byte	0
 1558 00d4 49       		.uleb128 0x49
 1559 00d5 13       		.uleb128 0x13
 1560 00d6 00       		.byte	0
 1561 00d7 00       		.byte	0
 1562 00d8 13       		.uleb128 0x13
 1563 00d9 2E       		.uleb128 0x2e
 1564 00da 01       		.byte	0x1
 1565 00db 3F       		.uleb128 0x3f
 1566 00dc 19       		.uleb128 0x19
 1567 00dd 03       		.uleb128 0x3
 1568 00de 0E       		.uleb128 0xe
 1569 00df 3A       		.uleb128 0x3a
 1570 00e0 0B       		.uleb128 0xb
 1571 00e1 3B       		.uleb128 0x3b
 1572 00e2 0B       		.uleb128 0xb
 1573 00e3 27       		.uleb128 0x27
 1574 00e4 19       		.uleb128 0x19
 1575 00e5 11       		.uleb128 0x11
 1576 00e6 01       		.uleb128 0x1
 1577 00e7 12       		.uleb128 0x12
 1578 00e8 06       		.uleb128 0x6
 1579 00e9 40       		.uleb128 0x40
 1580 00ea 18       		.uleb128 0x18
 1581 00eb 9742     		.uleb128 0x2117
 1582 00ed 19       		.uleb128 0x19
 1583 00ee 01       		.uleb128 0x1
 1584 00ef 13       		.uleb128 0x13
 1585 00f0 00       		.byte	0
 1586 00f1 00       		.byte	0
 1587 00f2 14       		.uleb128 0x14
 1588 00f3 898201   		.uleb128 0x4109
ARM GAS  /tmp/cc4JRqJJ.s 			page 29


 1589 00f6 00       		.byte	0
 1590 00f7 11       		.uleb128 0x11
 1591 00f8 01       		.uleb128 0x1
 1592 00f9 31       		.uleb128 0x31
 1593 00fa 13       		.uleb128 0x13
 1594 00fb 00       		.byte	0
 1595 00fc 00       		.byte	0
 1596 00fd 15       		.uleb128 0x15
 1597 00fe 34       		.uleb128 0x34
 1598 00ff 00       		.byte	0
 1599 0100 03       		.uleb128 0x3
 1600 0101 0E       		.uleb128 0xe
 1601 0102 3A       		.uleb128 0x3a
 1602 0103 0B       		.uleb128 0xb
 1603 0104 3B       		.uleb128 0x3b
 1604 0105 0B       		.uleb128 0xb
 1605 0106 49       		.uleb128 0x49
 1606 0107 13       		.uleb128 0x13
 1607 0108 02       		.uleb128 0x2
 1608 0109 17       		.uleb128 0x17
 1609 010a 00       		.byte	0
 1610 010b 00       		.byte	0
 1611 010c 16       		.uleb128 0x16
 1612 010d 0B       		.uleb128 0xb
 1613 010e 01       		.byte	0x1
 1614 010f 11       		.uleb128 0x11
 1615 0110 01       		.uleb128 0x1
 1616 0111 12       		.uleb128 0x12
 1617 0112 06       		.uleb128 0x6
 1618 0113 00       		.byte	0
 1619 0114 00       		.byte	0
 1620 0115 17       		.uleb128 0x17
 1621 0116 34       		.uleb128 0x34
 1622 0117 00       		.byte	0
 1623 0118 03       		.uleb128 0x3
 1624 0119 08       		.uleb128 0x8
 1625 011a 3A       		.uleb128 0x3a
 1626 011b 0B       		.uleb128 0xb
 1627 011c 3B       		.uleb128 0x3b
 1628 011d 0B       		.uleb128 0xb
 1629 011e 49       		.uleb128 0x49
 1630 011f 13       		.uleb128 0x13
 1631 0120 02       		.uleb128 0x2
 1632 0121 18       		.uleb128 0x18
 1633 0122 00       		.byte	0
 1634 0123 00       		.byte	0
 1635 0124 18       		.uleb128 0x18
 1636 0125 898201   		.uleb128 0x4109
 1637 0128 01       		.byte	0x1
 1638 0129 11       		.uleb128 0x11
 1639 012a 01       		.uleb128 0x1
 1640 012b 31       		.uleb128 0x31
 1641 012c 13       		.uleb128 0x13
 1642 012d 01       		.uleb128 0x1
 1643 012e 13       		.uleb128 0x13
 1644 012f 00       		.byte	0
 1645 0130 00       		.byte	0
ARM GAS  /tmp/cc4JRqJJ.s 			page 30


 1646 0131 19       		.uleb128 0x19
 1647 0132 8A8201   		.uleb128 0x410a
 1648 0135 00       		.byte	0
 1649 0136 02       		.uleb128 0x2
 1650 0137 18       		.uleb128 0x18
 1651 0138 9142     		.uleb128 0x2111
 1652 013a 18       		.uleb128 0x18
 1653 013b 00       		.byte	0
 1654 013c 00       		.byte	0
 1655 013d 1A       		.uleb128 0x1a
 1656 013e 898201   		.uleb128 0x4109
 1657 0141 01       		.byte	0x1
 1658 0142 11       		.uleb128 0x11
 1659 0143 01       		.uleb128 0x1
 1660 0144 9542     		.uleb128 0x2115
 1661 0146 19       		.uleb128 0x19
 1662 0147 31       		.uleb128 0x31
 1663 0148 13       		.uleb128 0x13
 1664 0149 00       		.byte	0
 1665 014a 00       		.byte	0
 1666 014b 1B       		.uleb128 0x1b
 1667 014c 0B       		.uleb128 0xb
 1668 014d 01       		.byte	0x1
 1669 014e 11       		.uleb128 0x11
 1670 014f 01       		.uleb128 0x1
 1671 0150 12       		.uleb128 0x12
 1672 0151 06       		.uleb128 0x6
 1673 0152 01       		.uleb128 0x1
 1674 0153 13       		.uleb128 0x13
 1675 0154 00       		.byte	0
 1676 0155 00       		.byte	0
 1677 0156 1C       		.uleb128 0x1c
 1678 0157 898201   		.uleb128 0x4109
 1679 015a 00       		.byte	0
 1680 015b 11       		.uleb128 0x11
 1681 015c 01       		.uleb128 0x1
 1682 015d 9542     		.uleb128 0x2115
 1683 015f 19       		.uleb128 0x19
 1684 0160 31       		.uleb128 0x31
 1685 0161 13       		.uleb128 0x13
 1686 0162 00       		.byte	0
 1687 0163 00       		.byte	0
 1688 0164 1D       		.uleb128 0x1d
 1689 0165 05       		.uleb128 0x5
 1690 0166 00       		.byte	0
 1691 0167 03       		.uleb128 0x3
 1692 0168 08       		.uleb128 0x8
 1693 0169 3A       		.uleb128 0x3a
 1694 016a 0B       		.uleb128 0xb
 1695 016b 3B       		.uleb128 0x3b
 1696 016c 0B       		.uleb128 0xb
 1697 016d 49       		.uleb128 0x49
 1698 016e 13       		.uleb128 0x13
 1699 016f 02       		.uleb128 0x2
 1700 0170 18       		.uleb128 0x18
 1701 0171 00       		.byte	0
 1702 0172 00       		.byte	0
ARM GAS  /tmp/cc4JRqJJ.s 			page 31


 1703 0173 1E       		.uleb128 0x1e
 1704 0174 34       		.uleb128 0x34
 1705 0175 00       		.byte	0
 1706 0176 03       		.uleb128 0x3
 1707 0177 0E       		.uleb128 0xe
 1708 0178 3A       		.uleb128 0x3a
 1709 0179 0B       		.uleb128 0xb
 1710 017a 3B       		.uleb128 0x3b
 1711 017b 05       		.uleb128 0x5
 1712 017c 49       		.uleb128 0x49
 1713 017d 13       		.uleb128 0x13
 1714 017e 3F       		.uleb128 0x3f
 1715 017f 19       		.uleb128 0x19
 1716 0180 3C       		.uleb128 0x3c
 1717 0181 19       		.uleb128 0x19
 1718 0182 00       		.byte	0
 1719 0183 00       		.byte	0
 1720 0184 1F       		.uleb128 0x1f
 1721 0185 34       		.uleb128 0x34
 1722 0186 00       		.byte	0
 1723 0187 03       		.uleb128 0x3
 1724 0188 0E       		.uleb128 0xe
 1725 0189 3A       		.uleb128 0x3a
 1726 018a 0B       		.uleb128 0xb
 1727 018b 3B       		.uleb128 0x3b
 1728 018c 0B       		.uleb128 0xb
 1729 018d 49       		.uleb128 0x49
 1730 018e 13       		.uleb128 0x13
 1731 018f 3F       		.uleb128 0x3f
 1732 0190 19       		.uleb128 0x19
 1733 0191 3C       		.uleb128 0x3c
 1734 0192 19       		.uleb128 0x19
 1735 0193 00       		.byte	0
 1736 0194 00       		.byte	0
 1737 0195 20       		.uleb128 0x20
 1738 0196 2E       		.uleb128 0x2e
 1739 0197 00       		.byte	0
 1740 0198 3F       		.uleb128 0x3f
 1741 0199 19       		.uleb128 0x19
 1742 019a 03       		.uleb128 0x3
 1743 019b 0E       		.uleb128 0xe
 1744 019c 3A       		.uleb128 0x3a
 1745 019d 0B       		.uleb128 0xb
 1746 019e 3B       		.uleb128 0x3b
 1747 019f 0B       		.uleb128 0xb
 1748 01a0 27       		.uleb128 0x27
 1749 01a1 19       		.uleb128 0x19
 1750 01a2 3C       		.uleb128 0x3c
 1751 01a3 19       		.uleb128 0x19
 1752 01a4 00       		.byte	0
 1753 01a5 00       		.byte	0
 1754 01a6 21       		.uleb128 0x21
 1755 01a7 2E       		.uleb128 0x2e
 1756 01a8 01       		.byte	0x1
 1757 01a9 3F       		.uleb128 0x3f
 1758 01aa 19       		.uleb128 0x19
 1759 01ab 03       		.uleb128 0x3
ARM GAS  /tmp/cc4JRqJJ.s 			page 32


 1760 01ac 0E       		.uleb128 0xe
 1761 01ad 3A       		.uleb128 0x3a
 1762 01ae 0B       		.uleb128 0xb
 1763 01af 3B       		.uleb128 0x3b
 1764 01b0 05       		.uleb128 0x5
 1765 01b1 27       		.uleb128 0x27
 1766 01b2 19       		.uleb128 0x19
 1767 01b3 3C       		.uleb128 0x3c
 1768 01b4 19       		.uleb128 0x19
 1769 01b5 01       		.uleb128 0x1
 1770 01b6 13       		.uleb128 0x13
 1771 01b7 00       		.byte	0
 1772 01b8 00       		.byte	0
 1773 01b9 22       		.uleb128 0x22
 1774 01ba 05       		.uleb128 0x5
 1775 01bb 00       		.byte	0
 1776 01bc 49       		.uleb128 0x49
 1777 01bd 13       		.uleb128 0x13
 1778 01be 00       		.byte	0
 1779 01bf 00       		.byte	0
 1780 01c0 00       		.byte	0
 1781              		.section	.debug_loc,"",%progbits
 1782              	.Ldebug_loc0:
 1783              	.LLST0:
 1784 0000 04000000 		.4byte	.LVL1
 1785 0004 06000000 		.4byte	.LVL2
 1786 0008 0300     		.2byte	0x3
 1787 000a 73       		.byte	0x73
 1788 000b 20       		.sleb128 32
 1789 000c 9F       		.byte	0x9f
 1790 000d 06000000 		.4byte	.LVL2
 1791 0011 0C000000 		.4byte	.LVL3
 1792 0015 0100     		.2byte	0x1
 1793 0017 53       		.byte	0x53
 1794 0018 00000000 		.4byte	0
 1795 001c 00000000 		.4byte	0
 1796              	.LLST1:
 1797 0020 14000000 		.4byte	.LVL7
 1798 0024 20000000 		.4byte	.LVL8
 1799 0028 0300     		.2byte	0x3
 1800 002a 73       		.byte	0x73
 1801 002b 60       		.sleb128 -32
 1802 002c 9F       		.byte	0x9f
 1803 002d 20000000 		.4byte	.LVL8
 1804 0031 26000000 		.4byte	.LVL9
 1805 0035 0100     		.2byte	0x1
 1806 0037 52       		.byte	0x52
 1807 0038 26000000 		.4byte	.LVL9
 1808 003c 3C000000 		.4byte	.LVL10
 1809 0040 0300     		.2byte	0x3
 1810 0042 73       		.byte	0x73
 1811 0043 60       		.sleb128 -32
 1812 0044 9F       		.byte	0x9f
 1813 0045 00000000 		.4byte	0
 1814 0049 00000000 		.4byte	0
 1815              		.section	.debug_aranges,"",%progbits
 1816 0000 4C000000 		.4byte	0x4c
ARM GAS  /tmp/cc4JRqJJ.s 			page 33


 1817 0004 0200     		.2byte	0x2
 1818 0006 00000000 		.4byte	.Ldebug_info0
 1819 000a 04       		.byte	0x4
 1820 000b 00       		.byte	0
 1821 000c 0000     		.2byte	0
 1822 000e 0000     		.2byte	0
 1823 0010 00000000 		.4byte	.LFB122
 1824 0014 06000000 		.4byte	.LFE122-.LFB122
 1825 0018 00000000 		.4byte	.LFB119
 1826 001c 12000000 		.4byte	.LFE119-.LFB119
 1827 0020 00000000 		.4byte	.LFB120
 1828 0024 30000000 		.4byte	.LFE120-.LFB120
 1829 0028 00000000 		.4byte	.LFB121
 1830 002c 54000000 		.4byte	.LFE121-.LFB121
 1831 0030 00000000 		.4byte	.LFB118
 1832 0034 1A000000 		.4byte	.LFE118-.LFB118
 1833 0038 00000000 		.4byte	.LFB123
 1834 003c 10000000 		.4byte	.LFE123-.LFB123
 1835 0040 00000000 		.4byte	.LFB124
 1836 0044 10000000 		.4byte	.LFE124-.LFB124
 1837 0048 00000000 		.4byte	0
 1838 004c 00000000 		.4byte	0
 1839              		.section	.debug_ranges,"",%progbits
 1840              	.Ldebug_ranges0:
 1841 0000 00000000 		.4byte	.LFB122
 1842 0004 06000000 		.4byte	.LFE122
 1843 0008 00000000 		.4byte	.LFB119
 1844 000c 12000000 		.4byte	.LFE119
 1845 0010 00000000 		.4byte	.LFB120
 1846 0014 30000000 		.4byte	.LFE120
 1847 0018 00000000 		.4byte	.LFB121
 1848 001c 54000000 		.4byte	.LFE121
 1849 0020 00000000 		.4byte	.LFB118
 1850 0024 1A000000 		.4byte	.LFE118
 1851 0028 00000000 		.4byte	.LFB123
 1852 002c 10000000 		.4byte	.LFE123
 1853 0030 00000000 		.4byte	.LFB124
 1854 0034 10000000 		.4byte	.LFE124
 1855 0038 00000000 		.4byte	0
 1856 003c 00000000 		.4byte	0
 1857              		.section	.debug_line,"",%progbits
 1858              	.Ldebug_line0:
 1859 0000 03020000 		.section	.debug_str,"MS",%progbits,1
 1859      02006001 
 1859      00000201 
 1859      FB0E0D00 
 1859      01010101 
 1860              	.LASF40:
 1861 0000 705F7265 		.ascii	"p_realprio\000"
 1861      616C7072 
 1861      696F00
 1862              	.LASF34:
 1863 000b 705F7469 		.ascii	"p_time\000"
 1863      6D6500
 1864              	.LASF79:
 1865 0012 7264796D 		.ascii	"rdymsg\000"
 1865      736700
ARM GAS  /tmp/cc4JRqJJ.s 			page 34


 1866              	.LASF5:
 1867 0019 5F5F7569 		.ascii	"__uint8_t\000"
 1867      6E74385F 
 1867      7400
 1868              	.LASF67:
 1869 0023 434D785F 		.ascii	"CMx_SCB\000"
 1869      53434200 
 1870              	.LASF89:
 1871 002b 53797354 		.ascii	"SysTickVector\000"
 1871      69636B56 
 1871      6563746F 
 1871      7200
 1872              	.LASF11:
 1873 0039 6C6F6E67 		.ascii	"long long unsigned int\000"
 1873      206C6F6E 
 1873      6720756E 
 1873      7369676E 
 1873      65642069 
 1874              	.LASF80:
 1875 0050 65786974 		.ascii	"exitcode\000"
 1875      636F6465 
 1875      00
 1876              	.LASF6:
 1877 0059 5F5F696E 		.ascii	"__int32_t\000"
 1877      7433325F 
 1877      7400
 1878              	.LASF52:
 1879 0063 43505549 		.ascii	"CPUID\000"
 1879      4400
 1880              	.LASF26:
 1881 0069 705F7072 		.ascii	"p_prio\000"
 1881      696F00
 1882              	.LASF10:
 1883 0070 6C6F6E67 		.ascii	"long long int\000"
 1883      206C6F6E 
 1883      6720696E 
 1883      7400
 1884              	.LASF1:
 1885 007e 7369676E 		.ascii	"signed char\000"
 1885      65642063 
 1885      68617200 
 1886              	.LASF41:
 1887 008a 705F6D70 		.ascii	"p_mpool\000"
 1887      6F6F6C00 
 1888              	.LASF76:
 1889 0092 6D5F7175 		.ascii	"m_queue\000"
 1889      65756500 
 1890              	.LASF7:
 1891 009a 6C6F6E67 		.ascii	"long int\000"
 1891      20696E74 
 1891      00
 1892              	.LASF17:
 1893 00a3 74737461 		.ascii	"tstate_t\000"
 1893      74655F74 
 1893      00
 1894              	.LASF91:
 1895 00ac 5F706F72 		.ascii	"_port_thread_start\000"
ARM GAS  /tmp/cc4JRqJJ.s 			page 35


 1895      745F7468 
 1895      72656164 
 1895      5F737461 
 1895      727400
 1896              	.LASF28:
 1897 00bf 705F6E65 		.ascii	"p_newer\000"
 1897      77657200 
 1898              	.LASF62:
 1899 00c7 42464152 		.ascii	"BFAR\000"
 1899      00
 1900              	.LASF63:
 1901 00cc 41465352 		.ascii	"AFSR\000"
 1901      00
 1902              	.LASF71:
 1903 00d1 725F6E65 		.ascii	"r_newer\000"
 1903      77657200 
 1904              	.LASF99:
 1905 00d9 6E766963 		.ascii	"nvicSetSystemHandlerPriority\000"
 1905      53657453 
 1905      79737465 
 1905      6D48616E 
 1905      646C6572 
 1906              	.LASF45:
 1907 00f6 72656761 		.ascii	"regarm_t\000"
 1907      726D5F74 
 1907      00
 1908              	.LASF94:
 1909 00ff 63685363 		.ascii	"chSchDoReschedule\000"
 1909      68446F52 
 1909      65736368 
 1909      6564756C 
 1909      6500
 1910              	.LASF0:
 1911 0111 756E7369 		.ascii	"unsigned int\000"
 1911      676E6564 
 1911      20696E74 
 1911      00
 1912              	.LASF47:
 1913 011e 6C725F74 		.ascii	"lr_thd\000"
 1913      686400
 1914              	.LASF46:
 1915 0125 65787463 		.ascii	"extctx\000"
 1915      747800
 1916              	.LASF90:
 1917 012c 5F706F72 		.ascii	"_port_switch\000"
 1917      745F7377 
 1917      69746368 
 1917      00
 1918              	.LASF36:
 1919 0139 705F6D73 		.ascii	"p_msgqueue\000"
 1919      67717565 
 1919      756500
 1920              	.LASF54:
 1921 0144 56544F52 		.ascii	"VTOR\000"
 1921      00
 1922              	.LASF84:
 1923 0149 5F706F72 		.ascii	"_port_switch_from_isr\000"
ARM GAS  /tmp/cc4JRqJJ.s 			page 36


 1923      745F7377 
 1923      69746368 
 1923      5F66726F 
 1923      6D5F6973 
 1924              	.LASF53:
 1925 015f 49435352 		.ascii	"ICSR\000"
 1925      00
 1926              	.LASF20:
 1927 0164 6D73675F 		.ascii	"msg_t\000"
 1927      7400
 1928              	.LASF55:
 1929 016a 41495243 		.ascii	"AIRCR\000"
 1929      5200
 1930              	.LASF60:
 1931 0170 44465352 		.ascii	"DFSR\000"
 1931      00
 1932              	.LASF61:
 1933 0175 4D4D4641 		.ascii	"MMFAR\000"
 1933      5200
 1934              	.LASF88:
 1935 017b 5F706F72 		.ascii	"_port_irq_epilogue\000"
 1935      745F6972 
 1935      715F6570 
 1935      696C6F67 
 1935      756500
 1936              	.LASF16:
 1937 018e 746D6F64 		.ascii	"tmode_t\000"
 1937      655F7400 
 1938              	.LASF43:
 1939 0196 54687265 		.ascii	"ThreadsList\000"
 1939      6164734C 
 1939      69737400 
 1940              	.LASF21:
 1941 01a2 6576656E 		.ascii	"eventmask_t\000"
 1941      746D6173 
 1941      6B5F7400 
 1942              	.LASF44:
 1943 01ae 73697A65 		.ascii	"sizetype\000"
 1943      74797065 
 1943      00
 1944              	.LASF75:
 1945 01b7 4D757465 		.ascii	"Mutex\000"
 1945      7800
 1946              	.LASF58:
 1947 01bd 43465352 		.ascii	"CFSR\000"
 1947      00
 1948              	.LASF29:
 1949 01c2 705F6F6C 		.ascii	"p_older\000"
 1949      64657200 
 1950              	.LASF70:
 1951 01ca 725F6374 		.ascii	"r_ctx\000"
 1951      7800
 1952              	.LASF42:
 1953 01d0 54687265 		.ascii	"ThreadsQueue\000"
 1953      61647351 
 1953      75657565 
 1953      00
ARM GAS  /tmp/cc4JRqJJ.s 			page 37


 1954              	.LASF73:
 1955 01dd 725F6375 		.ascii	"r_current\000"
 1955      7272656E 
 1955      7400
 1956              	.LASF72:
 1957 01e7 725F6F6C 		.ascii	"r_older\000"
 1957      64657200 
 1958              	.LASF18:
 1959 01ef 74726566 		.ascii	"trefs_t\000"
 1959      735F7400 
 1960              	.LASF86:
 1961 01f7 63747870 		.ascii	"ctxp\000"
 1961      00
 1962              	.LASF25:
 1963 01fc 705F7072 		.ascii	"p_prev\000"
 1963      657600
 1964              	.LASF19:
 1965 0203 74707269 		.ascii	"tprio_t\000"
 1965      6F5F7400 
 1966              	.LASF15:
 1967 020b 5F426F6F 		.ascii	"_Bool\000"
 1967      6C00
 1968              	.LASF13:
 1969 0211 696E7433 		.ascii	"int32_t\000"
 1969      325F7400 
 1970              	.LASF2:
 1971 0219 756E7369 		.ascii	"unsigned char\000"
 1971      676E6564 
 1971      20636861 
 1971      7200
 1972              	.LASF57:
 1973 0227 53484353 		.ascii	"SHCSR\000"
 1973      5200
 1974              	.LASF92:
 1975 022d 49544D5F 		.ascii	"ITM_RxBuffer\000"
 1975      52784275 
 1975      66666572 
 1975      00
 1976              	.LASF39:
 1977 023a 705F6D74 		.ascii	"p_mtxlist\000"
 1977      786C6973 
 1977      7400
 1978              	.LASF3:
 1979 0244 73686F72 		.ascii	"short int\000"
 1979      7420696E 
 1979      7400
 1980              	.LASF31:
 1981 024e 705F7374 		.ascii	"p_state\000"
 1981      61746500 
 1982              	.LASF98:
 1983 0256 2F686F6D 		.ascii	"/home/autoscatto/prototipi/git/tiva-chibios2_6/demo"
 1983      652F6175 
 1983      746F7363 
 1983      6174746F 
 1983      2F70726F 
 1984 0289 732F5254 		.ascii	"s/RT-TM4C1294-LAUNCHPAD\000"
 1984      2D544D34 
ARM GAS  /tmp/cc4JRqJJ.s 			page 38


 1984      43313239 
 1984      342D4C41 
 1984      554E4348 
 1985              	.LASF48:
 1986 02a1 78707372 		.ascii	"xpsr\000"
 1986      00
 1987              	.LASF69:
 1988 02a6 725F7072 		.ascii	"r_prio\000"
 1988      696F00
 1989              	.LASF82:
 1990 02ad 65776D61 		.ascii	"ewmask\000"
 1990      736B00
 1991              	.LASF24:
 1992 02b4 705F6E65 		.ascii	"p_next\000"
 1992      787400
 1993              	.LASF32:
 1994 02bb 705F666C 		.ascii	"p_flags\000"
 1994      61677300 
 1995              	.LASF4:
 1996 02c3 73686F72 		.ascii	"short unsigned int\000"
 1996      7420756E 
 1996      7369676E 
 1996      65642069 
 1996      6E7400
 1997              	.LASF23:
 1998 02d6 54687265 		.ascii	"Thread\000"
 1998      616400
 1999              	.LASF38:
 2000 02dd 705F6570 		.ascii	"p_epending\000"
 2000      656E6469 
 2000      6E6700
 2001              	.LASF14:
 2002 02e8 75696E74 		.ascii	"uint32_t\000"
 2002      33325F74 
 2002      00
 2003              	.LASF68:
 2004 02f1 725F7175 		.ascii	"r_queue\000"
 2004      65756500 
 2005              	.LASF65:
 2006 02f9 756E7573 		.ascii	"unused1\000"
 2006      65643100 
 2007              	.LASF9:
 2008 0301 6C6F6E67 		.ascii	"long unsigned int\000"
 2008      20756E73 
 2008      69676E65 
 2008      6420696E 
 2008      7400
 2009              	.LASF83:
 2010 0313 63686172 		.ascii	"char\000"
 2010      00
 2011              	.LASF51:
 2012 0318 494F5245 		.ascii	"IOREG32\000"
 2012      47333200 
 2013              	.LASF97:
 2014 0320 2E2E2F2E 		.ascii	"../../os/ports/GCC/ARMCMx/chcore_v7m.c\000"
 2014      2E2F6F73 
 2014      2F706F72 
ARM GAS  /tmp/cc4JRqJJ.s 			page 39


 2014      74732F47 
 2014      43432F41 
 2015              	.LASF78:
 2016 0347 6D5F6E65 		.ascii	"m_next\000"
 2016      787400
 2017              	.LASF22:
 2018 034e 73797374 		.ascii	"systime_t\000"
 2018      696D655F 
 2018      7400
 2019              	.LASF95:
 2020 0358 63685379 		.ascii	"chSysTimerHandlerI\000"
 2020      7354696D 
 2020      65724861 
 2020      6E646C65 
 2020      724900
 2021              	.LASF85:
 2022 036b 53564361 		.ascii	"SVCallVector\000"
 2022      6C6C5665 
 2022      63746F72 
 2022      00
 2023              	.LASF8:
 2024 0378 5F5F7569 		.ascii	"__uint32_t\000"
 2024      6E743332 
 2024      5F7400
 2025              	.LASF50:
 2026 0383 636F6E74 		.ascii	"context\000"
 2026      65787400 
 2027              	.LASF56:
 2028 038b 53485052 		.ascii	"SHPR\000"
 2028      00
 2029              	.LASF49:
 2030 0390 696E7463 		.ascii	"intctx\000"
 2030      747800
 2031              	.LASF33:
 2032 0397 705F7265 		.ascii	"p_refs\000"
 2032      667300
 2033              	.LASF96:
 2034 039e 474E5520 		.ascii	"GNU C 4.8.3 20140820 (release) -mcpu=cortex-m4 -mno"
 2034      4320342E 
 2034      382E3320 
 2034      32303134 
 2034      30383230 
 2035 03d1 2D746875 		.ascii	"-thumb-interwork -mthumb -ggdb -O2 -fomit-frame-poi"
 2035      6D622D69 
 2035      6E746572 
 2035      776F726B 
 2035      202D6D74 
 2036 0404 6E746572 		.ascii	"nter -falign-functions=16 -ffunction-sections -fdat"
 2036      202D6661 
 2036      6C69676E 
 2036      2D66756E 
 2036      6374696F 
 2037 0437 612D7365 		.ascii	"a-sections -fno-common\000"
 2037      6374696F 
 2037      6E73202D 
 2037      666E6F2D 
 2037      636F6D6D 
ARM GAS  /tmp/cc4JRqJJ.s 			page 40


 2038              	.LASF74:
 2039 044e 52656164 		.ascii	"ReadyList\000"
 2039      794C6973 
 2039      7400
 2040              	.LASF64:
 2041 0458 4D4D4652 		.ascii	"MMFR\000"
 2041      00
 2042              	.LASF93:
 2043 045d 726C6973 		.ascii	"rlist\000"
 2043      7400
 2044              	.LASF12:
 2045 0463 75696E74 		.ascii	"uint8_t\000"
 2045      385F7400 
 2046              	.LASF81:
 2047 046b 77746F62 		.ascii	"wtobjp\000"
 2047      6A7000
 2048              	.LASF87:
 2049 0472 5F706F72 		.ascii	"_port_init\000"
 2049      745F696E 
 2049      697400
 2050              	.LASF30:
 2051 047d 705F6E61 		.ascii	"p_name\000"
 2051      6D6500
 2052              	.LASF37:
 2053 0484 705F6D73 		.ascii	"p_msg\000"
 2053      6700
 2054              	.LASF66:
 2055 048a 43504143 		.ascii	"CPACR\000"
 2055      5200
 2056              	.LASF59:
 2057 0490 48465352 		.ascii	"HFSR\000"
 2057      00
 2058              	.LASF77:
 2059 0495 6D5F6F77 		.ascii	"m_owner\000"
 2059      6E657200 
 2060              	.LASF27:
 2061 049d 705F6374 		.ascii	"p_ctx\000"
 2061      7800
 2062              	.LASF35:
 2063 04a3 705F7761 		.ascii	"p_waiting\000"
 2063      6974696E 
 2063      6700
 2064              		.ident	"GCC: (4.8.3-9+11) 4.8.3 20140820 (release)"
ARM GAS  /tmp/cc4JRqJJ.s 			page 41


DEFINED SYMBOLS
                            *ABS*:0000000000000000 chcore_v7m.c
     /tmp/cc4JRqJJ.s:19     .text._port_switch_from_isr:0000000000000000 $t
     /tmp/cc4JRqJJ.s:25     .text._port_switch_from_isr:0000000000000000 _port_switch_from_isr
     /tmp/cc4JRqJJ.s:38     .text._port_switch_from_isr:0000000000000004 _port_exit_from_isr
     /tmp/cc4JRqJJ.s:50     .text.SVCallVector:0000000000000000 $t
     /tmp/cc4JRqJJ.s:56     .text.SVCallVector:0000000000000000 SVCallVector
     /tmp/cc4JRqJJ.s:91     .text._port_init:0000000000000000 $t
     /tmp/cc4JRqJJ.s:97     .text._port_init:0000000000000000 _port_init
     /tmp/cc4JRqJJ.s:138    .text._port_init:0000000000000028 $d
     /tmp/cc4JRqJJ.s:144    .text._port_irq_epilogue:0000000000000000 $t
     /tmp/cc4JRqJJ.s:150    .text._port_irq_epilogue:0000000000000000 _port_irq_epilogue
     /tmp/cc4JRqJJ.s:216    .text._port_irq_epilogue:0000000000000044 $d
     /tmp/cc4JRqJJ.s:225    .text.SysTickVector:0000000000000000 $t
     /tmp/cc4JRqJJ.s:231    .text.SysTickVector:0000000000000000 SysTickVector
     /tmp/cc4JRqJJ.s:269    .text._port_switch:0000000000000000 $t
     /tmp/cc4JRqJJ.s:275    .text._port_switch:0000000000000000 _port_switch
     /tmp/cc4JRqJJ.s:302    .text._port_thread_start:0000000000000000 $t
     /tmp/cc4JRqJJ.s:308    .text._port_thread_start:0000000000000000 _port_thread_start
                     .debug_frame:0000000000000010 $d
     /tmp/cc4JRqJJ.s:224    .text._port_irq_epilogue:0000000000000054 $t

UNDEFINED SYMBOLS
chSchDoReschedule
nvicSetSystemHandlerPriority
rlist
chSysTimerHandlerI
chThdExit
