ARM GAS  /tmp/ccInGtPI.s 			page 1


   1              		.syntax unified
   2              		.cpu cortex-m4
   3              		.fpu softvfp
   4              		.eabi_attribute 20, 1
   5              		.eabi_attribute 21, 1
   6              		.eabi_attribute 23, 3
   7              		.eabi_attribute 24, 1
   8              		.eabi_attribute 25, 1
   9              		.eabi_attribute 26, 1
  10              		.eabi_attribute 30, 2
  11              		.eabi_attribute 34, 1
  12              		.eabi_attribute 18, 4
  13              		.thumb
  14              		.file	"chcore.c"
  15              		.text
  16              	.Ltext0:
  17              		.cfi_sections	.debug_frame
  18              		.section	.text.port_halt,"ax",%progbits
  19              		.align	2
  20              		.p2align 4,,15
  21              		.weak	port_halt
  22              		.thumb
  23              		.thumb_func
  24              		.type	port_halt, %function
  25              	port_halt:
  26              	.LFB118:
  27              		.file 1 "../../os/ports/GCC/ARMCMx/chcore.c"
  28              		.loc 1 46 0
  29              		.cfi_startproc
  30              		@ args = 0, pretend = 0, frame = 0
  31              		@ frame_needed = 0, uses_anonymous_args = 0
  32              		@ link register save eliminated.
  33              		.loc 1 48 0
  34              	@ 48 "../../os/ports/GCC/ARMCMx/chcore.c" 1
  35 0000 72B6     		cpsid   i
  36              	@ 0 "" 2
  37              		.thumb
  38              	.L2:
  39 0002 FEE7     		b	.L2
  40              		.cfi_endproc
  41              	.LFE118:
  42              		.size	port_halt, .-port_halt
  43 0004 AFF30080 		.text
  43      AFF30080 
  43      AFF30080 
  44              	.Letext0:
  45              		.file 2 "/usr/include/newlib/machine/_default_types.h"
  46              		.file 3 "/usr/include/newlib/stdint.h"
  47              		.file 4 "../../os/ports/common/ARMCMx/CMSIS/include/core_cm4.h"
  48              		.section	.debug_info,"",%progbits
  49              	.Ldebug_info0:
  50 0000 B5000000 		.4byte	0xb5
  51 0004 0400     		.2byte	0x4
  52 0006 00000000 		.4byte	.Ldebug_abbrev0
  53 000a 04       		.byte	0x4
  54 000b 01       		.uleb128 0x1
  55 000c 0E000000 		.4byte	.LASF14
ARM GAS  /tmp/ccInGtPI.s 			page 2


  56 0010 01       		.byte	0x1
  57 0011 BE000000 		.4byte	.LASF15
  58 0015 EE000000 		.4byte	.LASF16
  59 0019 00000000 		.4byte	.Ldebug_ranges0+0
  60 001d 00000000 		.4byte	0
  61 0021 00000000 		.4byte	.Ldebug_line0
  62 0025 02       		.uleb128 0x2
  63 0026 04       		.byte	0x4
  64 0027 05       		.byte	0x5
  65 0028 696E7400 		.ascii	"int\000"
  66 002c 03       		.uleb128 0x3
  67 002d 04       		.byte	0x4
  68 002e 07       		.byte	0x7
  69 002f E1000000 		.4byte	.LASF0
  70 0033 03       		.uleb128 0x3
  71 0034 01       		.byte	0x1
  72 0035 06       		.byte	0x6
  73 0036 A4010000 		.4byte	.LASF1
  74 003a 03       		.uleb128 0x3
  75 003b 01       		.byte	0x1
  76 003c 08       		.byte	0x8
  77 003d 75010000 		.4byte	.LASF2
  78 0041 03       		.uleb128 0x3
  79 0042 02       		.byte	0x2
  80 0043 05       		.byte	0x5
  81 0044 C4010000 		.4byte	.LASF3
  82 0048 03       		.uleb128 0x3
  83 0049 02       		.byte	0x2
  84 004a 07       		.byte	0x7
  85 004b 62010000 		.4byte	.LASF4
  86 004f 04       		.uleb128 0x4
  87 0050 B0010000 		.4byte	.LASF9
  88 0054 02       		.byte	0x2
  89 0055 3F       		.byte	0x3f
  90 0056 5A000000 		.4byte	0x5a
  91 005a 03       		.uleb128 0x3
  92 005b 04       		.byte	0x4
  93 005c 05       		.byte	0x5
  94 005d 88010000 		.4byte	.LASF5
  95 0061 03       		.uleb128 0x3
  96 0062 04       		.byte	0x4
  97 0063 07       		.byte	0x7
  98 0064 39010000 		.4byte	.LASF6
  99 0068 03       		.uleb128 0x3
 100 0069 08       		.byte	0x8
 101 006a 05       		.byte	0x5
 102 006b 00000000 		.4byte	.LASF7
 103 006f 03       		.uleb128 0x3
 104 0070 08       		.byte	0x8
 105 0071 07       		.byte	0x7
 106 0072 4B010000 		.4byte	.LASF8
 107 0076 04       		.uleb128 0x4
 108 0077 CE010000 		.4byte	.LASF10
 109 007b 03       		.byte	0x3
 110 007c 41       		.byte	0x41
 111 007d 4F000000 		.4byte	0x4f
 112 0081 03       		.uleb128 0x3
ARM GAS  /tmp/ccInGtPI.s 			page 3


 113 0082 01       		.byte	0x1
 114 0083 02       		.byte	0x2
 115 0084 91010000 		.4byte	.LASF11
 116 0088 03       		.uleb128 0x3
 117 0089 04       		.byte	0x4
 118 008a 07       		.byte	0x7
 119 008b D6010000 		.4byte	.LASF12
 120 008f 03       		.uleb128 0x3
 121 0090 01       		.byte	0x1
 122 0091 08       		.byte	0x8
 123 0092 83010000 		.4byte	.LASF13
 124 0096 05       		.uleb128 0x5
 125 0097 BA010000 		.4byte	.LASF17
 126 009b 01       		.byte	0x1
 127 009c 2E       		.byte	0x2e
 128 009d 00000000 		.4byte	.LFB118
 129 00a1 04000000 		.4byte	.LFE118-.LFB118
 130 00a5 01       		.uleb128 0x1
 131 00a6 9C       		.byte	0x9c
 132 00a7 06       		.uleb128 0x6
 133 00a8 97010000 		.4byte	.LASF18
 134 00ac 04       		.byte	0x4
 135 00ad 9806     		.2byte	0x698
 136 00af B3000000 		.4byte	0xb3
 137 00b3 07       		.uleb128 0x7
 138 00b4 76000000 		.4byte	0x76
 139 00b8 00       		.byte	0
 140              		.section	.debug_abbrev,"",%progbits
 141              	.Ldebug_abbrev0:
 142 0000 01       		.uleb128 0x1
 143 0001 11       		.uleb128 0x11
 144 0002 01       		.byte	0x1
 145 0003 25       		.uleb128 0x25
 146 0004 0E       		.uleb128 0xe
 147 0005 13       		.uleb128 0x13
 148 0006 0B       		.uleb128 0xb
 149 0007 03       		.uleb128 0x3
 150 0008 0E       		.uleb128 0xe
 151 0009 1B       		.uleb128 0x1b
 152 000a 0E       		.uleb128 0xe
 153 000b 55       		.uleb128 0x55
 154 000c 17       		.uleb128 0x17
 155 000d 11       		.uleb128 0x11
 156 000e 01       		.uleb128 0x1
 157 000f 10       		.uleb128 0x10
 158 0010 17       		.uleb128 0x17
 159 0011 00       		.byte	0
 160 0012 00       		.byte	0
 161 0013 02       		.uleb128 0x2
 162 0014 24       		.uleb128 0x24
 163 0015 00       		.byte	0
 164 0016 0B       		.uleb128 0xb
 165 0017 0B       		.uleb128 0xb
 166 0018 3E       		.uleb128 0x3e
 167 0019 0B       		.uleb128 0xb
 168 001a 03       		.uleb128 0x3
 169 001b 08       		.uleb128 0x8
ARM GAS  /tmp/ccInGtPI.s 			page 4


 170 001c 00       		.byte	0
 171 001d 00       		.byte	0
 172 001e 03       		.uleb128 0x3
 173 001f 24       		.uleb128 0x24
 174 0020 00       		.byte	0
 175 0021 0B       		.uleb128 0xb
 176 0022 0B       		.uleb128 0xb
 177 0023 3E       		.uleb128 0x3e
 178 0024 0B       		.uleb128 0xb
 179 0025 03       		.uleb128 0x3
 180 0026 0E       		.uleb128 0xe
 181 0027 00       		.byte	0
 182 0028 00       		.byte	0
 183 0029 04       		.uleb128 0x4
 184 002a 16       		.uleb128 0x16
 185 002b 00       		.byte	0
 186 002c 03       		.uleb128 0x3
 187 002d 0E       		.uleb128 0xe
 188 002e 3A       		.uleb128 0x3a
 189 002f 0B       		.uleb128 0xb
 190 0030 3B       		.uleb128 0x3b
 191 0031 0B       		.uleb128 0xb
 192 0032 49       		.uleb128 0x49
 193 0033 13       		.uleb128 0x13
 194 0034 00       		.byte	0
 195 0035 00       		.byte	0
 196 0036 05       		.uleb128 0x5
 197 0037 2E       		.uleb128 0x2e
 198 0038 00       		.byte	0
 199 0039 3F       		.uleb128 0x3f
 200 003a 19       		.uleb128 0x19
 201 003b 03       		.uleb128 0x3
 202 003c 0E       		.uleb128 0xe
 203 003d 3A       		.uleb128 0x3a
 204 003e 0B       		.uleb128 0xb
 205 003f 3B       		.uleb128 0x3b
 206 0040 0B       		.uleb128 0xb
 207 0041 27       		.uleb128 0x27
 208 0042 19       		.uleb128 0x19
 209 0043 11       		.uleb128 0x11
 210 0044 01       		.uleb128 0x1
 211 0045 12       		.uleb128 0x12
 212 0046 06       		.uleb128 0x6
 213 0047 40       		.uleb128 0x40
 214 0048 18       		.uleb128 0x18
 215 0049 9742     		.uleb128 0x2117
 216 004b 19       		.uleb128 0x19
 217 004c 00       		.byte	0
 218 004d 00       		.byte	0
 219 004e 06       		.uleb128 0x6
 220 004f 34       		.uleb128 0x34
 221 0050 00       		.byte	0
 222 0051 03       		.uleb128 0x3
 223 0052 0E       		.uleb128 0xe
 224 0053 3A       		.uleb128 0x3a
 225 0054 0B       		.uleb128 0xb
 226 0055 3B       		.uleb128 0x3b
ARM GAS  /tmp/ccInGtPI.s 			page 5


 227 0056 05       		.uleb128 0x5
 228 0057 49       		.uleb128 0x49
 229 0058 13       		.uleb128 0x13
 230 0059 3F       		.uleb128 0x3f
 231 005a 19       		.uleb128 0x19
 232 005b 3C       		.uleb128 0x3c
 233 005c 19       		.uleb128 0x19
 234 005d 00       		.byte	0
 235 005e 00       		.byte	0
 236 005f 07       		.uleb128 0x7
 237 0060 35       		.uleb128 0x35
 238 0061 00       		.byte	0
 239 0062 49       		.uleb128 0x49
 240 0063 13       		.uleb128 0x13
 241 0064 00       		.byte	0
 242 0065 00       		.byte	0
 243 0066 00       		.byte	0
 244              		.section	.debug_aranges,"",%progbits
 245 0000 1C000000 		.4byte	0x1c
 246 0004 0200     		.2byte	0x2
 247 0006 00000000 		.4byte	.Ldebug_info0
 248 000a 04       		.byte	0x4
 249 000b 00       		.byte	0
 250 000c 0000     		.2byte	0
 251 000e 0000     		.2byte	0
 252 0010 00000000 		.4byte	.LFB118
 253 0014 04000000 		.4byte	.LFE118-.LFB118
 254 0018 00000000 		.4byte	0
 255 001c 00000000 		.4byte	0
 256              		.section	.debug_ranges,"",%progbits
 257              	.Ldebug_ranges0:
 258 0000 00000000 		.4byte	.LFB118
 259 0004 04000000 		.4byte	.LFE118
 260 0008 00000000 		.4byte	0
 261 000c 00000000 		.4byte	0
 262              		.section	.debug_line,"",%progbits
 263              	.Ldebug_line0:
 264 0000 D8000000 		.section	.debug_str,"MS",%progbits,1
 264      0200C200 
 264      00000201 
 264      FB0E0D00 
 264      01010101 
 265              	.LASF7:
 266 0000 6C6F6E67 		.ascii	"long long int\000"
 266      206C6F6E 
 266      6720696E 
 266      7400
 267              	.LASF14:
 268 000e 474E5520 		.ascii	"GNU C 4.8.3 20140820 (release) -mcpu=cortex-m4 -mno"
 268      4320342E 
 268      382E3320 
 268      32303134 
 268      30383230 
 269 0041 2D746875 		.ascii	"-thumb-interwork -mthumb -ggdb -O2 -fomit-frame-poi"
 269      6D622D69 
 269      6E746572 
 269      776F726B 
ARM GAS  /tmp/ccInGtPI.s 			page 6


 269      202D6D74 
 270 0074 6E746572 		.ascii	"nter -falign-functions=16 -ffunction-sections -fdat"
 270      202D6661 
 270      6C69676E 
 270      2D66756E 
 270      6374696F 
 271 00a7 612D7365 		.ascii	"a-sections -fno-common\000"
 271      6374696F 
 271      6E73202D 
 271      666E6F2D 
 271      636F6D6D 
 272              	.LASF15:
 273 00be 2E2E2F2E 		.ascii	"../../os/ports/GCC/ARMCMx/chcore.c\000"
 273      2E2F6F73 
 273      2F706F72 
 273      74732F47 
 273      43432F41 
 274              	.LASF0:
 275 00e1 756E7369 		.ascii	"unsigned int\000"
 275      676E6564 
 275      20696E74 
 275      00
 276              	.LASF16:
 277 00ee 2F686F6D 		.ascii	"/home/autoscatto/prototipi/git/tiva-chibios2_6/demo"
 277      652F6175 
 277      746F7363 
 277      6174746F 
 277      2F70726F 
 278 0121 732F5254 		.ascii	"s/RT-TM4C1294-LAUNCHPAD\000"
 278      2D544D34 
 278      43313239 
 278      342D4C41 
 278      554E4348 
 279              	.LASF6:
 280 0139 6C6F6E67 		.ascii	"long unsigned int\000"
 280      20756E73 
 280      69676E65 
 280      6420696E 
 280      7400
 281              	.LASF8:
 282 014b 6C6F6E67 		.ascii	"long long unsigned int\000"
 282      206C6F6E 
 282      6720756E 
 282      7369676E 
 282      65642069 
 283              	.LASF4:
 284 0162 73686F72 		.ascii	"short unsigned int\000"
 284      7420756E 
 284      7369676E 
 284      65642069 
 284      6E7400
 285              	.LASF2:
 286 0175 756E7369 		.ascii	"unsigned char\000"
 286      676E6564 
 286      20636861 
 286      7200
 287              	.LASF13:
ARM GAS  /tmp/ccInGtPI.s 			page 7


 288 0183 63686172 		.ascii	"char\000"
 288      00
 289              	.LASF5:
 290 0188 6C6F6E67 		.ascii	"long int\000"
 290      20696E74 
 290      00
 291              	.LASF11:
 292 0191 5F426F6F 		.ascii	"_Bool\000"
 292      6C00
 293              	.LASF18:
 294 0197 49544D5F 		.ascii	"ITM_RxBuffer\000"
 294      52784275 
 294      66666572 
 294      00
 295              	.LASF1:
 296 01a4 7369676E 		.ascii	"signed char\000"
 296      65642063 
 296      68617200 
 297              	.LASF9:
 298 01b0 5F5F696E 		.ascii	"__int32_t\000"
 298      7433325F 
 298      7400
 299              	.LASF17:
 300 01ba 706F7274 		.ascii	"port_halt\000"
 300      5F68616C 
 300      7400
 301              	.LASF3:
 302 01c4 73686F72 		.ascii	"short int\000"
 302      7420696E 
 302      7400
 303              	.LASF10:
 304 01ce 696E7433 		.ascii	"int32_t\000"
 304      325F7400 
 305              	.LASF12:
 306 01d6 73697A65 		.ascii	"sizetype\000"
 306      74797065 
 306      00
 307              		.ident	"GCC: (4.8.3-9+11) 4.8.3 20140820 (release)"
ARM GAS  /tmp/ccInGtPI.s 			page 8


DEFINED SYMBOLS
                            *ABS*:0000000000000000 chcore.c
     /tmp/ccInGtPI.s:19     .text.port_halt:0000000000000000 $t
     /tmp/ccInGtPI.s:25     .text.port_halt:0000000000000000 port_halt
                     .debug_frame:0000000000000010 $d

NO UNDEFINED SYMBOLS
