ARM GAS  /tmp/cccZKWEh.s 			page 1


   1              		.syntax unified
   2              		.cpu cortex-m4
   3              		.fpu softvfp
   4              		.eabi_attribute 20, 1
   5              		.eabi_attribute 21, 1
   6              		.eabi_attribute 23, 3
   7              		.eabi_attribute 24, 1
   8              		.eabi_attribute 25, 1
   9              		.eabi_attribute 26, 1
  10              		.eabi_attribute 30, 2
  11              		.eabi_attribute 34, 1
  12              		.eabi_attribute 18, 4
  13              		.thumb
  14              		.file	"chheap.c"
  15              		.text
  16              	.Ltext0:
  17              		.cfi_sections	.debug_frame
  18              		.section	.text._heap_init,"ax",%progbits
  19              		.align	2
  20              		.p2align 4,,15
  21              		.global	_heap_init
  22              		.thumb
  23              		.thumb_func
  24              		.type	_heap_init, %function
  25              	_heap_init:
  26              	.LFB118:
  27              		.file 1 "../../os/kernel/src/chheap.c"
  28              		.loc 1 75 0
  29              		.cfi_startproc
  30              		@ args = 0, pretend = 0, frame = 0
  31              		@ frame_needed = 0, uses_anonymous_args = 0
  32              		@ link register save eliminated.
  33              		.loc 1 76 0
  34 0000 044B     		ldr	r3, .L2
  35 0002 054A     		ldr	r2, .L2+4
  36 0004 1A60     		str	r2, [r3]
  37              		.loc 1 80 0
  38 0006 03F11000 		add	r0, r3, #16
  39              		.loc 1 77 0
  40 000a 0022     		movs	r2, #0
  41 000c 9A60     		str	r2, [r3, #8]
  42              		.loc 1 78 0
  43 000e DA60     		str	r2, [r3, #12]
  44              		.loc 1 80 0
  45 0010 FFF7FEBF 		b	chMtxInit
  46              	.LVL0:
  47              	.L3:
  48              		.align	2
  49              	.L2:
  50 0014 00000000 		.word	.LANCHOR0
  51 0018 00000000 		.word	chCoreAlloc
  52              		.cfi_endproc
  53              	.LFE118:
  54              		.size	_heap_init, .-_heap_init
  55 001c AFF30080 		.section	.text.chHeapInit,"ax",%progbits
  56              		.align	2
  57              		.p2align 4,,15
ARM GAS  /tmp/cccZKWEh.s 			page 2


  58              		.global	chHeapInit
  59              		.thumb
  60              		.thumb_func
  61              		.type	chHeapInit, %function
  62              	chHeapInit:
  63              	.LFB119:
  64              		.loc 1 99 0
  65              		.cfi_startproc
  66              		@ args = 0, pretend = 0, frame = 0
  67              		@ frame_needed = 0, uses_anonymous_args = 0
  68              		@ link register save eliminated.
  69              	.LVL1:
  70              		.loc 1 104 0
  71 0000 0023     		movs	r3, #0
  72              		.loc 1 108 0
  73 0002 083A     		subs	r2, r2, #8
  74              	.LVL2:
  75              		.loc 1 105 0
  76 0004 8160     		str	r1, [r0, #8]
  77              		.loc 1 104 0
  78 0006 0360     		str	r3, [r0]
  79              	.LVL3:
  80              		.loc 1 106 0
  81 0008 C360     		str	r3, [r0, #12]
  82              		.loc 1 110 0
  83 000a 1030     		adds	r0, r0, #16
  84              	.LVL4:
  85              		.loc 1 108 0
  86 000c 4A60     		str	r2, [r1, #4]
  87              		.loc 1 107 0
  88 000e 0B60     		str	r3, [r1]
  89              		.loc 1 110 0
  90 0010 FFF7FEBF 		b	chMtxInit
  91              	.LVL5:
  92              		.cfi_endproc
  93              	.LFE119:
  94              		.size	chHeapInit, .-chHeapInit
  95 0014 AFF30080 		.section	.text.chHeapAlloc,"ax",%progbits
  95      AFF30080 
  95      AFF30080 
  96              		.align	2
  97              		.p2align 4,,15
  98              		.global	chHeapAlloc
  99              		.thumb
 100              		.thumb_func
 101              		.type	chHeapAlloc, %function
 102              	chHeapAlloc:
 103              	.LFB120:
 104              		.loc 1 132 0
 105              		.cfi_startproc
 106              		@ args = 0, pretend = 0, frame = 0
 107              		@ frame_needed = 0, uses_anonymous_args = 0
 108              	.LVL6:
 109 0000 F8B5     		push	{r3, r4, r5, r6, r7, lr}
 110              		.cfi_def_cfa_offset 24
 111              		.cfi_offset 3, -24
 112              		.cfi_offset 4, -20
ARM GAS  /tmp/cccZKWEh.s 			page 3


 113              		.cfi_offset 5, -16
 114              		.cfi_offset 6, -12
 115              		.cfi_offset 7, -8
 116              		.cfi_offset 14, -4
 117              		.loc 1 136 0
 118 0002 1E4E     		ldr	r6, .L21
 119 0004 0028     		cmp	r0, #0
 120 0006 18BF     		it	ne
 121 0008 0646     		movne	r6, r0
 122              	.LVL7:
 123              		.loc 1 138 0
 124 000a 0731     		adds	r1, r1, #7
 125              	.LVL8:
 126              		.loc 1 140 0
 127 000c 06F11000 		add	r0, r6, #16
 128              		.loc 1 138 0
 129 0010 21F00705 		bic	r5, r1, #7
 130              	.LVL9:
 131              		.loc 1 139 0
 132 0014 06F10804 		add	r4, r6, #8
 133              	.LVL10:
 134              		.loc 1 140 0
 135 0018 FFF7FEFF 		bl	chMtxLock
 136              	.LVL11:
 137              		.loc 1 142 0
 138 001c 03E0     		b	.L7
 139              	.LVL12:
 140              	.L12:
 141              		.loc 1 144 0
 142 001e 5A68     		ldr	r2, [r3, #4]
 143 0020 9542     		cmp	r5, r2
 144 0022 11D9     		bls	.L20
 145 0024 1C46     		mov	r4, r3
 146              	.LVL13:
 147              	.L7:
 148              		.loc 1 142 0 discriminator 1
 149 0026 2368     		ldr	r3, [r4]
 150              	.LVL14:
 151 0028 002B     		cmp	r3, #0
 152 002a F8D1     		bne	.L12
 153              		.loc 1 167 0
 154 002c FFF7FEFF 		bl	chMtxUnlock
 155              	.LVL15:
 156              		.loc 1 171 0
 157 0030 3368     		ldr	r3, [r6]
 158 0032 0BB3     		cbz	r3, .L14
 159              		.loc 1 172 0
 160 0034 05F10800 		add	r0, r5, #8
 161 0038 9847     		blx	r3
 162              	.LVL16:
 163              		.loc 1 173 0
 164 003a E8B1     		cbz	r0, .L14
 165              		.loc 1 174 0
 166 003c 0660     		str	r6, [r0]
 167              		.loc 1 175 0
 168 003e 4560     		str	r5, [r0, #4]
 169              	.LVL17:
ARM GAS  /tmp/cccZKWEh.s 			page 4


 170              		.loc 1 177 0
 171 0040 00F10804 		add	r4, r0, #8
 172              	.LVL18:
 173              	.L11:
 174              		.loc 1 181 0
 175 0044 2046     		mov	r0, r4
 176 0046 F8BD     		pop	{r3, r4, r5, r6, r7, pc}
 177              	.LVL19:
 178              	.L20:
 179              		.loc 1 145 0
 180 0048 05F10801 		add	r1, r5, #8
 181 004c 9142     		cmp	r1, r2
 182 004e 08D9     		bls	.L9
 183              		.loc 1 149 0
 184 0050 1A68     		ldr	r2, [r3]
 185 0052 2260     		str	r2, [r4]
 186              	.L10:
 187              		.loc 1 159 0
 188 0054 1C46     		mov	r4, r3
 189              	.LVL20:
 190 0056 44F8086B 		str	r6, [r4], #8
 191              		.loc 1 161 0
 192 005a FFF7FEFF 		bl	chMtxUnlock
 193              	.LVL21:
 194              		.loc 1 181 0
 195 005e 2046     		mov	r0, r4
 196 0060 F8BD     		pop	{r3, r4, r5, r6, r7, pc}
 197              	.LVL22:
 198              	.L9:
 199              		.loc 1 155 0
 200 0062 6FF00700 		mvn	r0, #7
 201 0066 401B     		subs	r0, r0, r5
 202              		.loc 1 153 0
 203 0068 5F18     		adds	r7, r3, r1
 204              	.LVL23:
 205              		.loc 1 155 0
 206 006a 0244     		add	r2, r2, r0
 207              		.loc 1 154 0
 208 006c 1868     		ldr	r0, [r3]
 209 006e 5850     		str	r0, [r3, r1]
 210              		.loc 1 155 0
 211 0070 7A60     		str	r2, [r7, #4]
 212              		.loc 1 156 0
 213 0072 2760     		str	r7, [r4]
 214              		.loc 1 157 0
 215 0074 5D60     		str	r5, [r3, #4]
 216 0076 EDE7     		b	.L10
 217              	.LVL24:
 218              	.L14:
 219              		.loc 1 180 0
 220 0078 0024     		movs	r4, #0
 221              	.LVL25:
 222 007a E3E7     		b	.L11
 223              	.L22:
 224              		.align	2
 225              	.L21:
 226 007c 00000000 		.word	.LANCHOR0
ARM GAS  /tmp/cccZKWEh.s 			page 5


 227              		.cfi_endproc
 228              	.LFE120:
 229              		.size	chHeapAlloc, .-chHeapAlloc
 230              		.section	.text.chHeapFree,"ax",%progbits
 231              		.align	2
 232              		.p2align 4,,15
 233              		.global	chHeapFree
 234              		.thumb
 235              		.thumb_func
 236              		.type	chHeapFree, %function
 237              	chHeapFree:
 238              	.LFB121:
 239              		.loc 1 194 0
 240              		.cfi_startproc
 241              		@ args = 0, pretend = 0, frame = 0
 242              		@ frame_needed = 0, uses_anonymous_args = 0
 243              	.LVL26:
 244 0000 70B5     		push	{r4, r5, r6, lr}
 245              		.cfi_def_cfa_offset 16
 246              		.cfi_offset 4, -16
 247              		.cfi_offset 5, -12
 248              		.cfi_offset 6, -8
 249              		.cfi_offset 14, -4
 250              		.loc 1 194 0
 251 0002 0646     		mov	r6, r0
 252              		.loc 1 200 0
 253 0004 A0F10804 		sub	r4, r0, #8
 254              	.LVL27:
 255              		.loc 1 201 0
 256 0008 50F8080C 		ldr	r0, [r0, #-8]
 257              	.LVL28:
 258              		.loc 1 202 0
 259 000c 00F10805 		add	r5, r0, #8
 260              	.LVL29:
 261              		.loc 1 203 0
 262 0010 1030     		adds	r0, r0, #16
 263              	.LVL30:
 264 0012 FFF7FEFF 		bl	chMtxLock
 265              	.LVL31:
 266              		.loc 1 202 0
 267 0016 2B46     		mov	r3, r5
 268              	.LVL32:
 269              	.L30:
 270              		.loc 1 210 0
 271 0018 AB42     		cmp	r3, r5
 272 001a 04D0     		beq	.L24
 273              	.L35:
 274              		.loc 1 210 0 is_stmt 0 discriminator 2
 275 001c A342     		cmp	r3, r4
 276 001e 02D3     		bcc	.L24
 277 0020 1B68     		ldr	r3, [r3]
 278              	.LVL33:
 279              		.loc 1 210 0
 280 0022 AB42     		cmp	r3, r5
 281 0024 FAD1     		bne	.L35
 282              	.L24:
 283              		.loc 1 211 0 is_stmt 1 discriminator 1
ARM GAS  /tmp/cccZKWEh.s 			page 6


 284 0026 1A68     		ldr	r2, [r3]
 285              		.loc 1 210 0 discriminator 1
 286 0028 1AB1     		cbz	r2, .L26
 287              		.loc 1 211 0
 288 002a 9442     		cmp	r4, r2
 289 002c 01D3     		bcc	.L26
 290 002e 1346     		mov	r3, r2
 291              	.LVL34:
 292              		.loc 1 229 0
 293 0030 F2E7     		b	.L30
 294              	.LVL35:
 295              	.L26:
 296              		.loc 1 216 0
 297 0032 56F8041C 		ldr	r1, [r6, #-4]
 298              		.loc 1 213 0
 299 0036 46F8082C 		str	r2, [r6, #-8]
 300              		.loc 1 214 0
 301 003a 1C60     		str	r4, [r3]
 302              		.loc 1 216 0
 303 003c 01F10802 		add	r2, r1, #8
 304 0040 56F8085C 		ldr	r5, [r6, #-8]
 305              	.LVL36:
 306 0044 A018     		adds	r0, r4, r2
 307 0046 A842     		cmp	r0, r5
 308 0048 09D0     		beq	.L36
 309              		.loc 1 221 0
 310 004a 5A68     		ldr	r2, [r3, #4]
 311 004c 02F10801 		add	r1, r2, #8
 312 0050 1944     		add	r1, r1, r3
 313 0052 8C42     		cmp	r4, r1
 314 0054 11D0     		beq	.L37
 315              	.L29:
 316              		.loc 1 233 0
 317 0056 BDE87040 		pop	{r4, r5, r6, lr}
 318              	.LVL37:
 319              		.loc 1 231 0
 320 005a FFF7FEBF 		b	chMtxUnlock
 321              	.LVL38:
 322              	.L36:
 323              		.loc 1 218 0
 324 005e 4068     		ldr	r0, [r0, #4]
 325              		.loc 1 219 0
 326 0060 A258     		ldr	r2, [r4, r2]
 327 0062 46F8082C 		str	r2, [r6, #-8]
 328              		.loc 1 218 0
 329 0066 0A18     		adds	r2, r1, r0
 330 0068 0832     		adds	r2, r2, #8
 331 006a 46F8042C 		str	r2, [r6, #-4]
 332              		.loc 1 221 0
 333 006e 5A68     		ldr	r2, [r3, #4]
 334 0070 02F10801 		add	r1, r2, #8
 335 0074 1944     		add	r1, r1, r3
 336 0076 8C42     		cmp	r4, r1
 337 0078 EDD1     		bne	.L29
 338              	.L37:
 339              		.loc 1 223 0
 340 007a 56F8040C 		ldr	r0, [r6, #-4]
ARM GAS  /tmp/cccZKWEh.s 			page 7


 341              		.loc 1 224 0
 342 007e 56F8081C 		ldr	r1, [r6, #-8]
 343 0082 1960     		str	r1, [r3]
 344              		.loc 1 223 0
 345 0084 0244     		add	r2, r2, r0
 346 0086 0832     		adds	r2, r2, #8
 347 0088 5A60     		str	r2, [r3, #4]
 348              		.loc 1 233 0
 349 008a BDE87040 		pop	{r4, r5, r6, lr}
 350              	.LVL39:
 351              		.loc 1 231 0
 352 008e FFF7FEBF 		b	chMtxUnlock
 353              	.LVL40:
 354              		.cfi_endproc
 355              	.LFE121:
 356              		.size	chHeapFree, .-chHeapFree
 357 0092 00BFAFF3 		.section	.text.chHeapStatus,"ax",%progbits
 357      0080AFF3 
 357      0080AFF3 
 357      0080
 358              		.align	2
 359              		.p2align 4,,15
 360              		.global	chHeapStatus
 361              		.thumb
 362              		.thumb_func
 363              		.type	chHeapStatus, %function
 364              	chHeapStatus:
 365              	.LFB122:
 366              		.loc 1 250 0
 367              		.cfi_startproc
 368              		@ args = 0, pretend = 0, frame = 0
 369              		@ frame_needed = 0, uses_anonymous_args = 0
 370              	.LVL41:
 371 0000 38B5     		push	{r3, r4, r5, lr}
 372              		.cfi_def_cfa_offset 16
 373              		.cfi_offset 3, -16
 374              		.cfi_offset 4, -12
 375              		.cfi_offset 5, -8
 376              		.cfi_offset 14, -4
 377              		.loc 1 255 0
 378 0002 0E4C     		ldr	r4, .L51
 379 0004 0028     		cmp	r0, #0
 380 0006 18BF     		it	ne
 381 0008 0446     		movne	r4, r0
 382              	.LVL42:
 383              		.loc 1 257 0
 384 000a 04F11000 		add	r0, r4, #16
 385              		.loc 1 250 0
 386 000e 0D46     		mov	r5, r1
 387              		.loc 1 257 0
 388 0010 FFF7FEFF 		bl	chMtxLock
 389              	.LVL43:
 390              		.loc 1 260 0
 391 0014 A368     		ldr	r3, [r4, #8]
 392 0016 6BB1     		cbz	r3, .L44
 393              		.loc 1 259 0
 394 0018 0022     		movs	r2, #0
ARM GAS  /tmp/cccZKWEh.s 			page 8


 395              		.loc 1 260 0
 396 001a 1446     		mov	r4, r2
 397              	.LVL44:
 398              	.L41:
 399              		.loc 1 261 0 discriminator 2
 400 001c 5868     		ldr	r0, [r3, #4]
 401              		.loc 1 260 0 discriminator 2
 402 001e 1B68     		ldr	r3, [r3]
 403 0020 0134     		adds	r4, r4, #1
 404              	.LVL45:
 405              		.loc 1 261 0 discriminator 2
 406 0022 0244     		add	r2, r2, r0
 407              	.LVL46:
 408              		.loc 1 260 0 discriminator 2
 409 0024 002B     		cmp	r3, #0
 410 0026 F9D1     		bne	.L41
 411              	.LVL47:
 412              	.L40:
 413              		.loc 1 262 0
 414 0028 05B1     		cbz	r5, .L42
 415              		.loc 1 263 0
 416 002a 2A60     		str	r2, [r5]
 417              	.L42:
 418              		.loc 1 265 0
 419 002c FFF7FEFF 		bl	chMtxUnlock
 420              	.LVL48:
 421              		.loc 1 267 0
 422 0030 2046     		mov	r0, r4
 423 0032 38BD     		pop	{r3, r4, r5, pc}
 424              	.LVL49:
 425              	.L44:
 426              		.loc 1 259 0
 427 0034 1A46     		mov	r2, r3
 428              		.loc 1 260 0
 429 0036 1C46     		mov	r4, r3
 430              	.LVL50:
 431 0038 F6E7     		b	.L40
 432              	.L52:
 433 003a 00BF     		.align	2
 434              	.L51:
 435 003c 00000000 		.word	.LANCHOR0
 436              		.cfi_endproc
 437              	.LFE122:
 438              		.size	chHeapStatus, .-chHeapStatus
 439              		.section	.bss.default_heap,"aw",%nobits
 440              		.align	3
 441              		.set	.LANCHOR0,. + 0
 442              		.type	default_heap, %object
 443              		.size	default_heap, 32
 444              	default_heap:
 445 0000 00000000 		.space	32
 445      00000000 
 445      00000000 
 445      00000000 
 445      00000000 
 446              		.text
 447              	.Letext0:
ARM GAS  /tmp/cccZKWEh.s 			page 9


 448              		.file 2 "/usr/lib/gcc/arm-none-eabi/4.8/include/stddef.h"
 449              		.file 3 "/usr/include/newlib/machine/_default_types.h"
 450              		.file 4 "/usr/include/newlib/stdint.h"
 451              		.file 5 "../../os/ports/GCC/ARMCMx/chtypes.h"
 452              		.file 6 "../../os/kernel/include/chlists.h"
 453              		.file 7 "../../os/kernel/include/chthreads.h"
 454              		.file 8 "../../os/ports/GCC/ARMCMx/chcore_v7m.h"
 455              		.file 9 "../../os/kernel/include/chmtx.h"
 456              		.file 10 "../../os/kernel/include/chmemcore.h"
 457              		.file 11 "../../os/kernel/include/chheap.h"
 458              		.file 12 "../../os/ports/common/ARMCMx/CMSIS/include/core_cm4.h"
 459              		.section	.debug_info,"",%progbits
 460              	.Ldebug_info0:
 461 0000 F0060000 		.4byte	0x6f0
 462 0004 0400     		.2byte	0x4
 463 0006 00000000 		.4byte	.Ldebug_abbrev0
 464 000a 04       		.byte	0x4
 465 000b 01       		.uleb128 0x1
 466 000c 13000000 		.4byte	.LASF81
 467 0010 01       		.byte	0x1
 468 0011 D8010000 		.4byte	.LASF82
 469 0015 1C020000 		.4byte	.LASF83
 470 0019 00000000 		.4byte	.Ldebug_ranges0+0
 471 001d 00000000 		.4byte	0
 472 0021 00000000 		.4byte	.Ldebug_line0
 473 0025 02       		.uleb128 0x2
 474 0026 04       		.byte	0x4
 475 0027 05       		.byte	0x5
 476 0028 696E7400 		.ascii	"int\000"
 477 002c 03       		.uleb128 0x3
 478 002d D9000000 		.4byte	.LASF2
 479 0031 02       		.byte	0x2
 480 0032 D4       		.byte	0xd4
 481 0033 37000000 		.4byte	0x37
 482 0037 04       		.uleb128 0x4
 483 0038 04       		.byte	0x4
 484 0039 07       		.byte	0x7
 485 003a EB030000 		.4byte	.LASF0
 486 003e 04       		.uleb128 0x4
 487 003f 01       		.byte	0x1
 488 0040 06       		.byte	0x6
 489 0041 63020000 		.4byte	.LASF1
 490 0045 03       		.uleb128 0x3
 491 0046 BD010000 		.4byte	.LASF3
 492 004a 03       		.byte	0x3
 493 004b 1D       		.byte	0x1d
 494 004c 50000000 		.4byte	0x50
 495 0050 04       		.uleb128 0x4
 496 0051 01       		.byte	0x1
 497 0052 08       		.byte	0x8
 498 0053 0E020000 		.4byte	.LASF4
 499 0057 04       		.uleb128 0x4
 500 0058 02       		.byte	0x2
 501 0059 05       		.byte	0x5
 502 005a CF000000 		.4byte	.LASF5
 503 005e 04       		.uleb128 0x4
 504 005f 02       		.byte	0x2
ARM GAS  /tmp/cccZKWEh.s 			page 10


 505 0060 07       		.byte	0x7
 506 0061 BF020000 		.4byte	.LASF6
 507 0065 03       		.uleb128 0x3
 508 0066 74030000 		.4byte	.LASF7
 509 006a 03       		.byte	0x3
 510 006b 3F       		.byte	0x3f
 511 006c 70000000 		.4byte	0x70
 512 0070 04       		.uleb128 0x4
 513 0071 04       		.byte	0x4
 514 0072 05       		.byte	0x5
 515 0073 A6010000 		.4byte	.LASF8
 516 0077 03       		.uleb128 0x3
 517 0078 05010000 		.4byte	.LASF9
 518 007c 03       		.byte	0x3
 519 007d 41       		.byte	0x41
 520 007e 82000000 		.4byte	0x82
 521 0082 04       		.uleb128 0x4
 522 0083 04       		.byte	0x4
 523 0084 07       		.byte	0x7
 524 0085 57030000 		.4byte	.LASF10
 525 0089 04       		.uleb128 0x4
 526 008a 08       		.byte	0x8
 527 008b 05       		.byte	0x5
 528 008c F7000000 		.4byte	.LASF11
 529 0090 03       		.uleb128 0x3
 530 0091 35030000 		.4byte	.LASF12
 531 0095 03       		.byte	0x3
 532 0096 5B       		.byte	0x5b
 533 0097 9B000000 		.4byte	0x9b
 534 009b 04       		.uleb128 0x4
 535 009c 08       		.byte	0x8
 536 009d 07       		.byte	0x7
 537 009e 77020000 		.4byte	.LASF13
 538 00a2 03       		.uleb128 0x3
 539 00a3 53010000 		.4byte	.LASF14
 540 00a7 04       		.byte	0x4
 541 00a8 2A       		.byte	0x2a
 542 00a9 45000000 		.4byte	0x45
 543 00ad 03       		.uleb128 0x3
 544 00ae FB020000 		.4byte	.LASF15
 545 00b2 04       		.byte	0x4
 546 00b3 41       		.byte	0x41
 547 00b4 65000000 		.4byte	0x65
 548 00b8 03       		.uleb128 0x3
 549 00b9 95020000 		.4byte	.LASF16
 550 00bd 04       		.byte	0x4
 551 00be 42       		.byte	0x42
 552 00bf 77000000 		.4byte	0x77
 553 00c3 03       		.uleb128 0x3
 554 00c4 CF010000 		.4byte	.LASF17
 555 00c8 04       		.byte	0x4
 556 00c9 4E       		.byte	0x4e
 557 00ca 90000000 		.4byte	0x90
 558 00ce 04       		.uleb128 0x4
 559 00cf 01       		.byte	0x1
 560 00d0 02       		.byte	0x2
 561 00d1 18030000 		.4byte	.LASF18
ARM GAS  /tmp/cccZKWEh.s 			page 11


 562 00d5 03       		.uleb128 0x3
 563 00d6 06020000 		.4byte	.LASF19
 564 00da 05       		.byte	0x5
 565 00db 2C       		.byte	0x2c
 566 00dc A2000000 		.4byte	0xa2
 567 00e0 03       		.uleb128 0x3
 568 00e1 8B030000 		.4byte	.LASF20
 569 00e5 05       		.byte	0x5
 570 00e6 2D       		.byte	0x2d
 571 00e7 A2000000 		.4byte	0xa2
 572 00eb 03       		.uleb128 0x3
 573 00ec 00000000 		.4byte	.LASF21
 574 00f0 05       		.byte	0x5
 575 00f1 2E       		.byte	0x2e
 576 00f2 A2000000 		.4byte	0xa2
 577 00f6 03       		.uleb128 0x3
 578 00f7 9E010000 		.4byte	.LASF22
 579 00fb 05       		.byte	0x5
 580 00fc 30       		.byte	0x30
 581 00fd B8000000 		.4byte	0xb8
 582 0101 03       		.uleb128 0x3
 583 0102 0D040000 		.4byte	.LASF23
 584 0106 05       		.byte	0x5
 585 0107 31       		.byte	0x31
 586 0108 AD000000 		.4byte	0xad
 587 010c 03       		.uleb128 0x3
 588 010d 10010000 		.4byte	.LASF24
 589 0111 05       		.byte	0x5
 590 0112 33       		.byte	0x33
 591 0113 B8000000 		.4byte	0xb8
 592 0117 03       		.uleb128 0x3
 593 0118 E5020000 		.4byte	.LASF25
 594 011c 05       		.byte	0x5
 595 011d 35       		.byte	0x35
 596 011e B8000000 		.4byte	0xb8
 597 0122 03       		.uleb128 0x3
 598 0123 74010000 		.4byte	.LASF26
 599 0127 06       		.byte	0x6
 600 0128 2A       		.byte	0x2a
 601 0129 2D010000 		.4byte	0x12d
 602 012d 05       		.uleb128 0x5
 603 012e 74010000 		.4byte	.LASF26
 604 0132 48       		.byte	0x48
 605 0133 07       		.byte	0x7
 606 0134 5E       		.byte	0x5e
 607 0135 1E020000 		.4byte	0x21e
 608 0139 06       		.uleb128 0x6
 609 013a 2E010000 		.4byte	.LASF27
 610 013e 07       		.byte	0x7
 611 013f 5F       		.byte	0x5f
 612 0140 3F020000 		.4byte	0x23f
 613 0144 00       		.byte	0
 614 0145 06       		.uleb128 0x6
 615 0146 F0000000 		.4byte	.LASF28
 616 014a 07       		.byte	0x7
 617 014b 61       		.byte	0x61
 618 014c 3F020000 		.4byte	0x23f
ARM GAS  /tmp/cccZKWEh.s 			page 12


 619 0150 04       		.byte	0x4
 620 0151 06       		.uleb128 0x6
 621 0152 27010000 		.4byte	.LASF29
 622 0156 07       		.byte	0x7
 623 0157 63       		.byte	0x63
 624 0158 F6000000 		.4byte	0xf6
 625 015c 08       		.byte	0x8
 626 015d 06       		.uleb128 0x6
 627 015e D8030000 		.4byte	.LASF30
 628 0162 07       		.byte	0x7
 629 0163 64       		.byte	0x64
 630 0164 0B030000 		.4byte	0x30b
 631 0168 0C       		.byte	0xc
 632 0169 06       		.uleb128 0x6
 633 016a 6F020000 		.4byte	.LASF31
 634 016e 07       		.byte	0x7
 635 016f 66       		.byte	0x66
 636 0170 3F020000 		.4byte	0x23f
 637 0174 10       		.byte	0x10
 638 0175 06       		.uleb128 0x6
 639 0176 BF030000 		.4byte	.LASF32
 640 017a 07       		.byte	0x7
 641 017b 67       		.byte	0x67
 642 017c 3F020000 		.4byte	0x23f
 643 0180 14       		.byte	0x14
 644 0181 06       		.uleb128 0x6
 645 0182 F4020000 		.4byte	.LASF33
 646 0186 07       		.byte	0x7
 647 0187 6E       		.byte	0x6e
 648 0188 6F040000 		.4byte	0x46f
 649 018c 18       		.byte	0x18
 650 018d 06       		.uleb128 0x6
 651 018e 03030000 		.4byte	.LASF34
 652 0192 07       		.byte	0x7
 653 0193 79       		.byte	0x79
 654 0194 E0000000 		.4byte	0xe0
 655 0198 1C       		.byte	0x1c
 656 0199 06       		.uleb128 0x6
 657 019a D2020000 		.4byte	.LASF35
 658 019e 07       		.byte	0x7
 659 019f 7D       		.byte	0x7d
 660 01a0 D5000000 		.4byte	0xd5
 661 01a4 1D       		.byte	0x1d
 662 01a5 06       		.uleb128 0x6
 663 01a6 D1030000 		.4byte	.LASF36
 664 01aa 07       		.byte	0x7
 665 01ab 82       		.byte	0x82
 666 01ac EB000000 		.4byte	0xeb
 667 01b0 1E       		.byte	0x1e
 668 01b1 06       		.uleb128 0x6
 669 01b2 60010000 		.4byte	.LASF37
 670 01b6 07       		.byte	0x7
 671 01b7 8F       		.byte	0x8f
 672 01b8 2C030000 		.4byte	0x32c
 673 01bc 20       		.byte	0x20
 674 01bd 07       		.uleb128 0x7
 675 01be 705F7500 		.ascii	"p_u\000"
ARM GAS  /tmp/cccZKWEh.s 			page 13


 676 01c2 07       		.byte	0x7
 677 01c3 B4       		.byte	0xb4
 678 01c4 3A040000 		.4byte	0x43a
 679 01c8 24       		.byte	0x24
 680 01c9 06       		.uleb128 0x6
 681 01ca C7030000 		.4byte	.LASF38
 682 01ce 07       		.byte	0x7
 683 01cf B9       		.byte	0xb9
 684 01d0 65020000 		.4byte	0x265
 685 01d4 28       		.byte	0x28
 686 01d5 06       		.uleb128 0x6
 687 01d6 1C010000 		.4byte	.LASF39
 688 01da 07       		.byte	0x7
 689 01db BF       		.byte	0xbf
 690 01dc 45020000 		.4byte	0x245
 691 01e0 2C       		.byte	0x2c
 692 01e1 06       		.uleb128 0x6
 693 01e2 F5010000 		.4byte	.LASF40
 694 01e6 07       		.byte	0x7
 695 01e7 C3       		.byte	0xc3
 696 01e8 01010000 		.4byte	0x101
 697 01ec 34       		.byte	0x34
 698 01ed 06       		.uleb128 0x6
 699 01ee 3F010000 		.4byte	.LASF41
 700 01f2 07       		.byte	0x7
 701 01f3 C9       		.byte	0xc9
 702 01f4 0C010000 		.4byte	0x10c
 703 01f8 38       		.byte	0x38
 704 01f9 06       		.uleb128 0x6
 705 01fa 40030000 		.4byte	.LASF42
 706 01fe 07       		.byte	0x7
 707 01ff D0       		.byte	0xd0
 708 0200 81040000 		.4byte	0x481
 709 0204 3C       		.byte	0x3c
 710 0205 06       		.uleb128 0x6
 711 0206 DA020000 		.4byte	.LASF43
 712 020a 07       		.byte	0x7
 713 020b D4       		.byte	0xd4
 714 020c F6000000 		.4byte	0xf6
 715 0210 40       		.byte	0x40
 716 0211 06       		.uleb128 0x6
 717 0212 B7020000 		.4byte	.LASF44
 718 0216 07       		.byte	0x7
 719 0217 DA       		.byte	0xda
 720 0218 82020000 		.4byte	0x282
 721 021c 44       		.byte	0x44
 722 021d 00       		.byte	0
 723 021e 08       		.uleb128 0x8
 724 021f 08       		.byte	0x8
 725 0220 06       		.byte	0x6
 726 0221 61       		.byte	0x61
 727 0222 3F020000 		.4byte	0x23f
 728 0226 06       		.uleb128 0x6
 729 0227 2E010000 		.4byte	.LASF27
 730 022b 06       		.byte	0x6
 731 022c 62       		.byte	0x62
 732 022d 3F020000 		.4byte	0x23f
ARM GAS  /tmp/cccZKWEh.s 			page 14


 733 0231 00       		.byte	0
 734 0232 06       		.uleb128 0x6
 735 0233 F0000000 		.4byte	.LASF28
 736 0237 06       		.byte	0x6
 737 0238 64       		.byte	0x64
 738 0239 3F020000 		.4byte	0x23f
 739 023d 04       		.byte	0x4
 740 023e 00       		.byte	0
 741 023f 09       		.uleb128 0x9
 742 0240 04       		.byte	0x4
 743 0241 22010000 		.4byte	0x122
 744 0245 03       		.uleb128 0x3
 745 0246 0B030000 		.4byte	.LASF45
 746 024a 06       		.byte	0x6
 747 024b 66       		.byte	0x66
 748 024c 1E020000 		.4byte	0x21e
 749 0250 08       		.uleb128 0x8
 750 0251 04       		.byte	0x4
 751 0252 06       		.byte	0x6
 752 0253 6B       		.byte	0x6b
 753 0254 65020000 		.4byte	0x265
 754 0258 06       		.uleb128 0x6
 755 0259 2E010000 		.4byte	.LASF27
 756 025d 06       		.byte	0x6
 757 025e 6D       		.byte	0x6d
 758 025f 3F020000 		.4byte	0x23f
 759 0263 00       		.byte	0
 760 0264 00       		.byte	0
 761 0265 03       		.uleb128 0x3
 762 0266 C3000000 		.4byte	.LASF46
 763 026a 06       		.byte	0x6
 764 026b 70       		.byte	0x70
 765 026c 50020000 		.4byte	0x250
 766 0270 04       		.uleb128 0x4
 767 0271 04       		.byte	0x4
 768 0272 07       		.byte	0x7
 769 0273 E7000000 		.4byte	.LASF47
 770 0277 03       		.uleb128 0x3
 771 0278 4A010000 		.4byte	.LASF48
 772 027c 08       		.byte	0x8
 773 027d E5       		.byte	0xe5
 774 027e 82020000 		.4byte	0x282
 775 0282 0A       		.uleb128 0xa
 776 0283 04       		.byte	0x4
 777 0284 03       		.uleb128 0x3
 778 0285 94030000 		.4byte	.LASF49
 779 0289 08       		.byte	0x8
 780 028a EB       		.byte	0xeb
 781 028b C3000000 		.4byte	0xc3
 782 028f 0B       		.uleb128 0xb
 783 0290 4A030000 		.4byte	.LASF50
 784 0294 24       		.byte	0x24
 785 0295 08       		.byte	0x8
 786 0296 0C01     		.2byte	0x10c
 787 0298 0B030000 		.4byte	0x30b
 788 029c 0C       		.uleb128 0xc
 789 029d 723400   		.ascii	"r4\000"
ARM GAS  /tmp/cccZKWEh.s 			page 15


 790 02a0 08       		.byte	0x8
 791 02a1 1F01     		.2byte	0x11f
 792 02a3 77020000 		.4byte	0x277
 793 02a7 00       		.byte	0
 794 02a8 0C       		.uleb128 0xc
 795 02a9 723500   		.ascii	"r5\000"
 796 02ac 08       		.byte	0x8
 797 02ad 2001     		.2byte	0x120
 798 02af 77020000 		.4byte	0x277
 799 02b3 04       		.byte	0x4
 800 02b4 0C       		.uleb128 0xc
 801 02b5 723600   		.ascii	"r6\000"
 802 02b8 08       		.byte	0x8
 803 02b9 2101     		.2byte	0x121
 804 02bb 77020000 		.4byte	0x277
 805 02bf 08       		.byte	0x8
 806 02c0 0C       		.uleb128 0xc
 807 02c1 723700   		.ascii	"r7\000"
 808 02c4 08       		.byte	0x8
 809 02c5 2201     		.2byte	0x122
 810 02c7 77020000 		.4byte	0x277
 811 02cb 0C       		.byte	0xc
 812 02cc 0C       		.uleb128 0xc
 813 02cd 723800   		.ascii	"r8\000"
 814 02d0 08       		.byte	0x8
 815 02d1 2301     		.2byte	0x123
 816 02d3 77020000 		.4byte	0x277
 817 02d7 10       		.byte	0x10
 818 02d8 0C       		.uleb128 0xc
 819 02d9 723900   		.ascii	"r9\000"
 820 02dc 08       		.byte	0x8
 821 02dd 2401     		.2byte	0x124
 822 02df 77020000 		.4byte	0x277
 823 02e3 14       		.byte	0x14
 824 02e4 0C       		.uleb128 0xc
 825 02e5 72313000 		.ascii	"r10\000"
 826 02e9 08       		.byte	0x8
 827 02ea 2501     		.2byte	0x125
 828 02ec 77020000 		.4byte	0x277
 829 02f0 18       		.byte	0x18
 830 02f1 0C       		.uleb128 0xc
 831 02f2 72313100 		.ascii	"r11\000"
 832 02f6 08       		.byte	0x8
 833 02f7 2601     		.2byte	0x126
 834 02f9 77020000 		.4byte	0x277
 835 02fd 1C       		.byte	0x1c
 836 02fe 0C       		.uleb128 0xc
 837 02ff 6C7200   		.ascii	"lr\000"
 838 0302 08       		.byte	0x8
 839 0303 2701     		.2byte	0x127
 840 0305 77020000 		.4byte	0x277
 841 0309 20       		.byte	0x20
 842 030a 00       		.byte	0
 843 030b 0B       		.uleb128 0xb
 844 030c C7010000 		.4byte	.LASF51
 845 0310 04       		.byte	0x4
 846 0311 08       		.byte	0x8
ARM GAS  /tmp/cccZKWEh.s 			page 16


 847 0312 3101     		.2byte	0x131
 848 0314 26030000 		.4byte	0x326
 849 0318 0C       		.uleb128 0xc
 850 0319 72313300 		.ascii	"r13\000"
 851 031d 08       		.byte	0x8
 852 031e 3201     		.2byte	0x132
 853 0320 26030000 		.4byte	0x326
 854 0324 00       		.byte	0
 855 0325 00       		.byte	0
 856 0326 09       		.uleb128 0x9
 857 0327 04       		.byte	0x4
 858 0328 8F020000 		.4byte	0x28f
 859 032c 0D       		.uleb128 0xd
 860 032d 17010000 		.4byte	0x117
 861 0331 05       		.uleb128 0x5
 862 0332 AF010000 		.4byte	.LASF52
 863 0336 10       		.byte	0x10
 864 0337 09       		.byte	0x9
 865 0338 2C       		.byte	0x2c
 866 0339 62030000 		.4byte	0x362
 867 033d 06       		.uleb128 0x6
 868 033e B5010000 		.4byte	.LASF53
 869 0342 09       		.byte	0x9
 870 0343 2D       		.byte	0x2d
 871 0344 45020000 		.4byte	0x245
 872 0348 00       		.byte	0
 873 0349 06       		.uleb128 0x6
 874 034a F8030000 		.4byte	.LASF54
 875 034e 09       		.byte	0x9
 876 034f 2F       		.byte	0x2f
 877 0350 3F020000 		.4byte	0x23f
 878 0354 08       		.byte	0x8
 879 0355 06       		.uleb128 0x6
 880 0356 E0000000 		.4byte	.LASF55
 881 035a 09       		.byte	0x9
 882 035b 31       		.byte	0x31
 883 035c 62030000 		.4byte	0x362
 884 0360 0C       		.byte	0xc
 885 0361 00       		.byte	0
 886 0362 09       		.uleb128 0x9
 887 0363 04       		.byte	0x4
 888 0364 31030000 		.4byte	0x331
 889 0368 03       		.uleb128 0x3
 890 0369 AF010000 		.4byte	.LASF52
 891 036d 09       		.byte	0x9
 892 036e 33       		.byte	0x33
 893 036f 31030000 		.4byte	0x331
 894 0373 03       		.uleb128 0x3
 895 0374 9E020000 		.4byte	.LASF56
 896 0378 0A       		.byte	0xa
 897 0379 2C       		.byte	0x2c
 898 037a 7E030000 		.4byte	0x37e
 899 037e 09       		.uleb128 0x9
 900 037f 04       		.byte	0x4
 901 0380 84030000 		.4byte	0x384
 902 0384 0E       		.uleb128 0xe
 903 0385 82020000 		.4byte	0x282
ARM GAS  /tmp/cccZKWEh.s 			page 17


 904 0389 93030000 		.4byte	0x393
 905 038d 0F       		.uleb128 0xf
 906 038e 2C000000 		.4byte	0x2c
 907 0392 00       		.byte	0
 908 0393 03       		.uleb128 0x3
 909 0394 FB010000 		.4byte	.LASF57
 910 0398 0B       		.byte	0xb
 911 0399 34       		.byte	0x34
 912 039a 9E030000 		.4byte	0x39e
 913 039e 05       		.uleb128 0x5
 914 039f 1E030000 		.4byte	.LASF58
 915 03a3 20       		.byte	0x20
 916 03a4 0B       		.byte	0xb
 917 03a5 47       		.byte	0x47
 918 03a6 CF030000 		.4byte	0x3cf
 919 03aa 06       		.uleb128 0x6
 920 03ab A8030000 		.4byte	.LASF59
 921 03af 0B       		.byte	0xb
 922 03b0 48       		.byte	0x48
 923 03b1 73030000 		.4byte	0x373
 924 03b5 00       		.byte	0
 925 03b6 06       		.uleb128 0x6
 926 03b7 8E020000 		.4byte	.LASF60
 927 03bb 0B       		.byte	0xb
 928 03bc 4A       		.byte	0x4a
 929 03bd EE030000 		.4byte	0x3ee
 930 03c1 08       		.byte	0x8
 931 03c2 06       		.uleb128 0x6
 932 03c3 07040000 		.4byte	.LASF61
 933 03c7 0B       		.byte	0xb
 934 03c8 4C       		.byte	0x4c
 935 03c9 68030000 		.4byte	0x368
 936 03cd 10       		.byte	0x10
 937 03ce 00       		.byte	0
 938 03cf 10       		.uleb128 0x10
 939 03d0 04       		.byte	0x4
 940 03d1 0B       		.byte	0xb
 941 03d2 3C       		.byte	0x3c
 942 03d3 EE030000 		.4byte	0x3ee
 943 03d7 11       		.uleb128 0x11
 944 03d8 13040000 		.4byte	.LASF62
 945 03dc 0B       		.byte	0xb
 946 03dd 3D       		.byte	0x3d
 947 03de 0F040000 		.4byte	0x40f
 948 03e2 11       		.uleb128 0x11
 949 03e3 5B010000 		.4byte	.LASF63
 950 03e7 0B       		.byte	0xb
 951 03e8 3E       		.byte	0x3e
 952 03e9 15040000 		.4byte	0x415
 953 03ed 00       		.byte	0
 954 03ee 12       		.uleb128 0x12
 955 03ef B3030000 		.4byte	.LASF84
 956 03f3 08       		.byte	0x8
 957 03f4 0B       		.byte	0xb
 958 03f5 39       		.byte	0x39
 959 03f6 0F040000 		.4byte	0x40f
 960 03fa 11       		.uleb128 0x11
ARM GAS  /tmp/cccZKWEh.s 			page 18


 961 03fb 7E030000 		.4byte	.LASF64
 962 03ff 0B       		.byte	0xb
 963 0400 3A       		.byte	0x3a
 964 0401 84020000 		.4byte	0x284
 965 0405 13       		.uleb128 0x13
 966 0406 6800     		.ascii	"h\000"
 967 0408 0B       		.byte	0xb
 968 0409 41       		.byte	0x41
 969 040a 1B040000 		.4byte	0x41b
 970 040e 00       		.byte	0
 971 040f 09       		.uleb128 0x9
 972 0410 04       		.byte	0x4
 973 0411 EE030000 		.4byte	0x3ee
 974 0415 09       		.uleb128 0x9
 975 0416 04       		.byte	0x4
 976 0417 93030000 		.4byte	0x393
 977 041b 08       		.uleb128 0x8
 978 041c 08       		.byte	0x8
 979 041d 0B       		.byte	0xb
 980 041e 3B       		.byte	0x3b
 981 041f 3A040000 		.4byte	0x43a
 982 0423 07       		.uleb128 0x7
 983 0424 7500     		.ascii	"u\000"
 984 0426 0B       		.byte	0xb
 985 0427 3F       		.byte	0x3f
 986 0428 CF030000 		.4byte	0x3cf
 987 042c 00       		.byte	0
 988 042d 06       		.uleb128 0x6
 989 042e 69030000 		.4byte	.LASF65
 990 0432 0B       		.byte	0xb
 991 0433 40       		.byte	0x40
 992 0434 2C000000 		.4byte	0x2c
 993 0438 04       		.byte	0x4
 994 0439 00       		.byte	0
 995 043a 10       		.uleb128 0x10
 996 043b 04       		.byte	0x4
 997 043c 07       		.byte	0x7
 998 043d 96       		.byte	0x96
 999 043e 6F040000 		.4byte	0x46f
 1000 0442 11       		.uleb128 0x11
 1001 0443 00040000 		.4byte	.LASF66
 1002 0447 07       		.byte	0x7
 1003 0448 9D       		.byte	0x9d
 1004 0449 01010000 		.4byte	0x101
 1005 044d 11       		.uleb128 0x11
 1006 044e 9F030000 		.4byte	.LASF67
 1007 0452 07       		.byte	0x7
 1008 0453 A4       		.byte	0xa4
 1009 0454 01010000 		.4byte	0x101
 1010 0458 11       		.uleb128 0x11
 1011 0459 84030000 		.4byte	.LASF68
 1012 045d 07       		.byte	0x7
 1013 045e AB       		.byte	0xab
 1014 045f 82020000 		.4byte	0x282
 1015 0463 11       		.uleb128 0x11
 1016 0464 5C020000 		.4byte	.LASF69
 1017 0468 07       		.byte	0x7
ARM GAS  /tmp/cccZKWEh.s 			page 19


 1018 0469 B2       		.byte	0xb2
 1019 046a 0C010000 		.4byte	0x10c
 1020 046e 00       		.byte	0
 1021 046f 09       		.uleb128 0x9
 1022 0470 04       		.byte	0x4
 1023 0471 75040000 		.4byte	0x475
 1024 0475 14       		.uleb128 0x14
 1025 0476 7A040000 		.4byte	0x47a
 1026 047a 04       		.uleb128 0x4
 1027 047b 01       		.byte	0x1
 1028 047c 08       		.byte	0x8
 1029 047d EF020000 		.4byte	.LASF70
 1030 0481 09       		.uleb128 0x9
 1031 0482 04       		.byte	0x4
 1032 0483 68030000 		.4byte	0x368
 1033 0487 15       		.uleb128 0x15
 1034 0488 18040000 		.4byte	.LASF71
 1035 048c 01       		.byte	0x1
 1036 048d 4B       		.byte	0x4b
 1037 048e 00000000 		.4byte	.LFB118
 1038 0492 1C000000 		.4byte	.LFE118-.LFB118
 1039 0496 01       		.uleb128 0x1
 1040 0497 9C       		.byte	0x9c
 1041 0498 B0040000 		.4byte	0x4b0
 1042 049c 16       		.uleb128 0x16
 1043 049d 14000000 		.4byte	.LVL0
 1044 04a1 C6060000 		.4byte	0x6c6
 1045 04a5 17       		.uleb128 0x17
 1046 04a6 01       		.uleb128 0x1
 1047 04a7 50       		.byte	0x50
 1048 04a8 05       		.uleb128 0x5
 1049 04a9 03       		.byte	0x3
 1050 04aa 10000000 		.4byte	.LANCHOR0+16
 1051 04ae 00       		.byte	0
 1052 04af 00       		.byte	0
 1053 04b0 15       		.uleb128 0x15
 1054 04b1 08000000 		.4byte	.LASF72
 1055 04b5 01       		.byte	0x1
 1056 04b6 63       		.byte	0x63
 1057 04b7 00000000 		.4byte	.LFB119
 1058 04bb 14000000 		.4byte	.LFE119-.LFB119
 1059 04bf 01       		.uleb128 0x1
 1060 04c0 9C       		.byte	0x9c
 1061 04c1 14050000 		.4byte	0x514
 1062 04c5 18       		.uleb128 0x18
 1063 04c6 6E030000 		.4byte	.LASF73
 1064 04ca 01       		.byte	0x1
 1065 04cb 63       		.byte	0x63
 1066 04cc 15040000 		.4byte	0x415
 1067 04d0 00000000 		.4byte	.LLST0
 1068 04d4 19       		.uleb128 0x19
 1069 04d5 62756600 		.ascii	"buf\000"
 1070 04d9 01       		.byte	0x1
 1071 04da 63       		.byte	0x63
 1072 04db 82020000 		.4byte	0x282
 1073 04df 2E000000 		.4byte	.LLST1
 1074 04e3 18       		.uleb128 0x18
ARM GAS  /tmp/cccZKWEh.s 			page 20


 1075 04e4 69030000 		.4byte	.LASF65
 1076 04e8 01       		.byte	0x1
 1077 04e9 63       		.byte	0x63
 1078 04ea 2C000000 		.4byte	0x2c
 1079 04ee 4F000000 		.4byte	.LLST2
 1080 04f2 1A       		.uleb128 0x1a
 1081 04f3 687000   		.ascii	"hp\000"
 1082 04f6 01       		.byte	0x1
 1083 04f7 64       		.byte	0x64
 1084 04f8 0F040000 		.4byte	0x40f
 1085 04fc 7D000000 		.4byte	.LLST3
 1086 0500 16       		.uleb128 0x16
 1087 0501 14000000 		.4byte	.LVL5
 1088 0505 C6060000 		.4byte	0x6c6
 1089 0509 17       		.uleb128 0x17
 1090 050a 01       		.uleb128 0x1
 1091 050b 50       		.byte	0x50
 1092 050c 05       		.uleb128 0x5
 1093 050d F3       		.byte	0xf3
 1094 050e 01       		.uleb128 0x1
 1095 050f 50       		.byte	0x50
 1096 0510 23       		.byte	0x23
 1097 0511 10       		.uleb128 0x10
 1098 0512 00       		.byte	0
 1099 0513 00       		.byte	0
 1100 0514 1B       		.uleb128 0x1b
 1101 0515 85010000 		.4byte	.LASF75
 1102 0519 01       		.byte	0x1
 1103 051a 84       		.byte	0x84
 1104 051b 82020000 		.4byte	0x282
 1105 051f 00000000 		.4byte	.LFB120
 1106 0523 80000000 		.4byte	.LFE120-.LFB120
 1107 0527 01       		.uleb128 0x1
 1108 0528 9C       		.byte	0x9c
 1109 0529 AC050000 		.4byte	0x5ac
 1110 052d 18       		.uleb128 0x18
 1111 052e 6E030000 		.4byte	.LASF73
 1112 0532 01       		.byte	0x1
 1113 0533 84       		.byte	0x84
 1114 0534 15040000 		.4byte	0x415
 1115 0538 9E000000 		.4byte	.LLST4
 1116 053c 18       		.uleb128 0x18
 1117 053d 69030000 		.4byte	.LASF65
 1118 0541 01       		.byte	0x1
 1119 0542 84       		.byte	0x84
 1120 0543 2C000000 		.4byte	0x2c
 1121 0547 BC000000 		.4byte	.LLST5
 1122 054b 1A       		.uleb128 0x1a
 1123 054c 717000   		.ascii	"qp\000"
 1124 054f 01       		.byte	0x1
 1125 0550 85       		.byte	0x85
 1126 0551 0F040000 		.4byte	0x40f
 1127 0555 E7000000 		.4byte	.LLST6
 1128 0559 1A       		.uleb128 0x1a
 1129 055a 687000   		.ascii	"hp\000"
 1130 055d 01       		.byte	0x1
 1131 055e 85       		.byte	0x85
ARM GAS  /tmp/cccZKWEh.s 			page 21


 1132 055f 0F040000 		.4byte	0x40f
 1133 0563 10010000 		.4byte	.LLST7
 1134 0567 1A       		.uleb128 0x1a
 1135 0568 667000   		.ascii	"fp\000"
 1136 056b 01       		.byte	0x1
 1137 056c 85       		.byte	0x85
 1138 056d 0F040000 		.4byte	0x40f
 1139 0571 69010000 		.4byte	.LLST8
 1140 0575 1C       		.uleb128 0x1c
 1141 0576 1C000000 		.4byte	.LVL11
 1142 057a D7060000 		.4byte	0x6d7
 1143 057e 89050000 		.4byte	0x589
 1144 0582 17       		.uleb128 0x17
 1145 0583 01       		.uleb128 0x1
 1146 0584 50       		.byte	0x50
 1147 0585 02       		.uleb128 0x2
 1148 0586 76       		.byte	0x76
 1149 0587 10       		.sleb128 16
 1150 0588 00       		.byte	0
 1151 0589 1D       		.uleb128 0x1d
 1152 058a 30000000 		.4byte	.LVL15
 1153 058e E8060000 		.4byte	0x6e8
 1154 0592 1E       		.uleb128 0x1e
 1155 0593 3A000000 		.4byte	.LVL16
 1156 0597 A2050000 		.4byte	0x5a2
 1157 059b 17       		.uleb128 0x17
 1158 059c 01       		.uleb128 0x1
 1159 059d 50       		.byte	0x50
 1160 059e 02       		.uleb128 0x2
 1161 059f 75       		.byte	0x75
 1162 05a0 08       		.sleb128 8
 1163 05a1 00       		.byte	0
 1164 05a2 1D       		.uleb128 0x1d
 1165 05a3 5E000000 		.4byte	.LVL21
 1166 05a7 E8060000 		.4byte	0x6e8
 1167 05ab 00       		.byte	0
 1168 05ac 15       		.uleb128 0x15
 1169 05ad 2A030000 		.4byte	.LASF74
 1170 05b1 01       		.byte	0x1
 1171 05b2 C2       		.byte	0xc2
 1172 05b3 00000000 		.4byte	.LFB121
 1173 05b7 92000000 		.4byte	.LFE121-.LFB121
 1174 05bb 01       		.uleb128 0x1
 1175 05bc 9C       		.byte	0x9c
 1176 05bd 20060000 		.4byte	0x620
 1177 05c1 19       		.uleb128 0x19
 1178 05c2 7000     		.ascii	"p\000"
 1179 05c4 01       		.byte	0x1
 1180 05c5 C2       		.byte	0xc2
 1181 05c6 82020000 		.4byte	0x282
 1182 05ca 7C010000 		.4byte	.LLST9
 1183 05ce 1A       		.uleb128 0x1a
 1184 05cf 717000   		.ascii	"qp\000"
 1185 05d2 01       		.byte	0x1
 1186 05d3 C3       		.byte	0xc3
 1187 05d4 0F040000 		.4byte	0x40f
 1188 05d8 C1010000 		.4byte	.LLST10
ARM GAS  /tmp/cccZKWEh.s 			page 22


 1189 05dc 1A       		.uleb128 0x1a
 1190 05dd 687000   		.ascii	"hp\000"
 1191 05e0 01       		.byte	0x1
 1192 05e1 C3       		.byte	0xc3
 1193 05e2 0F040000 		.4byte	0x40f
 1194 05e6 F5010000 		.4byte	.LLST11
 1195 05ea 1F       		.uleb128 0x1f
 1196 05eb 6E030000 		.4byte	.LASF73
 1197 05ef 01       		.byte	0x1
 1198 05f0 C4       		.byte	0xc4
 1199 05f1 15040000 		.4byte	0x415
 1200 05f5 33020000 		.4byte	.LLST12
 1201 05f9 1C       		.uleb128 0x1c
 1202 05fa 16000000 		.4byte	.LVL31
 1203 05fe D7060000 		.4byte	0x6d7
 1204 0602 0D060000 		.4byte	0x60d
 1205 0606 17       		.uleb128 0x17
 1206 0607 01       		.uleb128 0x1
 1207 0608 50       		.byte	0x50
 1208 0609 02       		.uleb128 0x2
 1209 060a 75       		.byte	0x75
 1210 060b 08       		.sleb128 8
 1211 060c 00       		.byte	0
 1212 060d 20       		.uleb128 0x20
 1213 060e 5E000000 		.4byte	.LVL38
 1214 0612 E8060000 		.4byte	0x6e8
 1215 0616 20       		.uleb128 0x20
 1216 0617 92000000 		.4byte	.LVL40
 1217 061b E8060000 		.4byte	0x6e8
 1218 061f 00       		.byte	0
 1219 0620 1B       		.uleb128 0x1b
 1220 0621 67010000 		.4byte	.LASF76
 1221 0625 01       		.byte	0x1
 1222 0626 FA       		.byte	0xfa
 1223 0627 2C000000 		.4byte	0x2c
 1224 062b 00000000 		.4byte	.LFB122
 1225 062f 40000000 		.4byte	.LFE122-.LFB122
 1226 0633 01       		.uleb128 0x1
 1227 0634 9C       		.byte	0x9c
 1228 0635 9E060000 		.4byte	0x69e
 1229 0639 18       		.uleb128 0x18
 1230 063a 6E030000 		.4byte	.LASF73
 1231 063e 01       		.byte	0x1
 1232 063f FA       		.byte	0xfa
 1233 0640 15040000 		.4byte	0x415
 1234 0644 5F020000 		.4byte	.LLST13
 1235 0648 18       		.uleb128 0x18
 1236 0649 51030000 		.4byte	.LASF77
 1237 064d 01       		.byte	0x1
 1238 064e FA       		.byte	0xfa
 1239 064f 9E060000 		.4byte	0x69e
 1240 0653 C2020000 		.4byte	.LLST14
 1241 0657 1A       		.uleb128 0x1a
 1242 0658 717000   		.ascii	"qp\000"
 1243 065b 01       		.byte	0x1
 1244 065c FB       		.byte	0xfb
 1245 065d 0F040000 		.4byte	0x40f
ARM GAS  /tmp/cccZKWEh.s 			page 23


 1246 0661 E0020000 		.4byte	.LLST15
 1247 0665 1A       		.uleb128 0x1a
 1248 0666 6E00     		.ascii	"n\000"
 1249 0668 01       		.byte	0x1
 1250 0669 FC       		.byte	0xfc
 1251 066a 2C000000 		.4byte	0x2c
 1252 066e 40030000 		.4byte	.LLST16
 1253 0672 1A       		.uleb128 0x1a
 1254 0673 737A00   		.ascii	"sz\000"
 1255 0676 01       		.byte	0x1
 1256 0677 FC       		.byte	0xfc
 1257 0678 2C000000 		.4byte	0x2c
 1258 067c 83030000 		.4byte	.LLST17
 1259 0680 1C       		.uleb128 0x1c
 1260 0681 14000000 		.4byte	.LVL43
 1261 0685 D7060000 		.4byte	0x6d7
 1262 0689 94060000 		.4byte	0x694
 1263 068d 17       		.uleb128 0x17
 1264 068e 01       		.uleb128 0x1
 1265 068f 50       		.byte	0x50
 1266 0690 02       		.uleb128 0x2
 1267 0691 74       		.byte	0x74
 1268 0692 10       		.sleb128 16
 1269 0693 00       		.byte	0
 1270 0694 1D       		.uleb128 0x1d
 1271 0695 30000000 		.4byte	.LVL48
 1272 0699 E8060000 		.4byte	0x6e8
 1273 069d 00       		.byte	0
 1274 069e 09       		.uleb128 0x9
 1275 069f 04       		.byte	0x4
 1276 06a0 2C000000 		.4byte	0x2c
 1277 06a4 21       		.uleb128 0x21
 1278 06a5 91010000 		.4byte	.LASF78
 1279 06a9 01       		.byte	0x1
 1280 06aa 44       		.byte	0x44
 1281 06ab 93030000 		.4byte	0x393
 1282 06af 05       		.uleb128 0x5
 1283 06b0 03       		.byte	0x3
 1284 06b1 00000000 		.4byte	default_heap
 1285 06b5 22       		.uleb128 0x22
 1286 06b6 DE030000 		.4byte	.LASF85
 1287 06ba 0C       		.byte	0xc
 1288 06bb 9806     		.2byte	0x698
 1289 06bd C1060000 		.4byte	0x6c1
 1290 06c1 0D       		.uleb128 0xd
 1291 06c2 AD000000 		.4byte	0xad
 1292 06c6 23       		.uleb128 0x23
 1293 06c7 7B010000 		.4byte	.LASF79
 1294 06cb 09       		.byte	0x9
 1295 06cc 38       		.byte	0x38
 1296 06cd D7060000 		.4byte	0x6d7
 1297 06d1 0F       		.uleb128 0xf
 1298 06d2 81040000 		.4byte	0x481
 1299 06d6 00       		.byte	0
 1300 06d7 23       		.uleb128 0x23
 1301 06d8 35010000 		.4byte	.LASF80
 1302 06dc 09       		.byte	0x9
ARM GAS  /tmp/cccZKWEh.s 			page 24


 1303 06dd 39       		.byte	0x39
 1304 06de E8060000 		.4byte	0x6e8
 1305 06e2 0F       		.uleb128 0xf
 1306 06e3 81040000 		.4byte	0x481
 1307 06e7 00       		.byte	0
 1308 06e8 24       		.uleb128 0x24
 1309 06e9 AB020000 		.4byte	.LASF86
 1310 06ed 09       		.byte	0x9
 1311 06ee 3D       		.byte	0x3d
 1312 06ef 81040000 		.4byte	0x481
 1313 06f3 00       		.byte	0
 1314              		.section	.debug_abbrev,"",%progbits
 1315              	.Ldebug_abbrev0:
 1316 0000 01       		.uleb128 0x1
 1317 0001 11       		.uleb128 0x11
 1318 0002 01       		.byte	0x1
 1319 0003 25       		.uleb128 0x25
 1320 0004 0E       		.uleb128 0xe
 1321 0005 13       		.uleb128 0x13
 1322 0006 0B       		.uleb128 0xb
 1323 0007 03       		.uleb128 0x3
 1324 0008 0E       		.uleb128 0xe
 1325 0009 1B       		.uleb128 0x1b
 1326 000a 0E       		.uleb128 0xe
 1327 000b 55       		.uleb128 0x55
 1328 000c 17       		.uleb128 0x17
 1329 000d 11       		.uleb128 0x11
 1330 000e 01       		.uleb128 0x1
 1331 000f 10       		.uleb128 0x10
 1332 0010 17       		.uleb128 0x17
 1333 0011 00       		.byte	0
 1334 0012 00       		.byte	0
 1335 0013 02       		.uleb128 0x2
 1336 0014 24       		.uleb128 0x24
 1337 0015 00       		.byte	0
 1338 0016 0B       		.uleb128 0xb
 1339 0017 0B       		.uleb128 0xb
 1340 0018 3E       		.uleb128 0x3e
 1341 0019 0B       		.uleb128 0xb
 1342 001a 03       		.uleb128 0x3
 1343 001b 08       		.uleb128 0x8
 1344 001c 00       		.byte	0
 1345 001d 00       		.byte	0
 1346 001e 03       		.uleb128 0x3
 1347 001f 16       		.uleb128 0x16
 1348 0020 00       		.byte	0
 1349 0021 03       		.uleb128 0x3
 1350 0022 0E       		.uleb128 0xe
 1351 0023 3A       		.uleb128 0x3a
 1352 0024 0B       		.uleb128 0xb
 1353 0025 3B       		.uleb128 0x3b
 1354 0026 0B       		.uleb128 0xb
 1355 0027 49       		.uleb128 0x49
 1356 0028 13       		.uleb128 0x13
 1357 0029 00       		.byte	0
 1358 002a 00       		.byte	0
 1359 002b 04       		.uleb128 0x4
ARM GAS  /tmp/cccZKWEh.s 			page 25


 1360 002c 24       		.uleb128 0x24
 1361 002d 00       		.byte	0
 1362 002e 0B       		.uleb128 0xb
 1363 002f 0B       		.uleb128 0xb
 1364 0030 3E       		.uleb128 0x3e
 1365 0031 0B       		.uleb128 0xb
 1366 0032 03       		.uleb128 0x3
 1367 0033 0E       		.uleb128 0xe
 1368 0034 00       		.byte	0
 1369 0035 00       		.byte	0
 1370 0036 05       		.uleb128 0x5
 1371 0037 13       		.uleb128 0x13
 1372 0038 01       		.byte	0x1
 1373 0039 03       		.uleb128 0x3
 1374 003a 0E       		.uleb128 0xe
 1375 003b 0B       		.uleb128 0xb
 1376 003c 0B       		.uleb128 0xb
 1377 003d 3A       		.uleb128 0x3a
 1378 003e 0B       		.uleb128 0xb
 1379 003f 3B       		.uleb128 0x3b
 1380 0040 0B       		.uleb128 0xb
 1381 0041 01       		.uleb128 0x1
 1382 0042 13       		.uleb128 0x13
 1383 0043 00       		.byte	0
 1384 0044 00       		.byte	0
 1385 0045 06       		.uleb128 0x6
 1386 0046 0D       		.uleb128 0xd
 1387 0047 00       		.byte	0
 1388 0048 03       		.uleb128 0x3
 1389 0049 0E       		.uleb128 0xe
 1390 004a 3A       		.uleb128 0x3a
 1391 004b 0B       		.uleb128 0xb
 1392 004c 3B       		.uleb128 0x3b
 1393 004d 0B       		.uleb128 0xb
 1394 004e 49       		.uleb128 0x49
 1395 004f 13       		.uleb128 0x13
 1396 0050 38       		.uleb128 0x38
 1397 0051 0B       		.uleb128 0xb
 1398 0052 00       		.byte	0
 1399 0053 00       		.byte	0
 1400 0054 07       		.uleb128 0x7
 1401 0055 0D       		.uleb128 0xd
 1402 0056 00       		.byte	0
 1403 0057 03       		.uleb128 0x3
 1404 0058 08       		.uleb128 0x8
 1405 0059 3A       		.uleb128 0x3a
 1406 005a 0B       		.uleb128 0xb
 1407 005b 3B       		.uleb128 0x3b
 1408 005c 0B       		.uleb128 0xb
 1409 005d 49       		.uleb128 0x49
 1410 005e 13       		.uleb128 0x13
 1411 005f 38       		.uleb128 0x38
 1412 0060 0B       		.uleb128 0xb
 1413 0061 00       		.byte	0
 1414 0062 00       		.byte	0
 1415 0063 08       		.uleb128 0x8
 1416 0064 13       		.uleb128 0x13
ARM GAS  /tmp/cccZKWEh.s 			page 26


 1417 0065 01       		.byte	0x1
 1418 0066 0B       		.uleb128 0xb
 1419 0067 0B       		.uleb128 0xb
 1420 0068 3A       		.uleb128 0x3a
 1421 0069 0B       		.uleb128 0xb
 1422 006a 3B       		.uleb128 0x3b
 1423 006b 0B       		.uleb128 0xb
 1424 006c 01       		.uleb128 0x1
 1425 006d 13       		.uleb128 0x13
 1426 006e 00       		.byte	0
 1427 006f 00       		.byte	0
 1428 0070 09       		.uleb128 0x9
 1429 0071 0F       		.uleb128 0xf
 1430 0072 00       		.byte	0
 1431 0073 0B       		.uleb128 0xb
 1432 0074 0B       		.uleb128 0xb
 1433 0075 49       		.uleb128 0x49
 1434 0076 13       		.uleb128 0x13
 1435 0077 00       		.byte	0
 1436 0078 00       		.byte	0
 1437 0079 0A       		.uleb128 0xa
 1438 007a 0F       		.uleb128 0xf
 1439 007b 00       		.byte	0
 1440 007c 0B       		.uleb128 0xb
 1441 007d 0B       		.uleb128 0xb
 1442 007e 00       		.byte	0
 1443 007f 00       		.byte	0
 1444 0080 0B       		.uleb128 0xb
 1445 0081 13       		.uleb128 0x13
 1446 0082 01       		.byte	0x1
 1447 0083 03       		.uleb128 0x3
 1448 0084 0E       		.uleb128 0xe
 1449 0085 0B       		.uleb128 0xb
 1450 0086 0B       		.uleb128 0xb
 1451 0087 3A       		.uleb128 0x3a
 1452 0088 0B       		.uleb128 0xb
 1453 0089 3B       		.uleb128 0x3b
 1454 008a 05       		.uleb128 0x5
 1455 008b 01       		.uleb128 0x1
 1456 008c 13       		.uleb128 0x13
 1457 008d 00       		.byte	0
 1458 008e 00       		.byte	0
 1459 008f 0C       		.uleb128 0xc
 1460 0090 0D       		.uleb128 0xd
 1461 0091 00       		.byte	0
 1462 0092 03       		.uleb128 0x3
 1463 0093 08       		.uleb128 0x8
 1464 0094 3A       		.uleb128 0x3a
 1465 0095 0B       		.uleb128 0xb
 1466 0096 3B       		.uleb128 0x3b
 1467 0097 05       		.uleb128 0x5
 1468 0098 49       		.uleb128 0x49
 1469 0099 13       		.uleb128 0x13
 1470 009a 38       		.uleb128 0x38
 1471 009b 0B       		.uleb128 0xb
 1472 009c 00       		.byte	0
 1473 009d 00       		.byte	0
ARM GAS  /tmp/cccZKWEh.s 			page 27


 1474 009e 0D       		.uleb128 0xd
 1475 009f 35       		.uleb128 0x35
 1476 00a0 00       		.byte	0
 1477 00a1 49       		.uleb128 0x49
 1478 00a2 13       		.uleb128 0x13
 1479 00a3 00       		.byte	0
 1480 00a4 00       		.byte	0
 1481 00a5 0E       		.uleb128 0xe
 1482 00a6 15       		.uleb128 0x15
 1483 00a7 01       		.byte	0x1
 1484 00a8 27       		.uleb128 0x27
 1485 00a9 19       		.uleb128 0x19
 1486 00aa 49       		.uleb128 0x49
 1487 00ab 13       		.uleb128 0x13
 1488 00ac 01       		.uleb128 0x1
 1489 00ad 13       		.uleb128 0x13
 1490 00ae 00       		.byte	0
 1491 00af 00       		.byte	0
 1492 00b0 0F       		.uleb128 0xf
 1493 00b1 05       		.uleb128 0x5
 1494 00b2 00       		.byte	0
 1495 00b3 49       		.uleb128 0x49
 1496 00b4 13       		.uleb128 0x13
 1497 00b5 00       		.byte	0
 1498 00b6 00       		.byte	0
 1499 00b7 10       		.uleb128 0x10
 1500 00b8 17       		.uleb128 0x17
 1501 00b9 01       		.byte	0x1
 1502 00ba 0B       		.uleb128 0xb
 1503 00bb 0B       		.uleb128 0xb
 1504 00bc 3A       		.uleb128 0x3a
 1505 00bd 0B       		.uleb128 0xb
 1506 00be 3B       		.uleb128 0x3b
 1507 00bf 0B       		.uleb128 0xb
 1508 00c0 01       		.uleb128 0x1
 1509 00c1 13       		.uleb128 0x13
 1510 00c2 00       		.byte	0
 1511 00c3 00       		.byte	0
 1512 00c4 11       		.uleb128 0x11
 1513 00c5 0D       		.uleb128 0xd
 1514 00c6 00       		.byte	0
 1515 00c7 03       		.uleb128 0x3
 1516 00c8 0E       		.uleb128 0xe
 1517 00c9 3A       		.uleb128 0x3a
 1518 00ca 0B       		.uleb128 0xb
 1519 00cb 3B       		.uleb128 0x3b
 1520 00cc 0B       		.uleb128 0xb
 1521 00cd 49       		.uleb128 0x49
 1522 00ce 13       		.uleb128 0x13
 1523 00cf 00       		.byte	0
 1524 00d0 00       		.byte	0
 1525 00d1 12       		.uleb128 0x12
 1526 00d2 17       		.uleb128 0x17
 1527 00d3 01       		.byte	0x1
 1528 00d4 03       		.uleb128 0x3
 1529 00d5 0E       		.uleb128 0xe
 1530 00d6 0B       		.uleb128 0xb
ARM GAS  /tmp/cccZKWEh.s 			page 28


 1531 00d7 0B       		.uleb128 0xb
 1532 00d8 3A       		.uleb128 0x3a
 1533 00d9 0B       		.uleb128 0xb
 1534 00da 3B       		.uleb128 0x3b
 1535 00db 0B       		.uleb128 0xb
 1536 00dc 01       		.uleb128 0x1
 1537 00dd 13       		.uleb128 0x13
 1538 00de 00       		.byte	0
 1539 00df 00       		.byte	0
 1540 00e0 13       		.uleb128 0x13
 1541 00e1 0D       		.uleb128 0xd
 1542 00e2 00       		.byte	0
 1543 00e3 03       		.uleb128 0x3
 1544 00e4 08       		.uleb128 0x8
 1545 00e5 3A       		.uleb128 0x3a
 1546 00e6 0B       		.uleb128 0xb
 1547 00e7 3B       		.uleb128 0x3b
 1548 00e8 0B       		.uleb128 0xb
 1549 00e9 49       		.uleb128 0x49
 1550 00ea 13       		.uleb128 0x13
 1551 00eb 00       		.byte	0
 1552 00ec 00       		.byte	0
 1553 00ed 14       		.uleb128 0x14
 1554 00ee 26       		.uleb128 0x26
 1555 00ef 00       		.byte	0
 1556 00f0 49       		.uleb128 0x49
 1557 00f1 13       		.uleb128 0x13
 1558 00f2 00       		.byte	0
 1559 00f3 00       		.byte	0
 1560 00f4 15       		.uleb128 0x15
 1561 00f5 2E       		.uleb128 0x2e
 1562 00f6 01       		.byte	0x1
 1563 00f7 3F       		.uleb128 0x3f
 1564 00f8 19       		.uleb128 0x19
 1565 00f9 03       		.uleb128 0x3
 1566 00fa 0E       		.uleb128 0xe
 1567 00fb 3A       		.uleb128 0x3a
 1568 00fc 0B       		.uleb128 0xb
 1569 00fd 3B       		.uleb128 0x3b
 1570 00fe 0B       		.uleb128 0xb
 1571 00ff 27       		.uleb128 0x27
 1572 0100 19       		.uleb128 0x19
 1573 0101 11       		.uleb128 0x11
 1574 0102 01       		.uleb128 0x1
 1575 0103 12       		.uleb128 0x12
 1576 0104 06       		.uleb128 0x6
 1577 0105 40       		.uleb128 0x40
 1578 0106 18       		.uleb128 0x18
 1579 0107 9742     		.uleb128 0x2117
 1580 0109 19       		.uleb128 0x19
 1581 010a 01       		.uleb128 0x1
 1582 010b 13       		.uleb128 0x13
 1583 010c 00       		.byte	0
 1584 010d 00       		.byte	0
 1585 010e 16       		.uleb128 0x16
 1586 010f 898201   		.uleb128 0x4109
 1587 0112 01       		.byte	0x1
ARM GAS  /tmp/cccZKWEh.s 			page 29


 1588 0113 11       		.uleb128 0x11
 1589 0114 01       		.uleb128 0x1
 1590 0115 9542     		.uleb128 0x2115
 1591 0117 19       		.uleb128 0x19
 1592 0118 31       		.uleb128 0x31
 1593 0119 13       		.uleb128 0x13
 1594 011a 00       		.byte	0
 1595 011b 00       		.byte	0
 1596 011c 17       		.uleb128 0x17
 1597 011d 8A8201   		.uleb128 0x410a
 1598 0120 00       		.byte	0
 1599 0121 02       		.uleb128 0x2
 1600 0122 18       		.uleb128 0x18
 1601 0123 9142     		.uleb128 0x2111
 1602 0125 18       		.uleb128 0x18
 1603 0126 00       		.byte	0
 1604 0127 00       		.byte	0
 1605 0128 18       		.uleb128 0x18
 1606 0129 05       		.uleb128 0x5
 1607 012a 00       		.byte	0
 1608 012b 03       		.uleb128 0x3
 1609 012c 0E       		.uleb128 0xe
 1610 012d 3A       		.uleb128 0x3a
 1611 012e 0B       		.uleb128 0xb
 1612 012f 3B       		.uleb128 0x3b
 1613 0130 0B       		.uleb128 0xb
 1614 0131 49       		.uleb128 0x49
 1615 0132 13       		.uleb128 0x13
 1616 0133 02       		.uleb128 0x2
 1617 0134 17       		.uleb128 0x17
 1618 0135 00       		.byte	0
 1619 0136 00       		.byte	0
 1620 0137 19       		.uleb128 0x19
 1621 0138 05       		.uleb128 0x5
 1622 0139 00       		.byte	0
 1623 013a 03       		.uleb128 0x3
 1624 013b 08       		.uleb128 0x8
 1625 013c 3A       		.uleb128 0x3a
 1626 013d 0B       		.uleb128 0xb
 1627 013e 3B       		.uleb128 0x3b
 1628 013f 0B       		.uleb128 0xb
 1629 0140 49       		.uleb128 0x49
 1630 0141 13       		.uleb128 0x13
 1631 0142 02       		.uleb128 0x2
 1632 0143 17       		.uleb128 0x17
 1633 0144 00       		.byte	0
 1634 0145 00       		.byte	0
 1635 0146 1A       		.uleb128 0x1a
 1636 0147 34       		.uleb128 0x34
 1637 0148 00       		.byte	0
 1638 0149 03       		.uleb128 0x3
 1639 014a 08       		.uleb128 0x8
 1640 014b 3A       		.uleb128 0x3a
 1641 014c 0B       		.uleb128 0xb
 1642 014d 3B       		.uleb128 0x3b
 1643 014e 0B       		.uleb128 0xb
 1644 014f 49       		.uleb128 0x49
ARM GAS  /tmp/cccZKWEh.s 			page 30


 1645 0150 13       		.uleb128 0x13
 1646 0151 02       		.uleb128 0x2
 1647 0152 17       		.uleb128 0x17
 1648 0153 00       		.byte	0
 1649 0154 00       		.byte	0
 1650 0155 1B       		.uleb128 0x1b
 1651 0156 2E       		.uleb128 0x2e
 1652 0157 01       		.byte	0x1
 1653 0158 3F       		.uleb128 0x3f
 1654 0159 19       		.uleb128 0x19
 1655 015a 03       		.uleb128 0x3
 1656 015b 0E       		.uleb128 0xe
 1657 015c 3A       		.uleb128 0x3a
 1658 015d 0B       		.uleb128 0xb
 1659 015e 3B       		.uleb128 0x3b
 1660 015f 0B       		.uleb128 0xb
 1661 0160 27       		.uleb128 0x27
 1662 0161 19       		.uleb128 0x19
 1663 0162 49       		.uleb128 0x49
 1664 0163 13       		.uleb128 0x13
 1665 0164 11       		.uleb128 0x11
 1666 0165 01       		.uleb128 0x1
 1667 0166 12       		.uleb128 0x12
 1668 0167 06       		.uleb128 0x6
 1669 0168 40       		.uleb128 0x40
 1670 0169 18       		.uleb128 0x18
 1671 016a 9742     		.uleb128 0x2117
 1672 016c 19       		.uleb128 0x19
 1673 016d 01       		.uleb128 0x1
 1674 016e 13       		.uleb128 0x13
 1675 016f 00       		.byte	0
 1676 0170 00       		.byte	0
 1677 0171 1C       		.uleb128 0x1c
 1678 0172 898201   		.uleb128 0x4109
 1679 0175 01       		.byte	0x1
 1680 0176 11       		.uleb128 0x11
 1681 0177 01       		.uleb128 0x1
 1682 0178 31       		.uleb128 0x31
 1683 0179 13       		.uleb128 0x13
 1684 017a 01       		.uleb128 0x1
 1685 017b 13       		.uleb128 0x13
 1686 017c 00       		.byte	0
 1687 017d 00       		.byte	0
 1688 017e 1D       		.uleb128 0x1d
 1689 017f 898201   		.uleb128 0x4109
 1690 0182 00       		.byte	0
 1691 0183 11       		.uleb128 0x11
 1692 0184 01       		.uleb128 0x1
 1693 0185 31       		.uleb128 0x31
 1694 0186 13       		.uleb128 0x13
 1695 0187 00       		.byte	0
 1696 0188 00       		.byte	0
 1697 0189 1E       		.uleb128 0x1e
 1698 018a 898201   		.uleb128 0x4109
 1699 018d 01       		.byte	0x1
 1700 018e 11       		.uleb128 0x11
 1701 018f 01       		.uleb128 0x1
ARM GAS  /tmp/cccZKWEh.s 			page 31


 1702 0190 01       		.uleb128 0x1
 1703 0191 13       		.uleb128 0x13
 1704 0192 00       		.byte	0
 1705 0193 00       		.byte	0
 1706 0194 1F       		.uleb128 0x1f
 1707 0195 34       		.uleb128 0x34
 1708 0196 00       		.byte	0
 1709 0197 03       		.uleb128 0x3
 1710 0198 0E       		.uleb128 0xe
 1711 0199 3A       		.uleb128 0x3a
 1712 019a 0B       		.uleb128 0xb
 1713 019b 3B       		.uleb128 0x3b
 1714 019c 0B       		.uleb128 0xb
 1715 019d 49       		.uleb128 0x49
 1716 019e 13       		.uleb128 0x13
 1717 019f 02       		.uleb128 0x2
 1718 01a0 17       		.uleb128 0x17
 1719 01a1 00       		.byte	0
 1720 01a2 00       		.byte	0
 1721 01a3 20       		.uleb128 0x20
 1722 01a4 898201   		.uleb128 0x4109
 1723 01a7 00       		.byte	0
 1724 01a8 11       		.uleb128 0x11
 1725 01a9 01       		.uleb128 0x1
 1726 01aa 9542     		.uleb128 0x2115
 1727 01ac 19       		.uleb128 0x19
 1728 01ad 31       		.uleb128 0x31
 1729 01ae 13       		.uleb128 0x13
 1730 01af 00       		.byte	0
 1731 01b0 00       		.byte	0
 1732 01b1 21       		.uleb128 0x21
 1733 01b2 34       		.uleb128 0x34
 1734 01b3 00       		.byte	0
 1735 01b4 03       		.uleb128 0x3
 1736 01b5 0E       		.uleb128 0xe
 1737 01b6 3A       		.uleb128 0x3a
 1738 01b7 0B       		.uleb128 0xb
 1739 01b8 3B       		.uleb128 0x3b
 1740 01b9 0B       		.uleb128 0xb
 1741 01ba 49       		.uleb128 0x49
 1742 01bb 13       		.uleb128 0x13
 1743 01bc 02       		.uleb128 0x2
 1744 01bd 18       		.uleb128 0x18
 1745 01be 00       		.byte	0
 1746 01bf 00       		.byte	0
 1747 01c0 22       		.uleb128 0x22
 1748 01c1 34       		.uleb128 0x34
 1749 01c2 00       		.byte	0
 1750 01c3 03       		.uleb128 0x3
 1751 01c4 0E       		.uleb128 0xe
 1752 01c5 3A       		.uleb128 0x3a
 1753 01c6 0B       		.uleb128 0xb
 1754 01c7 3B       		.uleb128 0x3b
 1755 01c8 05       		.uleb128 0x5
 1756 01c9 49       		.uleb128 0x49
 1757 01ca 13       		.uleb128 0x13
 1758 01cb 3F       		.uleb128 0x3f
ARM GAS  /tmp/cccZKWEh.s 			page 32


 1759 01cc 19       		.uleb128 0x19
 1760 01cd 3C       		.uleb128 0x3c
 1761 01ce 19       		.uleb128 0x19
 1762 01cf 00       		.byte	0
 1763 01d0 00       		.byte	0
 1764 01d1 23       		.uleb128 0x23
 1765 01d2 2E       		.uleb128 0x2e
 1766 01d3 01       		.byte	0x1
 1767 01d4 3F       		.uleb128 0x3f
 1768 01d5 19       		.uleb128 0x19
 1769 01d6 03       		.uleb128 0x3
 1770 01d7 0E       		.uleb128 0xe
 1771 01d8 3A       		.uleb128 0x3a
 1772 01d9 0B       		.uleb128 0xb
 1773 01da 3B       		.uleb128 0x3b
 1774 01db 0B       		.uleb128 0xb
 1775 01dc 27       		.uleb128 0x27
 1776 01dd 19       		.uleb128 0x19
 1777 01de 3C       		.uleb128 0x3c
 1778 01df 19       		.uleb128 0x19
 1779 01e0 01       		.uleb128 0x1
 1780 01e1 13       		.uleb128 0x13
 1781 01e2 00       		.byte	0
 1782 01e3 00       		.byte	0
 1783 01e4 24       		.uleb128 0x24
 1784 01e5 2E       		.uleb128 0x2e
 1785 01e6 00       		.byte	0
 1786 01e7 3F       		.uleb128 0x3f
 1787 01e8 19       		.uleb128 0x19
 1788 01e9 03       		.uleb128 0x3
 1789 01ea 0E       		.uleb128 0xe
 1790 01eb 3A       		.uleb128 0x3a
 1791 01ec 0B       		.uleb128 0xb
 1792 01ed 3B       		.uleb128 0x3b
 1793 01ee 0B       		.uleb128 0xb
 1794 01ef 27       		.uleb128 0x27
 1795 01f0 19       		.uleb128 0x19
 1796 01f1 49       		.uleb128 0x49
 1797 01f2 13       		.uleb128 0x13
 1798 01f3 3C       		.uleb128 0x3c
 1799 01f4 19       		.uleb128 0x19
 1800 01f5 00       		.byte	0
 1801 01f6 00       		.byte	0
 1802 01f7 00       		.byte	0
 1803              		.section	.debug_loc,"",%progbits
 1804              	.Ldebug_loc0:
 1805              	.LLST0:
 1806 0000 00000000 		.4byte	.LVL1
 1807 0004 0C000000 		.4byte	.LVL4
 1808 0008 0100     		.2byte	0x1
 1809 000a 50       		.byte	0x50
 1810 000b 0C000000 		.4byte	.LVL4
 1811 000f 13000000 		.4byte	.LVL5-1
 1812 0013 0300     		.2byte	0x3
 1813 0015 70       		.byte	0x70
 1814 0016 70       		.sleb128 -16
 1815 0017 9F       		.byte	0x9f
ARM GAS  /tmp/cccZKWEh.s 			page 33


 1816 0018 13000000 		.4byte	.LVL5-1
 1817 001c 14000000 		.4byte	.LFE119
 1818 0020 0400     		.2byte	0x4
 1819 0022 F3       		.byte	0xf3
 1820 0023 01       		.uleb128 0x1
 1821 0024 50       		.byte	0x50
 1822 0025 9F       		.byte	0x9f
 1823 0026 00000000 		.4byte	0
 1824 002a 00000000 		.4byte	0
 1825              	.LLST1:
 1826 002e 00000000 		.4byte	.LVL1
 1827 0032 13000000 		.4byte	.LVL5-1
 1828 0036 0100     		.2byte	0x1
 1829 0038 51       		.byte	0x51
 1830 0039 13000000 		.4byte	.LVL5-1
 1831 003d 14000000 		.4byte	.LFE119
 1832 0041 0400     		.2byte	0x4
 1833 0043 F3       		.byte	0xf3
 1834 0044 01       		.uleb128 0x1
 1835 0045 51       		.byte	0x51
 1836 0046 9F       		.byte	0x9f
 1837 0047 00000000 		.4byte	0
 1838 004b 00000000 		.4byte	0
 1839              	.LLST2:
 1840 004f 00000000 		.4byte	.LVL1
 1841 0053 04000000 		.4byte	.LVL2
 1842 0057 0100     		.2byte	0x1
 1843 0059 52       		.byte	0x52
 1844 005a 04000000 		.4byte	.LVL2
 1845 005e 13000000 		.4byte	.LVL5-1
 1846 0062 0300     		.2byte	0x3
 1847 0064 72       		.byte	0x72
 1848 0065 08       		.sleb128 8
 1849 0066 9F       		.byte	0x9f
 1850 0067 13000000 		.4byte	.LVL5-1
 1851 006b 14000000 		.4byte	.LFE119
 1852 006f 0400     		.2byte	0x4
 1853 0071 F3       		.byte	0xf3
 1854 0072 01       		.uleb128 0x1
 1855 0073 52       		.byte	0x52
 1856 0074 9F       		.byte	0x9f
 1857 0075 00000000 		.4byte	0
 1858 0079 00000000 		.4byte	0
 1859              	.LLST3:
 1860 007d 08000000 		.4byte	.LVL3
 1861 0081 13000000 		.4byte	.LVL5-1
 1862 0085 0100     		.2byte	0x1
 1863 0087 51       		.byte	0x51
 1864 0088 13000000 		.4byte	.LVL5-1
 1865 008c 14000000 		.4byte	.LFE119
 1866 0090 0400     		.2byte	0x4
 1867 0092 F3       		.byte	0xf3
 1868 0093 01       		.uleb128 0x1
 1869 0094 51       		.byte	0x51
 1870 0095 9F       		.byte	0x9f
 1871 0096 00000000 		.4byte	0
 1872 009a 00000000 		.4byte	0
ARM GAS  /tmp/cccZKWEh.s 			page 34


 1873              	.LLST4:
 1874 009e 00000000 		.4byte	.LVL6
 1875 00a2 0A000000 		.4byte	.LVL7
 1876 00a6 0100     		.2byte	0x1
 1877 00a8 50       		.byte	0x50
 1878 00a9 0A000000 		.4byte	.LVL7
 1879 00ad 80000000 		.4byte	.LFE120
 1880 00b1 0100     		.2byte	0x1
 1881 00b3 56       		.byte	0x56
 1882 00b4 00000000 		.4byte	0
 1883 00b8 00000000 		.4byte	0
 1884              	.LLST5:
 1885 00bc 00000000 		.4byte	.LVL6
 1886 00c0 0C000000 		.4byte	.LVL8
 1887 00c4 0100     		.2byte	0x1
 1888 00c6 51       		.byte	0x51
 1889 00c7 0C000000 		.4byte	.LVL8
 1890 00cb 14000000 		.4byte	.LVL9
 1891 00cf 0300     		.2byte	0x3
 1892 00d1 71       		.byte	0x71
 1893 00d2 79       		.sleb128 -7
 1894 00d3 9F       		.byte	0x9f
 1895 00d4 14000000 		.4byte	.LVL9
 1896 00d8 80000000 		.4byte	.LFE120
 1897 00dc 0100     		.2byte	0x1
 1898 00de 55       		.byte	0x55
 1899 00df 00000000 		.4byte	0
 1900 00e3 00000000 		.4byte	0
 1901              	.LLST6:
 1902 00e7 18000000 		.4byte	.LVL10
 1903 00eb 44000000 		.4byte	.LVL18
 1904 00ef 0100     		.2byte	0x1
 1905 00f1 54       		.byte	0x54
 1906 00f2 48000000 		.4byte	.LVL19
 1907 00f6 56000000 		.4byte	.LVL20
 1908 00fa 0100     		.2byte	0x1
 1909 00fc 54       		.byte	0x54
 1910 00fd 62000000 		.4byte	.LVL22
 1911 0101 7A000000 		.4byte	.LVL25
 1912 0105 0100     		.2byte	0x1
 1913 0107 54       		.byte	0x54
 1914 0108 00000000 		.4byte	0
 1915 010c 00000000 		.4byte	0
 1916              	.LLST7:
 1917 0110 1E000000 		.4byte	.LVL12
 1918 0114 26000000 		.4byte	.LVL13
 1919 0118 0100     		.2byte	0x1
 1920 011a 53       		.byte	0x53
 1921 011b 28000000 		.4byte	.LVL14
 1922 011f 2F000000 		.4byte	.LVL15-1
 1923 0123 0100     		.2byte	0x1
 1924 0125 53       		.byte	0x53
 1925 0126 3A000000 		.4byte	.LVL16
 1926 012a 40000000 		.4byte	.LVL17
 1927 012e 0100     		.2byte	0x1
 1928 0130 50       		.byte	0x50
 1929 0131 40000000 		.4byte	.LVL17
ARM GAS  /tmp/cccZKWEh.s 			page 35


 1930 0135 44000000 		.4byte	.LVL18
 1931 0139 0300     		.2byte	0x3
 1932 013b 70       		.byte	0x70
 1933 013c 08       		.sleb128 8
 1934 013d 9F       		.byte	0x9f
 1935 013e 48000000 		.4byte	.LVL19
 1936 0142 5D000000 		.4byte	.LVL21-1
 1937 0146 0100     		.2byte	0x1
 1938 0148 53       		.byte	0x53
 1939 0149 5D000000 		.4byte	.LVL21-1
 1940 014d 62000000 		.4byte	.LVL22
 1941 0151 0300     		.2byte	0x3
 1942 0153 74       		.byte	0x74
 1943 0154 78       		.sleb128 -8
 1944 0155 9F       		.byte	0x9f
 1945 0156 62000000 		.4byte	.LVL22
 1946 015a 78000000 		.4byte	.LVL24
 1947 015e 0100     		.2byte	0x1
 1948 0160 53       		.byte	0x53
 1949 0161 00000000 		.4byte	0
 1950 0165 00000000 		.4byte	0
 1951              	.LLST8:
 1952 0169 6A000000 		.4byte	.LVL23
 1953 016d 78000000 		.4byte	.LVL24
 1954 0171 0100     		.2byte	0x1
 1955 0173 57       		.byte	0x57
 1956 0174 00000000 		.4byte	0
 1957 0178 00000000 		.4byte	0
 1958              	.LLST9:
 1959 017c 00000000 		.4byte	.LVL26
 1960 0180 0C000000 		.4byte	.LVL28
 1961 0184 0100     		.2byte	0x1
 1962 0186 50       		.byte	0x50
 1963 0187 0C000000 		.4byte	.LVL28
 1964 018b 5A000000 		.4byte	.LVL37
 1965 018f 0100     		.2byte	0x1
 1966 0191 56       		.byte	0x56
 1967 0192 5A000000 		.4byte	.LVL37
 1968 0196 5E000000 		.4byte	.LVL38
 1969 019a 0400     		.2byte	0x4
 1970 019c F3       		.byte	0xf3
 1971 019d 01       		.uleb128 0x1
 1972 019e 50       		.byte	0x50
 1973 019f 9F       		.byte	0x9f
 1974 01a0 5E000000 		.4byte	.LVL38
 1975 01a4 8E000000 		.4byte	.LVL39
 1976 01a8 0100     		.2byte	0x1
 1977 01aa 56       		.byte	0x56
 1978 01ab 8E000000 		.4byte	.LVL39
 1979 01af 92000000 		.4byte	.LFE121
 1980 01b3 0400     		.2byte	0x4
 1981 01b5 F3       		.byte	0xf3
 1982 01b6 01       		.uleb128 0x1
 1983 01b7 50       		.byte	0x50
 1984 01b8 9F       		.byte	0x9f
 1985 01b9 00000000 		.4byte	0
 1986 01bd 00000000 		.4byte	0
ARM GAS  /tmp/cccZKWEh.s 			page 36


 1987              	.LLST10:
 1988 01c1 10000000 		.4byte	.LVL29
 1989 01c5 18000000 		.4byte	.LVL32
 1990 01c9 0100     		.2byte	0x1
 1991 01cb 55       		.byte	0x55
 1992 01cc 18000000 		.4byte	.LVL32
 1993 01d0 30000000 		.4byte	.LVL34
 1994 01d4 0100     		.2byte	0x1
 1995 01d6 53       		.byte	0x53
 1996 01d7 32000000 		.4byte	.LVL35
 1997 01db 5D000000 		.4byte	.LVL38-1
 1998 01df 0100     		.2byte	0x1
 1999 01e1 53       		.byte	0x53
 2000 01e2 5E000000 		.4byte	.LVL38
 2001 01e6 91000000 		.4byte	.LVL40-1
 2002 01ea 0100     		.2byte	0x1
 2003 01ec 53       		.byte	0x53
 2004 01ed 00000000 		.4byte	0
 2005 01f1 00000000 		.4byte	0
 2006              	.LLST11:
 2007 01f5 08000000 		.4byte	.LVL27
 2008 01f9 5A000000 		.4byte	.LVL37
 2009 01fd 0100     		.2byte	0x1
 2010 01ff 54       		.byte	0x54
 2011 0200 5A000000 		.4byte	.LVL37
 2012 0204 5E000000 		.4byte	.LVL38
 2013 0208 0600     		.2byte	0x6
 2014 020a F3       		.byte	0xf3
 2015 020b 01       		.uleb128 0x1
 2016 020c 50       		.byte	0x50
 2017 020d 38       		.byte	0x38
 2018 020e 1C       		.byte	0x1c
 2019 020f 9F       		.byte	0x9f
 2020 0210 5E000000 		.4byte	.LVL38
 2021 0214 8E000000 		.4byte	.LVL39
 2022 0218 0100     		.2byte	0x1
 2023 021a 54       		.byte	0x54
 2024 021b 8E000000 		.4byte	.LVL39
 2025 021f 92000000 		.4byte	.LFE121
 2026 0223 0600     		.2byte	0x6
 2027 0225 F3       		.byte	0xf3
 2028 0226 01       		.uleb128 0x1
 2029 0227 50       		.byte	0x50
 2030 0228 38       		.byte	0x38
 2031 0229 1C       		.byte	0x1c
 2032 022a 9F       		.byte	0x9f
 2033 022b 00000000 		.4byte	0
 2034 022f 00000000 		.4byte	0
 2035              	.LLST12:
 2036 0233 0C000000 		.4byte	.LVL28
 2037 0237 12000000 		.4byte	.LVL30
 2038 023b 0100     		.2byte	0x1
 2039 023d 50       		.byte	0x50
 2040 023e 12000000 		.4byte	.LVL30
 2041 0242 15000000 		.4byte	.LVL31-1
 2042 0246 0200     		.2byte	0x2
 2043 0248 74       		.byte	0x74
ARM GAS  /tmp/cccZKWEh.s 			page 37


 2044 0249 00       		.sleb128 0
 2045 024a 15000000 		.4byte	.LVL31-1
 2046 024e 44000000 		.4byte	.LVL36
 2047 0252 0300     		.2byte	0x3
 2048 0254 75       		.byte	0x75
 2049 0255 78       		.sleb128 -8
 2050 0256 9F       		.byte	0x9f
 2051 0257 00000000 		.4byte	0
 2052 025b 00000000 		.4byte	0
 2053              	.LLST13:
 2054 025f 00000000 		.4byte	.LVL41
 2055 0263 0A000000 		.4byte	.LVL42
 2056 0267 0100     		.2byte	0x1
 2057 0269 50       		.byte	0x50
 2058 026a 0A000000 		.4byte	.LVL42
 2059 026e 1C000000 		.4byte	.LVL44
 2060 0272 0100     		.2byte	0x1
 2061 0274 54       		.byte	0x54
 2062 0275 1C000000 		.4byte	.LVL44
 2063 0279 34000000 		.4byte	.LVL49
 2064 027d 1300     		.2byte	0x13
 2065 027f F3       		.byte	0xf3
 2066 0280 01       		.uleb128 0x1
 2067 0281 50       		.byte	0x50
 2068 0282 03       		.byte	0x3
 2069 0283 00000000 		.4byte	.LANCHOR0
 2070 0287 F3       		.byte	0xf3
 2071 0288 01       		.uleb128 0x1
 2072 0289 50       		.byte	0x50
 2073 028a 30       		.byte	0x30
 2074 028b 2E       		.byte	0x2e
 2075 028c 28       		.byte	0x28
 2076 028d 0100     		.2byte	0x1
 2077 028f 16       		.byte	0x16
 2078 0290 13       		.byte	0x13
 2079 0291 9F       		.byte	0x9f
 2080 0292 34000000 		.4byte	.LVL49
 2081 0296 38000000 		.4byte	.LVL50
 2082 029a 0100     		.2byte	0x1
 2083 029c 54       		.byte	0x54
 2084 029d 38000000 		.4byte	.LVL50
 2085 02a1 40000000 		.4byte	.LFE122
 2086 02a5 1300     		.2byte	0x13
 2087 02a7 F3       		.byte	0xf3
 2088 02a8 01       		.uleb128 0x1
 2089 02a9 50       		.byte	0x50
 2090 02aa 03       		.byte	0x3
 2091 02ab 00000000 		.4byte	.LANCHOR0
 2092 02af F3       		.byte	0xf3
 2093 02b0 01       		.uleb128 0x1
 2094 02b1 50       		.byte	0x50
 2095 02b2 30       		.byte	0x30
 2096 02b3 2E       		.byte	0x2e
 2097 02b4 28       		.byte	0x28
 2098 02b5 0100     		.2byte	0x1
 2099 02b7 16       		.byte	0x16
 2100 02b8 13       		.byte	0x13
ARM GAS  /tmp/cccZKWEh.s 			page 38


 2101 02b9 9F       		.byte	0x9f
 2102 02ba 00000000 		.4byte	0
 2103 02be 00000000 		.4byte	0
 2104              	.LLST14:
 2105 02c2 00000000 		.4byte	.LVL41
 2106 02c6 13000000 		.4byte	.LVL43-1
 2107 02ca 0100     		.2byte	0x1
 2108 02cc 51       		.byte	0x51
 2109 02cd 13000000 		.4byte	.LVL43-1
 2110 02d1 40000000 		.4byte	.LFE122
 2111 02d5 0100     		.2byte	0x1
 2112 02d7 55       		.byte	0x55
 2113 02d8 00000000 		.4byte	0
 2114 02dc 00000000 		.4byte	0
 2115              	.LLST15:
 2116 02e0 14000000 		.4byte	.LVL43
 2117 02e4 1C000000 		.4byte	.LVL44
 2118 02e8 0300     		.2byte	0x3
 2119 02ea 74       		.byte	0x74
 2120 02eb 08       		.sleb128 8
 2121 02ec 9F       		.byte	0x9f
 2122 02ed 1C000000 		.4byte	.LVL44
 2123 02f1 24000000 		.4byte	.LVL46
 2124 02f5 1500     		.2byte	0x15
 2125 02f7 F3       		.byte	0xf3
 2126 02f8 01       		.uleb128 0x1
 2127 02f9 50       		.byte	0x50
 2128 02fa 03       		.byte	0x3
 2129 02fb 00000000 		.4byte	.LANCHOR0
 2130 02ff F3       		.byte	0xf3
 2131 0300 01       		.uleb128 0x1
 2132 0301 50       		.byte	0x50
 2133 0302 30       		.byte	0x30
 2134 0303 2E       		.byte	0x2e
 2135 0304 28       		.byte	0x28
 2136 0305 0100     		.2byte	0x1
 2137 0307 16       		.byte	0x16
 2138 0308 13       		.byte	0x13
 2139 0309 23       		.byte	0x23
 2140 030a 08       		.uleb128 0x8
 2141 030b 9F       		.byte	0x9f
 2142 030c 34000000 		.4byte	.LVL49
 2143 0310 38000000 		.4byte	.LVL50
 2144 0314 0300     		.2byte	0x3
 2145 0316 74       		.byte	0x74
 2146 0317 08       		.sleb128 8
 2147 0318 9F       		.byte	0x9f
 2148 0319 38000000 		.4byte	.LVL50
 2149 031d 40000000 		.4byte	.LFE122
 2150 0321 1500     		.2byte	0x15
 2151 0323 F3       		.byte	0xf3
 2152 0324 01       		.uleb128 0x1
 2153 0325 50       		.byte	0x50
 2154 0326 03       		.byte	0x3
 2155 0327 00000000 		.4byte	.LANCHOR0
 2156 032b F3       		.byte	0xf3
 2157 032c 01       		.uleb128 0x1
ARM GAS  /tmp/cccZKWEh.s 			page 39


 2158 032d 50       		.byte	0x50
 2159 032e 30       		.byte	0x30
 2160 032f 2E       		.byte	0x2e
 2161 0330 28       		.byte	0x28
 2162 0331 0100     		.2byte	0x1
 2163 0333 16       		.byte	0x16
 2164 0334 13       		.byte	0x13
 2165 0335 23       		.byte	0x23
 2166 0336 08       		.uleb128 0x8
 2167 0337 9F       		.byte	0x9f
 2168 0338 00000000 		.4byte	0
 2169 033c 00000000 		.4byte	0
 2170              	.LLST16:
 2171 0340 14000000 		.4byte	.LVL43
 2172 0344 1C000000 		.4byte	.LVL44
 2173 0348 0200     		.2byte	0x2
 2174 034a 30       		.byte	0x30
 2175 034b 9F       		.byte	0x9f
 2176 034c 1C000000 		.4byte	.LVL44
 2177 0350 22000000 		.4byte	.LVL45
 2178 0354 0100     		.2byte	0x1
 2179 0356 54       		.byte	0x54
 2180 0357 22000000 		.4byte	.LVL45
 2181 035b 24000000 		.4byte	.LVL46
 2182 035f 0300     		.2byte	0x3
 2183 0361 74       		.byte	0x74
 2184 0362 7F       		.sleb128 -1
 2185 0363 9F       		.byte	0x9f
 2186 0364 24000000 		.4byte	.LVL46
 2187 0368 28000000 		.4byte	.LVL47
 2188 036c 0100     		.2byte	0x1
 2189 036e 54       		.byte	0x54
 2190 036f 34000000 		.4byte	.LVL49
 2191 0373 40000000 		.4byte	.LFE122
 2192 0377 0200     		.2byte	0x2
 2193 0379 30       		.byte	0x30
 2194 037a 9F       		.byte	0x9f
 2195 037b 00000000 		.4byte	0
 2196 037f 00000000 		.4byte	0
 2197              	.LLST17:
 2198 0383 14000000 		.4byte	.LVL43
 2199 0387 1C000000 		.4byte	.LVL44
 2200 038b 0200     		.2byte	0x2
 2201 038d 30       		.byte	0x30
 2202 038e 9F       		.byte	0x9f
 2203 038f 1C000000 		.4byte	.LVL44
 2204 0393 28000000 		.4byte	.LVL47
 2205 0397 0100     		.2byte	0x1
 2206 0399 52       		.byte	0x52
 2207 039a 34000000 		.4byte	.LVL49
 2208 039e 40000000 		.4byte	.LFE122
 2209 03a2 0200     		.2byte	0x2
 2210 03a4 30       		.byte	0x30
 2211 03a5 9F       		.byte	0x9f
 2212 03a6 00000000 		.4byte	0
 2213 03aa 00000000 		.4byte	0
 2214              		.section	.debug_aranges,"",%progbits
ARM GAS  /tmp/cccZKWEh.s 			page 40


 2215 0000 3C000000 		.4byte	0x3c
 2216 0004 0200     		.2byte	0x2
 2217 0006 00000000 		.4byte	.Ldebug_info0
 2218 000a 04       		.byte	0x4
 2219 000b 00       		.byte	0
 2220 000c 0000     		.2byte	0
 2221 000e 0000     		.2byte	0
 2222 0010 00000000 		.4byte	.LFB118
 2223 0014 1C000000 		.4byte	.LFE118-.LFB118
 2224 0018 00000000 		.4byte	.LFB119
 2225 001c 14000000 		.4byte	.LFE119-.LFB119
 2226 0020 00000000 		.4byte	.LFB120
 2227 0024 80000000 		.4byte	.LFE120-.LFB120
 2228 0028 00000000 		.4byte	.LFB121
 2229 002c 92000000 		.4byte	.LFE121-.LFB121
 2230 0030 00000000 		.4byte	.LFB122
 2231 0034 40000000 		.4byte	.LFE122-.LFB122
 2232 0038 00000000 		.4byte	0
 2233 003c 00000000 		.4byte	0
 2234              		.section	.debug_ranges,"",%progbits
 2235              	.Ldebug_ranges0:
 2236 0000 00000000 		.4byte	.LFB118
 2237 0004 1C000000 		.4byte	.LFE118
 2238 0008 00000000 		.4byte	.LFB119
 2239 000c 14000000 		.4byte	.LFE119
 2240 0010 00000000 		.4byte	.LFB120
 2241 0014 80000000 		.4byte	.LFE120
 2242 0018 00000000 		.4byte	.LFB121
 2243 001c 92000000 		.4byte	.LFE121
 2244 0020 00000000 		.4byte	.LFB122
 2245 0024 40000000 		.4byte	.LFE122
 2246 0028 00000000 		.4byte	0
 2247 002c 00000000 		.4byte	0
 2248              		.section	.debug_line,"",%progbits
 2249              	.Ldebug_line0:
 2250 0000 6C020000 		.section	.debug_str,"MS",%progbits,1
 2250      02008001 
 2250      00000201 
 2250      FB0E0D00 
 2250      01010101 
 2251              	.LASF21:
 2252 0000 74726566 		.ascii	"trefs_t\000"
 2252      735F7400 
 2253              	.LASF72:
 2254 0008 63684865 		.ascii	"chHeapInit\000"
 2254      6170496E 
 2254      697400
 2255              	.LASF81:
 2256 0013 474E5520 		.ascii	"GNU C 4.8.3 20140820 (release) -mcpu=cortex-m4 -mno"
 2256      4320342E 
 2256      382E3320 
 2256      32303134 
 2256      30383230 
 2257 0046 2D746875 		.ascii	"-thumb-interwork -mthumb -ggdb -O2 -fomit-frame-poi"
 2257      6D622D69 
 2257      6E746572 
 2257      776F726B 
ARM GAS  /tmp/cccZKWEh.s 			page 41


 2257      202D6D74 
 2258 0079 6E746572 		.ascii	"nter -falign-functions=16 -ffunction-sections -fdat"
 2258      202D6661 
 2258      6C69676E 
 2258      2D66756E 
 2258      6374696F 
 2259 00ac 612D7365 		.ascii	"a-sections -fno-common\000"
 2259      6374696F 
 2259      6E73202D 
 2259      666E6F2D 
 2259      636F6D6D 
 2260              	.LASF46:
 2261 00c3 54687265 		.ascii	"ThreadsList\000"
 2261      6164734C 
 2261      69737400 
 2262              	.LASF5:
 2263 00cf 73686F72 		.ascii	"short int\000"
 2263      7420696E 
 2263      7400
 2264              	.LASF2:
 2265 00d9 73697A65 		.ascii	"size_t\000"
 2265      5F7400
 2266              	.LASF55:
 2267 00e0 6D5F6E65 		.ascii	"m_next\000"
 2267      787400
 2268              	.LASF47:
 2269 00e7 73697A65 		.ascii	"sizetype\000"
 2269      74797065 
 2269      00
 2270              	.LASF28:
 2271 00f0 705F7072 		.ascii	"p_prev\000"
 2271      657600
 2272              	.LASF11:
 2273 00f7 6C6F6E67 		.ascii	"long long int\000"
 2273      206C6F6E 
 2273      6720696E 
 2273      7400
 2274              	.LASF9:
 2275 0105 5F5F7569 		.ascii	"__uint32_t\000"
 2275      6E743332 
 2275      5F7400
 2276              	.LASF24:
 2277 0110 6576656E 		.ascii	"eventmask_t\000"
 2277      746D6173 
 2277      6B5F7400 
 2278              	.LASF39:
 2279 011c 705F6D73 		.ascii	"p_msgqueue\000"
 2279      67717565 
 2279      756500
 2280              	.LASF29:
 2281 0127 705F7072 		.ascii	"p_prio\000"
 2281      696F00
 2282              	.LASF27:
 2283 012e 705F6E65 		.ascii	"p_next\000"
 2283      787400
 2284              	.LASF80:
 2285 0135 63684D74 		.ascii	"chMtxLock\000"
ARM GAS  /tmp/cccZKWEh.s 			page 42


 2285      784C6F63 
 2285      6B00
 2286              	.LASF41:
 2287 013f 705F6570 		.ascii	"p_epending\000"
 2287      656E6469 
 2287      6E6700
 2288              	.LASF48:
 2289 014a 72656761 		.ascii	"regarm_t\000"
 2289      726D5F74 
 2289      00
 2290              	.LASF14:
 2291 0153 75696E74 		.ascii	"uint8_t\000"
 2291      385F7400 
 2292              	.LASF63:
 2293 015b 68656170 		.ascii	"heap\000"
 2293      00
 2294              	.LASF37:
 2295 0160 705F7469 		.ascii	"p_time\000"
 2295      6D6500
 2296              	.LASF76:
 2297 0167 63684865 		.ascii	"chHeapStatus\000"
 2297      61705374 
 2297      61747573 
 2297      00
 2298              	.LASF26:
 2299 0174 54687265 		.ascii	"Thread\000"
 2299      616400
 2300              	.LASF79:
 2301 017b 63684D74 		.ascii	"chMtxInit\000"
 2301      78496E69 
 2301      7400
 2302              	.LASF75:
 2303 0185 63684865 		.ascii	"chHeapAlloc\000"
 2303      6170416C 
 2303      6C6F6300 
 2304              	.LASF78:
 2305 0191 64656661 		.ascii	"default_heap\000"
 2305      756C745F 
 2305      68656170 
 2305      00
 2306              	.LASF22:
 2307 019e 74707269 		.ascii	"tprio_t\000"
 2307      6F5F7400 
 2308              	.LASF8:
 2309 01a6 6C6F6E67 		.ascii	"long int\000"
 2309      20696E74 
 2309      00
 2310              	.LASF52:
 2311 01af 4D757465 		.ascii	"Mutex\000"
 2311      7800
 2312              	.LASF53:
 2313 01b5 6D5F7175 		.ascii	"m_queue\000"
 2313      65756500 
 2314              	.LASF3:
 2315 01bd 5F5F7569 		.ascii	"__uint8_t\000"
 2315      6E74385F 
 2315      7400
ARM GAS  /tmp/cccZKWEh.s 			page 43


 2316              	.LASF51:
 2317 01c7 636F6E74 		.ascii	"context\000"
 2317      65787400 
 2318              	.LASF17:
 2319 01cf 75696E74 		.ascii	"uint64_t\000"
 2319      36345F74 
 2319      00
 2320              	.LASF82:
 2321 01d8 2E2E2F2E 		.ascii	"../../os/kernel/src/chheap.c\000"
 2321      2E2F6F73 
 2321      2F6B6572 
 2321      6E656C2F 
 2321      7372632F 
 2322              	.LASF40:
 2323 01f5 705F6D73 		.ascii	"p_msg\000"
 2323      6700
 2324              	.LASF57:
 2325 01fb 4D656D6F 		.ascii	"MemoryHeap\000"
 2325      72794865 
 2325      617000
 2326              	.LASF19:
 2327 0206 746D6F64 		.ascii	"tmode_t\000"
 2327      655F7400 
 2328              	.LASF4:
 2329 020e 756E7369 		.ascii	"unsigned char\000"
 2329      676E6564 
 2329      20636861 
 2329      7200
 2330              	.LASF83:
 2331 021c 2F706F6F 		.ascii	"/pool/prototipi/git/tiva-chibios2_6/demos/RT-TM4C12"
 2331      6C2F7072 
 2331      6F746F74 
 2331      6970692F 
 2331      6769742F 
 2332 024f 39342D4C 		.ascii	"94-LAUNCHPAD\000"
 2332      41554E43 
 2332      48504144 
 2332      00
 2333              	.LASF69:
 2334 025c 65776D61 		.ascii	"ewmask\000"
 2334      736B00
 2335              	.LASF1:
 2336 0263 7369676E 		.ascii	"signed char\000"
 2336      65642063 
 2336      68617200 
 2337              	.LASF31:
 2338 026f 705F6E65 		.ascii	"p_newer\000"
 2338      77657200 
 2339              	.LASF13:
 2340 0277 6C6F6E67 		.ascii	"long long unsigned int\000"
 2340      206C6F6E 
 2340      6720756E 
 2340      7369676E 
 2340      65642069 
 2341              	.LASF60:
 2342 028e 685F6672 		.ascii	"h_free\000"
 2342      656500
ARM GAS  /tmp/cccZKWEh.s 			page 44


 2343              	.LASF16:
 2344 0295 75696E74 		.ascii	"uint32_t\000"
 2344      33325F74 
 2344      00
 2345              	.LASF56:
 2346 029e 6D656D67 		.ascii	"memgetfunc_t\000"
 2346      65746675 
 2346      6E635F74 
 2346      00
 2347              	.LASF86:
 2348 02ab 63684D74 		.ascii	"chMtxUnlock\000"
 2348      78556E6C 
 2348      6F636B00 
 2349              	.LASF44:
 2350 02b7 705F6D70 		.ascii	"p_mpool\000"
 2350      6F6F6C00 
 2351              	.LASF6:
 2352 02bf 73686F72 		.ascii	"short unsigned int\000"
 2352      7420756E 
 2352      7369676E 
 2352      65642069 
 2352      6E7400
 2353              	.LASF35:
 2354 02d2 705F666C 		.ascii	"p_flags\000"
 2354      61677300 
 2355              	.LASF43:
 2356 02da 705F7265 		.ascii	"p_realprio\000"
 2356      616C7072 
 2356      696F00
 2357              	.LASF25:
 2358 02e5 73797374 		.ascii	"systime_t\000"
 2358      696D655F 
 2358      7400
 2359              	.LASF70:
 2360 02ef 63686172 		.ascii	"char\000"
 2360      00
 2361              	.LASF33:
 2362 02f4 705F6E61 		.ascii	"p_name\000"
 2362      6D6500
 2363              	.LASF15:
 2364 02fb 696E7433 		.ascii	"int32_t\000"
 2364      325F7400 
 2365              	.LASF34:
 2366 0303 705F7374 		.ascii	"p_state\000"
 2366      61746500 
 2367              	.LASF45:
 2368 030b 54687265 		.ascii	"ThreadsQueue\000"
 2368      61647351 
 2368      75657565 
 2368      00
 2369              	.LASF18:
 2370 0318 5F426F6F 		.ascii	"_Bool\000"
 2370      6C00
 2371              	.LASF58:
 2372 031e 6D656D6F 		.ascii	"memory_heap\000"
 2372      72795F68 
 2372      65617000 
ARM GAS  /tmp/cccZKWEh.s 			page 45


 2373              	.LASF74:
 2374 032a 63684865 		.ascii	"chHeapFree\000"
 2374      61704672 
 2374      656500
 2375              	.LASF12:
 2376 0335 5F5F7569 		.ascii	"__uint64_t\000"
 2376      6E743634 
 2376      5F7400
 2377              	.LASF42:
 2378 0340 705F6D74 		.ascii	"p_mtxlist\000"
 2378      786C6973 
 2378      7400
 2379              	.LASF50:
 2380 034a 696E7463 		.ascii	"intctx\000"
 2380      747800
 2381              	.LASF77:
 2382 0351 73697A65 		.ascii	"sizep\000"
 2382      7000
 2383              	.LASF10:
 2384 0357 6C6F6E67 		.ascii	"long unsigned int\000"
 2384      20756E73 
 2384      69676E65 
 2384      6420696E 
 2384      7400
 2385              	.LASF65:
 2386 0369 73697A65 		.ascii	"size\000"
 2386      00
 2387              	.LASF73:
 2388 036e 68656170 		.ascii	"heapp\000"
 2388      7000
 2389              	.LASF7:
 2390 0374 5F5F696E 		.ascii	"__int32_t\000"
 2390      7433325F 
 2390      7400
 2391              	.LASF64:
 2392 037e 616C6967 		.ascii	"align\000"
 2392      6E00
 2393              	.LASF68:
 2394 0384 77746F62 		.ascii	"wtobjp\000"
 2394      6A7000
 2395              	.LASF20:
 2396 038b 74737461 		.ascii	"tstate_t\000"
 2396      74655F74 
 2396      00
 2397              	.LASF49:
 2398 0394 73746B61 		.ascii	"stkalign_t\000"
 2398      6C69676E 
 2398      5F7400
 2399              	.LASF67:
 2400 039f 65786974 		.ascii	"exitcode\000"
 2400      636F6465 
 2400      00
 2401              	.LASF59:
 2402 03a8 685F7072 		.ascii	"h_provider\000"
 2402      6F766964 
 2402      657200
 2403              	.LASF84:
ARM GAS  /tmp/cccZKWEh.s 			page 46


 2404 03b3 68656170 		.ascii	"heap_header\000"
 2404      5F686561 
 2404      64657200 
 2405              	.LASF32:
 2406 03bf 705F6F6C 		.ascii	"p_older\000"
 2406      64657200 
 2407              	.LASF38:
 2408 03c7 705F7761 		.ascii	"p_waiting\000"
 2408      6974696E 
 2408      6700
 2409              	.LASF36:
 2410 03d1 705F7265 		.ascii	"p_refs\000"
 2410      667300
 2411              	.LASF30:
 2412 03d8 705F6374 		.ascii	"p_ctx\000"
 2412      7800
 2413              	.LASF85:
 2414 03de 49544D5F 		.ascii	"ITM_RxBuffer\000"
 2414      52784275 
 2414      66666572 
 2414      00
 2415              	.LASF0:
 2416 03eb 756E7369 		.ascii	"unsigned int\000"
 2416      676E6564 
 2416      20696E74 
 2416      00
 2417              	.LASF54:
 2418 03f8 6D5F6F77 		.ascii	"m_owner\000"
 2418      6E657200 
 2419              	.LASF66:
 2420 0400 7264796D 		.ascii	"rdymsg\000"
 2420      736700
 2421              	.LASF61:
 2422 0407 685F6D74 		.ascii	"h_mtx\000"
 2422      7800
 2423              	.LASF23:
 2424 040d 6D73675F 		.ascii	"msg_t\000"
 2424      7400
 2425              	.LASF62:
 2426 0413 6E657874 		.ascii	"next\000"
 2426      00
 2427              	.LASF71:
 2428 0418 5F686561 		.ascii	"_heap_init\000"
 2428      705F696E 
 2428      697400
 2429              		.ident	"GCC: (4.8.3-9+11) 4.8.3 20140820 (release)"
ARM GAS  /tmp/cccZKWEh.s 			page 47


DEFINED SYMBOLS
                            *ABS*:0000000000000000 chheap.c
     /tmp/cccZKWEh.s:19     .text._heap_init:0000000000000000 $t
     /tmp/cccZKWEh.s:25     .text._heap_init:0000000000000000 _heap_init
     /tmp/cccZKWEh.s:50     .text._heap_init:0000000000000014 $d
     /tmp/cccZKWEh.s:56     .text.chHeapInit:0000000000000000 $t
     /tmp/cccZKWEh.s:62     .text.chHeapInit:0000000000000000 chHeapInit
     /tmp/cccZKWEh.s:96     .text.chHeapAlloc:0000000000000000 $t
     /tmp/cccZKWEh.s:102    .text.chHeapAlloc:0000000000000000 chHeapAlloc
     /tmp/cccZKWEh.s:226    .text.chHeapAlloc:000000000000007c $d
     /tmp/cccZKWEh.s:231    .text.chHeapFree:0000000000000000 $t
     /tmp/cccZKWEh.s:237    .text.chHeapFree:0000000000000000 chHeapFree
     /tmp/cccZKWEh.s:358    .text.chHeapStatus:0000000000000000 $t
     /tmp/cccZKWEh.s:364    .text.chHeapStatus:0000000000000000 chHeapStatus
     /tmp/cccZKWEh.s:435    .text.chHeapStatus:000000000000003c $d
     /tmp/cccZKWEh.s:440    .bss.default_heap:0000000000000000 $d
     /tmp/cccZKWEh.s:444    .bss.default_heap:0000000000000000 default_heap
                     .debug_frame:0000000000000010 $d
     /tmp/cccZKWEh.s:55     .text._heap_init:000000000000001c $t

UNDEFINED SYMBOLS
chMtxInit
chCoreAlloc
chMtxLock
chMtxUnlock
