ARM GAS  /tmp/ccRtzVO7.s 			page 1


   1              		.syntax unified
   2              		.cpu cortex-m4
   3              		.fpu softvfp
   4              		.eabi_attribute 20, 1
   5              		.eabi_attribute 21, 1
   6              		.eabi_attribute 23, 3
   7              		.eabi_attribute 24, 1
   8              		.eabi_attribute 25, 1
   9              		.eabi_attribute 26, 1
  10              		.eabi_attribute 30, 2
  11              		.eabi_attribute 34, 1
  12              		.eabi_attribute 18, 4
  13              		.thumb
  14              		.file	"chregistry.c"
  15              		.text
  16              	.Ltext0:
  17              		.cfi_sections	.debug_frame
  18              		.section	.text.chRegFirstThread,"ax",%progbits
  19              		.align	2
  20              		.p2align 4,,15
  21              		.global	chRegFirstThread
  22              		.thumb
  23              		.thumb_func
  24              		.type	chRegFirstThread, %function
  25              	chRegFirstThread:
  26              	.LFB118:
  27              		.file 1 "../../os/kernel/src/chregistry.c"
  28              		.loc 1 117 0
  29              		.cfi_startproc
  30              		@ args = 0, pretend = 0, frame = 0
  31              		@ frame_needed = 0, uses_anonymous_args = 0
  32              		@ link register save eliminated.
  33              	.LBB2:
  34              		.loc 1 120 0
  35 0000 4023     		movs	r3, #64
  36              	@ 120 "../../os/kernel/src/chregistry.c" 1
  37 0002 83F31188 		msr     BASEPRI, r3
  38              	@ 0 "" 2
  39              		.thumb
  40              	.LBE2:
  41              		.loc 1 121 0
  42 0006 044B     		ldr	r3, .L2
  43 0008 1869     		ldr	r0, [r3, #16]
  44              	.LVL0:
  45              		.loc 1 123 0
  46 000a 837F     		ldrb	r3, [r0, #30]	@ zero_extendqisi2
  47 000c 0133     		adds	r3, r3, #1
  48 000e 8377     		strb	r3, [r0, #30]
  49              	.LBB3:
  50              		.loc 1 125 0
  51 0010 0023     		movs	r3, #0
  52              	@ 125 "../../os/kernel/src/chregistry.c" 1
  53 0012 83F31188 		msr     BASEPRI, r3
  54              	@ 0 "" 2
  55              		.thumb
  56              	.LBE3:
  57              		.loc 1 127 0
ARM GAS  /tmp/ccRtzVO7.s 			page 2


  58 0016 7047     		bx	lr
  59              	.L3:
  60              		.align	2
  61              	.L2:
  62 0018 00000000 		.word	rlist
  63              		.cfi_endproc
  64              	.LFE118:
  65              		.size	chRegFirstThread, .-chRegFirstThread
  66 001c AFF30080 		.section	.text.chRegNextThread,"ax",%progbits
  67              		.align	2
  68              		.p2align 4,,15
  69              		.global	chRegNextThread
  70              		.thumb
  71              		.thumb_func
  72              		.type	chRegNextThread, %function
  73              	chRegNextThread:
  74              	.LFB119:
  75              		.loc 1 140 0
  76              		.cfi_startproc
  77              		@ args = 0, pretend = 0, frame = 0
  78              		@ frame_needed = 0, uses_anonymous_args = 0
  79              	.LVL1:
  80 0000 10B5     		push	{r4, lr}
  81              		.cfi_def_cfa_offset 8
  82              		.cfi_offset 4, -8
  83              		.cfi_offset 14, -4
  84              	.LBB4:
  85              		.loc 1 143 0
  86 0002 4023     		movs	r3, #64
  87              	@ 143 "../../os/kernel/src/chregistry.c" 1
  88 0004 83F31188 		msr     BASEPRI, r3
  89              	@ 0 "" 2
  90              		.thumb
  91              	.LBE4:
  92              		.loc 1 145 0
  93 0008 074B     		ldr	r3, .L7
  94              		.loc 1 144 0
  95 000a 0469     		ldr	r4, [r0, #16]
  96              	.LVL2:
  97              		.loc 1 145 0
  98 000c 9C42     		cmp	r4, r3
  99              		.loc 1 151 0
 100 000e 1DBF     		ittte	ne
 101 0010 A37F     		ldrbne	r3, [r4, #30]	@ zero_extendqisi2
 102 0012 0133     		addne	r3, r3, #1
 103 0014 A377     		strbne	r3, [r4, #30]
 104              		.loc 1 146 0
 105 0016 0024     		moveq	r4, #0
 106              	.LVL3:
 107              	.LBB5:
 108              		.loc 1 154 0
 109 0018 0023     		movs	r3, #0
 110              	@ 154 "../../os/kernel/src/chregistry.c" 1
 111 001a 83F31188 		msr     BASEPRI, r3
 112              	@ 0 "" 2
 113              		.thumb
 114              	.LBE5:
ARM GAS  /tmp/ccRtzVO7.s 			page 3


 115              		.loc 1 156 0
 116 001e FFF7FEFF 		bl	chThdRelease
 117              	.LVL4:
 118              		.loc 1 159 0
 119 0022 2046     		mov	r0, r4
 120 0024 10BD     		pop	{r4, pc}
 121              	.LVL5:
 122              	.L8:
 123 0026 00BF     		.align	2
 124              	.L7:
 125 0028 00000000 		.word	rlist
 126              		.cfi_endproc
 127              	.LFE119:
 128              		.size	chRegNextThread, .-chRegNextThread
 129              		.global	ch_debug
 130 002c AFF30080 		.section	.rodata.ch_debug,"a",%progbits
 131              		.align	2
 132              		.type	ch_debug, %object
 133              		.size	ch_debug, 22
 134              	ch_debug:
 135 0000 6D61696E 		.ascii	"main"
 136 0004 00       		.byte	0
 137 0005 16       		.byte	22
 138 0006 8611     		.short	4486
 139 0008 04       		.byte	4
 140 0009 04       		.byte	4
 141 000a 48       		.byte	72
 142 000b 08       		.byte	8
 143 000c 0C       		.byte	12
 144 000d 10       		.byte	16
 145 000e 14       		.byte	20
 146 000f 18       		.byte	24
 147 0010 00       		.byte	0
 148 0011 1C       		.byte	28
 149 0012 1D       		.byte	29
 150 0013 1E       		.byte	30
 151 0014 00       		.byte	0
 152 0015 20       		.byte	32
 153 0016 0000     		.text
 154              	.Letext0:
 155              		.file 2 "/usr/lib/gcc/arm-none-eabi/4.8/include/stddef.h"
 156              		.file 3 "/usr/include/newlib/machine/_default_types.h"
 157              		.file 4 "/usr/include/newlib/stdint.h"
 158              		.file 5 "../../os/ports/GCC/ARMCMx/chtypes.h"
 159              		.file 6 "../../os/kernel/include/chlists.h"
 160              		.file 7 "../../os/kernel/include/chthreads.h"
 161              		.file 8 "../../os/ports/GCC/ARMCMx/chcore_v7m.h"
 162              		.file 9 "../../os/kernel/include/chschd.h"
 163              		.file 10 "../../os/kernel/include/chmtx.h"
 164              		.file 11 "../../os/kernel/include/chregistry.h"
 165              		.file 12 "../../os/ports/common/ARMCMx/CMSIS/include/core_cm4.h"
 166              		.file 13 "../../os/kernel/include/chdynamic.h"
 167              		.section	.debug_info,"",%progbits
 168              	.Ldebug_info0:
 169 0000 1F060000 		.4byte	0x61f
 170 0004 0400     		.2byte	0x4
 171 0006 00000000 		.4byte	.Ldebug_abbrev0
ARM GAS  /tmp/ccRtzVO7.s 			page 4


 172 000a 04       		.byte	0x4
 173 000b 01       		.uleb128 0x1
 174 000c 08000000 		.4byte	.LASF91
 175 0010 01       		.byte	0x1
 176 0011 84040000 		.4byte	.LASF92
 177 0015 F8020000 		.4byte	.LASF93
 178 0019 00000000 		.4byte	.Ldebug_ranges0+0
 179 001d 00000000 		.4byte	0
 180 0021 00000000 		.4byte	.Ldebug_line0
 181 0025 02       		.uleb128 0x2
 182 0026 04       		.byte	0x4
 183 0027 05       		.byte	0x5
 184 0028 696E7400 		.ascii	"int\000"
 185 002c 03       		.uleb128 0x3
 186 002d CE000000 		.4byte	.LASF2
 187 0031 02       		.byte	0x2
 188 0032 D4       		.byte	0xd4
 189 0033 37000000 		.4byte	0x37
 190 0037 04       		.uleb128 0x4
 191 0038 04       		.byte	0x4
 192 0039 07       		.byte	0x7
 193 003a C7020000 		.4byte	.LASF0
 194 003e 04       		.uleb128 0x4
 195 003f 01       		.byte	0x1
 196 0040 06       		.byte	0x6
 197 0041 B4010000 		.4byte	.LASF1
 198 0045 03       		.uleb128 0x3
 199 0046 2B020000 		.4byte	.LASF3
 200 004a 03       		.byte	0x3
 201 004b 1D       		.byte	0x1d
 202 004c 50000000 		.4byte	0x50
 203 0050 04       		.uleb128 0x4
 204 0051 01       		.byte	0x1
 205 0052 08       		.byte	0x8
 206 0053 79020000 		.4byte	.LASF4
 207 0057 04       		.uleb128 0x4
 208 0058 02       		.byte	0x2
 209 0059 05       		.byte	0x5
 210 005a C4000000 		.4byte	.LASF5
 211 005e 03       		.uleb128 0x3
 212 005f 11010000 		.4byte	.LASF6
 213 0063 03       		.byte	0x3
 214 0064 2B       		.byte	0x2b
 215 0065 69000000 		.4byte	0x69
 216 0069 04       		.uleb128 0x4
 217 006a 02       		.byte	0x2
 218 006b 07       		.byte	0x7
 219 006c 97030000 		.4byte	.LASF7
 220 0070 03       		.uleb128 0x3
 221 0071 F4030000 		.4byte	.LASF8
 222 0075 03       		.byte	0x3
 223 0076 3F       		.byte	0x3f
 224 0077 7B000000 		.4byte	0x7b
 225 007b 04       		.uleb128 0x4
 226 007c 04       		.byte	0x4
 227 007d 05       		.byte	0x5
 228 007e FC010000 		.4byte	.LASF9
ARM GAS  /tmp/ccRtzVO7.s 			page 5


 229 0082 03       		.uleb128 0x3
 230 0083 1C010000 		.4byte	.LASF10
 231 0087 03       		.byte	0x3
 232 0088 41       		.byte	0x41
 233 0089 8D000000 		.4byte	0x8d
 234 008d 04       		.uleb128 0x4
 235 008e 04       		.byte	0x4
 236 008f 07       		.byte	0x7
 237 0090 E2030000 		.4byte	.LASF11
 238 0094 04       		.uleb128 0x4
 239 0095 08       		.byte	0x8
 240 0096 05       		.byte	0x5
 241 0097 E6010000 		.4byte	.LASF12
 242 009b 04       		.uleb128 0x4
 243 009c 08       		.byte	0x8
 244 009d 07       		.byte	0x7
 245 009e A7020000 		.4byte	.LASF13
 246 00a2 03       		.uleb128 0x3
 247 00a3 77010000 		.4byte	.LASF14
 248 00a7 04       		.byte	0x4
 249 00a8 2A       		.byte	0x2a
 250 00a9 45000000 		.4byte	0x45
 251 00ad 03       		.uleb128 0x3
 252 00ae D4020000 		.4byte	.LASF15
 253 00b2 04       		.byte	0x4
 254 00b3 36       		.byte	0x36
 255 00b4 5E000000 		.4byte	0x5e
 256 00b8 03       		.uleb128 0x3
 257 00b9 7C030000 		.4byte	.LASF16
 258 00bd 04       		.byte	0x4
 259 00be 41       		.byte	0x41
 260 00bf 70000000 		.4byte	0x70
 261 00c3 03       		.uleb128 0x3
 262 00c4 BE020000 		.4byte	.LASF17
 263 00c8 04       		.byte	0x4
 264 00c9 42       		.byte	0x42
 265 00ca 82000000 		.4byte	0x82
 266 00ce 04       		.uleb128 0x4
 267 00cf 01       		.byte	0x1
 268 00d0 02       		.byte	0x2
 269 00d1 B7030000 		.4byte	.LASF18
 270 00d5 03       		.uleb128 0x3
 271 00d6 DE010000 		.4byte	.LASF19
 272 00da 05       		.byte	0x5
 273 00db 2C       		.byte	0x2c
 274 00dc A2000000 		.4byte	0xa2
 275 00e0 03       		.uleb128 0x3
 276 00e1 D9030000 		.4byte	.LASF20
 277 00e5 05       		.byte	0x5
 278 00e6 2D       		.byte	0x2d
 279 00e7 A2000000 		.4byte	0xa2
 280 00eb 03       		.uleb128 0x3
 281 00ec 00000000 		.4byte	.LASF21
 282 00f0 05       		.byte	0x5
 283 00f1 2E       		.byte	0x2e
 284 00f2 A2000000 		.4byte	0xa2
 285 00f6 03       		.uleb128 0x3
ARM GAS  /tmp/ccRtzVO7.s 			page 6


 286 00f7 F4010000 		.4byte	.LASF22
 287 00fb 05       		.byte	0x5
 288 00fc 30       		.byte	0x30
 289 00fd C3000000 		.4byte	0xc3
 290 0101 03       		.uleb128 0x3
 291 0102 A5040000 		.4byte	.LASF23
 292 0106 05       		.byte	0x5
 293 0107 31       		.byte	0x31
 294 0108 B8000000 		.4byte	0xb8
 295 010c 03       		.uleb128 0x3
 296 010d 27010000 		.4byte	.LASF24
 297 0111 05       		.byte	0x5
 298 0112 33       		.byte	0x33
 299 0113 C3000000 		.4byte	0xc3
 300 0117 03       		.uleb128 0x3
 301 0118 66030000 		.4byte	.LASF25
 302 011c 05       		.byte	0x5
 303 011d 35       		.byte	0x35
 304 011e C3000000 		.4byte	0xc3
 305 0122 03       		.uleb128 0x3
 306 0123 27040000 		.4byte	.LASF26
 307 0127 06       		.byte	0x6
 308 0128 2A       		.byte	0x2a
 309 0129 2D010000 		.4byte	0x12d
 310 012d 05       		.uleb128 0x5
 311 012e 27040000 		.4byte	.LASF26
 312 0132 48       		.byte	0x48
 313 0133 07       		.byte	0x7
 314 0134 5E       		.byte	0x5e
 315 0135 1E020000 		.4byte	0x21e
 316 0139 06       		.uleb128 0x6
 317 013a 45010000 		.4byte	.LASF27
 318 013e 07       		.byte	0x7
 319 013f 5F       		.byte	0x5f
 320 0140 3F020000 		.4byte	0x23f
 321 0144 00       		.byte	0
 322 0145 06       		.uleb128 0x6
 323 0146 04010000 		.4byte	.LASF28
 324 014a 07       		.byte	0x7
 325 014b 61       		.byte	0x61
 326 014c 3F020000 		.4byte	0x23f
 327 0150 04       		.byte	0x4
 328 0151 06       		.uleb128 0x6
 329 0152 3E010000 		.4byte	.LASF29
 330 0156 07       		.byte	0x7
 331 0157 63       		.byte	0x63
 332 0158 F6000000 		.4byte	0xf6
 333 015c 08       		.byte	0x8
 334 015d 06       		.uleb128 0x6
 335 015e 53040000 		.4byte	.LASF30
 336 0162 07       		.byte	0x7
 337 0163 64       		.byte	0x64
 338 0164 00030000 		.4byte	0x300
 339 0168 0C       		.byte	0xc
 340 0169 06       		.uleb128 0x6
 341 016a 9F020000 		.4byte	.LASF31
 342 016e 07       		.byte	0x7
ARM GAS  /tmp/ccRtzVO7.s 			page 7


 343 016f 66       		.byte	0x66
 344 0170 3F020000 		.4byte	0x23f
 345 0174 10       		.byte	0x10
 346 0175 06       		.uleb128 0x6
 347 0176 37040000 		.4byte	.LASF32
 348 017a 07       		.byte	0x7
 349 017b 67       		.byte	0x67
 350 017c 3F020000 		.4byte	0x23f
 351 0180 14       		.byte	0x14
 352 0181 06       		.uleb128 0x6
 353 0182 75030000 		.4byte	.LASF33
 354 0186 07       		.byte	0x7
 355 0187 6E       		.byte	0x6e
 356 0188 F9030000 		.4byte	0x3f9
 357 018c 18       		.byte	0x18
 358 018d 06       		.uleb128 0x6
 359 018e 8F030000 		.4byte	.LASF34
 360 0192 07       		.byte	0x7
 361 0193 79       		.byte	0x79
 362 0194 E0000000 		.4byte	0xe0
 363 0198 1C       		.byte	0x1c
 364 0199 06       		.uleb128 0x6
 365 019a 53030000 		.4byte	.LASF35
 366 019e 07       		.byte	0x7
 367 019f 7D       		.byte	0x7d
 368 01a0 D5000000 		.4byte	0xd5
 369 01a4 1D       		.byte	0x1d
 370 01a5 06       		.uleb128 0x6
 371 01a6 4C040000 		.4byte	.LASF36
 372 01aa 07       		.byte	0x7
 373 01ab 82       		.byte	0x82
 374 01ac EB000000 		.4byte	0xeb
 375 01b0 1E       		.byte	0x1e
 376 01b1 06       		.uleb128 0x6
 377 01b2 9A010000 		.4byte	.LASF37
 378 01b6 07       		.byte	0x7
 379 01b7 8F       		.byte	0x8f
 380 01b8 21030000 		.4byte	0x321
 381 01bc 20       		.byte	0x20
 382 01bd 07       		.uleb128 0x7
 383 01be 705F7500 		.ascii	"p_u\000"
 384 01c2 07       		.byte	0x7
 385 01c3 B4       		.byte	0xb4
 386 01c4 C4030000 		.4byte	0x3c4
 387 01c8 24       		.byte	0x24
 388 01c9 06       		.uleb128 0x6
 389 01ca BD030000 		.4byte	.LASF38
 390 01ce 07       		.byte	0x7
 391 01cf B9       		.byte	0xb9
 392 01d0 65020000 		.4byte	0x265
 393 01d4 28       		.byte	0x28
 394 01d5 06       		.uleb128 0x6
 395 01d6 33010000 		.4byte	.LASF39
 396 01da 07       		.byte	0x7
 397 01db BF       		.byte	0xbf
 398 01dc 45020000 		.4byte	0x245
 399 01e0 2C       		.byte	0x2c
ARM GAS  /tmp/ccRtzVO7.s 			page 8


 400 01e1 06       		.uleb128 0x6
 401 01e2 47020000 		.4byte	.LASF40
 402 01e6 07       		.byte	0x7
 403 01e7 C3       		.byte	0xc3
 404 01e8 01010000 		.4byte	0x101
 405 01ec 34       		.byte	0x34
 406 01ed 06       		.uleb128 0x6
 407 01ee 63010000 		.4byte	.LASF41
 408 01f2 07       		.byte	0x7
 409 01f3 C9       		.byte	0xc9
 410 01f4 0C010000 		.4byte	0x10c
 411 01f8 38       		.byte	0x38
 412 01f9 06       		.uleb128 0x6
 413 01fa 4C010000 		.4byte	.LASF42
 414 01fe 07       		.byte	0x7
 415 01ff D0       		.byte	0xd0
 416 0200 0B040000 		.4byte	0x40b
 417 0204 3C       		.byte	0x3c
 418 0205 06       		.uleb128 0x6
 419 0206 5B030000 		.4byte	.LASF43
 420 020a 07       		.byte	0x7
 421 020b D4       		.byte	0xd4
 422 020c F6000000 		.4byte	0xf6
 423 0210 40       		.byte	0x40
 424 0211 06       		.uleb128 0x6
 425 0212 43030000 		.4byte	.LASF44
 426 0216 07       		.byte	0x7
 427 0217 DA       		.byte	0xda
 428 0218 82020000 		.4byte	0x282
 429 021c 44       		.byte	0x44
 430 021d 00       		.byte	0
 431 021e 08       		.uleb128 0x8
 432 021f 08       		.byte	0x8
 433 0220 06       		.byte	0x6
 434 0221 61       		.byte	0x61
 435 0222 3F020000 		.4byte	0x23f
 436 0226 06       		.uleb128 0x6
 437 0227 45010000 		.4byte	.LASF27
 438 022b 06       		.byte	0x6
 439 022c 62       		.byte	0x62
 440 022d 3F020000 		.4byte	0x23f
 441 0231 00       		.byte	0
 442 0232 06       		.uleb128 0x6
 443 0233 04010000 		.4byte	.LASF28
 444 0237 06       		.byte	0x6
 445 0238 64       		.byte	0x64
 446 0239 3F020000 		.4byte	0x23f
 447 023d 04       		.byte	0x4
 448 023e 00       		.byte	0
 449 023f 09       		.uleb128 0x9
 450 0240 04       		.byte	0x4
 451 0241 22010000 		.4byte	0x122
 452 0245 03       		.uleb128 0x3
 453 0246 AA030000 		.4byte	.LASF45
 454 024a 06       		.byte	0x6
 455 024b 66       		.byte	0x66
 456 024c 1E020000 		.4byte	0x21e
ARM GAS  /tmp/ccRtzVO7.s 			page 9


 457 0250 08       		.uleb128 0x8
 458 0251 04       		.byte	0x4
 459 0252 06       		.byte	0x6
 460 0253 6B       		.byte	0x6b
 461 0254 65020000 		.4byte	0x265
 462 0258 06       		.uleb128 0x6
 463 0259 45010000 		.4byte	.LASF27
 464 025d 06       		.byte	0x6
 465 025e 6D       		.byte	0x6d
 466 025f 3F020000 		.4byte	0x23f
 467 0263 00       		.byte	0
 468 0264 00       		.byte	0
 469 0265 03       		.uleb128 0x3
 470 0266 B8000000 		.4byte	.LASF46
 471 026a 06       		.byte	0x6
 472 026b 70       		.byte	0x70
 473 026c 50020000 		.4byte	0x250
 474 0270 04       		.uleb128 0x4
 475 0271 04       		.byte	0x4
 476 0272 07       		.byte	0x7
 477 0273 EA000000 		.4byte	.LASF47
 478 0277 03       		.uleb128 0x3
 479 0278 6E010000 		.4byte	.LASF48
 480 027c 08       		.byte	0x8
 481 027d E5       		.byte	0xe5
 482 027e 82020000 		.4byte	0x282
 483 0282 0A       		.uleb128 0xa
 484 0283 04       		.byte	0x4
 485 0284 0B       		.uleb128 0xb
 486 0285 D2030000 		.4byte	.LASF49
 487 0289 24       		.byte	0x24
 488 028a 08       		.byte	0x8
 489 028b 0C01     		.2byte	0x10c
 490 028d 00030000 		.4byte	0x300
 491 0291 0C       		.uleb128 0xc
 492 0292 723400   		.ascii	"r4\000"
 493 0295 08       		.byte	0x8
 494 0296 1F01     		.2byte	0x11f
 495 0298 77020000 		.4byte	0x277
 496 029c 00       		.byte	0
 497 029d 0C       		.uleb128 0xc
 498 029e 723500   		.ascii	"r5\000"
 499 02a1 08       		.byte	0x8
 500 02a2 2001     		.2byte	0x120
 501 02a4 77020000 		.4byte	0x277
 502 02a8 04       		.byte	0x4
 503 02a9 0C       		.uleb128 0xc
 504 02aa 723600   		.ascii	"r6\000"
 505 02ad 08       		.byte	0x8
 506 02ae 2101     		.2byte	0x121
 507 02b0 77020000 		.4byte	0x277
 508 02b4 08       		.byte	0x8
 509 02b5 0C       		.uleb128 0xc
 510 02b6 723700   		.ascii	"r7\000"
 511 02b9 08       		.byte	0x8
 512 02ba 2201     		.2byte	0x122
 513 02bc 77020000 		.4byte	0x277
ARM GAS  /tmp/ccRtzVO7.s 			page 10


 514 02c0 0C       		.byte	0xc
 515 02c1 0C       		.uleb128 0xc
 516 02c2 723800   		.ascii	"r8\000"
 517 02c5 08       		.byte	0x8
 518 02c6 2301     		.2byte	0x123
 519 02c8 77020000 		.4byte	0x277
 520 02cc 10       		.byte	0x10
 521 02cd 0C       		.uleb128 0xc
 522 02ce 723900   		.ascii	"r9\000"
 523 02d1 08       		.byte	0x8
 524 02d2 2401     		.2byte	0x124
 525 02d4 77020000 		.4byte	0x277
 526 02d8 14       		.byte	0x14
 527 02d9 0C       		.uleb128 0xc
 528 02da 72313000 		.ascii	"r10\000"
 529 02de 08       		.byte	0x8
 530 02df 2501     		.2byte	0x125
 531 02e1 77020000 		.4byte	0x277
 532 02e5 18       		.byte	0x18
 533 02e6 0C       		.uleb128 0xc
 534 02e7 72313100 		.ascii	"r11\000"
 535 02eb 08       		.byte	0x8
 536 02ec 2601     		.2byte	0x126
 537 02ee 77020000 		.4byte	0x277
 538 02f2 1C       		.byte	0x1c
 539 02f3 0C       		.uleb128 0xc
 540 02f4 6C7200   		.ascii	"lr\000"
 541 02f7 08       		.byte	0x8
 542 02f8 2701     		.2byte	0x127
 543 02fa 77020000 		.4byte	0x277
 544 02fe 20       		.byte	0x20
 545 02ff 00       		.byte	0
 546 0300 0B       		.uleb128 0xb
 547 0301 35020000 		.4byte	.LASF50
 548 0305 04       		.byte	0x4
 549 0306 08       		.byte	0x8
 550 0307 3101     		.2byte	0x131
 551 0309 1B030000 		.4byte	0x31b
 552 030d 0C       		.uleb128 0xc
 553 030e 72313300 		.ascii	"r13\000"
 554 0312 08       		.byte	0x8
 555 0313 3201     		.2byte	0x132
 556 0315 1B030000 		.4byte	0x31b
 557 0319 00       		.byte	0
 558 031a 00       		.byte	0
 559 031b 09       		.uleb128 0x9
 560 031c 04       		.byte	0x4
 561 031d 84020000 		.4byte	0x284
 562 0321 0D       		.uleb128 0xd
 563 0322 17010000 		.4byte	0x117
 564 0326 08       		.uleb128 0x8
 565 0327 1C       		.byte	0x1c
 566 0328 09       		.byte	0x9
 567 0329 5E       		.byte	0x5e
 568 032a 77030000 		.4byte	0x377
 569 032e 06       		.uleb128 0x6
 570 032f D5000000 		.4byte	.LASF51
ARM GAS  /tmp/ccRtzVO7.s 			page 11


 571 0333 09       		.byte	0x9
 572 0334 5F       		.byte	0x5f
 573 0335 45020000 		.4byte	0x245
 574 0339 00       		.byte	0
 575 033a 06       		.uleb128 0x6
 576 033b AD010000 		.4byte	.LASF52
 577 033f 09       		.byte	0x9
 578 0340 60       		.byte	0x60
 579 0341 F6000000 		.4byte	0xf6
 580 0345 08       		.byte	0x8
 581 0346 06       		.uleb128 0x6
 582 0347 0B010000 		.4byte	.LASF53
 583 034b 09       		.byte	0x9
 584 034c 62       		.byte	0x62
 585 034d 00030000 		.4byte	0x300
 586 0351 0C       		.byte	0xc
 587 0352 06       		.uleb128 0x6
 588 0353 4B030000 		.4byte	.LASF54
 589 0357 09       		.byte	0x9
 590 0358 65       		.byte	0x65
 591 0359 3F020000 		.4byte	0x23f
 592 035d 10       		.byte	0x10
 593 035e 06       		.uleb128 0x6
 594 035f AB040000 		.4byte	.LASF55
 595 0363 09       		.byte	0x9
 596 0364 66       		.byte	0x66
 597 0365 3F020000 		.4byte	0x23f
 598 0369 14       		.byte	0x14
 599 036a 06       		.uleb128 0x6
 600 036b 3D020000 		.4byte	.LASF56
 601 036f 09       		.byte	0x9
 602 0370 69       		.byte	0x69
 603 0371 3F020000 		.4byte	0x23f
 604 0375 18       		.byte	0x18
 605 0376 00       		.byte	0
 606 0377 03       		.uleb128 0x3
 607 0378 F3000000 		.4byte	.LASF57
 608 037c 09       		.byte	0x9
 609 037d 6B       		.byte	0x6b
 610 037e 26030000 		.4byte	0x326
 611 0382 05       		.uleb128 0x5
 612 0383 11020000 		.4byte	.LASF58
 613 0387 10       		.byte	0x10
 614 0388 0A       		.byte	0xa
 615 0389 2C       		.byte	0x2c
 616 038a B3030000 		.4byte	0x3b3
 617 038e 06       		.uleb128 0x6
 618 038f 23020000 		.4byte	.LASF59
 619 0393 0A       		.byte	0xa
 620 0394 2D       		.byte	0x2d
 621 0395 45020000 		.4byte	0x245
 622 0399 00       		.byte	0
 623 039a 06       		.uleb128 0x6
 624 039b 76040000 		.4byte	.LASF60
 625 039f 0A       		.byte	0xa
 626 03a0 2F       		.byte	0x2f
 627 03a1 3F020000 		.4byte	0x23f
ARM GAS  /tmp/ccRtzVO7.s 			page 12


 628 03a5 08       		.byte	0x8
 629 03a6 06       		.uleb128 0x6
 630 03a7 FE030000 		.4byte	.LASF61
 631 03ab 0A       		.byte	0xa
 632 03ac 31       		.byte	0x31
 633 03ad B3030000 		.4byte	0x3b3
 634 03b1 0C       		.byte	0xc
 635 03b2 00       		.byte	0
 636 03b3 09       		.uleb128 0x9
 637 03b4 04       		.byte	0x4
 638 03b5 82030000 		.4byte	0x382
 639 03b9 03       		.uleb128 0x3
 640 03ba 11020000 		.4byte	.LASF58
 641 03be 0A       		.byte	0xa
 642 03bf 33       		.byte	0x33
 643 03c0 82030000 		.4byte	0x382
 644 03c4 0E       		.uleb128 0xe
 645 03c5 04       		.byte	0x4
 646 03c6 07       		.byte	0x7
 647 03c7 96       		.byte	0x96
 648 03c8 F9030000 		.4byte	0x3f9
 649 03cc 0F       		.uleb128 0xf
 650 03cd FD000000 		.4byte	.LASF62
 651 03d1 07       		.byte	0x7
 652 03d2 9D       		.byte	0x9d
 653 03d3 01010000 		.4byte	0x101
 654 03d7 0F       		.uleb128 0xf
 655 03d8 2E040000 		.4byte	.LASF63
 656 03dc 07       		.byte	0x7
 657 03dd A4       		.byte	0xa4
 658 03de 01010000 		.4byte	0x101
 659 03e2 0F       		.uleb128 0xf
 660 03e3 05040000 		.4byte	.LASF64
 661 03e7 07       		.byte	0x7
 662 03e8 AB       		.byte	0xab
 663 03e9 82020000 		.4byte	0x282
 664 03ed 0F       		.uleb128 0xf
 665 03ee 8F020000 		.4byte	.LASF65
 666 03f2 07       		.byte	0x7
 667 03f3 B2       		.byte	0xb2
 668 03f4 0C010000 		.4byte	0x10c
 669 03f8 00       		.byte	0
 670 03f9 09       		.uleb128 0x9
 671 03fa 04       		.byte	0x4
 672 03fb FF030000 		.4byte	0x3ff
 673 03ff 10       		.uleb128 0x10
 674 0400 04040000 		.4byte	0x404
 675 0404 04       		.uleb128 0x4
 676 0405 01       		.byte	0x1
 677 0406 08       		.byte	0x8
 678 0407 70030000 		.4byte	.LASF66
 679 040b 09       		.uleb128 0x9
 680 040c 04       		.byte	0x4
 681 040d B9030000 		.4byte	0x3b9
 682 0411 08       		.uleb128 0x8
 683 0412 16       		.byte	0x16
 684 0413 0B       		.byte	0xb
ARM GAS  /tmp/ccRtzVO7.s 			page 13


 685 0414 2C       		.byte	0x2c
 686 0415 F2040000 		.4byte	0x4f2
 687 0419 06       		.uleb128 0x6
 688 041a D0010000 		.4byte	.LASF67
 689 041e 0B       		.byte	0xb
 690 041f 2D       		.byte	0x2d
 691 0420 F2040000 		.4byte	0x4f2
 692 0424 00       		.byte	0
 693 0425 06       		.uleb128 0x6
 694 0426 87020000 		.4byte	.LASF68
 695 042a 0B       		.byte	0xb
 696 042b 2E       		.byte	0x2e
 697 042c A2000000 		.4byte	0xa2
 698 0430 04       		.byte	0x4
 699 0431 06       		.uleb128 0x6
 700 0432 58020000 		.4byte	.LASF69
 701 0436 0B       		.byte	0xb
 702 0437 2F       		.byte	0x2f
 703 0438 A2000000 		.4byte	0xa2
 704 043c 05       		.byte	0x5
 705 043d 06       		.uleb128 0x6
 706 043e 84030000 		.4byte	.LASF70
 707 0442 0B       		.byte	0xb
 708 0443 30       		.byte	0x30
 709 0444 AD000000 		.4byte	0xad
 710 0448 06       		.byte	0x6
 711 0449 06       		.uleb128 0x6
 712 044a 4D020000 		.4byte	.LASF71
 713 044e 0B       		.byte	0xb
 714 044f 31       		.byte	0x31
 715 0450 A2000000 		.4byte	0xa2
 716 0454 08       		.byte	0x8
 717 0455 06       		.uleb128 0x6
 718 0456 17020000 		.4byte	.LASF72
 719 045a 0B       		.byte	0xb
 720 045b 32       		.byte	0x32
 721 045c A2000000 		.4byte	0xa2
 722 0460 09       		.byte	0x9
 723 0461 06       		.uleb128 0x6
 724 0462 8C010000 		.4byte	.LASF73
 725 0466 0B       		.byte	0xb
 726 0467 33       		.byte	0x33
 727 0468 A2000000 		.4byte	0xa2
 728 046c 0A       		.byte	0xa
 729 046d 06       		.uleb128 0x6
 730 046e 05020000 		.4byte	.LASF74
 731 0472 0B       		.byte	0xb
 732 0473 34       		.byte	0x34
 733 0474 A2000000 		.4byte	0xa2
 734 0478 0B       		.byte	0xb
 735 0479 06       		.uleb128 0x6
 736 047a C7030000 		.4byte	.LASF75
 737 047e 0B       		.byte	0xb
 738 047f 35       		.byte	0x35
 739 0480 A2000000 		.4byte	0xa2
 740 0484 0C       		.byte	0xc
 741 0485 06       		.uleb128 0x6
ARM GAS  /tmp/ccRtzVO7.s 			page 14


 742 0486 DD000000 		.4byte	.LASF76
 743 048a 0B       		.byte	0xb
 744 048b 36       		.byte	0x36
 745 048c A2000000 		.4byte	0xa2
 746 0490 0D       		.byte	0xd
 747 0491 06       		.uleb128 0x6
 748 0492 60020000 		.4byte	.LASF77
 749 0496 0B       		.byte	0xb
 750 0497 37       		.byte	0x37
 751 0498 A2000000 		.4byte	0xa2
 752 049c 0E       		.byte	0xe
 753 049d 06       		.uleb128 0x6
 754 049e 1B040000 		.4byte	.LASF78
 755 04a2 0B       		.byte	0xb
 756 04a3 38       		.byte	0x38
 757 04a4 A2000000 		.4byte	0xa2
 758 04a8 0F       		.byte	0xf
 759 04a9 06       		.uleb128 0x6
 760 04aa C0010000 		.4byte	.LASF79
 761 04ae 0B       		.byte	0xb
 762 04af 39       		.byte	0x39
 763 04b0 A2000000 		.4byte	0xa2
 764 04b4 10       		.byte	0x10
 765 04b5 06       		.uleb128 0x6
 766 04b6 7F010000 		.4byte	.LASF80
 767 04ba 0B       		.byte	0xb
 768 04bb 3B       		.byte	0x3b
 769 04bc A2000000 		.4byte	0xa2
 770 04c0 11       		.byte	0x11
 771 04c1 06       		.uleb128 0x6
 772 04c2 3F040000 		.4byte	.LASF81
 773 04c6 0B       		.byte	0xb
 774 04c7 3C       		.byte	0x3c
 775 04c8 A2000000 		.4byte	0xa2
 776 04cc 12       		.byte	0x12
 777 04cd 06       		.uleb128 0x6
 778 04ce A1010000 		.4byte	.LASF82
 779 04d2 0B       		.byte	0xb
 780 04d3 3D       		.byte	0x3d
 781 04d4 A2000000 		.4byte	0xa2
 782 04d8 13       		.byte	0x13
 783 04d9 06       		.uleb128 0x6
 784 04da 0C040000 		.4byte	.LASF83
 785 04de 0B       		.byte	0xb
 786 04df 3E       		.byte	0x3e
 787 04e0 A2000000 		.4byte	0xa2
 788 04e4 14       		.byte	0x14
 789 04e5 06       		.uleb128 0x6
 790 04e6 6D020000 		.4byte	.LASF84
 791 04ea 0B       		.byte	0xb
 792 04eb 40       		.byte	0x40
 793 04ec A2000000 		.4byte	0xa2
 794 04f0 15       		.byte	0x15
 795 04f1 00       		.byte	0
 796 04f2 11       		.uleb128 0x11
 797 04f3 04040000 		.4byte	0x404
 798 04f7 02050000 		.4byte	0x502
ARM GAS  /tmp/ccRtzVO7.s 			page 15


 799 04fb 12       		.uleb128 0x12
 800 04fc 70020000 		.4byte	0x270
 801 0500 03       		.byte	0x3
 802 0501 00       		.byte	0
 803 0502 03       		.uleb128 0x3
 804 0503 EE020000 		.4byte	.LASF85
 805 0507 0B       		.byte	0xb
 806 0508 41       		.byte	0x41
 807 0509 11040000 		.4byte	0x411
 808 050d 13       		.uleb128 0x13
 809 050e DD020000 		.4byte	.LASF86
 810 0512 01       		.byte	0x1
 811 0513 75       		.byte	0x75
 812 0514 3F020000 		.4byte	0x23f
 813 0518 00000000 		.4byte	.LFB118
 814 051c 1C000000 		.4byte	.LFE118-.LFB118
 815 0520 01       		.uleb128 0x1
 816 0521 9C       		.byte	0x9c
 817 0522 65050000 		.4byte	0x565
 818 0526 14       		.uleb128 0x14
 819 0527 747000   		.ascii	"tp\000"
 820 052a 01       		.byte	0x1
 821 052b 76       		.byte	0x76
 822 052c 3F020000 		.4byte	0x23f
 823 0530 01       		.uleb128 0x1
 824 0531 50       		.byte	0x50
 825 0532 15       		.uleb128 0x15
 826 0533 00000000 		.4byte	.LBB2
 827 0537 06000000 		.4byte	.LBE2-.LBB2
 828 053b 4D050000 		.4byte	0x54d
 829 053f 14       		.uleb128 0x14
 830 0540 746D7000 		.ascii	"tmp\000"
 831 0544 01       		.byte	0x1
 832 0545 78       		.byte	0x78
 833 0546 C3000000 		.4byte	0xc3
 834 054a 01       		.uleb128 0x1
 835 054b 53       		.byte	0x53
 836 054c 00       		.byte	0
 837 054d 16       		.uleb128 0x16
 838 054e 10000000 		.4byte	.LBB3
 839 0552 06000000 		.4byte	.LBE3-.LBB3
 840 0556 14       		.uleb128 0x14
 841 0557 746D7000 		.ascii	"tmp\000"
 842 055b 01       		.byte	0x1
 843 055c 7D       		.byte	0x7d
 844 055d C3000000 		.4byte	0xc3
 845 0561 01       		.uleb128 0x1
 846 0562 53       		.byte	0x53
 847 0563 00       		.byte	0
 848 0564 00       		.byte	0
 849 0565 13       		.uleb128 0x13
 850 0566 66040000 		.4byte	.LASF87
 851 056a 01       		.byte	0x1
 852 056b 8C       		.byte	0x8c
 853 056c 3F020000 		.4byte	0x23f
 854 0570 00000000 		.4byte	.LFB119
 855 0574 2C000000 		.4byte	.LFE119-.LFB119
ARM GAS  /tmp/ccRtzVO7.s 			page 16


 856 0578 01       		.uleb128 0x1
 857 0579 9C       		.byte	0x9c
 858 057a E3050000 		.4byte	0x5e3
 859 057e 17       		.uleb128 0x17
 860 057f 747000   		.ascii	"tp\000"
 861 0582 01       		.byte	0x1
 862 0583 8C       		.byte	0x8c
 863 0584 3F020000 		.4byte	0x23f
 864 0588 00000000 		.4byte	.LLST0
 865 058c 18       		.uleb128 0x18
 866 058d 6E747000 		.ascii	"ntp\000"
 867 0591 01       		.byte	0x1
 868 0592 8D       		.byte	0x8d
 869 0593 3F020000 		.4byte	0x23f
 870 0597 21000000 		.4byte	.LLST1
 871 059b 15       		.uleb128 0x15
 872 059c 02000000 		.4byte	.LBB4
 873 05a0 06000000 		.4byte	.LBE4-.LBB4
 874 05a4 B6050000 		.4byte	0x5b6
 875 05a8 14       		.uleb128 0x14
 876 05a9 746D7000 		.ascii	"tmp\000"
 877 05ad 01       		.byte	0x1
 878 05ae 8F       		.byte	0x8f
 879 05af C3000000 		.4byte	0xc3
 880 05b3 01       		.uleb128 0x1
 881 05b4 53       		.byte	0x53
 882 05b5 00       		.byte	0
 883 05b6 15       		.uleb128 0x15
 884 05b7 18000000 		.4byte	.LBB5
 885 05bb 06000000 		.4byte	.LBE5-.LBB5
 886 05bf D1050000 		.4byte	0x5d1
 887 05c3 14       		.uleb128 0x14
 888 05c4 746D7000 		.ascii	"tmp\000"
 889 05c8 01       		.byte	0x1
 890 05c9 9A       		.byte	0x9a
 891 05ca C3000000 		.4byte	0xc3
 892 05ce 01       		.uleb128 0x1
 893 05cf 53       		.byte	0x53
 894 05d0 00       		.byte	0
 895 05d1 19       		.uleb128 0x19
 896 05d2 22000000 		.4byte	.LVL4
 897 05d6 15060000 		.4byte	0x615
 898 05da 1A       		.uleb128 0x1a
 899 05db 01       		.uleb128 0x1
 900 05dc 50       		.byte	0x50
 901 05dd 03       		.uleb128 0x3
 902 05de F3       		.byte	0xf3
 903 05df 01       		.uleb128 0x1
 904 05e0 50       		.byte	0x50
 905 05e1 00       		.byte	0
 906 05e2 00       		.byte	0
 907 05e3 1B       		.uleb128 0x1b
 908 05e4 59040000 		.4byte	.LASF88
 909 05e8 0C       		.byte	0xc
 910 05e9 9806     		.2byte	0x698
 911 05eb EF050000 		.4byte	0x5ef
 912 05ef 0D       		.uleb128 0xd
ARM GAS  /tmp/ccRtzVO7.s 			page 17


 913 05f0 B8000000 		.4byte	0xb8
 914 05f4 1C       		.uleb128 0x1c
 915 05f5 7E040000 		.4byte	.LASF89
 916 05f9 09       		.byte	0x9
 917 05fa 6F       		.byte	0x6f
 918 05fb 77030000 		.4byte	0x377
 919 05ff 1D       		.uleb128 0x1d
 920 0600 96020000 		.4byte	.LASF90
 921 0604 01       		.byte	0x1
 922 0605 42       		.byte	0x42
 923 0606 10060000 		.4byte	0x610
 924 060a 05       		.uleb128 0x5
 925 060b 03       		.byte	0x3
 926 060c 00000000 		.4byte	ch_debug
 927 0610 10       		.uleb128 0x10
 928 0611 02050000 		.4byte	0x502
 929 0615 1E       		.uleb128 0x1e
 930 0616 56010000 		.4byte	.LASF94
 931 061a 0D       		.byte	0xd
 932 061b 3A       		.byte	0x3a
 933 061c 1F       		.uleb128 0x1f
 934 061d 3F020000 		.4byte	0x23f
 935 0621 00       		.byte	0
 936 0622 00       		.byte	0
 937              		.section	.debug_abbrev,"",%progbits
 938              	.Ldebug_abbrev0:
 939 0000 01       		.uleb128 0x1
 940 0001 11       		.uleb128 0x11
 941 0002 01       		.byte	0x1
 942 0003 25       		.uleb128 0x25
 943 0004 0E       		.uleb128 0xe
 944 0005 13       		.uleb128 0x13
 945 0006 0B       		.uleb128 0xb
 946 0007 03       		.uleb128 0x3
 947 0008 0E       		.uleb128 0xe
 948 0009 1B       		.uleb128 0x1b
 949 000a 0E       		.uleb128 0xe
 950 000b 55       		.uleb128 0x55
 951 000c 17       		.uleb128 0x17
 952 000d 11       		.uleb128 0x11
 953 000e 01       		.uleb128 0x1
 954 000f 10       		.uleb128 0x10
 955 0010 17       		.uleb128 0x17
 956 0011 00       		.byte	0
 957 0012 00       		.byte	0
 958 0013 02       		.uleb128 0x2
 959 0014 24       		.uleb128 0x24
 960 0015 00       		.byte	0
 961 0016 0B       		.uleb128 0xb
 962 0017 0B       		.uleb128 0xb
 963 0018 3E       		.uleb128 0x3e
 964 0019 0B       		.uleb128 0xb
 965 001a 03       		.uleb128 0x3
 966 001b 08       		.uleb128 0x8
 967 001c 00       		.byte	0
 968 001d 00       		.byte	0
 969 001e 03       		.uleb128 0x3
ARM GAS  /tmp/ccRtzVO7.s 			page 18


 970 001f 16       		.uleb128 0x16
 971 0020 00       		.byte	0
 972 0021 03       		.uleb128 0x3
 973 0022 0E       		.uleb128 0xe
 974 0023 3A       		.uleb128 0x3a
 975 0024 0B       		.uleb128 0xb
 976 0025 3B       		.uleb128 0x3b
 977 0026 0B       		.uleb128 0xb
 978 0027 49       		.uleb128 0x49
 979 0028 13       		.uleb128 0x13
 980 0029 00       		.byte	0
 981 002a 00       		.byte	0
 982 002b 04       		.uleb128 0x4
 983 002c 24       		.uleb128 0x24
 984 002d 00       		.byte	0
 985 002e 0B       		.uleb128 0xb
 986 002f 0B       		.uleb128 0xb
 987 0030 3E       		.uleb128 0x3e
 988 0031 0B       		.uleb128 0xb
 989 0032 03       		.uleb128 0x3
 990 0033 0E       		.uleb128 0xe
 991 0034 00       		.byte	0
 992 0035 00       		.byte	0
 993 0036 05       		.uleb128 0x5
 994 0037 13       		.uleb128 0x13
 995 0038 01       		.byte	0x1
 996 0039 03       		.uleb128 0x3
 997 003a 0E       		.uleb128 0xe
 998 003b 0B       		.uleb128 0xb
 999 003c 0B       		.uleb128 0xb
 1000 003d 3A       		.uleb128 0x3a
 1001 003e 0B       		.uleb128 0xb
 1002 003f 3B       		.uleb128 0x3b
 1003 0040 0B       		.uleb128 0xb
 1004 0041 01       		.uleb128 0x1
 1005 0042 13       		.uleb128 0x13
 1006 0043 00       		.byte	0
 1007 0044 00       		.byte	0
 1008 0045 06       		.uleb128 0x6
 1009 0046 0D       		.uleb128 0xd
 1010 0047 00       		.byte	0
 1011 0048 03       		.uleb128 0x3
 1012 0049 0E       		.uleb128 0xe
 1013 004a 3A       		.uleb128 0x3a
 1014 004b 0B       		.uleb128 0xb
 1015 004c 3B       		.uleb128 0x3b
 1016 004d 0B       		.uleb128 0xb
 1017 004e 49       		.uleb128 0x49
 1018 004f 13       		.uleb128 0x13
 1019 0050 38       		.uleb128 0x38
 1020 0051 0B       		.uleb128 0xb
 1021 0052 00       		.byte	0
 1022 0053 00       		.byte	0
 1023 0054 07       		.uleb128 0x7
 1024 0055 0D       		.uleb128 0xd
 1025 0056 00       		.byte	0
 1026 0057 03       		.uleb128 0x3
ARM GAS  /tmp/ccRtzVO7.s 			page 19


 1027 0058 08       		.uleb128 0x8
 1028 0059 3A       		.uleb128 0x3a
 1029 005a 0B       		.uleb128 0xb
 1030 005b 3B       		.uleb128 0x3b
 1031 005c 0B       		.uleb128 0xb
 1032 005d 49       		.uleb128 0x49
 1033 005e 13       		.uleb128 0x13
 1034 005f 38       		.uleb128 0x38
 1035 0060 0B       		.uleb128 0xb
 1036 0061 00       		.byte	0
 1037 0062 00       		.byte	0
 1038 0063 08       		.uleb128 0x8
 1039 0064 13       		.uleb128 0x13
 1040 0065 01       		.byte	0x1
 1041 0066 0B       		.uleb128 0xb
 1042 0067 0B       		.uleb128 0xb
 1043 0068 3A       		.uleb128 0x3a
 1044 0069 0B       		.uleb128 0xb
 1045 006a 3B       		.uleb128 0x3b
 1046 006b 0B       		.uleb128 0xb
 1047 006c 01       		.uleb128 0x1
 1048 006d 13       		.uleb128 0x13
 1049 006e 00       		.byte	0
 1050 006f 00       		.byte	0
 1051 0070 09       		.uleb128 0x9
 1052 0071 0F       		.uleb128 0xf
 1053 0072 00       		.byte	0
 1054 0073 0B       		.uleb128 0xb
 1055 0074 0B       		.uleb128 0xb
 1056 0075 49       		.uleb128 0x49
 1057 0076 13       		.uleb128 0x13
 1058 0077 00       		.byte	0
 1059 0078 00       		.byte	0
 1060 0079 0A       		.uleb128 0xa
 1061 007a 0F       		.uleb128 0xf
 1062 007b 00       		.byte	0
 1063 007c 0B       		.uleb128 0xb
 1064 007d 0B       		.uleb128 0xb
 1065 007e 00       		.byte	0
 1066 007f 00       		.byte	0
 1067 0080 0B       		.uleb128 0xb
 1068 0081 13       		.uleb128 0x13
 1069 0082 01       		.byte	0x1
 1070 0083 03       		.uleb128 0x3
 1071 0084 0E       		.uleb128 0xe
 1072 0085 0B       		.uleb128 0xb
 1073 0086 0B       		.uleb128 0xb
 1074 0087 3A       		.uleb128 0x3a
 1075 0088 0B       		.uleb128 0xb
 1076 0089 3B       		.uleb128 0x3b
 1077 008a 05       		.uleb128 0x5
 1078 008b 01       		.uleb128 0x1
 1079 008c 13       		.uleb128 0x13
 1080 008d 00       		.byte	0
 1081 008e 00       		.byte	0
 1082 008f 0C       		.uleb128 0xc
 1083 0090 0D       		.uleb128 0xd
ARM GAS  /tmp/ccRtzVO7.s 			page 20


 1084 0091 00       		.byte	0
 1085 0092 03       		.uleb128 0x3
 1086 0093 08       		.uleb128 0x8
 1087 0094 3A       		.uleb128 0x3a
 1088 0095 0B       		.uleb128 0xb
 1089 0096 3B       		.uleb128 0x3b
 1090 0097 05       		.uleb128 0x5
 1091 0098 49       		.uleb128 0x49
 1092 0099 13       		.uleb128 0x13
 1093 009a 38       		.uleb128 0x38
 1094 009b 0B       		.uleb128 0xb
 1095 009c 00       		.byte	0
 1096 009d 00       		.byte	0
 1097 009e 0D       		.uleb128 0xd
 1098 009f 35       		.uleb128 0x35
 1099 00a0 00       		.byte	0
 1100 00a1 49       		.uleb128 0x49
 1101 00a2 13       		.uleb128 0x13
 1102 00a3 00       		.byte	0
 1103 00a4 00       		.byte	0
 1104 00a5 0E       		.uleb128 0xe
 1105 00a6 17       		.uleb128 0x17
 1106 00a7 01       		.byte	0x1
 1107 00a8 0B       		.uleb128 0xb
 1108 00a9 0B       		.uleb128 0xb
 1109 00aa 3A       		.uleb128 0x3a
 1110 00ab 0B       		.uleb128 0xb
 1111 00ac 3B       		.uleb128 0x3b
 1112 00ad 0B       		.uleb128 0xb
 1113 00ae 01       		.uleb128 0x1
 1114 00af 13       		.uleb128 0x13
 1115 00b0 00       		.byte	0
 1116 00b1 00       		.byte	0
 1117 00b2 0F       		.uleb128 0xf
 1118 00b3 0D       		.uleb128 0xd
 1119 00b4 00       		.byte	0
 1120 00b5 03       		.uleb128 0x3
 1121 00b6 0E       		.uleb128 0xe
 1122 00b7 3A       		.uleb128 0x3a
 1123 00b8 0B       		.uleb128 0xb
 1124 00b9 3B       		.uleb128 0x3b
 1125 00ba 0B       		.uleb128 0xb
 1126 00bb 49       		.uleb128 0x49
 1127 00bc 13       		.uleb128 0x13
 1128 00bd 00       		.byte	0
 1129 00be 00       		.byte	0
 1130 00bf 10       		.uleb128 0x10
 1131 00c0 26       		.uleb128 0x26
 1132 00c1 00       		.byte	0
 1133 00c2 49       		.uleb128 0x49
 1134 00c3 13       		.uleb128 0x13
 1135 00c4 00       		.byte	0
 1136 00c5 00       		.byte	0
 1137 00c6 11       		.uleb128 0x11
 1138 00c7 01       		.uleb128 0x1
 1139 00c8 01       		.byte	0x1
 1140 00c9 49       		.uleb128 0x49
ARM GAS  /tmp/ccRtzVO7.s 			page 21


 1141 00ca 13       		.uleb128 0x13
 1142 00cb 01       		.uleb128 0x1
 1143 00cc 13       		.uleb128 0x13
 1144 00cd 00       		.byte	0
 1145 00ce 00       		.byte	0
 1146 00cf 12       		.uleb128 0x12
 1147 00d0 21       		.uleb128 0x21
 1148 00d1 00       		.byte	0
 1149 00d2 49       		.uleb128 0x49
 1150 00d3 13       		.uleb128 0x13
 1151 00d4 2F       		.uleb128 0x2f
 1152 00d5 0B       		.uleb128 0xb
 1153 00d6 00       		.byte	0
 1154 00d7 00       		.byte	0
 1155 00d8 13       		.uleb128 0x13
 1156 00d9 2E       		.uleb128 0x2e
 1157 00da 01       		.byte	0x1
 1158 00db 3F       		.uleb128 0x3f
 1159 00dc 19       		.uleb128 0x19
 1160 00dd 03       		.uleb128 0x3
 1161 00de 0E       		.uleb128 0xe
 1162 00df 3A       		.uleb128 0x3a
 1163 00e0 0B       		.uleb128 0xb
 1164 00e1 3B       		.uleb128 0x3b
 1165 00e2 0B       		.uleb128 0xb
 1166 00e3 27       		.uleb128 0x27
 1167 00e4 19       		.uleb128 0x19
 1168 00e5 49       		.uleb128 0x49
 1169 00e6 13       		.uleb128 0x13
 1170 00e7 11       		.uleb128 0x11
 1171 00e8 01       		.uleb128 0x1
 1172 00e9 12       		.uleb128 0x12
 1173 00ea 06       		.uleb128 0x6
 1174 00eb 40       		.uleb128 0x40
 1175 00ec 18       		.uleb128 0x18
 1176 00ed 9742     		.uleb128 0x2117
 1177 00ef 19       		.uleb128 0x19
 1178 00f0 01       		.uleb128 0x1
 1179 00f1 13       		.uleb128 0x13
 1180 00f2 00       		.byte	0
 1181 00f3 00       		.byte	0
 1182 00f4 14       		.uleb128 0x14
 1183 00f5 34       		.uleb128 0x34
 1184 00f6 00       		.byte	0
 1185 00f7 03       		.uleb128 0x3
 1186 00f8 08       		.uleb128 0x8
 1187 00f9 3A       		.uleb128 0x3a
 1188 00fa 0B       		.uleb128 0xb
 1189 00fb 3B       		.uleb128 0x3b
 1190 00fc 0B       		.uleb128 0xb
 1191 00fd 49       		.uleb128 0x49
 1192 00fe 13       		.uleb128 0x13
 1193 00ff 02       		.uleb128 0x2
 1194 0100 18       		.uleb128 0x18
 1195 0101 00       		.byte	0
 1196 0102 00       		.byte	0
 1197 0103 15       		.uleb128 0x15
ARM GAS  /tmp/ccRtzVO7.s 			page 22


 1198 0104 0B       		.uleb128 0xb
 1199 0105 01       		.byte	0x1
 1200 0106 11       		.uleb128 0x11
 1201 0107 01       		.uleb128 0x1
 1202 0108 12       		.uleb128 0x12
 1203 0109 06       		.uleb128 0x6
 1204 010a 01       		.uleb128 0x1
 1205 010b 13       		.uleb128 0x13
 1206 010c 00       		.byte	0
 1207 010d 00       		.byte	0
 1208 010e 16       		.uleb128 0x16
 1209 010f 0B       		.uleb128 0xb
 1210 0110 01       		.byte	0x1
 1211 0111 11       		.uleb128 0x11
 1212 0112 01       		.uleb128 0x1
 1213 0113 12       		.uleb128 0x12
 1214 0114 06       		.uleb128 0x6
 1215 0115 00       		.byte	0
 1216 0116 00       		.byte	0
 1217 0117 17       		.uleb128 0x17
 1218 0118 05       		.uleb128 0x5
 1219 0119 00       		.byte	0
 1220 011a 03       		.uleb128 0x3
 1221 011b 08       		.uleb128 0x8
 1222 011c 3A       		.uleb128 0x3a
 1223 011d 0B       		.uleb128 0xb
 1224 011e 3B       		.uleb128 0x3b
 1225 011f 0B       		.uleb128 0xb
 1226 0120 49       		.uleb128 0x49
 1227 0121 13       		.uleb128 0x13
 1228 0122 02       		.uleb128 0x2
 1229 0123 17       		.uleb128 0x17
 1230 0124 00       		.byte	0
 1231 0125 00       		.byte	0
 1232 0126 18       		.uleb128 0x18
 1233 0127 34       		.uleb128 0x34
 1234 0128 00       		.byte	0
 1235 0129 03       		.uleb128 0x3
 1236 012a 08       		.uleb128 0x8
 1237 012b 3A       		.uleb128 0x3a
 1238 012c 0B       		.uleb128 0xb
 1239 012d 3B       		.uleb128 0x3b
 1240 012e 0B       		.uleb128 0xb
 1241 012f 49       		.uleb128 0x49
 1242 0130 13       		.uleb128 0x13
 1243 0131 02       		.uleb128 0x2
 1244 0132 17       		.uleb128 0x17
 1245 0133 00       		.byte	0
 1246 0134 00       		.byte	0
 1247 0135 19       		.uleb128 0x19
 1248 0136 898201   		.uleb128 0x4109
 1249 0139 01       		.byte	0x1
 1250 013a 11       		.uleb128 0x11
 1251 013b 01       		.uleb128 0x1
 1252 013c 31       		.uleb128 0x31
 1253 013d 13       		.uleb128 0x13
 1254 013e 00       		.byte	0
ARM GAS  /tmp/ccRtzVO7.s 			page 23


 1255 013f 00       		.byte	0
 1256 0140 1A       		.uleb128 0x1a
 1257 0141 8A8201   		.uleb128 0x410a
 1258 0144 00       		.byte	0
 1259 0145 02       		.uleb128 0x2
 1260 0146 18       		.uleb128 0x18
 1261 0147 9142     		.uleb128 0x2111
 1262 0149 18       		.uleb128 0x18
 1263 014a 00       		.byte	0
 1264 014b 00       		.byte	0
 1265 014c 1B       		.uleb128 0x1b
 1266 014d 34       		.uleb128 0x34
 1267 014e 00       		.byte	0
 1268 014f 03       		.uleb128 0x3
 1269 0150 0E       		.uleb128 0xe
 1270 0151 3A       		.uleb128 0x3a
 1271 0152 0B       		.uleb128 0xb
 1272 0153 3B       		.uleb128 0x3b
 1273 0154 05       		.uleb128 0x5
 1274 0155 49       		.uleb128 0x49
 1275 0156 13       		.uleb128 0x13
 1276 0157 3F       		.uleb128 0x3f
 1277 0158 19       		.uleb128 0x19
 1278 0159 3C       		.uleb128 0x3c
 1279 015a 19       		.uleb128 0x19
 1280 015b 00       		.byte	0
 1281 015c 00       		.byte	0
 1282 015d 1C       		.uleb128 0x1c
 1283 015e 34       		.uleb128 0x34
 1284 015f 00       		.byte	0
 1285 0160 03       		.uleb128 0x3
 1286 0161 0E       		.uleb128 0xe
 1287 0162 3A       		.uleb128 0x3a
 1288 0163 0B       		.uleb128 0xb
 1289 0164 3B       		.uleb128 0x3b
 1290 0165 0B       		.uleb128 0xb
 1291 0166 49       		.uleb128 0x49
 1292 0167 13       		.uleb128 0x13
 1293 0168 3F       		.uleb128 0x3f
 1294 0169 19       		.uleb128 0x19
 1295 016a 3C       		.uleb128 0x3c
 1296 016b 19       		.uleb128 0x19
 1297 016c 00       		.byte	0
 1298 016d 00       		.byte	0
 1299 016e 1D       		.uleb128 0x1d
 1300 016f 34       		.uleb128 0x34
 1301 0170 00       		.byte	0
 1302 0171 03       		.uleb128 0x3
 1303 0172 0E       		.uleb128 0xe
 1304 0173 3A       		.uleb128 0x3a
 1305 0174 0B       		.uleb128 0xb
 1306 0175 3B       		.uleb128 0x3b
 1307 0176 0B       		.uleb128 0xb
 1308 0177 49       		.uleb128 0x49
 1309 0178 13       		.uleb128 0x13
 1310 0179 3F       		.uleb128 0x3f
 1311 017a 19       		.uleb128 0x19
ARM GAS  /tmp/ccRtzVO7.s 			page 24


 1312 017b 02       		.uleb128 0x2
 1313 017c 18       		.uleb128 0x18
 1314 017d 00       		.byte	0
 1315 017e 00       		.byte	0
 1316 017f 1E       		.uleb128 0x1e
 1317 0180 2E       		.uleb128 0x2e
 1318 0181 01       		.byte	0x1
 1319 0182 3F       		.uleb128 0x3f
 1320 0183 19       		.uleb128 0x19
 1321 0184 03       		.uleb128 0x3
 1322 0185 0E       		.uleb128 0xe
 1323 0186 3A       		.uleb128 0x3a
 1324 0187 0B       		.uleb128 0xb
 1325 0188 3B       		.uleb128 0x3b
 1326 0189 0B       		.uleb128 0xb
 1327 018a 27       		.uleb128 0x27
 1328 018b 19       		.uleb128 0x19
 1329 018c 3C       		.uleb128 0x3c
 1330 018d 19       		.uleb128 0x19
 1331 018e 00       		.byte	0
 1332 018f 00       		.byte	0
 1333 0190 1F       		.uleb128 0x1f
 1334 0191 05       		.uleb128 0x5
 1335 0192 00       		.byte	0
 1336 0193 49       		.uleb128 0x49
 1337 0194 13       		.uleb128 0x13
 1338 0195 00       		.byte	0
 1339 0196 00       		.byte	0
 1340 0197 00       		.byte	0
 1341              		.section	.debug_loc,"",%progbits
 1342              	.Ldebug_loc0:
 1343              	.LLST0:
 1344 0000 00000000 		.4byte	.LVL1
 1345 0004 21000000 		.4byte	.LVL4-1
 1346 0008 0100     		.2byte	0x1
 1347 000a 50       		.byte	0x50
 1348 000b 21000000 		.4byte	.LVL4-1
 1349 000f 2C000000 		.4byte	.LFE119
 1350 0013 0400     		.2byte	0x4
 1351 0015 F3       		.byte	0xf3
 1352 0016 01       		.uleb128 0x1
 1353 0017 50       		.byte	0x50
 1354 0018 9F       		.byte	0x9f
 1355 0019 00000000 		.4byte	0
 1356 001d 00000000 		.4byte	0
 1357              	.LLST1:
 1358 0021 0C000000 		.4byte	.LVL2
 1359 0025 26000000 		.4byte	.LVL5
 1360 0029 0100     		.2byte	0x1
 1361 002b 54       		.byte	0x54
 1362 002c 26000000 		.4byte	.LVL5
 1363 0030 2C000000 		.4byte	.LFE119
 1364 0034 0100     		.2byte	0x1
 1365 0036 50       		.byte	0x50
 1366 0037 00000000 		.4byte	0
 1367 003b 00000000 		.4byte	0
 1368              		.section	.debug_aranges,"",%progbits
ARM GAS  /tmp/ccRtzVO7.s 			page 25


 1369 0000 24000000 		.4byte	0x24
 1370 0004 0200     		.2byte	0x2
 1371 0006 00000000 		.4byte	.Ldebug_info0
 1372 000a 04       		.byte	0x4
 1373 000b 00       		.byte	0
 1374 000c 0000     		.2byte	0
 1375 000e 0000     		.2byte	0
 1376 0010 00000000 		.4byte	.LFB118
 1377 0014 1C000000 		.4byte	.LFE118-.LFB118
 1378 0018 00000000 		.4byte	.LFB119
 1379 001c 2C000000 		.4byte	.LFE119-.LFB119
 1380 0020 00000000 		.4byte	0
 1381 0024 00000000 		.4byte	0
 1382              		.section	.debug_ranges,"",%progbits
 1383              	.Ldebug_ranges0:
 1384 0000 00000000 		.4byte	.LFB118
 1385 0004 1C000000 		.4byte	.LFE118
 1386 0008 00000000 		.4byte	.LFB119
 1387 000c 2C000000 		.4byte	.LFE119
 1388 0010 00000000 		.4byte	0
 1389 0014 00000000 		.4byte	0
 1390              		.section	.debug_line,"",%progbits
 1391              	.Ldebug_line0:
 1392 0000 C8010000 		.section	.debug_str,"MS",%progbits,1
 1392      02009401 
 1392      00000201 
 1392      FB0E0D00 
 1392      01010101 
 1393              	.LASF21:
 1394 0000 74726566 		.ascii	"trefs_t\000"
 1394      735F7400 
 1395              	.LASF91:
 1396 0008 474E5520 		.ascii	"GNU C 4.8.3 20140820 (release) -mcpu=cortex-m4 -mno"
 1396      4320342E 
 1396      382E3320 
 1396      32303134 
 1396      30383230 
 1397 003b 2D746875 		.ascii	"-thumb-interwork -mthumb -ggdb -O2 -fomit-frame-poi"
 1397      6D622D69 
 1397      6E746572 
 1397      776F726B 
 1397      202D6D74 
 1398 006e 6E746572 		.ascii	"nter -falign-functions=16 -ffunction-sections -fdat"
 1398      202D6661 
 1398      6C69676E 
 1398      2D66756E 
 1398      6374696F 
 1399 00a1 612D7365 		.ascii	"a-sections -fno-common\000"
 1399      6374696F 
 1399      6E73202D 
 1399      666E6F2D 
 1399      636F6D6D 
 1400              	.LASF46:
 1401 00b8 54687265 		.ascii	"ThreadsList\000"
 1401      6164734C 
 1401      69737400 
 1402              	.LASF5:
ARM GAS  /tmp/ccRtzVO7.s 			page 26


 1403 00c4 73686F72 		.ascii	"short int\000"
 1403      7420696E 
 1403      7400
 1404              	.LASF2:
 1405 00ce 73697A65 		.ascii	"size_t\000"
 1405      5F7400
 1406              	.LASF51:
 1407 00d5 725F7175 		.ascii	"r_queue\000"
 1407      65756500 
 1408              	.LASF76:
 1409 00dd 63665F6F 		.ascii	"cf_off_newer\000"
 1409      66665F6E 
 1409      65776572 
 1409      00
 1410              	.LASF47:
 1411 00ea 73697A65 		.ascii	"sizetype\000"
 1411      74797065 
 1411      00
 1412              	.LASF57:
 1413 00f3 52656164 		.ascii	"ReadyList\000"
 1413      794C6973 
 1413      7400
 1414              	.LASF62:
 1415 00fd 7264796D 		.ascii	"rdymsg\000"
 1415      736700
 1416              	.LASF28:
 1417 0104 705F7072 		.ascii	"p_prev\000"
 1417      657600
 1418              	.LASF53:
 1419 010b 725F6374 		.ascii	"r_ctx\000"
 1419      7800
 1420              	.LASF6:
 1421 0111 5F5F7569 		.ascii	"__uint16_t\000"
 1421      6E743136 
 1421      5F7400
 1422              	.LASF10:
 1423 011c 5F5F7569 		.ascii	"__uint32_t\000"
 1423      6E743332 
 1423      5F7400
 1424              	.LASF24:
 1425 0127 6576656E 		.ascii	"eventmask_t\000"
 1425      746D6173 
 1425      6B5F7400 
 1426              	.LASF39:
 1427 0133 705F6D73 		.ascii	"p_msgqueue\000"
 1427      67717565 
 1427      756500
 1428              	.LASF29:
 1429 013e 705F7072 		.ascii	"p_prio\000"
 1429      696F00
 1430              	.LASF27:
 1431 0145 705F6E65 		.ascii	"p_next\000"
 1431      787400
 1432              	.LASF42:
 1433 014c 705F6D74 		.ascii	"p_mtxlist\000"
 1433      786C6973 
 1433      7400
ARM GAS  /tmp/ccRtzVO7.s 			page 27


 1434              	.LASF94:
 1435 0156 63685468 		.ascii	"chThdRelease\000"
 1435      6452656C 
 1435      65617365 
 1435      00
 1436              	.LASF41:
 1437 0163 705F6570 		.ascii	"p_epending\000"
 1437      656E6469 
 1437      6E6700
 1438              	.LASF48:
 1439 016e 72656761 		.ascii	"regarm_t\000"
 1439      726D5F74 
 1439      00
 1440              	.LASF14:
 1441 0177 75696E74 		.ascii	"uint8_t\000"
 1441      385F7400 
 1442              	.LASF80:
 1443 017f 63665F6F 		.ascii	"cf_off_state\000"
 1443      66665F73 
 1443      74617465 
 1443      00
 1444              	.LASF73:
 1445 018c 63685F74 		.ascii	"ch_threadsize\000"
 1445      68726561 
 1445      6473697A 
 1445      6500
 1446              	.LASF37:
 1447 019a 705F7469 		.ascii	"p_time\000"
 1447      6D6500
 1448              	.LASF82:
 1449 01a1 63665F6F 		.ascii	"cf_off_refs\000"
 1449      66665F72 
 1449      65667300 
 1450              	.LASF52:
 1451 01ad 725F7072 		.ascii	"r_prio\000"
 1451      696F00
 1452              	.LASF1:
 1453 01b4 7369676E 		.ascii	"signed char\000"
 1453      65642063 
 1453      68617200 
 1454              	.LASF79:
 1455 01c0 63665F6F 		.ascii	"cf_off_stklimit\000"
 1455      66665F73 
 1455      746B6C69 
 1455      6D697400 
 1456              	.LASF67:
 1457 01d0 63685F69 		.ascii	"ch_identifier\000"
 1457      64656E74 
 1457      69666965 
 1457      7200
 1458              	.LASF19:
 1459 01de 746D6F64 		.ascii	"tmode_t\000"
 1459      655F7400 
 1460              	.LASF12:
 1461 01e6 6C6F6E67 		.ascii	"long long int\000"
 1461      206C6F6E 
 1461      6720696E 
ARM GAS  /tmp/ccRtzVO7.s 			page 28


 1461      7400
 1462              	.LASF22:
 1463 01f4 74707269 		.ascii	"tprio_t\000"
 1463      6F5F7400 
 1464              	.LASF9:
 1465 01fc 6C6F6E67 		.ascii	"long int\000"
 1465      20696E74 
 1465      00
 1466              	.LASF74:
 1467 0205 63665F6F 		.ascii	"cf_off_prio\000"
 1467      66665F70 
 1467      72696F00 
 1468              	.LASF58:
 1469 0211 4D757465 		.ascii	"Mutex\000"
 1469      7800
 1470              	.LASF72:
 1471 0217 63685F74 		.ascii	"ch_timesize\000"
 1471      696D6573 
 1471      697A6500 
 1472              	.LASF59:
 1473 0223 6D5F7175 		.ascii	"m_queue\000"
 1473      65756500 
 1474              	.LASF3:
 1475 022b 5F5F7569 		.ascii	"__uint8_t\000"
 1475      6E74385F 
 1475      7400
 1476              	.LASF50:
 1477 0235 636F6E74 		.ascii	"context\000"
 1477      65787400 
 1478              	.LASF56:
 1479 023d 725F6375 		.ascii	"r_current\000"
 1479      7272656E 
 1479      7400
 1480              	.LASF40:
 1481 0247 705F6D73 		.ascii	"p_msg\000"
 1481      6700
 1482              	.LASF71:
 1483 024d 63685F70 		.ascii	"ch_ptrsize\000"
 1483      74727369 
 1483      7A6500
 1484              	.LASF69:
 1485 0258 63685F73 		.ascii	"ch_size\000"
 1485      697A6500 
 1486              	.LASF77:
 1487 0260 63665F6F 		.ascii	"cf_off_older\000"
 1487      66665F6F 
 1487      6C646572 
 1487      00
 1488              	.LASF84:
 1489 026d 63665F6F 		.ascii	"cf_off_time\000"
 1489      66665F74 
 1489      696D6500 
 1490              	.LASF4:
 1491 0279 756E7369 		.ascii	"unsigned char\000"
 1491      676E6564 
 1491      20636861 
 1491      7200
ARM GAS  /tmp/ccRtzVO7.s 			page 29


 1492              	.LASF68:
 1493 0287 63685F7A 		.ascii	"ch_zero\000"
 1493      65726F00 
 1494              	.LASF65:
 1495 028f 65776D61 		.ascii	"ewmask\000"
 1495      736B00
 1496              	.LASF90:
 1497 0296 63685F64 		.ascii	"ch_debug\000"
 1497      65627567 
 1497      00
 1498              	.LASF31:
 1499 029f 705F6E65 		.ascii	"p_newer\000"
 1499      77657200 
 1500              	.LASF13:
 1501 02a7 6C6F6E67 		.ascii	"long long unsigned int\000"
 1501      206C6F6E 
 1501      6720756E 
 1501      7369676E 
 1501      65642069 
 1502              	.LASF17:
 1503 02be 75696E74 		.ascii	"uint32_t\000"
 1503      33325F74 
 1503      00
 1504              	.LASF0:
 1505 02c7 756E7369 		.ascii	"unsigned int\000"
 1505      676E6564 
 1505      20696E74 
 1505      00
 1506              	.LASF15:
 1507 02d4 75696E74 		.ascii	"uint16_t\000"
 1507      31365F74 
 1507      00
 1508              	.LASF86:
 1509 02dd 63685265 		.ascii	"chRegFirstThread\000"
 1509      67466972 
 1509      73745468 
 1509      72656164 
 1509      00
 1510              	.LASF85:
 1511 02ee 63686465 		.ascii	"chdebug_t\000"
 1511      6275675F 
 1511      7400
 1512              	.LASF93:
 1513 02f8 2F686F6D 		.ascii	"/home/autoscatto/prototipi/git/tiva-chibios2_6/demo"
 1513      652F6175 
 1513      746F7363 
 1513      6174746F 
 1513      2F70726F 
 1514 032b 732F5254 		.ascii	"s/RT-TM4C1294-LAUNCHPAD\000"
 1514      2D544D34 
 1514      43313239 
 1514      342D4C41 
 1514      554E4348 
 1515              	.LASF44:
 1516 0343 705F6D70 		.ascii	"p_mpool\000"
 1516      6F6F6C00 
 1517              	.LASF54:
ARM GAS  /tmp/ccRtzVO7.s 			page 30


 1518 034b 725F6E65 		.ascii	"r_newer\000"
 1518      77657200 
 1519              	.LASF35:
 1520 0353 705F666C 		.ascii	"p_flags\000"
 1520      61677300 
 1521              	.LASF43:
 1522 035b 705F7265 		.ascii	"p_realprio\000"
 1522      616C7072 
 1522      696F00
 1523              	.LASF25:
 1524 0366 73797374 		.ascii	"systime_t\000"
 1524      696D655F 
 1524      7400
 1525              	.LASF66:
 1526 0370 63686172 		.ascii	"char\000"
 1526      00
 1527              	.LASF33:
 1528 0375 705F6E61 		.ascii	"p_name\000"
 1528      6D6500
 1529              	.LASF16:
 1530 037c 696E7433 		.ascii	"int32_t\000"
 1530      325F7400 
 1531              	.LASF70:
 1532 0384 63685F76 		.ascii	"ch_version\000"
 1532      65727369 
 1532      6F6E00
 1533              	.LASF34:
 1534 038f 705F7374 		.ascii	"p_state\000"
 1534      61746500 
 1535              	.LASF7:
 1536 0397 73686F72 		.ascii	"short unsigned int\000"
 1536      7420756E 
 1536      7369676E 
 1536      65642069 
 1536      6E7400
 1537              	.LASF45:
 1538 03aa 54687265 		.ascii	"ThreadsQueue\000"
 1538      61647351 
 1538      75657565 
 1538      00
 1539              	.LASF18:
 1540 03b7 5F426F6F 		.ascii	"_Bool\000"
 1540      6C00
 1541              	.LASF38:
 1542 03bd 705F7761 		.ascii	"p_waiting\000"
 1542      6974696E 
 1542      6700
 1543              	.LASF75:
 1544 03c7 63665F6F 		.ascii	"cf_off_ctx\000"
 1544      66665F63 
 1544      747800
 1545              	.LASF49:
 1546 03d2 696E7463 		.ascii	"intctx\000"
 1546      747800
 1547              	.LASF20:
 1548 03d9 74737461 		.ascii	"tstate_t\000"
 1548      74655F74 
ARM GAS  /tmp/ccRtzVO7.s 			page 31


 1548      00
 1549              	.LASF11:
 1550 03e2 6C6F6E67 		.ascii	"long unsigned int\000"
 1550      20756E73 
 1550      69676E65 
 1550      6420696E 
 1550      7400
 1551              	.LASF8:
 1552 03f4 5F5F696E 		.ascii	"__int32_t\000"
 1552      7433325F 
 1552      7400
 1553              	.LASF61:
 1554 03fe 6D5F6E65 		.ascii	"m_next\000"
 1554      787400
 1555              	.LASF64:
 1556 0405 77746F62 		.ascii	"wtobjp\000"
 1556      6A7000
 1557              	.LASF83:
 1558 040c 63665F6F 		.ascii	"cf_off_preempt\000"
 1558      66665F70 
 1558      7265656D 
 1558      707400
 1559              	.LASF78:
 1560 041b 63665F6F 		.ascii	"cf_off_name\000"
 1560      66665F6E 
 1560      616D6500 
 1561              	.LASF26:
 1562 0427 54687265 		.ascii	"Thread\000"
 1562      616400
 1563              	.LASF63:
 1564 042e 65786974 		.ascii	"exitcode\000"
 1564      636F6465 
 1564      00
 1565              	.LASF32:
 1566 0437 705F6F6C 		.ascii	"p_older\000"
 1566      64657200 
 1567              	.LASF81:
 1568 043f 63665F6F 		.ascii	"cf_off_flags\000"
 1568      66665F66 
 1568      6C616773 
 1568      00
 1569              	.LASF36:
 1570 044c 705F7265 		.ascii	"p_refs\000"
 1570      667300
 1571              	.LASF30:
 1572 0453 705F6374 		.ascii	"p_ctx\000"
 1572      7800
 1573              	.LASF88:
 1574 0459 49544D5F 		.ascii	"ITM_RxBuffer\000"
 1574      52784275 
 1574      66666572 
 1574      00
 1575              	.LASF87:
 1576 0466 63685265 		.ascii	"chRegNextThread\000"
 1576      674E6578 
 1576      74546872 
 1576      65616400 
ARM GAS  /tmp/ccRtzVO7.s 			page 32


 1577              	.LASF60:
 1578 0476 6D5F6F77 		.ascii	"m_owner\000"
 1578      6E657200 
 1579              	.LASF89:
 1580 047e 726C6973 		.ascii	"rlist\000"
 1580      7400
 1581              	.LASF92:
 1582 0484 2E2E2F2E 		.ascii	"../../os/kernel/src/chregistry.c\000"
 1582      2E2F6F73 
 1582      2F6B6572 
 1582      6E656C2F 
 1582      7372632F 
 1583              	.LASF23:
 1584 04a5 6D73675F 		.ascii	"msg_t\000"
 1584      7400
 1585              	.LASF55:
 1586 04ab 725F6F6C 		.ascii	"r_older\000"
 1586      64657200 
 1587              		.ident	"GCC: (4.8.3-9+11) 4.8.3 20140820 (release)"
ARM GAS  /tmp/ccRtzVO7.s 			page 33


DEFINED SYMBOLS
                            *ABS*:0000000000000000 chregistry.c
     /tmp/ccRtzVO7.s:19     .text.chRegFirstThread:0000000000000000 $t
     /tmp/ccRtzVO7.s:25     .text.chRegFirstThread:0000000000000000 chRegFirstThread
     /tmp/ccRtzVO7.s:62     .text.chRegFirstThread:0000000000000018 $d
     /tmp/ccRtzVO7.s:67     .text.chRegNextThread:0000000000000000 $t
     /tmp/ccRtzVO7.s:73     .text.chRegNextThread:0000000000000000 chRegNextThread
     /tmp/ccRtzVO7.s:125    .text.chRegNextThread:0000000000000028 $d
     /tmp/ccRtzVO7.s:134    .rodata.ch_debug:0000000000000000 ch_debug
     /tmp/ccRtzVO7.s:131    .rodata.ch_debug:0000000000000000 $d
                     .debug_frame:0000000000000010 $d
     /tmp/ccRtzVO7.s:66     .text.chRegFirstThread:000000000000001c $t
     /tmp/ccRtzVO7.s:130    .text.chRegNextThread:000000000000002c $t

UNDEFINED SYMBOLS
rlist
chThdRelease
