ARM GAS  /tmp/ccu7SxZ6.s 			page 1


   1              		.syntax unified
   2              		.cpu cortex-m4
   3              		.fpu softvfp
   4              		.eabi_attribute 20, 1
   5              		.eabi_attribute 21, 1
   6              		.eabi_attribute 23, 3
   7              		.eabi_attribute 24, 1
   8              		.eabi_attribute 25, 1
   9              		.eabi_attribute 26, 1
  10              		.eabi_attribute 30, 2
  11              		.eabi_attribute 34, 1
  12              		.eabi_attribute 18, 4
  13              		.thumb
  14              		.file	"chsys.c"
  15              		.text
  16              	.Ltext0:
  17              		.cfi_sections	.debug_frame
  18              		.section	.text._idle_thread,"ax",%progbits
  19              		.align	2
  20              		.p2align 4,,15
  21              		.global	_idle_thread
  22              		.thumb
  23              		.thumb_func
  24              		.type	_idle_thread, %function
  25              	_idle_thread:
  26              	.LFB118:
  27              		.file 1 "../../os/kernel/src/chsys.c"
  28              		.loc 1 61 0
  29              		.cfi_startproc
  30              		@ Volatile: function does not return.
  31              		@ args = 0, pretend = 0, frame = 0
  32              		@ frame_needed = 0, uses_anonymous_args = 0
  33              		@ link register save eliminated.
  34              	.LVL0:
  35              		.loc 1 64 0
  36 0000 024B     		ldr	r3, .L4
  37 0002 034A     		ldr	r2, .L4+4
  38 0004 9B69     		ldr	r3, [r3, #24]
  39 0006 9A61     		str	r2, [r3, #24]
  40              	.L2:
  41 0008 FEE7     		b	.L2
  42              	.L5:
  43 000a 00BF     		.align	2
  44              	.L4:
  45 000c 00000000 		.word	rlist
  46 0010 00000000 		.word	.LC0
  47              		.cfi_endproc
  48              	.LFE118:
  49              		.size	_idle_thread, .-_idle_thread
  50 0014 AFF30080 		.section	.text.chSysInit,"ax",%progbits
  50      AFF30080 
  50      AFF30080 
  51              		.align	2
  52              		.p2align 4,,15
  53              		.global	chSysInit
  54              		.thumb
  55              		.thumb_func
ARM GAS  /tmp/ccu7SxZ6.s 			page 2


  56              		.type	chSysInit, %function
  57              	chSysInit:
  58              	.LFB119:
  59              		.loc 1 84 0
  60              		.cfi_startproc
  61              		@ args = 0, pretend = 0, frame = 0
  62              		@ frame_needed = 0, uses_anonymous_args = 0
  63 0000 00B5     		push	{lr}
  64              		.cfi_def_cfa_offset 4
  65              		.cfi_offset 14, -4
  66 0002 83B0     		sub	sp, sp, #12
  67              		.cfi_def_cfa_offset 16
  68              		.loc 1 90 0
  69 0004 FFF7FEFF 		bl	_port_init
  70              	.LVL1:
  71              		.loc 1 91 0
  72 0008 FFF7FEFF 		bl	_scheduler_init
  73              	.LVL2:
  74              		.loc 1 92 0
  75 000c FFF7FEFF 		bl	_vt_init
  76              	.LVL3:
  77              		.loc 1 94 0
  78 0010 FFF7FEFF 		bl	_core_init
  79              	.LVL4:
  80              		.loc 1 97 0
  81 0014 FFF7FEFF 		bl	_heap_init
  82              	.LVL5:
  83              		.loc 1 104 0
  84 0018 4021     		movs	r1, #64
  85 001a 0B48     		ldr	r0, .L7
  86 001c FFF7FEFF 		bl	_thread_init
  87              	.LVL6:
  88 0020 0A49     		ldr	r1, .L7+4
  89              		.loc 1 105 0
  90 0022 0122     		movs	r2, #1
  91              		.loc 1 104 0
  92 0024 8861     		str	r0, [r1, #24]
  93              		.loc 1 105 0
  94 0026 0277     		strb	r2, [r0, #28]
  95              	.LBB2:
  96              		.loc 1 111 0
  97 0028 0023     		movs	r3, #0
  98              	@ 111 "../../os/kernel/src/chsys.c" 1
  99 002a 83F31188 		msr     BASEPRI, r3                    
 100 002e 62B6     		cpsie   i
 101              	@ 0 "" 2
 102              		.thumb
 103              	.LBE2:
 104              		.loc 1 115 0
 105 0030 8969     		ldr	r1, [r1, #24]
 106 0032 0748     		ldr	r0, .L7+8
 107 0034 8861     		str	r0, [r1, #24]
 108              		.loc 1 121 0
 109 0036 0093     		str	r3, [sp]
 110 0038 E021     		movs	r1, #224
 111 003a 064B     		ldr	r3, .L7+12
 112 003c 0648     		ldr	r0, .L7+16
ARM GAS  /tmp/ccu7SxZ6.s 			page 3


 113 003e FFF7FEFF 		bl	chThdCreateStatic
 114              	.LVL7:
 115              		.loc 1 124 0
 116 0042 03B0     		add	sp, sp, #12
 117              		@ sp needed
 118 0044 5DF804FB 		ldr	pc, [sp], #4
 119              	.L8:
 120              		.align	2
 121              	.L7:
 122 0048 00000000 		.word	.LANCHOR0
 123 004c 00000000 		.word	rlist
 124 0050 00000000 		.word	ch_debug
 125 0054 00000000 		.word	_idle_thread
 126 0058 00000000 		.word	.LANCHOR1
 127              		.cfi_endproc
 128              	.LFE119:
 129              		.size	chSysInit, .-chSysInit
 130 005c AFF30080 		.section	.text.chSysTimerHandlerI,"ax",%progbits
 131              		.align	2
 132              		.p2align 4,,15
 133              		.global	chSysTimerHandlerI
 134              		.thumb
 135              		.thumb_func
 136              		.type	chSysTimerHandlerI, %function
 137              	chSysTimerHandlerI:
 138              	.LFB120:
 139              		.loc 1 137 0
 140              		.cfi_startproc
 141              		@ args = 0, pretend = 0, frame = 0
 142              		@ frame_needed = 0, uses_anonymous_args = 0
 143              		.loc 1 148 0
 144 0000 114B     		ldr	r3, .L13
 145 0002 9B69     		ldr	r3, [r3, #24]
 146 0004 196A     		ldr	r1, [r3, #32]
 147              		.loc 1 137 0
 148 0006 70B5     		push	{r4, r5, r6, lr}
 149              		.cfi_def_cfa_offset 16
 150              		.cfi_offset 4, -16
 151              		.cfi_offset 5, -12
 152              		.cfi_offset 6, -8
 153              		.cfi_offset 14, -4
 154              		.loc 1 148 0
 155 0008 0131     		adds	r1, r1, #1
 156              		.loc 1 150 0
 157 000a 104C     		ldr	r4, .L13+4
 158              		.loc 1 148 0
 159 000c 1962     		str	r1, [r3, #32]
 160              		.loc 1 150 0
 161 000e E368     		ldr	r3, [r4, #12]
 162 0010 2268     		ldr	r2, [r4]
 163 0012 0133     		adds	r3, r3, #1
 164 0014 A242     		cmp	r2, r4
 165 0016 E360     		str	r3, [r4, #12]
 166 0018 14D0     		beq	.L9
 167              	.LBB3:
 168              		.loc 1 150 0 is_stmt 0 discriminator 1
 169 001a 9668     		ldr	r6, [r2, #8]
ARM GAS  /tmp/ccu7SxZ6.s 			page 4


 170 001c 013E     		subs	r6, r6, #1
 171 001e 9660     		str	r6, [r2, #8]
 172              	.LVL8:
 173 0020 86B9     		cbnz	r6, .L9
 174              	.L12:
 175              	.LBB4:
 176              		.loc 1 150 0 discriminator 2
 177 0022 1168     		ldr	r1, [r2]
 178 0024 D568     		ldr	r5, [r2, #12]
 179              	.LVL9:
 180 0026 2160     		str	r1, [r4]
 181 0028 D660     		str	r6, [r2, #12]
 182              	.LBB5:
 183 002a 0023     		movs	r3, #0
 184              	.LBE5:
 185 002c 4C60     		str	r4, [r1, #4]
 186              	.LBB6:
 187              	@ 150 "../../os/kernel/src/chsys.c" 1
 188 002e 83F31188 		msr     BASEPRI, r3
 189              	@ 0 "" 2
 190              		.thumb
 191              	.LBE6:
 192 0032 1069     		ldr	r0, [r2, #16]
 193 0034 A847     		blx	r5
 194              	.LVL10:
 195              	.LBB7:
 196 0036 4023     		movs	r3, #64
 197              	@ 150 "../../os/kernel/src/chsys.c" 1
 198 0038 83F31188 		msr     BASEPRI, r3
 199              	@ 0 "" 2
 200              		.thumb
 201              	.LBE7:
 202              	.LBE4:
 203 003c 2268     		ldr	r2, [r4]
 204              	.LVL11:
 205 003e 9368     		ldr	r3, [r2, #8]
 206 0040 002B     		cmp	r3, #0
 207 0042 EED0     		beq	.L12
 208              	.LVL12:
 209              	.L9:
 210 0044 70BD     		pop	{r4, r5, r6, pc}
 211              	.L14:
 212 0046 00BF     		.align	2
 213              	.L13:
 214 0048 00000000 		.word	rlist
 215 004c 00000000 		.word	vtlist
 216              	.LBE3:
 217              		.cfi_endproc
 218              	.LFE120:
 219              		.size	chSysTimerHandlerI, .-chSysTimerHandlerI
 220              		.global	_idle_thread_wa
 221              		.section	.bss.mainthread.6248,"aw",%nobits
 222              		.align	2
 223              		.set	.LANCHOR0,. + 0
 224              		.type	mainthread.6248, %object
 225              		.size	mainthread.6248, 72
 226              	mainthread.6248:
ARM GAS  /tmp/ccu7SxZ6.s 			page 5


 227 0000 00000000 		.space	72
 227      00000000 
 227      00000000 
 227      00000000 
 227      00000000 
 228              		.section	.rodata.str1.4,"aMS",%progbits,1
 229              		.align	2
 230              	.LC0:
 231 0000 69646C65 		.ascii	"idle\000"
 231      00
 232 0005 000000   		.section	.bss._idle_thread_wa,"aw",%nobits
 233              		.align	3
 234              		.set	.LANCHOR1,. + 0
 235              		.type	_idle_thread_wa, %object
 236              		.size	_idle_thread_wa, 224
 237              	_idle_thread_wa:
 238 0000 00000000 		.space	224
 238      00000000 
 238      00000000 
 238      00000000 
 238      00000000 
 239              		.text
 240              	.Letext0:
 241              		.file 2 "/usr/lib/gcc/arm-none-eabi/4.8/include/stddef.h"
 242              		.file 3 "/usr/include/newlib/machine/_default_types.h"
 243              		.file 4 "/usr/include/newlib/stdint.h"
 244              		.file 5 "../../os/ports/GCC/ARMCMx/chtypes.h"
 245              		.file 6 "../../os/kernel/include/chlists.h"
 246              		.file 7 "../../os/kernel/include/chthreads.h"
 247              		.file 8 "../../os/ports/GCC/ARMCMx/chcore_v7m.h"
 248              		.file 9 "../../os/kernel/include/chvt.h"
 249              		.file 10 "../../os/kernel/include/chschd.h"
 250              		.file 11 "../../os/kernel/include/chmtx.h"
 251              		.file 12 "../../os/kernel/include/chregistry.h"
 252              		.file 13 "../../os/ports/common/ARMCMx/CMSIS/include/core_cm4.h"
 253              		.file 14 "../../os/kernel/include/chmemcore.h"
 254              		.file 15 "../../os/kernel/include/chheap.h"
 255              		.section	.debug_info,"",%progbits
 256              	.Ldebug_info0:
 257 0000 1D080000 		.4byte	0x81d
 258 0004 0400     		.2byte	0x4
 259 0006 00000000 		.4byte	.Ldebug_abbrev0
 260 000a 04       		.byte	0x4
 261 000b 01       		.uleb128 0x1
 262 000c 15000000 		.4byte	.LASF113
 263 0010 01       		.byte	0x1
 264 0011 2F050000 		.4byte	.LASF114
 265 0015 FE020000 		.4byte	.LASF115
 266 0019 18000000 		.4byte	.Ldebug_ranges0+0x18
 267 001d 00000000 		.4byte	0
 268 0021 00000000 		.4byte	.Ldebug_line0
 269 0025 02       		.uleb128 0x2
 270 0026 04       		.byte	0x4
 271 0027 05       		.byte	0x5
 272 0028 696E7400 		.ascii	"int\000"
 273 002c 03       		.uleb128 0x3
 274 002d C5000000 		.4byte	.LASF2
ARM GAS  /tmp/ccu7SxZ6.s 			page 6


 275 0031 02       		.byte	0x2
 276 0032 D4       		.byte	0xd4
 277 0033 37000000 		.4byte	0x37
 278 0037 04       		.uleb128 0x4
 279 0038 04       		.byte	0x4
 280 0039 07       		.byte	0x7
 281 003a 18020000 		.4byte	.LASF0
 282 003e 04       		.uleb128 0x4
 283 003f 01       		.byte	0x1
 284 0040 06       		.byte	0x6
 285 0041 6B010000 		.4byte	.LASF1
 286 0045 03       		.uleb128 0x3
 287 0046 E9000000 		.4byte	.LASF3
 288 004a 03       		.byte	0x3
 289 004b 1D       		.byte	0x1d
 290 004c 50000000 		.4byte	0x50
 291 0050 04       		.uleb128 0x4
 292 0051 01       		.byte	0x1
 293 0052 08       		.byte	0x8
 294 0053 E5030000 		.4byte	.LASF4
 295 0057 04       		.uleb128 0x4
 296 0058 02       		.byte	0x2
 297 0059 05       		.byte	0x5
 298 005a 08040000 		.4byte	.LASF5
 299 005e 03       		.uleb128 0x3
 300 005f B4040000 		.4byte	.LASF6
 301 0063 03       		.byte	0x3
 302 0064 2B       		.byte	0x2b
 303 0065 69000000 		.4byte	0x69
 304 0069 04       		.uleb128 0x4
 305 006a 02       		.byte	0x2
 306 006b 07       		.byte	0x7
 307 006c 6B020000 		.4byte	.LASF7
 308 0070 03       		.uleb128 0x3
 309 0071 B3020000 		.4byte	.LASF8
 310 0075 03       		.byte	0x3
 311 0076 3F       		.byte	0x3f
 312 0077 7B000000 		.4byte	0x7b
 313 007b 04       		.uleb128 0x4
 314 007c 04       		.byte	0x4
 315 007d 05       		.byte	0x5
 316 007e A4010000 		.4byte	.LASF9
 317 0082 03       		.uleb128 0x3
 318 0083 EC040000 		.4byte	.LASF10
 319 0087 03       		.byte	0x3
 320 0088 41       		.byte	0x41
 321 0089 8D000000 		.4byte	0x8d
 322 008d 04       		.uleb128 0x4
 323 008e 04       		.byte	0x4
 324 008f 07       		.byte	0x7
 325 0090 9D040000 		.4byte	.LASF11
 326 0094 04       		.uleb128 0x4
 327 0095 08       		.byte	0x8
 328 0096 05       		.byte	0x5
 329 0097 5D010000 		.4byte	.LASF12
 330 009b 03       		.uleb128 0x3
 331 009c AA030000 		.4byte	.LASF13
ARM GAS  /tmp/ccu7SxZ6.s 			page 7


 332 00a0 03       		.byte	0x3
 333 00a1 5B       		.byte	0x5b
 334 00a2 A6000000 		.4byte	0xa6
 335 00a6 04       		.uleb128 0x4
 336 00a7 08       		.byte	0x8
 337 00a8 07       		.byte	0x7
 338 00a9 FA000000 		.4byte	.LASF14
 339 00ad 03       		.uleb128 0x3
 340 00ae 4B050000 		.4byte	.LASF15
 341 00b2 04       		.byte	0x4
 342 00b3 2A       		.byte	0x2a
 343 00b4 45000000 		.4byte	0x45
 344 00b8 03       		.uleb128 0x3
 345 00b9 3A020000 		.4byte	.LASF16
 346 00bd 04       		.byte	0x4
 347 00be 36       		.byte	0x36
 348 00bf 5E000000 		.4byte	0x5e
 349 00c3 03       		.uleb128 0x3
 350 00c4 DD030000 		.4byte	.LASF17
 351 00c8 04       		.byte	0x4
 352 00c9 41       		.byte	0x41
 353 00ca 70000000 		.4byte	0x70
 354 00ce 03       		.uleb128 0x3
 355 00cf 75040000 		.4byte	.LASF18
 356 00d3 04       		.byte	0x4
 357 00d4 42       		.byte	0x42
 358 00d5 82000000 		.4byte	0x82
 359 00d9 03       		.uleb128 0x3
 360 00da E0000000 		.4byte	.LASF19
 361 00de 04       		.byte	0x4
 362 00df 4E       		.byte	0x4e
 363 00e0 9B000000 		.4byte	0x9b
 364 00e4 04       		.uleb128 0x4
 365 00e5 01       		.byte	0x1
 366 00e6 02       		.byte	0x2
 367 00e7 D7030000 		.4byte	.LASF20
 368 00eb 03       		.uleb128 0x3
 369 00ec 2F040000 		.4byte	.LASF21
 370 00f0 05       		.byte	0x5
 371 00f1 2C       		.byte	0x2c
 372 00f2 AD000000 		.4byte	0xad
 373 00f6 03       		.uleb128 0x3
 374 00f7 AD010000 		.4byte	.LASF22
 375 00fb 05       		.byte	0x5
 376 00fc 2D       		.byte	0x2d
 377 00fd AD000000 		.4byte	0xad
 378 0101 03       		.uleb128 0x3
 379 0102 B5030000 		.4byte	.LASF23
 380 0106 05       		.byte	0x5
 381 0107 2E       		.byte	0x2e
 382 0108 AD000000 		.4byte	0xad
 383 010c 03       		.uleb128 0x3
 384 010d CF030000 		.4byte	.LASF24
 385 0111 05       		.byte	0x5
 386 0112 30       		.byte	0x30
 387 0113 CE000000 		.4byte	0xce
 388 0117 03       		.uleb128 0x3
ARM GAS  /tmp/ccu7SxZ6.s 			page 8


 389 0118 7E020000 		.4byte	.LASF25
 390 011c 05       		.byte	0x5
 391 011d 31       		.byte	0x31
 392 011e C3000000 		.4byte	0xc3
 393 0122 03       		.uleb128 0x3
 394 0123 A7020000 		.4byte	.LASF26
 395 0127 05       		.byte	0x5
 396 0128 33       		.byte	0x33
 397 0129 CE000000 		.4byte	0xce
 398 012d 03       		.uleb128 0x3
 399 012e C6040000 		.4byte	.LASF27
 400 0132 05       		.byte	0x5
 401 0133 35       		.byte	0x35
 402 0134 CE000000 		.4byte	0xce
 403 0138 03       		.uleb128 0x3
 404 0139 4E040000 		.4byte	.LASF28
 405 013d 06       		.byte	0x6
 406 013e 2A       		.byte	0x2a
 407 013f 43010000 		.4byte	0x143
 408 0143 05       		.uleb128 0x5
 409 0144 4E040000 		.4byte	.LASF28
 410 0148 48       		.byte	0x48
 411 0149 07       		.byte	0x7
 412 014a 5E       		.byte	0x5e
 413 014b 34020000 		.4byte	0x234
 414 014f 06       		.uleb128 0x6
 415 0150 28040000 		.4byte	.LASF29
 416 0154 07       		.byte	0x7
 417 0155 5F       		.byte	0x5f
 418 0156 55020000 		.4byte	0x255
 419 015a 00       		.byte	0
 420 015b 06       		.uleb128 0x6
 421 015c C8030000 		.4byte	.LASF30
 422 0160 07       		.byte	0x7
 423 0161 61       		.byte	0x61
 424 0162 55020000 		.4byte	0x255
 425 0166 04       		.byte	0x4
 426 0167 06       		.uleb128 0x6
 427 0168 40010000 		.4byte	.LASF31
 428 016c 07       		.byte	0x7
 429 016d 63       		.byte	0x63
 430 016e 0C010000 		.4byte	0x10c
 431 0172 08       		.byte	0x8
 432 0173 06       		.uleb128 0x6
 433 0174 8A030000 		.4byte	.LASF32
 434 0178 07       		.byte	0x7
 435 0179 64       		.byte	0x64
 436 017a 21030000 		.4byte	0x321
 437 017e 0C       		.byte	0xc
 438 017f 06       		.uleb128 0x6
 439 0180 D2010000 		.4byte	.LASF33
 440 0184 07       		.byte	0x7
 441 0185 66       		.byte	0x66
 442 0186 55020000 		.4byte	0x255
 443 018a 10       		.byte	0x10
 444 018b 06       		.uleb128 0x6
 445 018c 6F030000 		.4byte	.LASF34
ARM GAS  /tmp/ccu7SxZ6.s 			page 9


 446 0190 07       		.byte	0x7
 447 0191 67       		.byte	0x67
 448 0192 55020000 		.4byte	0x255
 449 0196 14       		.byte	0x14
 450 0197 06       		.uleb128 0x6
 451 0198 65050000 		.4byte	.LASF35
 452 019c 07       		.byte	0x7
 453 019d 6E       		.byte	0x6e
 454 019e D4040000 		.4byte	0x4d4
 455 01a2 18       		.byte	0x18
 456 01a3 06       		.uleb128 0x6
 457 01a4 12040000 		.4byte	.LASF36
 458 01a8 07       		.byte	0x7
 459 01a9 79       		.byte	0x79
 460 01aa F6000000 		.4byte	0xf6
 461 01ae 1C       		.byte	0x1c
 462 01af 06       		.uleb128 0x6
 463 01b0 46040000 		.4byte	.LASF37
 464 01b4 07       		.byte	0x7
 465 01b5 7D       		.byte	0x7d
 466 01b6 EB000000 		.4byte	0xeb
 467 01ba 1D       		.byte	0x1d
 468 01bb 06       		.uleb128 0x6
 469 01bc 18050000 		.4byte	.LASF38
 470 01c0 07       		.byte	0x7
 471 01c1 82       		.byte	0x82
 472 01c2 01010000 		.4byte	0x101
 473 01c6 1E       		.byte	0x1e
 474 01c7 06       		.uleb128 0x6
 475 01c8 C1010000 		.4byte	.LASF39
 476 01cc 07       		.byte	0x7
 477 01cd 8F       		.byte	0x8f
 478 01ce F1030000 		.4byte	0x3f1
 479 01d2 20       		.byte	0x20
 480 01d3 07       		.uleb128 0x7
 481 01d4 705F7500 		.ascii	"p_u\000"
 482 01d8 07       		.byte	0x7
 483 01d9 B4       		.byte	0xb4
 484 01da 9F040000 		.4byte	0x49f
 485 01de 24       		.byte	0x24
 486 01df 06       		.uleb128 0x6
 487 01e0 3E030000 		.4byte	.LASF40
 488 01e4 07       		.byte	0x7
 489 01e5 B9       		.byte	0xb9
 490 01e6 7B020000 		.4byte	0x27b
 491 01ea 28       		.byte	0x28
 492 01eb 06       		.uleb128 0x6
 493 01ec 43020000 		.4byte	.LASF41
 494 01f0 07       		.byte	0x7
 495 01f1 BF       		.byte	0xbf
 496 01f2 5B020000 		.4byte	0x25b
 497 01f6 2C       		.byte	0x2c
 498 01f7 06       		.uleb128 0x6
 499 01f8 6C050000 		.4byte	.LASF42
 500 01fc 07       		.byte	0x7
 501 01fd C3       		.byte	0xc3
 502 01fe 17010000 		.4byte	0x117
ARM GAS  /tmp/ccu7SxZ6.s 			page 10


 503 0202 34       		.byte	0x34
 504 0203 06       		.uleb128 0x6
 505 0204 62040000 		.4byte	.LASF43
 506 0208 07       		.byte	0x7
 507 0209 C9       		.byte	0xc9
 508 020a 22010000 		.4byte	0x122
 509 020e 38       		.byte	0x38
 510 020f 06       		.uleb128 0x6
 511 0210 FE030000 		.4byte	.LASF44
 512 0214 07       		.byte	0x7
 513 0215 D0       		.byte	0xd0
 514 0216 E6040000 		.4byte	0x4e6
 515 021a 3C       		.byte	0x3c
 516 021b 06       		.uleb128 0x6
 517 021c 84020000 		.4byte	.LASF45
 518 0220 07       		.byte	0x7
 519 0221 D4       		.byte	0xd4
 520 0222 0C010000 		.4byte	0x10c
 521 0226 40       		.byte	0x40
 522 0227 06       		.uleb128 0x6
 523 0228 94010000 		.4byte	.LASF46
 524 022c 07       		.byte	0x7
 525 022d DA       		.byte	0xda
 526 022e 98020000 		.4byte	0x298
 527 0232 44       		.byte	0x44
 528 0233 00       		.byte	0
 529 0234 08       		.uleb128 0x8
 530 0235 08       		.byte	0x8
 531 0236 06       		.byte	0x6
 532 0237 61       		.byte	0x61
 533 0238 55020000 		.4byte	0x255
 534 023c 06       		.uleb128 0x6
 535 023d 28040000 		.4byte	.LASF29
 536 0241 06       		.byte	0x6
 537 0242 62       		.byte	0x62
 538 0243 55020000 		.4byte	0x255
 539 0247 00       		.byte	0
 540 0248 06       		.uleb128 0x6
 541 0249 C8030000 		.4byte	.LASF30
 542 024d 06       		.byte	0x6
 543 024e 64       		.byte	0x64
 544 024f 55020000 		.4byte	0x255
 545 0253 04       		.byte	0x4
 546 0254 00       		.byte	0
 547 0255 09       		.uleb128 0x9
 548 0256 04       		.byte	0x4
 549 0257 38010000 		.4byte	0x138
 550 025b 03       		.uleb128 0x3
 551 025c 7D030000 		.4byte	.LASF47
 552 0260 06       		.byte	0x6
 553 0261 66       		.byte	0x66
 554 0262 34020000 		.4byte	0x234
 555 0266 08       		.uleb128 0x8
 556 0267 04       		.byte	0x4
 557 0268 06       		.byte	0x6
 558 0269 6B       		.byte	0x6b
 559 026a 7B020000 		.4byte	0x27b
ARM GAS  /tmp/ccu7SxZ6.s 			page 11


 560 026e 06       		.uleb128 0x6
 561 026f 28040000 		.4byte	.LASF29
 562 0273 06       		.byte	0x6
 563 0274 6D       		.byte	0x6d
 564 0275 55020000 		.4byte	0x255
 565 0279 00       		.byte	0
 566 027a 00       		.byte	0
 567 027b 03       		.uleb128 0x3
 568 027c 9B020000 		.4byte	.LASF48
 569 0280 06       		.byte	0x6
 570 0281 70       		.byte	0x70
 571 0282 66020000 		.4byte	0x266
 572 0286 04       		.uleb128 0x4
 573 0287 04       		.byte	0x4
 574 0288 07       		.byte	0x7
 575 0289 48030000 		.4byte	.LASF49
 576 028d 03       		.uleb128 0x3
 577 028e F2010000 		.4byte	.LASF50
 578 0292 08       		.byte	0x8
 579 0293 E5       		.byte	0xe5
 580 0294 98020000 		.4byte	0x298
 581 0298 0A       		.uleb128 0xa
 582 0299 04       		.byte	0x4
 583 029a 03       		.uleb128 0x3
 584 029b BD020000 		.4byte	.LASF51
 585 029f 08       		.byte	0x8
 586 02a0 EB       		.byte	0xeb
 587 02a1 D9000000 		.4byte	0xd9
 588 02a5 0B       		.uleb128 0xb
 589 02a6 FF040000 		.4byte	.LASF52
 590 02aa 24       		.byte	0x24
 591 02ab 08       		.byte	0x8
 592 02ac 0C01     		.2byte	0x10c
 593 02ae 21030000 		.4byte	0x321
 594 02b2 0C       		.uleb128 0xc
 595 02b3 723400   		.ascii	"r4\000"
 596 02b6 08       		.byte	0x8
 597 02b7 1F01     		.2byte	0x11f
 598 02b9 8D020000 		.4byte	0x28d
 599 02bd 00       		.byte	0
 600 02be 0C       		.uleb128 0xc
 601 02bf 723500   		.ascii	"r5\000"
 602 02c2 08       		.byte	0x8
 603 02c3 2001     		.2byte	0x120
 604 02c5 8D020000 		.4byte	0x28d
 605 02c9 04       		.byte	0x4
 606 02ca 0C       		.uleb128 0xc
 607 02cb 723600   		.ascii	"r6\000"
 608 02ce 08       		.byte	0x8
 609 02cf 2101     		.2byte	0x121
 610 02d1 8D020000 		.4byte	0x28d
 611 02d5 08       		.byte	0x8
 612 02d6 0C       		.uleb128 0xc
 613 02d7 723700   		.ascii	"r7\000"
 614 02da 08       		.byte	0x8
 615 02db 2201     		.2byte	0x122
 616 02dd 8D020000 		.4byte	0x28d
ARM GAS  /tmp/ccu7SxZ6.s 			page 12


 617 02e1 0C       		.byte	0xc
 618 02e2 0C       		.uleb128 0xc
 619 02e3 723800   		.ascii	"r8\000"
 620 02e6 08       		.byte	0x8
 621 02e7 2301     		.2byte	0x123
 622 02e9 8D020000 		.4byte	0x28d
 623 02ed 10       		.byte	0x10
 624 02ee 0C       		.uleb128 0xc
 625 02ef 723900   		.ascii	"r9\000"
 626 02f2 08       		.byte	0x8
 627 02f3 2401     		.2byte	0x124
 628 02f5 8D020000 		.4byte	0x28d
 629 02f9 14       		.byte	0x14
 630 02fa 0C       		.uleb128 0xc
 631 02fb 72313000 		.ascii	"r10\000"
 632 02ff 08       		.byte	0x8
 633 0300 2501     		.2byte	0x125
 634 0302 8D020000 		.4byte	0x28d
 635 0306 18       		.byte	0x18
 636 0307 0C       		.uleb128 0xc
 637 0308 72313100 		.ascii	"r11\000"
 638 030c 08       		.byte	0x8
 639 030d 2601     		.2byte	0x126
 640 030f 8D020000 		.4byte	0x28d
 641 0313 1C       		.byte	0x1c
 642 0314 0C       		.uleb128 0xc
 643 0315 6C7200   		.ascii	"lr\000"
 644 0318 08       		.byte	0x8
 645 0319 2701     		.2byte	0x127
 646 031b 8D020000 		.4byte	0x28d
 647 031f 20       		.byte	0x20
 648 0320 00       		.byte	0
 649 0321 0B       		.uleb128 0xb
 650 0322 F7040000 		.4byte	.LASF53
 651 0326 04       		.byte	0x4
 652 0327 08       		.byte	0x8
 653 0328 3101     		.2byte	0x131
 654 032a 3C030000 		.4byte	0x33c
 655 032e 0C       		.uleb128 0xc
 656 032f 72313300 		.ascii	"r13\000"
 657 0333 08       		.byte	0x8
 658 0334 3201     		.2byte	0x132
 659 0336 3C030000 		.4byte	0x33c
 660 033a 00       		.byte	0
 661 033b 00       		.byte	0
 662 033c 09       		.uleb128 0x9
 663 033d 04       		.byte	0x4
 664 033e A5020000 		.4byte	0x2a5
 665 0342 03       		.uleb128 0x3
 666 0343 E3040000 		.4byte	.LASF54
 667 0347 09       		.byte	0x9
 668 0348 58       		.byte	0x58
 669 0349 4D030000 		.4byte	0x34d
 670 034d 09       		.uleb128 0x9
 671 034e 04       		.byte	0x4
 672 034f 53030000 		.4byte	0x353
 673 0353 0D       		.uleb128 0xd
ARM GAS  /tmp/ccu7SxZ6.s 			page 13


 674 0354 5E030000 		.4byte	0x35e
 675 0358 0E       		.uleb128 0xe
 676 0359 98020000 		.4byte	0x298
 677 035d 00       		.byte	0
 678 035e 03       		.uleb128 0x3
 679 035f 57020000 		.4byte	.LASF55
 680 0363 09       		.byte	0x9
 681 0364 5D       		.byte	0x5d
 682 0365 69030000 		.4byte	0x369
 683 0369 05       		.uleb128 0x5
 684 036a 57020000 		.4byte	.LASF55
 685 036e 14       		.byte	0x14
 686 036f 09       		.byte	0x9
 687 0370 64       		.byte	0x64
 688 0371 B2030000 		.4byte	0x3b2
 689 0375 06       		.uleb128 0x6
 690 0376 32020000 		.4byte	.LASF56
 691 037a 09       		.byte	0x9
 692 037b 65       		.byte	0x65
 693 037c B2030000 		.4byte	0x3b2
 694 0380 00       		.byte	0
 695 0381 06       		.uleb128 0x6
 696 0382 FB010000 		.4byte	.LASF57
 697 0386 09       		.byte	0x9
 698 0387 67       		.byte	0x67
 699 0388 B2030000 		.4byte	0x3b2
 700 038c 04       		.byte	0x4
 701 038d 06       		.uleb128 0x6
 702 038e 6D040000 		.4byte	.LASF58
 703 0392 09       		.byte	0x9
 704 0393 69       		.byte	0x69
 705 0394 2D010000 		.4byte	0x12d
 706 0398 08       		.byte	0x8
 707 0399 06       		.uleb128 0x6
 708 039a 88050000 		.4byte	.LASF59
 709 039e 09       		.byte	0x9
 710 039f 6A       		.byte	0x6a
 711 03a0 42030000 		.4byte	0x342
 712 03a4 0C       		.byte	0xc
 713 03a5 06       		.uleb128 0x6
 714 03a6 06050000 		.4byte	.LASF60
 715 03aa 09       		.byte	0x9
 716 03ab 6C       		.byte	0x6c
 717 03ac 98020000 		.4byte	0x298
 718 03b0 10       		.byte	0x10
 719 03b1 00       		.byte	0
 720 03b2 09       		.uleb128 0x9
 721 03b3 04       		.byte	0x4
 722 03b4 5E030000 		.4byte	0x35e
 723 03b8 08       		.uleb128 0x8
 724 03b9 10       		.byte	0x10
 725 03ba 09       		.byte	0x9
 726 03bb 76       		.byte	0x76
 727 03bc F1030000 		.4byte	0x3f1
 728 03c0 06       		.uleb128 0x6
 729 03c1 32020000 		.4byte	.LASF56
 730 03c5 09       		.byte	0x9
ARM GAS  /tmp/ccu7SxZ6.s 			page 14


 731 03c6 77       		.byte	0x77
 732 03c7 B2030000 		.4byte	0x3b2
 733 03cb 00       		.byte	0
 734 03cc 06       		.uleb128 0x6
 735 03cd FB010000 		.4byte	.LASF57
 736 03d1 09       		.byte	0x9
 737 03d2 79       		.byte	0x79
 738 03d3 B2030000 		.4byte	0x3b2
 739 03d7 04       		.byte	0x4
 740 03d8 06       		.uleb128 0x6
 741 03d9 6D040000 		.4byte	.LASF58
 742 03dd 09       		.byte	0x9
 743 03de 7B       		.byte	0x7b
 744 03df 2D010000 		.4byte	0x12d
 745 03e3 08       		.byte	0x8
 746 03e4 06       		.uleb128 0x6
 747 03e5 92040000 		.4byte	.LASF61
 748 03e9 09       		.byte	0x9
 749 03ea 7C       		.byte	0x7c
 750 03eb F1030000 		.4byte	0x3f1
 751 03ef 0C       		.byte	0xc
 752 03f0 00       		.byte	0
 753 03f1 0F       		.uleb128 0xf
 754 03f2 2D010000 		.4byte	0x12d
 755 03f6 03       		.uleb128 0x3
 756 03f7 64020000 		.4byte	.LASF62
 757 03fb 09       		.byte	0x9
 758 03fc 7D       		.byte	0x7d
 759 03fd B8030000 		.4byte	0x3b8
 760 0401 08       		.uleb128 0x8
 761 0402 1C       		.byte	0x1c
 762 0403 0A       		.byte	0xa
 763 0404 5E       		.byte	0x5e
 764 0405 52040000 		.4byte	0x452
 765 0409 06       		.uleb128 0x6
 766 040a 8A040000 		.4byte	.LASF63
 767 040e 0A       		.byte	0xa
 768 040f 5F       		.byte	0x5f
 769 0410 5B020000 		.4byte	0x25b
 770 0414 00       		.byte	0
 771 0415 06       		.uleb128 0x6
 772 0416 1A040000 		.4byte	.LASF64
 773 041a 0A       		.byte	0xa
 774 041b 60       		.byte	0x60
 775 041c 0C010000 		.4byte	0x10c
 776 0420 08       		.byte	0x8
 777 0421 06       		.uleb128 0x6
 778 0422 77030000 		.4byte	.LASF65
 779 0426 0A       		.byte	0xa
 780 0427 62       		.byte	0x62
 781 0428 21030000 		.4byte	0x321
 782 042c 0C       		.byte	0xc
 783 042d 06       		.uleb128 0x6
 784 042e EA010000 		.4byte	.LASF66
 785 0432 0A       		.byte	0xa
 786 0433 65       		.byte	0x65
 787 0434 55020000 		.4byte	0x255
ARM GAS  /tmp/ccu7SxZ6.s 			page 15


 788 0438 10       		.byte	0x10
 789 0439 06       		.uleb128 0x6
 790 043a A2030000 		.4byte	.LASF67
 791 043e 0A       		.byte	0xa
 792 043f 66       		.byte	0x66
 793 0440 55020000 		.4byte	0x255
 794 0444 14       		.byte	0x14
 795 0445 06       		.uleb128 0x6
 796 0446 98030000 		.4byte	.LASF68
 797 044a 0A       		.byte	0xa
 798 044b 69       		.byte	0x69
 799 044c 55020000 		.4byte	0x255
 800 0450 18       		.byte	0x18
 801 0451 00       		.byte	0
 802 0452 03       		.uleb128 0x3
 803 0453 1F050000 		.4byte	.LASF69
 804 0457 0A       		.byte	0xa
 805 0458 6B       		.byte	0x6b
 806 0459 01040000 		.4byte	0x401
 807 045d 05       		.uleb128 0x5
 808 045e 51030000 		.4byte	.LASF70
 809 0462 10       		.byte	0x10
 810 0463 0B       		.byte	0xb
 811 0464 2C       		.byte	0x2c
 812 0465 8E040000 		.4byte	0x48e
 813 0469 06       		.uleb128 0x6
 814 046a 9C010000 		.4byte	.LASF71
 815 046e 0B       		.byte	0xb
 816 046f 2D       		.byte	0x2d
 817 0470 5B020000 		.4byte	0x25b
 818 0474 00       		.byte	0
 819 0475 06       		.uleb128 0x6
 820 0476 72050000 		.4byte	.LASF72
 821 047a 0B       		.byte	0xb
 822 047b 2F       		.byte	0x2f
 823 047c 55020000 		.4byte	0x255
 824 0480 08       		.byte	0x8
 825 0481 06       		.uleb128 0x6
 826 0482 BF040000 		.4byte	.LASF73
 827 0486 0B       		.byte	0xb
 828 0487 31       		.byte	0x31
 829 0488 8E040000 		.4byte	0x48e
 830 048c 0C       		.byte	0xc
 831 048d 00       		.byte	0
 832 048e 09       		.uleb128 0x9
 833 048f 04       		.byte	0x4
 834 0490 5D040000 		.4byte	0x45d
 835 0494 03       		.uleb128 0x3
 836 0495 51030000 		.4byte	.LASF70
 837 0499 0B       		.byte	0xb
 838 049a 33       		.byte	0x33
 839 049b 5D040000 		.4byte	0x45d
 840 049f 10       		.uleb128 0x10
 841 04a0 04       		.byte	0x4
 842 04a1 07       		.byte	0x7
 843 04a2 96       		.byte	0x96
 844 04a3 D4040000 		.4byte	0x4d4
ARM GAS  /tmp/ccu7SxZ6.s 			page 16


 845 04a7 11       		.uleb128 0x11
 846 04a8 CC000000 		.4byte	.LASF74
 847 04ac 07       		.byte	0x7
 848 04ad 9D       		.byte	0x9d
 849 04ae 17010000 		.4byte	0x117
 850 04b2 11       		.uleb128 0x11
 851 04b3 1F010000 		.4byte	.LASF75
 852 04b7 07       		.byte	0x7
 853 04b8 A4       		.byte	0xa4
 854 04b9 17010000 		.4byte	0x117
 855 04bd 11       		.uleb128 0x11
 856 04be 53050000 		.4byte	.LASF76
 857 04c2 07       		.byte	0x7
 858 04c3 AB       		.byte	0xab
 859 04c4 98020000 		.4byte	0x298
 860 04c8 11       		.uleb128 0x11
 861 04c9 21040000 		.4byte	.LASF77
 862 04cd 07       		.byte	0x7
 863 04ce B2       		.byte	0xb2
 864 04cf 22010000 		.4byte	0x122
 865 04d3 00       		.byte	0
 866 04d4 09       		.uleb128 0x9
 867 04d5 04       		.byte	0x4
 868 04d6 DA040000 		.4byte	0x4da
 869 04da 12       		.uleb128 0x12
 870 04db DF040000 		.4byte	0x4df
 871 04df 04       		.uleb128 0x4
 872 04e0 01       		.byte	0x1
 873 04e1 08       		.byte	0x8
 874 04e2 AF040000 		.4byte	.LASF78
 875 04e6 09       		.uleb128 0x9
 876 04e7 04       		.byte	0x4
 877 04e8 94040000 		.4byte	0x494
 878 04ec 03       		.uleb128 0x3
 879 04ed 00000000 		.4byte	.LASF79
 880 04f1 07       		.byte	0x7
 881 04f2 E5       		.byte	0xe5
 882 04f3 F7040000 		.4byte	0x4f7
 883 04f7 09       		.uleb128 0x9
 884 04f8 04       		.byte	0x4
 885 04f9 FD040000 		.4byte	0x4fd
 886 04fd 13       		.uleb128 0x13
 887 04fe 17010000 		.4byte	0x117
 888 0502 0C050000 		.4byte	0x50c
 889 0506 0E       		.uleb128 0xe
 890 0507 98020000 		.4byte	0x298
 891 050b 00       		.byte	0
 892 050c 08       		.uleb128 0x8
 893 050d 16       		.byte	0x16
 894 050e 0C       		.byte	0xc
 895 050f 2C       		.byte	0x2c
 896 0510 ED050000 		.4byte	0x5ed
 897 0514 06       		.uleb128 0x6
 898 0515 7A050000 		.4byte	.LASF80
 899 0519 0C       		.byte	0xc
 900 051a 2D       		.byte	0x2d
 901 051b ED050000 		.4byte	0x5ed
ARM GAS  /tmp/ccu7SxZ6.s 			page 17


 902 051f 00       		.byte	0
 903 0520 06       		.uleb128 0x6
 904 0521 EA020000 		.4byte	.LASF81
 905 0525 0C       		.byte	0xc
 906 0526 2E       		.byte	0x2e
 907 0527 AD000000 		.4byte	0xad
 908 052b 04       		.byte	0x4
 909 052c 06       		.uleb128 0x6
 910 052d 90030000 		.4byte	.LASF82
 911 0531 0C       		.byte	0xc
 912 0532 2F       		.byte	0x2f
 913 0533 AD000000 		.4byte	0xad
 914 0537 05       		.byte	0x5
 915 0538 06       		.uleb128 0x6
 916 0539 B6010000 		.4byte	.LASF83
 917 053d 0C       		.byte	0xc
 918 053e 30       		.byte	0x30
 919 053f B8000000 		.4byte	0xb8
 920 0543 06       		.byte	0x6
 921 0544 06       		.uleb128 0x6
 922 0545 BD030000 		.4byte	.LASF84
 923 0549 0C       		.byte	0xc
 924 054a 31       		.byte	0x31
 925 054b AD000000 		.4byte	0xad
 926 054f 08       		.byte	0x8
 927 0550 06       		.uleb128 0x6
 928 0551 57030000 		.4byte	.LASF85
 929 0555 0C       		.byte	0xc
 930 0556 32       		.byte	0x32
 931 0557 AD000000 		.4byte	0xad
 932 055b 09       		.byte	0x9
 933 055c 06       		.uleb128 0x6
 934 055d 11010000 		.4byte	.LASF86
 935 0561 0C       		.byte	0xc
 936 0562 33       		.byte	0x33
 937 0563 AD000000 		.4byte	0xad
 938 0567 0A       		.byte	0xa
 939 0568 06       		.uleb128 0x6
 940 0569 7E040000 		.4byte	.LASF87
 941 056d 0C       		.byte	0xc
 942 056e 34       		.byte	0x34
 943 056f AD000000 		.4byte	0xad
 944 0573 0B       		.byte	0xb
 945 0574 06       		.uleb128 0x6
 946 0575 0D050000 		.4byte	.LASF88
 947 0579 0C       		.byte	0xc
 948 057a 35       		.byte	0x35
 949 057b AD000000 		.4byte	0xad
 950 057f 0C       		.byte	0xc
 951 0580 06       		.uleb128 0x6
 952 0581 55040000 		.4byte	.LASF89
 953 0585 0C       		.byte	0xc
 954 0586 36       		.byte	0x36
 955 0587 AD000000 		.4byte	0xad
 956 058b 0D       		.byte	0xd
 957 058c 06       		.uleb128 0x6
 958 058d 08000000 		.4byte	.LASF90
ARM GAS  /tmp/ccu7SxZ6.s 			page 18


 959 0591 0C       		.byte	0xc
 960 0592 37       		.byte	0x37
 961 0593 AD000000 		.4byte	0xad
 962 0597 0E       		.byte	0xe
 963 0598 06       		.uleb128 0x6
 964 0599 63030000 		.4byte	.LASF91
 965 059d 0C       		.byte	0xc
 966 059e 38       		.byte	0x38
 967 059f AD000000 		.4byte	0xad
 968 05a3 0F       		.byte	0xf
 969 05a4 06       		.uleb128 0x6
 970 05a5 77010000 		.4byte	.LASF92
 971 05a9 0C       		.byte	0xc
 972 05aa 39       		.byte	0x39
 973 05ab AD000000 		.4byte	0xad
 974 05af 10       		.byte	0x10
 975 05b0 06       		.uleb128 0x6
 976 05b1 47010000 		.4byte	.LASF93
 977 05b5 0C       		.byte	0xc
 978 05b6 3B       		.byte	0x3b
 979 05b7 AD000000 		.4byte	0xad
 980 05bb 11       		.byte	0x11
 981 05bc 06       		.uleb128 0x6
 982 05bd 87010000 		.4byte	.LASF94
 983 05c1 0C       		.byte	0xc
 984 05c2 3C       		.byte	0x3c
 985 05c3 AD000000 		.4byte	0xad
 986 05c7 12       		.byte	0x12
 987 05c8 06       		.uleb128 0x6
 988 05c9 F2020000 		.4byte	.LASF95
 989 05cd 0C       		.byte	0xc
 990 05ce 3D       		.byte	0x3d
 991 05cf AD000000 		.4byte	0xad
 992 05d3 13       		.byte	0x13
 993 05d4 06       		.uleb128 0x6
 994 05d5 37040000 		.4byte	.LASF96
 995 05d9 0C       		.byte	0xc
 996 05da 3E       		.byte	0x3e
 997 05db AD000000 		.4byte	0xad
 998 05df 14       		.byte	0x14
 999 05e0 06       		.uleb128 0x6
 1000 05e1 8F020000 		.4byte	.LASF97
 1001 05e5 0C       		.byte	0xc
 1002 05e6 40       		.byte	0x40
 1003 05e7 AD000000 		.4byte	0xad
 1004 05eb 15       		.byte	0x15
 1005 05ec 00       		.byte	0
 1006 05ed 14       		.uleb128 0x14
 1007 05ee DF040000 		.4byte	0x4df
 1008 05f2 FD050000 		.4byte	0x5fd
 1009 05f6 15       		.uleb128 0x15
 1010 05f7 86020000 		.4byte	0x286
 1011 05fb 03       		.byte	0x3
 1012 05fc 00       		.byte	0
 1013 05fd 03       		.uleb128 0x3
 1014 05fe C8010000 		.4byte	.LASF98
 1015 0602 0C       		.byte	0xc
ARM GAS  /tmp/ccu7SxZ6.s 			page 19


 1016 0603 41       		.byte	0x41
 1017 0604 0C050000 		.4byte	0x50c
 1018 0608 16       		.uleb128 0x16
 1019 0609 D3000000 		.4byte	.LASF99
 1020 060d 01       		.byte	0x1
 1021 060e 3D       		.byte	0x3d
 1022 060f 00000000 		.4byte	.LFB118
 1023 0613 14000000 		.4byte	.LFE118-.LFB118
 1024 0617 01       		.uleb128 0x1
 1025 0618 9C       		.byte	0x9c
 1026 0619 29060000 		.4byte	0x629
 1027 061d 17       		.uleb128 0x17
 1028 061e 7000     		.ascii	"p\000"
 1029 0620 01       		.byte	0x1
 1030 0621 3D       		.byte	0x3d
 1031 0622 98020000 		.4byte	0x298
 1032 0626 01       		.uleb128 0x1
 1033 0627 50       		.byte	0x50
 1034 0628 00       		.byte	0
 1035 0629 16       		.uleb128 0x16
 1036 062a 03020000 		.4byte	.LASF100
 1037 062e 01       		.byte	0x1
 1038 062f 54       		.byte	0x54
 1039 0630 00000000 		.4byte	.LFB119
 1040 0634 5C000000 		.4byte	.LFE119-.LFB119
 1041 0638 01       		.uleb128 0x1
 1042 0639 9C       		.byte	0x9c
 1043 063a E2060000 		.4byte	0x6e2
 1044 063e 18       		.uleb128 0x18
 1045 063f 28010000 		.4byte	.LASF101
 1046 0643 01       		.byte	0x1
 1047 0644 55       		.byte	0x55
 1048 0645 38010000 		.4byte	0x138
 1049 0649 05       		.uleb128 0x5
 1050 064a 03       		.byte	0x3
 1051 064b 00000000 		.4byte	mainthread.6248
 1052 064f 19       		.uleb128 0x19
 1053 0650 28000000 		.4byte	.LBB2
 1054 0654 08000000 		.4byte	.LBE2-.LBB2
 1055 0658 6A060000 		.4byte	0x66a
 1056 065c 1A       		.uleb128 0x1a
 1057 065d 746D7000 		.ascii	"tmp\000"
 1058 0661 01       		.byte	0x1
 1059 0662 6F       		.byte	0x6f
 1060 0663 CE000000 		.4byte	0xce
 1061 0667 01       		.uleb128 0x1
 1062 0668 53       		.byte	0x53
 1063 0669 00       		.byte	0
 1064 066a 1B       		.uleb128 0x1b
 1065 066b 08000000 		.4byte	.LVL1
 1066 066f BB070000 		.4byte	0x7bb
 1067 0673 1B       		.uleb128 0x1b
 1068 0674 0C000000 		.4byte	.LVL2
 1069 0678 C3070000 		.4byte	0x7c3
 1070 067c 1B       		.uleb128 0x1b
 1071 067d 10000000 		.4byte	.LVL3
 1072 0681 CA070000 		.4byte	0x7ca
ARM GAS  /tmp/ccu7SxZ6.s 			page 20


 1073 0685 1B       		.uleb128 0x1b
 1074 0686 14000000 		.4byte	.LVL4
 1075 068a D1070000 		.4byte	0x7d1
 1076 068e 1B       		.uleb128 0x1b
 1077 068f 18000000 		.4byte	.LVL5
 1078 0693 D8070000 		.4byte	0x7d8
 1079 0697 1C       		.uleb128 0x1c
 1080 0698 20000000 		.4byte	.LVL6
 1081 069c DF070000 		.4byte	0x7df
 1082 06a0 B4060000 		.4byte	0x6b4
 1083 06a4 1D       		.uleb128 0x1d
 1084 06a5 01       		.uleb128 0x1
 1085 06a6 51       		.byte	0x51
 1086 06a7 02       		.uleb128 0x2
 1087 06a8 08       		.byte	0x8
 1088 06a9 40       		.byte	0x40
 1089 06aa 1D       		.uleb128 0x1d
 1090 06ab 01       		.uleb128 0x1
 1091 06ac 50       		.byte	0x50
 1092 06ad 05       		.uleb128 0x5
 1093 06ae 03       		.byte	0x3
 1094 06af 00000000 		.4byte	.LANCHOR0
 1095 06b3 00       		.byte	0
 1096 06b4 1E       		.uleb128 0x1e
 1097 06b5 42000000 		.4byte	.LVL7
 1098 06b9 FA070000 		.4byte	0x7fa
 1099 06bd 1D       		.uleb128 0x1d
 1100 06be 01       		.uleb128 0x1
 1101 06bf 53       		.byte	0x53
 1102 06c0 05       		.uleb128 0x5
 1103 06c1 03       		.byte	0x3
 1104 06c2 00000000 		.4byte	_idle_thread
 1105 06c6 1D       		.uleb128 0x1d
 1106 06c7 01       		.uleb128 0x1
 1107 06c8 52       		.byte	0x52
 1108 06c9 01       		.uleb128 0x1
 1109 06ca 31       		.byte	0x31
 1110 06cb 1D       		.uleb128 0x1d
 1111 06cc 01       		.uleb128 0x1
 1112 06cd 51       		.byte	0x51
 1113 06ce 02       		.uleb128 0x2
 1114 06cf 08       		.byte	0x8
 1115 06d0 E0       		.byte	0xe0
 1116 06d1 1D       		.uleb128 0x1d
 1117 06d2 01       		.uleb128 0x1
 1118 06d3 50       		.byte	0x50
 1119 06d4 05       		.uleb128 0x5
 1120 06d5 03       		.byte	0x3
 1121 06d6 00000000 		.4byte	.LANCHOR1
 1122 06da 1D       		.uleb128 0x1d
 1123 06db 02       		.uleb128 0x2
 1124 06dc 7D       		.byte	0x7d
 1125 06dd 00       		.sleb128 0
 1126 06de 01       		.uleb128 0x1
 1127 06df 30       		.byte	0x30
 1128 06e0 00       		.byte	0
 1129 06e1 00       		.byte	0
ARM GAS  /tmp/ccu7SxZ6.s 			page 21


 1130 06e2 16       		.uleb128 0x16
 1131 06e3 D0040000 		.4byte	.LASF102
 1132 06e7 01       		.byte	0x1
 1133 06e8 89       		.byte	0x89
 1134 06e9 00000000 		.4byte	.LFB120
 1135 06ed 50000000 		.4byte	.LFE120-.LFB120
 1136 06f1 01       		.uleb128 0x1
 1137 06f2 9C       		.byte	0x9c
 1138 06f3 63070000 		.4byte	0x763
 1139 06f7 1F       		.uleb128 0x1f
 1140 06f8 1A000000 		.4byte	.LBB3
 1141 06fc 36000000 		.4byte	.LBE3-.LBB3
 1142 0700 20       		.uleb128 0x20
 1143 0701 76747000 		.ascii	"vtp\000"
 1144 0705 01       		.byte	0x1
 1145 0706 96       		.byte	0x96
 1146 0707 B2030000 		.4byte	0x3b2
 1147 070b 00000000 		.4byte	.LLST0
 1148 070f 1F       		.uleb128 0x1f
 1149 0710 22000000 		.4byte	.LBB4
 1150 0714 1A000000 		.4byte	.LBE4-.LBB4
 1151 0718 20       		.uleb128 0x20
 1152 0719 666E00   		.ascii	"fn\000"
 1153 071c 01       		.byte	0x1
 1154 071d 96       		.byte	0x96
 1155 071e 42030000 		.4byte	0x342
 1156 0722 1E000000 		.4byte	.LLST1
 1157 0726 21       		.uleb128 0x21
 1158 0727 00000000 		.4byte	.Ldebug_ranges0+0
 1159 072b 3D070000 		.4byte	0x73d
 1160 072f 1A       		.uleb128 0x1a
 1161 0730 746D7000 		.ascii	"tmp\000"
 1162 0734 01       		.byte	0x1
 1163 0735 96       		.byte	0x96
 1164 0736 CE000000 		.4byte	0xce
 1165 073a 01       		.uleb128 0x1
 1166 073b 53       		.byte	0x53
 1167 073c 00       		.byte	0
 1168 073d 19       		.uleb128 0x19
 1169 073e 36000000 		.4byte	.LBB7
 1170 0742 06000000 		.4byte	.LBE7-.LBB7
 1171 0746 58070000 		.4byte	0x758
 1172 074a 1A       		.uleb128 0x1a
 1173 074b 746D7000 		.ascii	"tmp\000"
 1174 074f 01       		.byte	0x1
 1175 0750 96       		.byte	0x96
 1176 0751 CE000000 		.4byte	0xce
 1177 0755 01       		.uleb128 0x1
 1178 0756 53       		.byte	0x53
 1179 0757 00       		.byte	0
 1180 0758 22       		.uleb128 0x22
 1181 0759 36000000 		.4byte	.LVL10
 1182 075d 02       		.uleb128 0x2
 1183 075e 75       		.byte	0x75
 1184 075f 00       		.sleb128 0
 1185 0760 00       		.byte	0
 1186 0761 00       		.byte	0
ARM GAS  /tmp/ccu7SxZ6.s 			page 22


 1187 0762 00       		.byte	0
 1188 0763 23       		.uleb128 0x23
 1189 0764 33010000 		.4byte	.LASF103
 1190 0768 0D       		.byte	0xd
 1191 0769 9806     		.2byte	0x698
 1192 076b 6F070000 		.4byte	0x76f
 1193 076f 0F       		.uleb128 0xf
 1194 0770 C3000000 		.4byte	0xc3
 1195 0774 24       		.uleb128 0x24
 1196 0775 F3000000 		.4byte	.LASF104
 1197 0779 09       		.byte	0x9
 1198 077a F5       		.byte	0xf5
 1199 077b F6030000 		.4byte	0x3f6
 1200 077f 24       		.uleb128 0x24
 1201 0780 29050000 		.4byte	.LASF105
 1202 0784 0A       		.byte	0xa
 1203 0785 6F       		.byte	0x6f
 1204 0786 52040000 		.4byte	0x452
 1205 078a 24       		.uleb128 0x24
 1206 078b 4E020000 		.4byte	.LASF106
 1207 078f 0C       		.byte	0xc
 1208 0790 7E       		.byte	0x7e
 1209 0791 95070000 		.4byte	0x795
 1210 0795 12       		.uleb128 0x12
 1211 0796 FD050000 		.4byte	0x5fd
 1212 079a 14       		.uleb128 0x14
 1213 079b 9A020000 		.4byte	0x29a
 1214 079f AA070000 		.4byte	0x7aa
 1215 07a3 15       		.uleb128 0x15
 1216 07a4 86020000 		.4byte	0x286
 1217 07a8 1B       		.byte	0x1b
 1218 07a9 00       		.byte	0
 1219 07aa 25       		.uleb128 0x25
 1220 07ab DA010000 		.4byte	.LASF107
 1221 07af 01       		.byte	0x1
 1222 07b0 31       		.byte	0x31
 1223 07b1 9A070000 		.4byte	0x79a
 1224 07b5 05       		.uleb128 0x5
 1225 07b6 03       		.byte	0x3
 1226 07b7 00000000 		.4byte	_idle_thread_wa
 1227 07bb 26       		.uleb128 0x26
 1228 07bc 5A050000 		.4byte	.LASF108
 1229 07c0 08       		.byte	0x8
 1230 07c1 0202     		.2byte	0x202
 1231 07c3 27       		.uleb128 0x27
 1232 07c4 DA020000 		.4byte	.LASF109
 1233 07c8 0A       		.byte	0xa
 1234 07c9 8E       		.byte	0x8e
 1235 07ca 27       		.uleb128 0x27
 1236 07cb 54010000 		.4byte	.LASF110
 1237 07cf 09       		.byte	0x9
 1238 07d0 FD       		.byte	0xfd
 1239 07d1 27       		.uleb128 0x27
 1240 07d2 F3030000 		.4byte	.LASF111
 1241 07d6 0E       		.byte	0xe
 1242 07d7 51       		.byte	0x51
 1243 07d8 27       		.uleb128 0x27
ARM GAS  /tmp/ccu7SxZ6.s 			page 23


 1244 07d9 0D020000 		.4byte	.LASF112
 1245 07dd 0F       		.byte	0xf
 1246 07de 55       		.byte	0x55
 1247 07df 28       		.uleb128 0x28
 1248 07e0 25020000 		.4byte	.LASF116
 1249 07e4 07       		.byte	0x7
 1250 07e5 6A01     		.2byte	0x16a
 1251 07e7 55020000 		.4byte	0x255
 1252 07eb FA070000 		.4byte	0x7fa
 1253 07ef 0E       		.uleb128 0xe
 1254 07f0 55020000 		.4byte	0x255
 1255 07f4 0E       		.uleb128 0xe
 1256 07f5 0C010000 		.4byte	0x10c
 1257 07f9 00       		.byte	0
 1258 07fa 29       		.uleb128 0x29
 1259 07fb C8020000 		.4byte	.LASF117
 1260 07ff 07       		.byte	0x7
 1261 0800 7001     		.2byte	0x170
 1262 0802 55020000 		.4byte	0x255
 1263 0806 0E       		.uleb128 0xe
 1264 0807 98020000 		.4byte	0x298
 1265 080b 0E       		.uleb128 0xe
 1266 080c 2C000000 		.4byte	0x2c
 1267 0810 0E       		.uleb128 0xe
 1268 0811 0C010000 		.4byte	0x10c
 1269 0815 0E       		.uleb128 0xe
 1270 0816 EC040000 		.4byte	0x4ec
 1271 081a 0E       		.uleb128 0xe
 1272 081b 98020000 		.4byte	0x298
 1273 081f 00       		.byte	0
 1274 0820 00       		.byte	0
 1275              		.section	.debug_abbrev,"",%progbits
 1276              	.Ldebug_abbrev0:
 1277 0000 01       		.uleb128 0x1
 1278 0001 11       		.uleb128 0x11
 1279 0002 01       		.byte	0x1
 1280 0003 25       		.uleb128 0x25
 1281 0004 0E       		.uleb128 0xe
 1282 0005 13       		.uleb128 0x13
 1283 0006 0B       		.uleb128 0xb
 1284 0007 03       		.uleb128 0x3
 1285 0008 0E       		.uleb128 0xe
 1286 0009 1B       		.uleb128 0x1b
 1287 000a 0E       		.uleb128 0xe
 1288 000b 55       		.uleb128 0x55
 1289 000c 17       		.uleb128 0x17
 1290 000d 11       		.uleb128 0x11
 1291 000e 01       		.uleb128 0x1
 1292 000f 10       		.uleb128 0x10
 1293 0010 17       		.uleb128 0x17
 1294 0011 00       		.byte	0
 1295 0012 00       		.byte	0
 1296 0013 02       		.uleb128 0x2
 1297 0014 24       		.uleb128 0x24
 1298 0015 00       		.byte	0
 1299 0016 0B       		.uleb128 0xb
 1300 0017 0B       		.uleb128 0xb
ARM GAS  /tmp/ccu7SxZ6.s 			page 24


 1301 0018 3E       		.uleb128 0x3e
 1302 0019 0B       		.uleb128 0xb
 1303 001a 03       		.uleb128 0x3
 1304 001b 08       		.uleb128 0x8
 1305 001c 00       		.byte	0
 1306 001d 00       		.byte	0
 1307 001e 03       		.uleb128 0x3
 1308 001f 16       		.uleb128 0x16
 1309 0020 00       		.byte	0
 1310 0021 03       		.uleb128 0x3
 1311 0022 0E       		.uleb128 0xe
 1312 0023 3A       		.uleb128 0x3a
 1313 0024 0B       		.uleb128 0xb
 1314 0025 3B       		.uleb128 0x3b
 1315 0026 0B       		.uleb128 0xb
 1316 0027 49       		.uleb128 0x49
 1317 0028 13       		.uleb128 0x13
 1318 0029 00       		.byte	0
 1319 002a 00       		.byte	0
 1320 002b 04       		.uleb128 0x4
 1321 002c 24       		.uleb128 0x24
 1322 002d 00       		.byte	0
 1323 002e 0B       		.uleb128 0xb
 1324 002f 0B       		.uleb128 0xb
 1325 0030 3E       		.uleb128 0x3e
 1326 0031 0B       		.uleb128 0xb
 1327 0032 03       		.uleb128 0x3
 1328 0033 0E       		.uleb128 0xe
 1329 0034 00       		.byte	0
 1330 0035 00       		.byte	0
 1331 0036 05       		.uleb128 0x5
 1332 0037 13       		.uleb128 0x13
 1333 0038 01       		.byte	0x1
 1334 0039 03       		.uleb128 0x3
 1335 003a 0E       		.uleb128 0xe
 1336 003b 0B       		.uleb128 0xb
 1337 003c 0B       		.uleb128 0xb
 1338 003d 3A       		.uleb128 0x3a
 1339 003e 0B       		.uleb128 0xb
 1340 003f 3B       		.uleb128 0x3b
 1341 0040 0B       		.uleb128 0xb
 1342 0041 01       		.uleb128 0x1
 1343 0042 13       		.uleb128 0x13
 1344 0043 00       		.byte	0
 1345 0044 00       		.byte	0
 1346 0045 06       		.uleb128 0x6
 1347 0046 0D       		.uleb128 0xd
 1348 0047 00       		.byte	0
 1349 0048 03       		.uleb128 0x3
 1350 0049 0E       		.uleb128 0xe
 1351 004a 3A       		.uleb128 0x3a
 1352 004b 0B       		.uleb128 0xb
 1353 004c 3B       		.uleb128 0x3b
 1354 004d 0B       		.uleb128 0xb
 1355 004e 49       		.uleb128 0x49
 1356 004f 13       		.uleb128 0x13
 1357 0050 38       		.uleb128 0x38
ARM GAS  /tmp/ccu7SxZ6.s 			page 25


 1358 0051 0B       		.uleb128 0xb
 1359 0052 00       		.byte	0
 1360 0053 00       		.byte	0
 1361 0054 07       		.uleb128 0x7
 1362 0055 0D       		.uleb128 0xd
 1363 0056 00       		.byte	0
 1364 0057 03       		.uleb128 0x3
 1365 0058 08       		.uleb128 0x8
 1366 0059 3A       		.uleb128 0x3a
 1367 005a 0B       		.uleb128 0xb
 1368 005b 3B       		.uleb128 0x3b
 1369 005c 0B       		.uleb128 0xb
 1370 005d 49       		.uleb128 0x49
 1371 005e 13       		.uleb128 0x13
 1372 005f 38       		.uleb128 0x38
 1373 0060 0B       		.uleb128 0xb
 1374 0061 00       		.byte	0
 1375 0062 00       		.byte	0
 1376 0063 08       		.uleb128 0x8
 1377 0064 13       		.uleb128 0x13
 1378 0065 01       		.byte	0x1
 1379 0066 0B       		.uleb128 0xb
 1380 0067 0B       		.uleb128 0xb
 1381 0068 3A       		.uleb128 0x3a
 1382 0069 0B       		.uleb128 0xb
 1383 006a 3B       		.uleb128 0x3b
 1384 006b 0B       		.uleb128 0xb
 1385 006c 01       		.uleb128 0x1
 1386 006d 13       		.uleb128 0x13
 1387 006e 00       		.byte	0
 1388 006f 00       		.byte	0
 1389 0070 09       		.uleb128 0x9
 1390 0071 0F       		.uleb128 0xf
 1391 0072 00       		.byte	0
 1392 0073 0B       		.uleb128 0xb
 1393 0074 0B       		.uleb128 0xb
 1394 0075 49       		.uleb128 0x49
 1395 0076 13       		.uleb128 0x13
 1396 0077 00       		.byte	0
 1397 0078 00       		.byte	0
 1398 0079 0A       		.uleb128 0xa
 1399 007a 0F       		.uleb128 0xf
 1400 007b 00       		.byte	0
 1401 007c 0B       		.uleb128 0xb
 1402 007d 0B       		.uleb128 0xb
 1403 007e 00       		.byte	0
 1404 007f 00       		.byte	0
 1405 0080 0B       		.uleb128 0xb
 1406 0081 13       		.uleb128 0x13
 1407 0082 01       		.byte	0x1
 1408 0083 03       		.uleb128 0x3
 1409 0084 0E       		.uleb128 0xe
 1410 0085 0B       		.uleb128 0xb
 1411 0086 0B       		.uleb128 0xb
 1412 0087 3A       		.uleb128 0x3a
 1413 0088 0B       		.uleb128 0xb
 1414 0089 3B       		.uleb128 0x3b
ARM GAS  /tmp/ccu7SxZ6.s 			page 26


 1415 008a 05       		.uleb128 0x5
 1416 008b 01       		.uleb128 0x1
 1417 008c 13       		.uleb128 0x13
 1418 008d 00       		.byte	0
 1419 008e 00       		.byte	0
 1420 008f 0C       		.uleb128 0xc
 1421 0090 0D       		.uleb128 0xd
 1422 0091 00       		.byte	0
 1423 0092 03       		.uleb128 0x3
 1424 0093 08       		.uleb128 0x8
 1425 0094 3A       		.uleb128 0x3a
 1426 0095 0B       		.uleb128 0xb
 1427 0096 3B       		.uleb128 0x3b
 1428 0097 05       		.uleb128 0x5
 1429 0098 49       		.uleb128 0x49
 1430 0099 13       		.uleb128 0x13
 1431 009a 38       		.uleb128 0x38
 1432 009b 0B       		.uleb128 0xb
 1433 009c 00       		.byte	0
 1434 009d 00       		.byte	0
 1435 009e 0D       		.uleb128 0xd
 1436 009f 15       		.uleb128 0x15
 1437 00a0 01       		.byte	0x1
 1438 00a1 27       		.uleb128 0x27
 1439 00a2 19       		.uleb128 0x19
 1440 00a3 01       		.uleb128 0x1
 1441 00a4 13       		.uleb128 0x13
 1442 00a5 00       		.byte	0
 1443 00a6 00       		.byte	0
 1444 00a7 0E       		.uleb128 0xe
 1445 00a8 05       		.uleb128 0x5
 1446 00a9 00       		.byte	0
 1447 00aa 49       		.uleb128 0x49
 1448 00ab 13       		.uleb128 0x13
 1449 00ac 00       		.byte	0
 1450 00ad 00       		.byte	0
 1451 00ae 0F       		.uleb128 0xf
 1452 00af 35       		.uleb128 0x35
 1453 00b0 00       		.byte	0
 1454 00b1 49       		.uleb128 0x49
 1455 00b2 13       		.uleb128 0x13
 1456 00b3 00       		.byte	0
 1457 00b4 00       		.byte	0
 1458 00b5 10       		.uleb128 0x10
 1459 00b6 17       		.uleb128 0x17
 1460 00b7 01       		.byte	0x1
 1461 00b8 0B       		.uleb128 0xb
 1462 00b9 0B       		.uleb128 0xb
 1463 00ba 3A       		.uleb128 0x3a
 1464 00bb 0B       		.uleb128 0xb
 1465 00bc 3B       		.uleb128 0x3b
 1466 00bd 0B       		.uleb128 0xb
 1467 00be 01       		.uleb128 0x1
 1468 00bf 13       		.uleb128 0x13
 1469 00c0 00       		.byte	0
 1470 00c1 00       		.byte	0
 1471 00c2 11       		.uleb128 0x11
ARM GAS  /tmp/ccu7SxZ6.s 			page 27


 1472 00c3 0D       		.uleb128 0xd
 1473 00c4 00       		.byte	0
 1474 00c5 03       		.uleb128 0x3
 1475 00c6 0E       		.uleb128 0xe
 1476 00c7 3A       		.uleb128 0x3a
 1477 00c8 0B       		.uleb128 0xb
 1478 00c9 3B       		.uleb128 0x3b
 1479 00ca 0B       		.uleb128 0xb
 1480 00cb 49       		.uleb128 0x49
 1481 00cc 13       		.uleb128 0x13
 1482 00cd 00       		.byte	0
 1483 00ce 00       		.byte	0
 1484 00cf 12       		.uleb128 0x12
 1485 00d0 26       		.uleb128 0x26
 1486 00d1 00       		.byte	0
 1487 00d2 49       		.uleb128 0x49
 1488 00d3 13       		.uleb128 0x13
 1489 00d4 00       		.byte	0
 1490 00d5 00       		.byte	0
 1491 00d6 13       		.uleb128 0x13
 1492 00d7 15       		.uleb128 0x15
 1493 00d8 01       		.byte	0x1
 1494 00d9 27       		.uleb128 0x27
 1495 00da 19       		.uleb128 0x19
 1496 00db 49       		.uleb128 0x49
 1497 00dc 13       		.uleb128 0x13
 1498 00dd 01       		.uleb128 0x1
 1499 00de 13       		.uleb128 0x13
 1500 00df 00       		.byte	0
 1501 00e0 00       		.byte	0
 1502 00e1 14       		.uleb128 0x14
 1503 00e2 01       		.uleb128 0x1
 1504 00e3 01       		.byte	0x1
 1505 00e4 49       		.uleb128 0x49
 1506 00e5 13       		.uleb128 0x13
 1507 00e6 01       		.uleb128 0x1
 1508 00e7 13       		.uleb128 0x13
 1509 00e8 00       		.byte	0
 1510 00e9 00       		.byte	0
 1511 00ea 15       		.uleb128 0x15
 1512 00eb 21       		.uleb128 0x21
 1513 00ec 00       		.byte	0
 1514 00ed 49       		.uleb128 0x49
 1515 00ee 13       		.uleb128 0x13
 1516 00ef 2F       		.uleb128 0x2f
 1517 00f0 0B       		.uleb128 0xb
 1518 00f1 00       		.byte	0
 1519 00f2 00       		.byte	0
 1520 00f3 16       		.uleb128 0x16
 1521 00f4 2E       		.uleb128 0x2e
 1522 00f5 01       		.byte	0x1
 1523 00f6 3F       		.uleb128 0x3f
 1524 00f7 19       		.uleb128 0x19
 1525 00f8 03       		.uleb128 0x3
 1526 00f9 0E       		.uleb128 0xe
 1527 00fa 3A       		.uleb128 0x3a
 1528 00fb 0B       		.uleb128 0xb
ARM GAS  /tmp/ccu7SxZ6.s 			page 28


 1529 00fc 3B       		.uleb128 0x3b
 1530 00fd 0B       		.uleb128 0xb
 1531 00fe 27       		.uleb128 0x27
 1532 00ff 19       		.uleb128 0x19
 1533 0100 11       		.uleb128 0x11
 1534 0101 01       		.uleb128 0x1
 1535 0102 12       		.uleb128 0x12
 1536 0103 06       		.uleb128 0x6
 1537 0104 40       		.uleb128 0x40
 1538 0105 18       		.uleb128 0x18
 1539 0106 9742     		.uleb128 0x2117
 1540 0108 19       		.uleb128 0x19
 1541 0109 01       		.uleb128 0x1
 1542 010a 13       		.uleb128 0x13
 1543 010b 00       		.byte	0
 1544 010c 00       		.byte	0
 1545 010d 17       		.uleb128 0x17
 1546 010e 05       		.uleb128 0x5
 1547 010f 00       		.byte	0
 1548 0110 03       		.uleb128 0x3
 1549 0111 08       		.uleb128 0x8
 1550 0112 3A       		.uleb128 0x3a
 1551 0113 0B       		.uleb128 0xb
 1552 0114 3B       		.uleb128 0x3b
 1553 0115 0B       		.uleb128 0xb
 1554 0116 49       		.uleb128 0x49
 1555 0117 13       		.uleb128 0x13
 1556 0118 02       		.uleb128 0x2
 1557 0119 18       		.uleb128 0x18
 1558 011a 00       		.byte	0
 1559 011b 00       		.byte	0
 1560 011c 18       		.uleb128 0x18
 1561 011d 34       		.uleb128 0x34
 1562 011e 00       		.byte	0
 1563 011f 03       		.uleb128 0x3
 1564 0120 0E       		.uleb128 0xe
 1565 0121 3A       		.uleb128 0x3a
 1566 0122 0B       		.uleb128 0xb
 1567 0123 3B       		.uleb128 0x3b
 1568 0124 0B       		.uleb128 0xb
 1569 0125 49       		.uleb128 0x49
 1570 0126 13       		.uleb128 0x13
 1571 0127 02       		.uleb128 0x2
 1572 0128 18       		.uleb128 0x18
 1573 0129 00       		.byte	0
 1574 012a 00       		.byte	0
 1575 012b 19       		.uleb128 0x19
 1576 012c 0B       		.uleb128 0xb
 1577 012d 01       		.byte	0x1
 1578 012e 11       		.uleb128 0x11
 1579 012f 01       		.uleb128 0x1
 1580 0130 12       		.uleb128 0x12
 1581 0131 06       		.uleb128 0x6
 1582 0132 01       		.uleb128 0x1
 1583 0133 13       		.uleb128 0x13
 1584 0134 00       		.byte	0
 1585 0135 00       		.byte	0
ARM GAS  /tmp/ccu7SxZ6.s 			page 29


 1586 0136 1A       		.uleb128 0x1a
 1587 0137 34       		.uleb128 0x34
 1588 0138 00       		.byte	0
 1589 0139 03       		.uleb128 0x3
 1590 013a 08       		.uleb128 0x8
 1591 013b 3A       		.uleb128 0x3a
 1592 013c 0B       		.uleb128 0xb
 1593 013d 3B       		.uleb128 0x3b
 1594 013e 0B       		.uleb128 0xb
 1595 013f 49       		.uleb128 0x49
 1596 0140 13       		.uleb128 0x13
 1597 0141 02       		.uleb128 0x2
 1598 0142 18       		.uleb128 0x18
 1599 0143 00       		.byte	0
 1600 0144 00       		.byte	0
 1601 0145 1B       		.uleb128 0x1b
 1602 0146 898201   		.uleb128 0x4109
 1603 0149 00       		.byte	0
 1604 014a 11       		.uleb128 0x11
 1605 014b 01       		.uleb128 0x1
 1606 014c 31       		.uleb128 0x31
 1607 014d 13       		.uleb128 0x13
 1608 014e 00       		.byte	0
 1609 014f 00       		.byte	0
 1610 0150 1C       		.uleb128 0x1c
 1611 0151 898201   		.uleb128 0x4109
 1612 0154 01       		.byte	0x1
 1613 0155 11       		.uleb128 0x11
 1614 0156 01       		.uleb128 0x1
 1615 0157 31       		.uleb128 0x31
 1616 0158 13       		.uleb128 0x13
 1617 0159 01       		.uleb128 0x1
 1618 015a 13       		.uleb128 0x13
 1619 015b 00       		.byte	0
 1620 015c 00       		.byte	0
 1621 015d 1D       		.uleb128 0x1d
 1622 015e 8A8201   		.uleb128 0x410a
 1623 0161 00       		.byte	0
 1624 0162 02       		.uleb128 0x2
 1625 0163 18       		.uleb128 0x18
 1626 0164 9142     		.uleb128 0x2111
 1627 0166 18       		.uleb128 0x18
 1628 0167 00       		.byte	0
 1629 0168 00       		.byte	0
 1630 0169 1E       		.uleb128 0x1e
 1631 016a 898201   		.uleb128 0x4109
 1632 016d 01       		.byte	0x1
 1633 016e 11       		.uleb128 0x11
 1634 016f 01       		.uleb128 0x1
 1635 0170 31       		.uleb128 0x31
 1636 0171 13       		.uleb128 0x13
 1637 0172 00       		.byte	0
 1638 0173 00       		.byte	0
 1639 0174 1F       		.uleb128 0x1f
 1640 0175 0B       		.uleb128 0xb
 1641 0176 01       		.byte	0x1
 1642 0177 11       		.uleb128 0x11
ARM GAS  /tmp/ccu7SxZ6.s 			page 30


 1643 0178 01       		.uleb128 0x1
 1644 0179 12       		.uleb128 0x12
 1645 017a 06       		.uleb128 0x6
 1646 017b 00       		.byte	0
 1647 017c 00       		.byte	0
 1648 017d 20       		.uleb128 0x20
 1649 017e 34       		.uleb128 0x34
 1650 017f 00       		.byte	0
 1651 0180 03       		.uleb128 0x3
 1652 0181 08       		.uleb128 0x8
 1653 0182 3A       		.uleb128 0x3a
 1654 0183 0B       		.uleb128 0xb
 1655 0184 3B       		.uleb128 0x3b
 1656 0185 0B       		.uleb128 0xb
 1657 0186 49       		.uleb128 0x49
 1658 0187 13       		.uleb128 0x13
 1659 0188 02       		.uleb128 0x2
 1660 0189 17       		.uleb128 0x17
 1661 018a 00       		.byte	0
 1662 018b 00       		.byte	0
 1663 018c 21       		.uleb128 0x21
 1664 018d 0B       		.uleb128 0xb
 1665 018e 01       		.byte	0x1
 1666 018f 55       		.uleb128 0x55
 1667 0190 17       		.uleb128 0x17
 1668 0191 01       		.uleb128 0x1
 1669 0192 13       		.uleb128 0x13
 1670 0193 00       		.byte	0
 1671 0194 00       		.byte	0
 1672 0195 22       		.uleb128 0x22
 1673 0196 898201   		.uleb128 0x4109
 1674 0199 00       		.byte	0
 1675 019a 11       		.uleb128 0x11
 1676 019b 01       		.uleb128 0x1
 1677 019c 9342     		.uleb128 0x2113
 1678 019e 18       		.uleb128 0x18
 1679 019f 00       		.byte	0
 1680 01a0 00       		.byte	0
 1681 01a1 23       		.uleb128 0x23
 1682 01a2 34       		.uleb128 0x34
 1683 01a3 00       		.byte	0
 1684 01a4 03       		.uleb128 0x3
 1685 01a5 0E       		.uleb128 0xe
 1686 01a6 3A       		.uleb128 0x3a
 1687 01a7 0B       		.uleb128 0xb
 1688 01a8 3B       		.uleb128 0x3b
 1689 01a9 05       		.uleb128 0x5
 1690 01aa 49       		.uleb128 0x49
 1691 01ab 13       		.uleb128 0x13
 1692 01ac 3F       		.uleb128 0x3f
 1693 01ad 19       		.uleb128 0x19
 1694 01ae 3C       		.uleb128 0x3c
 1695 01af 19       		.uleb128 0x19
 1696 01b0 00       		.byte	0
 1697 01b1 00       		.byte	0
 1698 01b2 24       		.uleb128 0x24
 1699 01b3 34       		.uleb128 0x34
ARM GAS  /tmp/ccu7SxZ6.s 			page 31


 1700 01b4 00       		.byte	0
 1701 01b5 03       		.uleb128 0x3
 1702 01b6 0E       		.uleb128 0xe
 1703 01b7 3A       		.uleb128 0x3a
 1704 01b8 0B       		.uleb128 0xb
 1705 01b9 3B       		.uleb128 0x3b
 1706 01ba 0B       		.uleb128 0xb
 1707 01bb 49       		.uleb128 0x49
 1708 01bc 13       		.uleb128 0x13
 1709 01bd 3F       		.uleb128 0x3f
 1710 01be 19       		.uleb128 0x19
 1711 01bf 3C       		.uleb128 0x3c
 1712 01c0 19       		.uleb128 0x19
 1713 01c1 00       		.byte	0
 1714 01c2 00       		.byte	0
 1715 01c3 25       		.uleb128 0x25
 1716 01c4 34       		.uleb128 0x34
 1717 01c5 00       		.byte	0
 1718 01c6 03       		.uleb128 0x3
 1719 01c7 0E       		.uleb128 0xe
 1720 01c8 3A       		.uleb128 0x3a
 1721 01c9 0B       		.uleb128 0xb
 1722 01ca 3B       		.uleb128 0x3b
 1723 01cb 0B       		.uleb128 0xb
 1724 01cc 49       		.uleb128 0x49
 1725 01cd 13       		.uleb128 0x13
 1726 01ce 3F       		.uleb128 0x3f
 1727 01cf 19       		.uleb128 0x19
 1728 01d0 02       		.uleb128 0x2
 1729 01d1 18       		.uleb128 0x18
 1730 01d2 00       		.byte	0
 1731 01d3 00       		.byte	0
 1732 01d4 26       		.uleb128 0x26
 1733 01d5 2E       		.uleb128 0x2e
 1734 01d6 00       		.byte	0
 1735 01d7 3F       		.uleb128 0x3f
 1736 01d8 19       		.uleb128 0x19
 1737 01d9 03       		.uleb128 0x3
 1738 01da 0E       		.uleb128 0xe
 1739 01db 3A       		.uleb128 0x3a
 1740 01dc 0B       		.uleb128 0xb
 1741 01dd 3B       		.uleb128 0x3b
 1742 01de 05       		.uleb128 0x5
 1743 01df 27       		.uleb128 0x27
 1744 01e0 19       		.uleb128 0x19
 1745 01e1 3C       		.uleb128 0x3c
 1746 01e2 19       		.uleb128 0x19
 1747 01e3 00       		.byte	0
 1748 01e4 00       		.byte	0
 1749 01e5 27       		.uleb128 0x27
 1750 01e6 2E       		.uleb128 0x2e
 1751 01e7 00       		.byte	0
 1752 01e8 3F       		.uleb128 0x3f
 1753 01e9 19       		.uleb128 0x19
 1754 01ea 03       		.uleb128 0x3
 1755 01eb 0E       		.uleb128 0xe
 1756 01ec 3A       		.uleb128 0x3a
ARM GAS  /tmp/ccu7SxZ6.s 			page 32


 1757 01ed 0B       		.uleb128 0xb
 1758 01ee 3B       		.uleb128 0x3b
 1759 01ef 0B       		.uleb128 0xb
 1760 01f0 27       		.uleb128 0x27
 1761 01f1 19       		.uleb128 0x19
 1762 01f2 3C       		.uleb128 0x3c
 1763 01f3 19       		.uleb128 0x19
 1764 01f4 00       		.byte	0
 1765 01f5 00       		.byte	0
 1766 01f6 28       		.uleb128 0x28
 1767 01f7 2E       		.uleb128 0x2e
 1768 01f8 01       		.byte	0x1
 1769 01f9 3F       		.uleb128 0x3f
 1770 01fa 19       		.uleb128 0x19
 1771 01fb 03       		.uleb128 0x3
 1772 01fc 0E       		.uleb128 0xe
 1773 01fd 3A       		.uleb128 0x3a
 1774 01fe 0B       		.uleb128 0xb
 1775 01ff 3B       		.uleb128 0x3b
 1776 0200 05       		.uleb128 0x5
 1777 0201 27       		.uleb128 0x27
 1778 0202 19       		.uleb128 0x19
 1779 0203 49       		.uleb128 0x49
 1780 0204 13       		.uleb128 0x13
 1781 0205 3C       		.uleb128 0x3c
 1782 0206 19       		.uleb128 0x19
 1783 0207 01       		.uleb128 0x1
 1784 0208 13       		.uleb128 0x13
 1785 0209 00       		.byte	0
 1786 020a 00       		.byte	0
 1787 020b 29       		.uleb128 0x29
 1788 020c 2E       		.uleb128 0x2e
 1789 020d 01       		.byte	0x1
 1790 020e 3F       		.uleb128 0x3f
 1791 020f 19       		.uleb128 0x19
 1792 0210 03       		.uleb128 0x3
 1793 0211 0E       		.uleb128 0xe
 1794 0212 3A       		.uleb128 0x3a
 1795 0213 0B       		.uleb128 0xb
 1796 0214 3B       		.uleb128 0x3b
 1797 0215 05       		.uleb128 0x5
 1798 0216 27       		.uleb128 0x27
 1799 0217 19       		.uleb128 0x19
 1800 0218 49       		.uleb128 0x49
 1801 0219 13       		.uleb128 0x13
 1802 021a 3C       		.uleb128 0x3c
 1803 021b 19       		.uleb128 0x19
 1804 021c 00       		.byte	0
 1805 021d 00       		.byte	0
 1806 021e 00       		.byte	0
 1807              		.section	.debug_loc,"",%progbits
 1808              	.Ldebug_loc0:
 1809              	.LLST0:
 1810 0000 20000000 		.4byte	.LVL8
 1811 0004 35000000 		.4byte	.LVL10-1
 1812 0008 0100     		.2byte	0x1
 1813 000a 52       		.byte	0x52
ARM GAS  /tmp/ccu7SxZ6.s 			page 33


 1814 000b 3E000000 		.4byte	.LVL11
 1815 000f 44000000 		.4byte	.LVL12
 1816 0013 0100     		.2byte	0x1
 1817 0015 52       		.byte	0x52
 1818 0016 00000000 		.4byte	0
 1819 001a 00000000 		.4byte	0
 1820              	.LLST1:
 1821 001e 26000000 		.4byte	.LVL9
 1822 0022 44000000 		.4byte	.LVL12
 1823 0026 0100     		.2byte	0x1
 1824 0028 55       		.byte	0x55
 1825 0029 00000000 		.4byte	0
 1826 002d 00000000 		.4byte	0
 1827              		.section	.debug_aranges,"",%progbits
 1828 0000 2C000000 		.4byte	0x2c
 1829 0004 0200     		.2byte	0x2
 1830 0006 00000000 		.4byte	.Ldebug_info0
 1831 000a 04       		.byte	0x4
 1832 000b 00       		.byte	0
 1833 000c 0000     		.2byte	0
 1834 000e 0000     		.2byte	0
 1835 0010 00000000 		.4byte	.LFB118
 1836 0014 14000000 		.4byte	.LFE118-.LFB118
 1837 0018 00000000 		.4byte	.LFB119
 1838 001c 5C000000 		.4byte	.LFE119-.LFB119
 1839 0020 00000000 		.4byte	.LFB120
 1840 0024 50000000 		.4byte	.LFE120-.LFB120
 1841 0028 00000000 		.4byte	0
 1842 002c 00000000 		.4byte	0
 1843              		.section	.debug_ranges,"",%progbits
 1844              	.Ldebug_ranges0:
 1845 0000 2A000000 		.4byte	.LBB5
 1846 0004 2C000000 		.4byte	.LBE5
 1847 0008 2E000000 		.4byte	.LBB6
 1848 000c 32000000 		.4byte	.LBE6
 1849 0010 00000000 		.4byte	0
 1850 0014 00000000 		.4byte	0
 1851 0018 00000000 		.4byte	.LFB118
 1852 001c 14000000 		.4byte	.LFE118
 1853 0020 00000000 		.4byte	.LFB119
 1854 0024 5C000000 		.4byte	.LFE119
 1855 0028 00000000 		.4byte	.LFB120
 1856 002c 50000000 		.4byte	.LFE120
 1857 0030 00000000 		.4byte	0
 1858 0034 00000000 		.4byte	0
 1859              		.section	.debug_line,"",%progbits
 1860              	.Ldebug_line0:
 1861 0000 FF010000 		.section	.debug_str,"MS",%progbits,1
 1861      0200A501 
 1861      00000201 
 1861      FB0E0D00 
 1861      01010101 
 1862              	.LASF79:
 1863 0000 7466756E 		.ascii	"tfunc_t\000"
 1863      635F7400 
 1864              	.LASF90:
 1865 0008 63665F6F 		.ascii	"cf_off_older\000"
ARM GAS  /tmp/ccu7SxZ6.s 			page 34


 1865      66665F6F 
 1865      6C646572 
 1865      00
 1866              	.LASF113:
 1867 0015 474E5520 		.ascii	"GNU C 4.8.3 20140820 (release) -mcpu=cortex-m4 -mno"
 1867      4320342E 
 1867      382E3320 
 1867      32303134 
 1867      30383230 
 1868 0048 2D746875 		.ascii	"-thumb-interwork -mthumb -ggdb -O2 -fomit-frame-poi"
 1868      6D622D69 
 1868      6E746572 
 1868      776F726B 
 1868      202D6D74 
 1869 007b 6E746572 		.ascii	"nter -falign-functions=16 -ffunction-sections -fdat"
 1869      202D6661 
 1869      6C69676E 
 1869      2D66756E 
 1869      6374696F 
 1870 00ae 612D7365 		.ascii	"a-sections -fno-common\000"
 1870      6374696F 
 1870      6E73202D 
 1870      666E6F2D 
 1870      636F6D6D 
 1871              	.LASF2:
 1872 00c5 73697A65 		.ascii	"size_t\000"
 1872      5F7400
 1873              	.LASF74:
 1874 00cc 7264796D 		.ascii	"rdymsg\000"
 1874      736700
 1875              	.LASF99:
 1876 00d3 5F69646C 		.ascii	"_idle_thread\000"
 1876      655F7468 
 1876      72656164 
 1876      00
 1877              	.LASF19:
 1878 00e0 75696E74 		.ascii	"uint64_t\000"
 1878      36345F74 
 1878      00
 1879              	.LASF3:
 1880 00e9 5F5F7569 		.ascii	"__uint8_t\000"
 1880      6E74385F 
 1880      7400
 1881              	.LASF104:
 1882 00f3 76746C69 		.ascii	"vtlist\000"
 1882      737400
 1883              	.LASF14:
 1884 00fa 6C6F6E67 		.ascii	"long long unsigned int\000"
 1884      206C6F6E 
 1884      6720756E 
 1884      7369676E 
 1884      65642069 
 1885              	.LASF86:
 1886 0111 63685F74 		.ascii	"ch_threadsize\000"
 1886      68726561 
 1886      6473697A 
 1886      6500
ARM GAS  /tmp/ccu7SxZ6.s 			page 35


 1887              	.LASF75:
 1888 011f 65786974 		.ascii	"exitcode\000"
 1888      636F6465 
 1888      00
 1889              	.LASF101:
 1890 0128 6D61696E 		.ascii	"mainthread\000"
 1890      74687265 
 1890      616400
 1891              	.LASF103:
 1892 0133 49544D5F 		.ascii	"ITM_RxBuffer\000"
 1892      52784275 
 1892      66666572 
 1892      00
 1893              	.LASF31:
 1894 0140 705F7072 		.ascii	"p_prio\000"
 1894      696F00
 1895              	.LASF93:
 1896 0147 63665F6F 		.ascii	"cf_off_state\000"
 1896      66665F73 
 1896      74617465 
 1896      00
 1897              	.LASF110:
 1898 0154 5F76745F 		.ascii	"_vt_init\000"
 1898      696E6974 
 1898      00
 1899              	.LASF12:
 1900 015d 6C6F6E67 		.ascii	"long long int\000"
 1900      206C6F6E 
 1900      6720696E 
 1900      7400
 1901              	.LASF1:
 1902 016b 7369676E 		.ascii	"signed char\000"
 1902      65642063 
 1902      68617200 
 1903              	.LASF92:
 1904 0177 63665F6F 		.ascii	"cf_off_stklimit\000"
 1904      66665F73 
 1904      746B6C69 
 1904      6D697400 
 1905              	.LASF94:
 1906 0187 63665F6F 		.ascii	"cf_off_flags\000"
 1906      66665F66 
 1906      6C616773 
 1906      00
 1907              	.LASF46:
 1908 0194 705F6D70 		.ascii	"p_mpool\000"
 1908      6F6F6C00 
 1909              	.LASF71:
 1910 019c 6D5F7175 		.ascii	"m_queue\000"
 1910      65756500 
 1911              	.LASF9:
 1912 01a4 6C6F6E67 		.ascii	"long int\000"
 1912      20696E74 
 1912      00
 1913              	.LASF22:
 1914 01ad 74737461 		.ascii	"tstate_t\000"
 1914      74655F74 
ARM GAS  /tmp/ccu7SxZ6.s 			page 36


 1914      00
 1915              	.LASF83:
 1916 01b6 63685F76 		.ascii	"ch_version\000"
 1916      65727369 
 1916      6F6E00
 1917              	.LASF39:
 1918 01c1 705F7469 		.ascii	"p_time\000"
 1918      6D6500
 1919              	.LASF98:
 1920 01c8 63686465 		.ascii	"chdebug_t\000"
 1920      6275675F 
 1920      7400
 1921              	.LASF33:
 1922 01d2 705F6E65 		.ascii	"p_newer\000"
 1922      77657200 
 1923              	.LASF107:
 1924 01da 5F69646C 		.ascii	"_idle_thread_wa\000"
 1924      655F7468 
 1924      72656164 
 1924      5F776100 
 1925              	.LASF66:
 1926 01ea 725F6E65 		.ascii	"r_newer\000"
 1926      77657200 
 1927              	.LASF50:
 1928 01f2 72656761 		.ascii	"regarm_t\000"
 1928      726D5F74 
 1928      00
 1929              	.LASF57:
 1930 01fb 76745F70 		.ascii	"vt_prev\000"
 1930      72657600 
 1931              	.LASF100:
 1932 0203 63685379 		.ascii	"chSysInit\000"
 1932      73496E69 
 1932      7400
 1933              	.LASF112:
 1934 020d 5F686561 		.ascii	"_heap_init\000"
 1934      705F696E 
 1934      697400
 1935              	.LASF0:
 1936 0218 756E7369 		.ascii	"unsigned int\000"
 1936      676E6564 
 1936      20696E74 
 1936      00
 1937              	.LASF116:
 1938 0225 5F746872 		.ascii	"_thread_init\000"
 1938      6561645F 
 1938      696E6974 
 1938      00
 1939              	.LASF56:
 1940 0232 76745F6E 		.ascii	"vt_next\000"
 1940      65787400 
 1941              	.LASF16:
 1942 023a 75696E74 		.ascii	"uint16_t\000"
 1942      31365F74 
 1942      00
 1943              	.LASF41:
 1944 0243 705F6D73 		.ascii	"p_msgqueue\000"
ARM GAS  /tmp/ccu7SxZ6.s 			page 37


 1944      67717565 
 1944      756500
 1945              	.LASF106:
 1946 024e 63685F64 		.ascii	"ch_debug\000"
 1946      65627567 
 1946      00
 1947              	.LASF55:
 1948 0257 56697274 		.ascii	"VirtualTimer\000"
 1948      75616C54 
 1948      696D6572 
 1948      00
 1949              	.LASF62:
 1950 0264 56544C69 		.ascii	"VTList\000"
 1950      737400
 1951              	.LASF7:
 1952 026b 73686F72 		.ascii	"short unsigned int\000"
 1952      7420756E 
 1952      7369676E 
 1952      65642069 
 1952      6E7400
 1953              	.LASF25:
 1954 027e 6D73675F 		.ascii	"msg_t\000"
 1954      7400
 1955              	.LASF45:
 1956 0284 705F7265 		.ascii	"p_realprio\000"
 1956      616C7072 
 1956      696F00
 1957              	.LASF97:
 1958 028f 63665F6F 		.ascii	"cf_off_time\000"
 1958      66665F74 
 1958      696D6500 
 1959              	.LASF48:
 1960 029b 54687265 		.ascii	"ThreadsList\000"
 1960      6164734C 
 1960      69737400 
 1961              	.LASF26:
 1962 02a7 6576656E 		.ascii	"eventmask_t\000"
 1962      746D6173 
 1962      6B5F7400 
 1963              	.LASF8:
 1964 02b3 5F5F696E 		.ascii	"__int32_t\000"
 1964      7433325F 
 1964      7400
 1965              	.LASF51:
 1966 02bd 73746B61 		.ascii	"stkalign_t\000"
 1966      6C69676E 
 1966      5F7400
 1967              	.LASF117:
 1968 02c8 63685468 		.ascii	"chThdCreateStatic\000"
 1968      64437265 
 1968      61746553 
 1968      74617469 
 1968      6300
 1969              	.LASF109:
 1970 02da 5F736368 		.ascii	"_scheduler_init\000"
 1970      6564756C 
 1970      65725F69 
ARM GAS  /tmp/ccu7SxZ6.s 			page 38


 1970      6E697400 
 1971              	.LASF81:
 1972 02ea 63685F7A 		.ascii	"ch_zero\000"
 1972      65726F00 
 1973              	.LASF95:
 1974 02f2 63665F6F 		.ascii	"cf_off_refs\000"
 1974      66665F72 
 1974      65667300 
 1975              	.LASF115:
 1976 02fe 2F706F6F 		.ascii	"/pool/prototipi/git/tiva-chibios2_6/demos/RT-TM4C12"
 1976      6C2F7072 
 1976      6F746F74 
 1976      6970692F 
 1976      6769742F 
 1977 0331 39342D4C 		.ascii	"94-LAUNCHPAD\000"
 1977      41554E43 
 1977      48504144 
 1977      00
 1978              	.LASF40:
 1979 033e 705F7761 		.ascii	"p_waiting\000"
 1979      6974696E 
 1979      6700
 1980              	.LASF49:
 1981 0348 73697A65 		.ascii	"sizetype\000"
 1981      74797065 
 1981      00
 1982              	.LASF70:
 1983 0351 4D757465 		.ascii	"Mutex\000"
 1983      7800
 1984              	.LASF85:
 1985 0357 63685F74 		.ascii	"ch_timesize\000"
 1985      696D6573 
 1985      697A6500 
 1986              	.LASF91:
 1987 0363 63665F6F 		.ascii	"cf_off_name\000"
 1987      66665F6E 
 1987      616D6500 
 1988              	.LASF34:
 1989 036f 705F6F6C 		.ascii	"p_older\000"
 1989      64657200 
 1990              	.LASF65:
 1991 0377 725F6374 		.ascii	"r_ctx\000"
 1991      7800
 1992              	.LASF47:
 1993 037d 54687265 		.ascii	"ThreadsQueue\000"
 1993      61647351 
 1993      75657565 
 1993      00
 1994              	.LASF32:
 1995 038a 705F6374 		.ascii	"p_ctx\000"
 1995      7800
 1996              	.LASF82:
 1997 0390 63685F73 		.ascii	"ch_size\000"
 1997      697A6500 
 1998              	.LASF68:
 1999 0398 725F6375 		.ascii	"r_current\000"
 1999      7272656E 
ARM GAS  /tmp/ccu7SxZ6.s 			page 39


 1999      7400
 2000              	.LASF67:
 2001 03a2 725F6F6C 		.ascii	"r_older\000"
 2001      64657200 
 2002              	.LASF13:
 2003 03aa 5F5F7569 		.ascii	"__uint64_t\000"
 2003      6E743634 
 2003      5F7400
 2004              	.LASF23:
 2005 03b5 74726566 		.ascii	"trefs_t\000"
 2005      735F7400 
 2006              	.LASF84:
 2007 03bd 63685F70 		.ascii	"ch_ptrsize\000"
 2007      74727369 
 2007      7A6500
 2008              	.LASF30:
 2009 03c8 705F7072 		.ascii	"p_prev\000"
 2009      657600
 2010              	.LASF24:
 2011 03cf 74707269 		.ascii	"tprio_t\000"
 2011      6F5F7400 
 2012              	.LASF20:
 2013 03d7 5F426F6F 		.ascii	"_Bool\000"
 2013      6C00
 2014              	.LASF17:
 2015 03dd 696E7433 		.ascii	"int32_t\000"
 2015      325F7400 
 2016              	.LASF4:
 2017 03e5 756E7369 		.ascii	"unsigned char\000"
 2017      676E6564 
 2017      20636861 
 2017      7200
 2018              	.LASF111:
 2019 03f3 5F636F72 		.ascii	"_core_init\000"
 2019      655F696E 
 2019      697400
 2020              	.LASF44:
 2021 03fe 705F6D74 		.ascii	"p_mtxlist\000"
 2021      786C6973 
 2021      7400
 2022              	.LASF5:
 2023 0408 73686F72 		.ascii	"short int\000"
 2023      7420696E 
 2023      7400
 2024              	.LASF36:
 2025 0412 705F7374 		.ascii	"p_state\000"
 2025      61746500 
 2026              	.LASF64:
 2027 041a 725F7072 		.ascii	"r_prio\000"
 2027      696F00
 2028              	.LASF77:
 2029 0421 65776D61 		.ascii	"ewmask\000"
 2029      736B00
 2030              	.LASF29:
 2031 0428 705F6E65 		.ascii	"p_next\000"
 2031      787400
 2032              	.LASF21:
ARM GAS  /tmp/ccu7SxZ6.s 			page 40


 2033 042f 746D6F64 		.ascii	"tmode_t\000"
 2033      655F7400 
 2034              	.LASF96:
 2035 0437 63665F6F 		.ascii	"cf_off_preempt\000"
 2035      66665F70 
 2035      7265656D 
 2035      707400
 2036              	.LASF37:
 2037 0446 705F666C 		.ascii	"p_flags\000"
 2037      61677300 
 2038              	.LASF28:
 2039 044e 54687265 		.ascii	"Thread\000"
 2039      616400
 2040              	.LASF89:
 2041 0455 63665F6F 		.ascii	"cf_off_newer\000"
 2041      66665F6E 
 2041      65776572 
 2041      00
 2042              	.LASF43:
 2043 0462 705F6570 		.ascii	"p_epending\000"
 2043      656E6469 
 2043      6E6700
 2044              	.LASF58:
 2045 046d 76745F74 		.ascii	"vt_time\000"
 2045      696D6500 
 2046              	.LASF18:
 2047 0475 75696E74 		.ascii	"uint32_t\000"
 2047      33325F74 
 2047      00
 2048              	.LASF87:
 2049 047e 63665F6F 		.ascii	"cf_off_prio\000"
 2049      66665F70 
 2049      72696F00 
 2050              	.LASF63:
 2051 048a 725F7175 		.ascii	"r_queue\000"
 2051      65756500 
 2052              	.LASF61:
 2053 0492 76745F73 		.ascii	"vt_systime\000"
 2053      79737469 
 2053      6D6500
 2054              	.LASF11:
 2055 049d 6C6F6E67 		.ascii	"long unsigned int\000"
 2055      20756E73 
 2055      69676E65 
 2055      6420696E 
 2055      7400
 2056              	.LASF78:
 2057 04af 63686172 		.ascii	"char\000"
 2057      00
 2058              	.LASF6:
 2059 04b4 5F5F7569 		.ascii	"__uint16_t\000"
 2059      6E743136 
 2059      5F7400
 2060              	.LASF73:
 2061 04bf 6D5F6E65 		.ascii	"m_next\000"
 2061      787400
 2062              	.LASF27:
ARM GAS  /tmp/ccu7SxZ6.s 			page 41


 2063 04c6 73797374 		.ascii	"systime_t\000"
 2063      696D655F 
 2063      7400
 2064              	.LASF102:
 2065 04d0 63685379 		.ascii	"chSysTimerHandlerI\000"
 2065      7354696D 
 2065      65724861 
 2065      6E646C65 
 2065      724900
 2066              	.LASF54:
 2067 04e3 76746675 		.ascii	"vtfunc_t\000"
 2067      6E635F74 
 2067      00
 2068              	.LASF10:
 2069 04ec 5F5F7569 		.ascii	"__uint32_t\000"
 2069      6E743332 
 2069      5F7400
 2070              	.LASF53:
 2071 04f7 636F6E74 		.ascii	"context\000"
 2071      65787400 
 2072              	.LASF52:
 2073 04ff 696E7463 		.ascii	"intctx\000"
 2073      747800
 2074              	.LASF60:
 2075 0506 76745F70 		.ascii	"vt_par\000"
 2075      617200
 2076              	.LASF88:
 2077 050d 63665F6F 		.ascii	"cf_off_ctx\000"
 2077      66665F63 
 2077      747800
 2078              	.LASF38:
 2079 0518 705F7265 		.ascii	"p_refs\000"
 2079      667300
 2080              	.LASF69:
 2081 051f 52656164 		.ascii	"ReadyList\000"
 2081      794C6973 
 2081      7400
 2082              	.LASF105:
 2083 0529 726C6973 		.ascii	"rlist\000"
 2083      7400
 2084              	.LASF114:
 2085 052f 2E2E2F2E 		.ascii	"../../os/kernel/src/chsys.c\000"
 2085      2E2F6F73 
 2085      2F6B6572 
 2085      6E656C2F 
 2085      7372632F 
 2086              	.LASF15:
 2087 054b 75696E74 		.ascii	"uint8_t\000"
 2087      385F7400 
 2088              	.LASF76:
 2089 0553 77746F62 		.ascii	"wtobjp\000"
 2089      6A7000
 2090              	.LASF108:
 2091 055a 5F706F72 		.ascii	"_port_init\000"
 2091      745F696E 
 2091      697400
 2092              	.LASF35:
ARM GAS  /tmp/ccu7SxZ6.s 			page 42


 2093 0565 705F6E61 		.ascii	"p_name\000"
 2093      6D6500
 2094              	.LASF42:
 2095 056c 705F6D73 		.ascii	"p_msg\000"
 2095      6700
 2096              	.LASF72:
 2097 0572 6D5F6F77 		.ascii	"m_owner\000"
 2097      6E657200 
 2098              	.LASF80:
 2099 057a 63685F69 		.ascii	"ch_identifier\000"
 2099      64656E74 
 2099      69666965 
 2099      7200
 2100              	.LASF59:
 2101 0588 76745F66 		.ascii	"vt_func\000"
 2101      756E6300 
 2102              		.ident	"GCC: (4.8.3-9+11) 4.8.3 20140820 (release)"
ARM GAS  /tmp/ccu7SxZ6.s 			page 43


DEFINED SYMBOLS
                            *ABS*:0000000000000000 chsys.c
     /tmp/ccu7SxZ6.s:19     .text._idle_thread:0000000000000000 $t
     /tmp/ccu7SxZ6.s:25     .text._idle_thread:0000000000000000 _idle_thread
     /tmp/ccu7SxZ6.s:45     .text._idle_thread:000000000000000c $d
     /tmp/ccu7SxZ6.s:51     .text.chSysInit:0000000000000000 $t
     /tmp/ccu7SxZ6.s:57     .text.chSysInit:0000000000000000 chSysInit
     /tmp/ccu7SxZ6.s:122    .text.chSysInit:0000000000000048 $d
     /tmp/ccu7SxZ6.s:131    .text.chSysTimerHandlerI:0000000000000000 $t
     /tmp/ccu7SxZ6.s:137    .text.chSysTimerHandlerI:0000000000000000 chSysTimerHandlerI
     /tmp/ccu7SxZ6.s:214    .text.chSysTimerHandlerI:0000000000000048 $d
     /tmp/ccu7SxZ6.s:237    .bss._idle_thread_wa:0000000000000000 _idle_thread_wa
     /tmp/ccu7SxZ6.s:222    .bss.mainthread.6248:0000000000000000 $d
     /tmp/ccu7SxZ6.s:226    .bss.mainthread.6248:0000000000000000 mainthread.6248
     /tmp/ccu7SxZ6.s:229    .rodata.str1.4:0000000000000000 $d
     /tmp/ccu7SxZ6.s:233    .bss._idle_thread_wa:0000000000000000 $d
                     .debug_frame:0000000000000010 $d
     /tmp/ccu7SxZ6.s:50     .text._idle_thread:0000000000000014 $t
     /tmp/ccu7SxZ6.s:130    .text.chSysInit:000000000000005c $t

UNDEFINED SYMBOLS
rlist
_port_init
_scheduler_init
_vt_init
_core_init
_heap_init
_thread_init
chThdCreateStatic
ch_debug
vtlist
