ARM GAS  /tmp/ccCSMw5q.s 			page 1


   1              		.syntax unified
   2              		.cpu cortex-m4
   3              		.fpu softvfp
   4              		.eabi_attribute 20, 1
   5              		.eabi_attribute 21, 1
   6              		.eabi_attribute 23, 3
   7              		.eabi_attribute 24, 1
   8              		.eabi_attribute 25, 1
   9              		.eabi_attribute 26, 1
  10              		.eabi_attribute 30, 2
  11              		.eabi_attribute 34, 1
  12              		.eabi_attribute 18, 4
  13              		.thumb
  14              		.file	"hal.c"
  15              		.text
  16              	.Ltext0:
  17              		.cfi_sections	.debug_frame
  18              		.section	.text.halInit,"ax",%progbits
  19              		.align	2
  20              		.p2align 4,,15
  21              		.global	halInit
  22              		.thumb
  23              		.thumb_func
  24              		.type	halInit, %function
  25              	halInit:
  26              	.LFB118:
  27              		.file 1 "../../os/hal/src/hal.c"
  28              		.loc 1 68 0
  29              		.cfi_startproc
  30              		@ args = 0, pretend = 0, frame = 0
  31              		@ frame_needed = 0, uses_anonymous_args = 0
  32 0000 08B5     		push	{r3, lr}
  33              		.cfi_def_cfa_offset 8
  34              		.cfi_offset 3, -8
  35              		.cfi_offset 14, -4
  36              		.loc 1 70 0
  37 0002 FFF7FEFF 		bl	hal_lld_init
  38              	.LVL0:
  39              		.loc 1 76 0
  40 0006 0448     		ldr	r0, .L2
  41 0008 FFF7FEFF 		bl	_pal_lld_init
  42              	.LVL1:
  43              		.loc 1 103 0
  44 000c FFF7FEFF 		bl	sdInit
  45              	.LVL2:
  46              		.loc 1 128 0
  47 0010 BDE80840 		pop	{r3, lr}
  48              		.loc 1 127 0
  49 0014 FFF7FEBF 		b	boardInit
  50              	.LVL3:
  51              	.L3:
  52              		.align	2
  53              	.L2:
  54 0018 00000000 		.word	pal_default_config
  55              		.cfi_endproc
  56              	.LFE118:
  57              		.size	halInit, .-halInit
ARM GAS  /tmp/ccCSMw5q.s 			page 2


  58 001c AFF30080 		.text
  59              	.Letext0:
  60              		.file 2 "/usr/include/newlib/machine/_default_types.h"
  61              		.file 3 "/usr/include/newlib/stdint.h"
  62              		.file 4 "../../os/hal/platforms/TM4C129x/pal_lld.h"
  63              		.file 5 "../../os/ports/common/ARMCMx/CMSIS/include/core_cm4.h"
  64              		.file 6 "../../os/hal/platforms/TM4C129x/hal_lld.h"
  65              		.file 7 "../../os/hal/include/serial.h"
  66              		.file 8 "../../boards/TIVA/board.h"
  67              		.section	.debug_info,"",%progbits
  68              	.Ldebug_info0:
  69 0000 B8020000 		.4byte	0x2b8
  70 0004 0400     		.2byte	0x4
  71 0006 00000000 		.4byte	.Ldebug_abbrev0
  72 000a 04       		.byte	0x4
  73 000b 01       		.uleb128 0x1
  74 000c 51000000 		.4byte	.LASF45
  75 0010 01       		.byte	0x1
  76 0011 38020000 		.4byte	.LASF46
  77 0015 50010000 		.4byte	.LASF47
  78 0019 00000000 		.4byte	.Ldebug_ranges0+0
  79 001d 00000000 		.4byte	0
  80 0021 00000000 		.4byte	.Ldebug_line0
  81 0025 02       		.uleb128 0x2
  82 0026 04       		.byte	0x4
  83 0027 05       		.byte	0x5
  84 0028 696E7400 		.ascii	"int\000"
  85 002c 03       		.uleb128 0x3
  86 002d 04       		.byte	0x4
  87 002e 07       		.byte	0x7
  88 002f 44000000 		.4byte	.LASF0
  89 0033 03       		.uleb128 0x3
  90 0034 01       		.byte	0x1
  91 0035 06       		.byte	0x6
  92 0036 AB020000 		.4byte	.LASF1
  93 003a 03       		.uleb128 0x3
  94 003b 01       		.byte	0x1
  95 003c 08       		.byte	0x8
  96 003d 3B010000 		.4byte	.LASF2
  97 0041 03       		.uleb128 0x3
  98 0042 02       		.byte	0x2
  99 0043 05       		.byte	0x5
 100 0044 88020000 		.4byte	.LASF3
 101 0048 03       		.uleb128 0x3
 102 0049 02       		.byte	0x2
 103 004a 07       		.byte	0x7
 104 004b BA010000 		.4byte	.LASF4
 105 004f 04       		.uleb128 0x4
 106 0050 28000000 		.4byte	.LASF6
 107 0054 02       		.byte	0x2
 108 0055 3F       		.byte	0x3f
 109 0056 5A000000 		.4byte	0x5a
 110 005a 03       		.uleb128 0x3
 111 005b 04       		.byte	0x4
 112 005c 05       		.byte	0x5
 113 005d A2020000 		.4byte	.LASF5
 114 0061 04       		.uleb128 0x4
ARM GAS  /tmp/ccCSMw5q.s 			page 3


 115 0062 FC010000 		.4byte	.LASF7
 116 0066 02       		.byte	0x2
 117 0067 41       		.byte	0x41
 118 0068 6C000000 		.4byte	0x6c
 119 006c 03       		.uleb128 0x3
 120 006d 04       		.byte	0x4
 121 006e 07       		.byte	0x7
 122 006f 9B010000 		.4byte	.LASF8
 123 0073 03       		.uleb128 0x3
 124 0074 08       		.byte	0x8
 125 0075 05       		.byte	0x5
 126 0076 65020000 		.4byte	.LASF9
 127 007a 03       		.uleb128 0x3
 128 007b 08       		.byte	0x8
 129 007c 07       		.byte	0x7
 130 007d 1D010000 		.4byte	.LASF10
 131 0081 04       		.uleb128 0x4
 132 0082 54020000 		.4byte	.LASF11
 133 0086 03       		.byte	0x3
 134 0087 41       		.byte	0x41
 135 0088 4F000000 		.4byte	0x4f
 136 008c 04       		.uleb128 0x4
 137 008d 99020000 		.4byte	.LASF12
 138 0091 03       		.byte	0x3
 139 0092 42       		.byte	0x42
 140 0093 61000000 		.4byte	0x61
 141 0097 03       		.uleb128 0x3
 142 0098 01       		.byte	0x1
 143 0099 02       		.byte	0x2
 144 009a C1020000 		.4byte	.LASF13
 145 009e 03       		.uleb128 0x3
 146 009f 04       		.byte	0x4
 147 00a0 07       		.byte	0x7
 148 00a1 5C020000 		.4byte	.LASF14
 149 00a5 03       		.uleb128 0x3
 150 00a6 01       		.byte	0x1
 151 00a7 08       		.byte	0x8
 152 00a8 2E020000 		.4byte	.LASF15
 153 00ac 05       		.uleb128 0x5
 154 00ad 34       		.byte	0x34
 155 00ae 04       		.byte	0x4
 156 00af 29       		.byte	0x29
 157 00b0 51010000 		.4byte	0x151
 158 00b4 06       		.uleb128 0x6
 159 00b5 15000000 		.4byte	.LASF16
 160 00b9 04       		.byte	0x4
 161 00ba 2C       		.byte	0x2c
 162 00bb 8C000000 		.4byte	0x8c
 163 00bf 00       		.byte	0
 164 00c0 07       		.uleb128 0x7
 165 00c1 64697200 		.ascii	"dir\000"
 166 00c5 04       		.byte	0x4
 167 00c6 2E       		.byte	0x2e
 168 00c7 8C000000 		.4byte	0x8c
 169 00cb 04       		.byte	0x4
 170 00cc 06       		.uleb128 0x6
 171 00cd 01010000 		.4byte	.LASF17
ARM GAS  /tmp/ccCSMw5q.s 			page 4


 172 00d1 04       		.byte	0x4
 173 00d2 30       		.byte	0x30
 174 00d3 8C000000 		.4byte	0x8c
 175 00d7 08       		.byte	0x8
 176 00d8 06       		.uleb128 0x6
 177 00d9 F7010000 		.4byte	.LASF18
 178 00dd 04       		.byte	0x4
 179 00de 32       		.byte	0x32
 180 00df 8C000000 		.4byte	0x8c
 181 00e3 0C       		.byte	0xc
 182 00e4 06       		.uleb128 0x6
 183 00e5 1B020000 		.4byte	.LASF19
 184 00e9 04       		.byte	0x4
 185 00ea 34       		.byte	0x34
 186 00eb 8C000000 		.4byte	0x8c
 187 00ef 10       		.byte	0x10
 188 00f0 06       		.uleb128 0x6
 189 00f1 4F020000 		.4byte	.LASF20
 190 00f5 04       		.byte	0x4
 191 00f6 36       		.byte	0x36
 192 00f7 8C000000 		.4byte	0x8c
 193 00fb 14       		.byte	0x14
 194 00fc 07       		.uleb128 0x7
 195 00fd 6F647200 		.ascii	"odr\000"
 196 0101 04       		.byte	0x4
 197 0102 38       		.byte	0x38
 198 0103 8C000000 		.4byte	0x8c
 199 0107 18       		.byte	0x18
 200 0108 07       		.uleb128 0x7
 201 0109 70757200 		.ascii	"pur\000"
 202 010d 04       		.byte	0x4
 203 010e 3A       		.byte	0x3a
 204 010f 8C000000 		.4byte	0x8c
 205 0113 1C       		.byte	0x1c
 206 0114 07       		.uleb128 0x7
 207 0115 70647200 		.ascii	"pdr\000"
 208 0119 04       		.byte	0x4
 209 011a 3C       		.byte	0x3c
 210 011b 8C000000 		.4byte	0x8c
 211 011f 20       		.byte	0x20
 212 0120 07       		.uleb128 0x7
 213 0121 736C7200 		.ascii	"slr\000"
 214 0125 04       		.byte	0x4
 215 0126 3E       		.byte	0x3e
 216 0127 8C000000 		.4byte	0x8c
 217 012b 24       		.byte	0x24
 218 012c 07       		.uleb128 0x7
 219 012d 64656E00 		.ascii	"den\000"
 220 0131 04       		.byte	0x4
 221 0132 40       		.byte	0x40
 222 0133 8C000000 		.4byte	0x8c
 223 0137 28       		.byte	0x28
 224 0138 06       		.uleb128 0x6
 225 0139 0E020000 		.4byte	.LASF21
 226 013d 04       		.byte	0x4
 227 013e 42       		.byte	0x42
 228 013f 8C000000 		.4byte	0x8c
ARM GAS  /tmp/ccCSMw5q.s 			page 5


 229 0143 2C       		.byte	0x2c
 230 0144 06       		.uleb128 0x6
 231 0145 33020000 		.4byte	.LASF22
 232 0149 04       		.byte	0x4
 233 014a 44       		.byte	0x44
 234 014b 8C000000 		.4byte	0x8c
 235 014f 30       		.byte	0x30
 236 0150 00       		.byte	0
 237 0151 04       		.uleb128 0x4
 238 0152 32000000 		.4byte	.LASF23
 239 0156 04       		.byte	0x4
 240 0157 45       		.byte	0x45
 241 0158 AC000000 		.4byte	0xac
 242 015c 08       		.uleb128 0x8
 243 015d 0C03     		.2byte	0x30c
 244 015f 04       		.byte	0x4
 245 0160 4E       		.byte	0x4e
 246 0161 24020000 		.4byte	0x224
 247 0165 06       		.uleb128 0x6
 248 0166 49010000 		.4byte	.LASF24
 249 016a 04       		.byte	0x4
 250 016b 51       		.byte	0x51
 251 016c 51010000 		.4byte	0x151
 252 0170 00       		.byte	0
 253 0171 06       		.uleb128 0x6
 254 0172 27020000 		.4byte	.LASF25
 255 0176 04       		.byte	0x4
 256 0177 53       		.byte	0x53
 257 0178 51010000 		.4byte	0x151
 258 017c 34       		.byte	0x34
 259 017d 06       		.uleb128 0x6
 260 017e 92020000 		.4byte	.LASF26
 261 0182 04       		.byte	0x4
 262 0183 55       		.byte	0x55
 263 0184 51010000 		.4byte	0x151
 264 0188 68       		.byte	0x68
 265 0189 06       		.uleb128 0x6
 266 018a 0E000000 		.4byte	.LASF27
 267 018e 04       		.byte	0x4
 268 018f 57       		.byte	0x57
 269 0190 51010000 		.4byte	0x151
 270 0194 9C       		.byte	0x9c
 271 0195 06       		.uleb128 0x6
 272 0196 34010000 		.4byte	.LASF28
 273 019a 04       		.byte	0x4
 274 019b 59       		.byte	0x59
 275 019c 51010000 		.4byte	0x151
 276 01a0 D0       		.byte	0xd0
 277 01a1 09       		.uleb128 0x9
 278 01a2 20020000 		.4byte	.LASF29
 279 01a6 04       		.byte	0x4
 280 01a7 5B       		.byte	0x5b
 281 01a8 51010000 		.4byte	0x151
 282 01ac 0401     		.2byte	0x104
 283 01ae 09       		.uleb128 0x9
 284 01af 7A020000 		.4byte	.LASF30
 285 01b3 04       		.byte	0x4
ARM GAS  /tmp/ccCSMw5q.s 			page 6


 286 01b4 5F       		.byte	0x5f
 287 01b5 51010000 		.4byte	0x151
 288 01b9 3801     		.2byte	0x138
 289 01bb 09       		.uleb128 0x9
 290 01bc 07000000 		.4byte	.LASF31
 291 01c0 04       		.byte	0x4
 292 01c1 64       		.byte	0x64
 293 01c2 51010000 		.4byte	0x151
 294 01c6 6C01     		.2byte	0x16c
 295 01c8 09       		.uleb128 0x9
 296 01c9 14020000 		.4byte	.LASF32
 297 01cd 04       		.byte	0x4
 298 01ce 69       		.byte	0x69
 299 01cf 51010000 		.4byte	0x151
 300 01d3 A001     		.2byte	0x1a0
 301 01d5 09       		.uleb128 0x9
 302 01d6 73020000 		.4byte	.LASF33
 303 01da 04       		.byte	0x4
 304 01db 6E       		.byte	0x6e
 305 01dc 51010000 		.4byte	0x151
 306 01e0 D401     		.2byte	0x1d4
 307 01e2 09       		.uleb128 0x9
 308 01e3 00000000 		.4byte	.LASF34
 309 01e7 04       		.byte	0x4
 310 01e8 73       		.byte	0x73
 311 01e9 51010000 		.4byte	0x151
 312 01ed 0802     		.2byte	0x208
 313 01ef 09       		.uleb128 0x9
 314 01f0 0E010000 		.4byte	.LASF35
 315 01f4 04       		.byte	0x4
 316 01f5 78       		.byte	0x78
 317 01f6 51010000 		.4byte	0x151
 318 01fa 3C02     		.2byte	0x23c
 319 01fc 09       		.uleb128 0x9
 320 01fd 07020000 		.4byte	.LASF36
 321 0201 04       		.byte	0x4
 322 0202 7D       		.byte	0x7d
 323 0203 51010000 		.4byte	0x151
 324 0207 7002     		.2byte	0x270
 325 0209 09       		.uleb128 0x9
 326 020a C7020000 		.4byte	.LASF37
 327 020e 04       		.byte	0x4
 328 020f 82       		.byte	0x82
 329 0210 51010000 		.4byte	0x151
 330 0214 A402     		.2byte	0x2a4
 331 0216 09       		.uleb128 0x9
 332 0217 07010000 		.4byte	.LASF38
 333 021b 04       		.byte	0x4
 334 021c 87       		.byte	0x87
 335 021d 51010000 		.4byte	0x151
 336 0221 D802     		.2byte	0x2d8
 337 0223 00       		.byte	0
 338 0224 04       		.uleb128 0x4
 339 0225 DA010000 		.4byte	.LASF39
 340 0229 04       		.byte	0x4
 341 022a 98       		.byte	0x98
 342 022b 5C010000 		.4byte	0x15c
ARM GAS  /tmp/ccCSMw5q.s 			page 7


 343 022f 0A       		.uleb128 0xa
 344 0230 15010000 		.4byte	.LASF48
 345 0234 01       		.byte	0x1
 346 0235 44       		.byte	0x44
 347 0236 00000000 		.4byte	.LFB118
 348 023a 1C000000 		.4byte	.LFE118-.LFB118
 349 023e 01       		.uleb128 0x1
 350 023f 9C       		.byte	0x9c
 351 0240 69020000 		.4byte	0x269
 352 0244 0B       		.uleb128 0xb
 353 0245 06000000 		.4byte	.LVL0
 354 0249 8B020000 		.4byte	0x28b
 355 024d 0B       		.uleb128 0xb
 356 024e 0C000000 		.4byte	.LVL1
 357 0252 93020000 		.4byte	0x293
 358 0256 0B       		.uleb128 0xb
 359 0257 10000000 		.4byte	.LVL2
 360 025b AB020000 		.4byte	0x2ab
 361 025f 0C       		.uleb128 0xc
 362 0260 18000000 		.4byte	.LVL3
 363 0264 B3020000 		.4byte	0x2b3
 364 0268 00       		.byte	0
 365 0269 0D       		.uleb128 0xd
 366 026a CD010000 		.4byte	.LASF40
 367 026e 05       		.byte	0x5
 368 026f 9806     		.2byte	0x698
 369 0271 75020000 		.4byte	0x275
 370 0275 0E       		.uleb128 0xe
 371 0276 81000000 		.4byte	0x81
 372 027a 0D       		.uleb128 0xd
 373 027b E4010000 		.4byte	.LASF41
 374 027f 04       		.byte	0x4
 375 0280 BE01     		.2byte	0x1be
 376 0282 86020000 		.4byte	0x286
 377 0286 0F       		.uleb128 0xf
 378 0287 24020000 		.4byte	0x224
 379 028b 10       		.uleb128 0x10
 380 028c AD010000 		.4byte	.LASF42
 381 0290 06       		.byte	0x6
 382 0291 7301     		.2byte	0x173
 383 0293 11       		.uleb128 0x11
 384 0294 1A000000 		.4byte	.LASF49
 385 0298 04       		.byte	0x4
 386 0299 C401     		.2byte	0x1c4
 387 029b A5020000 		.4byte	0x2a5
 388 029f 12       		.uleb128 0x12
 389 02a0 A5020000 		.4byte	0x2a5
 390 02a4 00       		.byte	0
 391 02a5 13       		.uleb128 0x13
 392 02a6 04       		.byte	0x4
 393 02a7 86020000 		.4byte	0x286
 394 02ab 10       		.uleb128 0x10
 395 02ac 81020000 		.4byte	.LASF43
 396 02b0 07       		.byte	0x7
 397 02b1 3501     		.2byte	0x135
 398 02b3 10       		.uleb128 0x10
 399 02b4 B7020000 		.4byte	.LASF44
ARM GAS  /tmp/ccCSMw5q.s 			page 8


 400 02b8 08       		.byte	0x8
 401 02b9 9001     		.2byte	0x190
 402 02bb 00       		.byte	0
 403              		.section	.debug_abbrev,"",%progbits
 404              	.Ldebug_abbrev0:
 405 0000 01       		.uleb128 0x1
 406 0001 11       		.uleb128 0x11
 407 0002 01       		.byte	0x1
 408 0003 25       		.uleb128 0x25
 409 0004 0E       		.uleb128 0xe
 410 0005 13       		.uleb128 0x13
 411 0006 0B       		.uleb128 0xb
 412 0007 03       		.uleb128 0x3
 413 0008 0E       		.uleb128 0xe
 414 0009 1B       		.uleb128 0x1b
 415 000a 0E       		.uleb128 0xe
 416 000b 55       		.uleb128 0x55
 417 000c 17       		.uleb128 0x17
 418 000d 11       		.uleb128 0x11
 419 000e 01       		.uleb128 0x1
 420 000f 10       		.uleb128 0x10
 421 0010 17       		.uleb128 0x17
 422 0011 00       		.byte	0
 423 0012 00       		.byte	0
 424 0013 02       		.uleb128 0x2
 425 0014 24       		.uleb128 0x24
 426 0015 00       		.byte	0
 427 0016 0B       		.uleb128 0xb
 428 0017 0B       		.uleb128 0xb
 429 0018 3E       		.uleb128 0x3e
 430 0019 0B       		.uleb128 0xb
 431 001a 03       		.uleb128 0x3
 432 001b 08       		.uleb128 0x8
 433 001c 00       		.byte	0
 434 001d 00       		.byte	0
 435 001e 03       		.uleb128 0x3
 436 001f 24       		.uleb128 0x24
 437 0020 00       		.byte	0
 438 0021 0B       		.uleb128 0xb
 439 0022 0B       		.uleb128 0xb
 440 0023 3E       		.uleb128 0x3e
 441 0024 0B       		.uleb128 0xb
 442 0025 03       		.uleb128 0x3
 443 0026 0E       		.uleb128 0xe
 444 0027 00       		.byte	0
 445 0028 00       		.byte	0
 446 0029 04       		.uleb128 0x4
 447 002a 16       		.uleb128 0x16
 448 002b 00       		.byte	0
 449 002c 03       		.uleb128 0x3
 450 002d 0E       		.uleb128 0xe
 451 002e 3A       		.uleb128 0x3a
 452 002f 0B       		.uleb128 0xb
 453 0030 3B       		.uleb128 0x3b
 454 0031 0B       		.uleb128 0xb
 455 0032 49       		.uleb128 0x49
 456 0033 13       		.uleb128 0x13
ARM GAS  /tmp/ccCSMw5q.s 			page 9


 457 0034 00       		.byte	0
 458 0035 00       		.byte	0
 459 0036 05       		.uleb128 0x5
 460 0037 13       		.uleb128 0x13
 461 0038 01       		.byte	0x1
 462 0039 0B       		.uleb128 0xb
 463 003a 0B       		.uleb128 0xb
 464 003b 3A       		.uleb128 0x3a
 465 003c 0B       		.uleb128 0xb
 466 003d 3B       		.uleb128 0x3b
 467 003e 0B       		.uleb128 0xb
 468 003f 01       		.uleb128 0x1
 469 0040 13       		.uleb128 0x13
 470 0041 00       		.byte	0
 471 0042 00       		.byte	0
 472 0043 06       		.uleb128 0x6
 473 0044 0D       		.uleb128 0xd
 474 0045 00       		.byte	0
 475 0046 03       		.uleb128 0x3
 476 0047 0E       		.uleb128 0xe
 477 0048 3A       		.uleb128 0x3a
 478 0049 0B       		.uleb128 0xb
 479 004a 3B       		.uleb128 0x3b
 480 004b 0B       		.uleb128 0xb
 481 004c 49       		.uleb128 0x49
 482 004d 13       		.uleb128 0x13
 483 004e 38       		.uleb128 0x38
 484 004f 0B       		.uleb128 0xb
 485 0050 00       		.byte	0
 486 0051 00       		.byte	0
 487 0052 07       		.uleb128 0x7
 488 0053 0D       		.uleb128 0xd
 489 0054 00       		.byte	0
 490 0055 03       		.uleb128 0x3
 491 0056 08       		.uleb128 0x8
 492 0057 3A       		.uleb128 0x3a
 493 0058 0B       		.uleb128 0xb
 494 0059 3B       		.uleb128 0x3b
 495 005a 0B       		.uleb128 0xb
 496 005b 49       		.uleb128 0x49
 497 005c 13       		.uleb128 0x13
 498 005d 38       		.uleb128 0x38
 499 005e 0B       		.uleb128 0xb
 500 005f 00       		.byte	0
 501 0060 00       		.byte	0
 502 0061 08       		.uleb128 0x8
 503 0062 13       		.uleb128 0x13
 504 0063 01       		.byte	0x1
 505 0064 0B       		.uleb128 0xb
 506 0065 05       		.uleb128 0x5
 507 0066 3A       		.uleb128 0x3a
 508 0067 0B       		.uleb128 0xb
 509 0068 3B       		.uleb128 0x3b
 510 0069 0B       		.uleb128 0xb
 511 006a 01       		.uleb128 0x1
 512 006b 13       		.uleb128 0x13
 513 006c 00       		.byte	0
ARM GAS  /tmp/ccCSMw5q.s 			page 10


 514 006d 00       		.byte	0
 515 006e 09       		.uleb128 0x9
 516 006f 0D       		.uleb128 0xd
 517 0070 00       		.byte	0
 518 0071 03       		.uleb128 0x3
 519 0072 0E       		.uleb128 0xe
 520 0073 3A       		.uleb128 0x3a
 521 0074 0B       		.uleb128 0xb
 522 0075 3B       		.uleb128 0x3b
 523 0076 0B       		.uleb128 0xb
 524 0077 49       		.uleb128 0x49
 525 0078 13       		.uleb128 0x13
 526 0079 38       		.uleb128 0x38
 527 007a 05       		.uleb128 0x5
 528 007b 00       		.byte	0
 529 007c 00       		.byte	0
 530 007d 0A       		.uleb128 0xa
 531 007e 2E       		.uleb128 0x2e
 532 007f 01       		.byte	0x1
 533 0080 3F       		.uleb128 0x3f
 534 0081 19       		.uleb128 0x19
 535 0082 03       		.uleb128 0x3
 536 0083 0E       		.uleb128 0xe
 537 0084 3A       		.uleb128 0x3a
 538 0085 0B       		.uleb128 0xb
 539 0086 3B       		.uleb128 0x3b
 540 0087 0B       		.uleb128 0xb
 541 0088 27       		.uleb128 0x27
 542 0089 19       		.uleb128 0x19
 543 008a 11       		.uleb128 0x11
 544 008b 01       		.uleb128 0x1
 545 008c 12       		.uleb128 0x12
 546 008d 06       		.uleb128 0x6
 547 008e 40       		.uleb128 0x40
 548 008f 18       		.uleb128 0x18
 549 0090 9742     		.uleb128 0x2117
 550 0092 19       		.uleb128 0x19
 551 0093 01       		.uleb128 0x1
 552 0094 13       		.uleb128 0x13
 553 0095 00       		.byte	0
 554 0096 00       		.byte	0
 555 0097 0B       		.uleb128 0xb
 556 0098 898201   		.uleb128 0x4109
 557 009b 00       		.byte	0
 558 009c 11       		.uleb128 0x11
 559 009d 01       		.uleb128 0x1
 560 009e 31       		.uleb128 0x31
 561 009f 13       		.uleb128 0x13
 562 00a0 00       		.byte	0
 563 00a1 00       		.byte	0
 564 00a2 0C       		.uleb128 0xc
 565 00a3 898201   		.uleb128 0x4109
 566 00a6 00       		.byte	0
 567 00a7 11       		.uleb128 0x11
 568 00a8 01       		.uleb128 0x1
 569 00a9 9542     		.uleb128 0x2115
 570 00ab 19       		.uleb128 0x19
ARM GAS  /tmp/ccCSMw5q.s 			page 11


 571 00ac 31       		.uleb128 0x31
 572 00ad 13       		.uleb128 0x13
 573 00ae 00       		.byte	0
 574 00af 00       		.byte	0
 575 00b0 0D       		.uleb128 0xd
 576 00b1 34       		.uleb128 0x34
 577 00b2 00       		.byte	0
 578 00b3 03       		.uleb128 0x3
 579 00b4 0E       		.uleb128 0xe
 580 00b5 3A       		.uleb128 0x3a
 581 00b6 0B       		.uleb128 0xb
 582 00b7 3B       		.uleb128 0x3b
 583 00b8 05       		.uleb128 0x5
 584 00b9 49       		.uleb128 0x49
 585 00ba 13       		.uleb128 0x13
 586 00bb 3F       		.uleb128 0x3f
 587 00bc 19       		.uleb128 0x19
 588 00bd 3C       		.uleb128 0x3c
 589 00be 19       		.uleb128 0x19
 590 00bf 00       		.byte	0
 591 00c0 00       		.byte	0
 592 00c1 0E       		.uleb128 0xe
 593 00c2 35       		.uleb128 0x35
 594 00c3 00       		.byte	0
 595 00c4 49       		.uleb128 0x49
 596 00c5 13       		.uleb128 0x13
 597 00c6 00       		.byte	0
 598 00c7 00       		.byte	0
 599 00c8 0F       		.uleb128 0xf
 600 00c9 26       		.uleb128 0x26
 601 00ca 00       		.byte	0
 602 00cb 49       		.uleb128 0x49
 603 00cc 13       		.uleb128 0x13
 604 00cd 00       		.byte	0
 605 00ce 00       		.byte	0
 606 00cf 10       		.uleb128 0x10
 607 00d0 2E       		.uleb128 0x2e
 608 00d1 00       		.byte	0
 609 00d2 3F       		.uleb128 0x3f
 610 00d3 19       		.uleb128 0x19
 611 00d4 03       		.uleb128 0x3
 612 00d5 0E       		.uleb128 0xe
 613 00d6 3A       		.uleb128 0x3a
 614 00d7 0B       		.uleb128 0xb
 615 00d8 3B       		.uleb128 0x3b
 616 00d9 05       		.uleb128 0x5
 617 00da 27       		.uleb128 0x27
 618 00db 19       		.uleb128 0x19
 619 00dc 3C       		.uleb128 0x3c
 620 00dd 19       		.uleb128 0x19
 621 00de 00       		.byte	0
 622 00df 00       		.byte	0
 623 00e0 11       		.uleb128 0x11
 624 00e1 2E       		.uleb128 0x2e
 625 00e2 01       		.byte	0x1
 626 00e3 3F       		.uleb128 0x3f
 627 00e4 19       		.uleb128 0x19
ARM GAS  /tmp/ccCSMw5q.s 			page 12


 628 00e5 03       		.uleb128 0x3
 629 00e6 0E       		.uleb128 0xe
 630 00e7 3A       		.uleb128 0x3a
 631 00e8 0B       		.uleb128 0xb
 632 00e9 3B       		.uleb128 0x3b
 633 00ea 05       		.uleb128 0x5
 634 00eb 27       		.uleb128 0x27
 635 00ec 19       		.uleb128 0x19
 636 00ed 3C       		.uleb128 0x3c
 637 00ee 19       		.uleb128 0x19
 638 00ef 01       		.uleb128 0x1
 639 00f0 13       		.uleb128 0x13
 640 00f1 00       		.byte	0
 641 00f2 00       		.byte	0
 642 00f3 12       		.uleb128 0x12
 643 00f4 05       		.uleb128 0x5
 644 00f5 00       		.byte	0
 645 00f6 49       		.uleb128 0x49
 646 00f7 13       		.uleb128 0x13
 647 00f8 00       		.byte	0
 648 00f9 00       		.byte	0
 649 00fa 13       		.uleb128 0x13
 650 00fb 0F       		.uleb128 0xf
 651 00fc 00       		.byte	0
 652 00fd 0B       		.uleb128 0xb
 653 00fe 0B       		.uleb128 0xb
 654 00ff 49       		.uleb128 0x49
 655 0100 13       		.uleb128 0x13
 656 0101 00       		.byte	0
 657 0102 00       		.byte	0
 658 0103 00       		.byte	0
 659              		.section	.debug_aranges,"",%progbits
 660 0000 1C000000 		.4byte	0x1c
 661 0004 0200     		.2byte	0x2
 662 0006 00000000 		.4byte	.Ldebug_info0
 663 000a 04       		.byte	0x4
 664 000b 00       		.byte	0
 665 000c 0000     		.2byte	0
 666 000e 0000     		.2byte	0
 667 0010 00000000 		.4byte	.LFB118
 668 0014 1C000000 		.4byte	.LFE118-.LFB118
 669 0018 00000000 		.4byte	0
 670 001c 00000000 		.4byte	0
 671              		.section	.debug_ranges,"",%progbits
 672              	.Ldebug_ranges0:
 673 0000 00000000 		.4byte	.LFB118
 674 0004 1C000000 		.4byte	.LFE118
 675 0008 00000000 		.4byte	0
 676 000c 00000000 		.4byte	0
 677              		.section	.debug_line,"",%progbits
 678              	.Ldebug_line0:
 679 0000 4D010000 		.section	.debug_str,"MS",%progbits,1
 679      02002E01 
 679      00000201 
 679      FB0E0D00 
 679      01010101 
 680              	.LASF34:
ARM GAS  /tmp/ccCSMw5q.s 			page 13


 681 0000 504C4461 		.ascii	"PLData\000"
 681      746100
 682              	.LASF31:
 683 0007 50484461 		.ascii	"PHData\000"
 683      746100
 684              	.LASF27:
 685 000e 50444461 		.ascii	"PDData\000"
 685      746100
 686              	.LASF16:
 687 0015 64617461 		.ascii	"data\000"
 687      00
 688              	.LASF49:
 689 001a 5F70616C 		.ascii	"_pal_lld_init\000"
 689      5F6C6C64 
 689      5F696E69 
 689      7400
 690              	.LASF6:
 691 0028 5F5F696E 		.ascii	"__int32_t\000"
 691      7433325F 
 691      7400
 692              	.LASF23:
 693 0032 74697661 		.ascii	"tiva_gpio_setup_t\000"
 693      5F677069 
 693      6F5F7365 
 693      7475705F 
 693      7400
 694              	.LASF0:
 695 0044 756E7369 		.ascii	"unsigned int\000"
 695      676E6564 
 695      20696E74 
 695      00
 696              	.LASF45:
 697 0051 474E5520 		.ascii	"GNU C 4.8.3 20140820 (release) -mcpu=cortex-m4 -mno"
 697      4320342E 
 697      382E3320 
 697      32303134 
 697      30383230 
 698 0084 2D746875 		.ascii	"-thumb-interwork -mthumb -ggdb -O2 -fomit-frame-poi"
 698      6D622D69 
 698      6E746572 
 698      776F726B 
 698      202D6D74 
 699 00b7 6E746572 		.ascii	"nter -falign-functions=16 -ffunction-sections -fdat"
 699      202D6661 
 699      6C69676E 
 699      2D66756E 
 699      6374696F 
 700 00ea 612D7365 		.ascii	"a-sections -fno-common\000"
 700      6374696F 
 700      6E73202D 
 700      666E6F2D 
 700      636F6D6D 
 701              	.LASF17:
 702 0101 61667365 		.ascii	"afsel\000"
 702      6C00
 703              	.LASF38:
 704 0107 50514461 		.ascii	"PQData\000"
ARM GAS  /tmp/ccCSMw5q.s 			page 14


 704      746100
 705              	.LASF35:
 706 010e 504D4461 		.ascii	"PMData\000"
 706      746100
 707              	.LASF48:
 708 0115 68616C49 		.ascii	"halInit\000"
 708      6E697400 
 709              	.LASF10:
 710 011d 6C6F6E67 		.ascii	"long long unsigned int\000"
 710      206C6F6E 
 710      6720756E 
 710      7369676E 
 710      65642069 
 711              	.LASF28:
 712 0134 50454461 		.ascii	"PEData\000"
 712      746100
 713              	.LASF2:
 714 013b 756E7369 		.ascii	"unsigned char\000"
 714      676E6564 
 714      20636861 
 714      7200
 715              	.LASF24:
 716 0149 50414461 		.ascii	"PAData\000"
 716      746100
 717              	.LASF47:
 718 0150 2F686F6D 		.ascii	"/home/autoscatto/prototipi/git/tiva-chibios2_6/demo"
 718      652F6175 
 718      746F7363 
 718      6174746F 
 718      2F70726F 
 719 0183 732F5254 		.ascii	"s/RT-TM4C1294-LAUNCHPAD\000"
 719      2D544D34 
 719      43313239 
 719      342D4C41 
 719      554E4348 
 720              	.LASF8:
 721 019b 6C6F6E67 		.ascii	"long unsigned int\000"
 721      20756E73 
 721      69676E65 
 721      6420696E 
 721      7400
 722              	.LASF42:
 723 01ad 68616C5F 		.ascii	"hal_lld_init\000"
 723      6C6C645F 
 723      696E6974 
 723      00
 724              	.LASF4:
 725 01ba 73686F72 		.ascii	"short unsigned int\000"
 725      7420756E 
 725      7369676E 
 725      65642069 
 725      6E7400
 726              	.LASF40:
 727 01cd 49544D5F 		.ascii	"ITM_RxBuffer\000"
 727      52784275 
 727      66666572 
 727      00
ARM GAS  /tmp/ccCSMw5q.s 			page 15


 728              	.LASF39:
 729 01da 50414C43 		.ascii	"PALConfig\000"
 729      6F6E6669 
 729      6700
 730              	.LASF41:
 731 01e4 70616C5F 		.ascii	"pal_default_config\000"
 731      64656661 
 731      756C745F 
 731      636F6E66 
 731      696700
 732              	.LASF18:
 733 01f7 64723272 		.ascii	"dr2r\000"
 733      00
 734              	.LASF7:
 735 01fc 5F5F7569 		.ascii	"__uint32_t\000"
 735      6E743332 
 735      5F7400
 736              	.LASF36:
 737 0207 504E4461 		.ascii	"PNData\000"
 737      746100
 738              	.LASF21:
 739 020e 616D7365 		.ascii	"amsel\000"
 739      6C00
 740              	.LASF32:
 741 0214 504A4461 		.ascii	"PJData\000"
 741      746100
 742              	.LASF19:
 743 021b 64723472 		.ascii	"dr4r\000"
 743      00
 744              	.LASF29:
 745 0220 50464461 		.ascii	"PFData\000"
 745      746100
 746              	.LASF25:
 747 0227 50424461 		.ascii	"PBData\000"
 747      746100
 748              	.LASF15:
 749 022e 63686172 		.ascii	"char\000"
 749      00
 750              	.LASF22:
 751 0233 7063746C 		.ascii	"pctl\000"
 751      00
 752              	.LASF46:
 753 0238 2E2E2F2E 		.ascii	"../../os/hal/src/hal.c\000"
 753      2E2F6F73 
 753      2F68616C 
 753      2F737263 
 753      2F68616C 
 754              	.LASF20:
 755 024f 64723872 		.ascii	"dr8r\000"
 755      00
 756              	.LASF11:
 757 0254 696E7433 		.ascii	"int32_t\000"
 757      325F7400 
 758              	.LASF14:
 759 025c 73697A65 		.ascii	"sizetype\000"
 759      74797065 
 759      00
ARM GAS  /tmp/ccCSMw5q.s 			page 16


 760              	.LASF9:
 761 0265 6C6F6E67 		.ascii	"long long int\000"
 761      206C6F6E 
 761      6720696E 
 761      7400
 762              	.LASF33:
 763 0273 504B4461 		.ascii	"PKData\000"
 763      746100
 764              	.LASF30:
 765 027a 50474461 		.ascii	"PGData\000"
 765      746100
 766              	.LASF43:
 767 0281 7364496E 		.ascii	"sdInit\000"
 767      697400
 768              	.LASF3:
 769 0288 73686F72 		.ascii	"short int\000"
 769      7420696E 
 769      7400
 770              	.LASF26:
 771 0292 50434461 		.ascii	"PCData\000"
 771      746100
 772              	.LASF12:
 773 0299 75696E74 		.ascii	"uint32_t\000"
 773      33325F74 
 773      00
 774              	.LASF5:
 775 02a2 6C6F6E67 		.ascii	"long int\000"
 775      20696E74 
 775      00
 776              	.LASF1:
 777 02ab 7369676E 		.ascii	"signed char\000"
 777      65642063 
 777      68617200 
 778              	.LASF44:
 779 02b7 626F6172 		.ascii	"boardInit\000"
 779      64496E69 
 779      7400
 780              	.LASF13:
 781 02c1 5F426F6F 		.ascii	"_Bool\000"
 781      6C00
 782              	.LASF37:
 783 02c7 50504461 		.ascii	"PPData\000"
 783      746100
 784              		.ident	"GCC: (4.8.3-9+11) 4.8.3 20140820 (release)"
ARM GAS  /tmp/ccCSMw5q.s 			page 17


DEFINED SYMBOLS
                            *ABS*:0000000000000000 hal.c
     /tmp/ccCSMw5q.s:19     .text.halInit:0000000000000000 $t
     /tmp/ccCSMw5q.s:25     .text.halInit:0000000000000000 halInit
     /tmp/ccCSMw5q.s:54     .text.halInit:0000000000000018 $d
                     .debug_frame:0000000000000010 $d
     /tmp/ccCSMw5q.s:58     .text.halInit:000000000000001c $t

UNDEFINED SYMBOLS
hal_lld_init
_pal_lld_init
sdInit
boardInit
pal_default_config
