ARM GAS  /tmp/cc6E7nR5.s 			page 1


   1              		.syntax unified
   2              		.cpu cortex-m4
   3              		.fpu softvfp
   4              		.eabi_attribute 20, 1
   5              		.eabi_attribute 21, 1
   6              		.eabi_attribute 23, 3
   7              		.eabi_attribute 24, 1
   8              		.eabi_attribute 25, 1
   9              		.eabi_attribute 26, 1
  10              		.eabi_attribute 30, 2
  11              		.eabi_attribute 34, 1
  12              		.eabi_attribute 18, 4
  13              		.thumb
  14              		.file	"main.c"
  15              		.text
  16              	.Ltext0:
  17              		.cfi_sections	.debug_frame
  18              		.section	.text.Thread1,"ax",%progbits
  19              		.align	2
  20              		.p2align 4,,15
  21              		.thumb
  22              		.thumb_func
  23              		.type	Thread1, %function
  24              	Thread1:
  25              	.LFB118:
  26              		.file 1 "main.c"
  27              		.loc 1 23 0
  28              		.cfi_startproc
  29              		@ Volatile: function does not return.
  30              		@ args = 0, pretend = 0, frame = 0
  31              		@ frame_needed = 0, uses_anonymous_args = 0
  32              	.LVL0:
  33 0000 08B5     		push	{r3, lr}
  34              		.cfi_def_cfa_offset 8
  35              		.cfi_offset 3, -8
  36              		.cfi_offset 14, -4
  37              		.loc 1 26 0
  38 0002 064C     		ldr	r4, .L4
  39              	.LVL1:
  40              	.L2:
  41              		.loc 1 26 0 is_stmt 0 discriminator 1
  42 0004 D4F8FC33 		ldr	r3, [r4, #1020]
  43 0008 83F00103 		eor	r3, r3, #1
  44 000c C4F8FC33 		str	r3, [r4, #1020]
  45              		.loc 1 27 0 is_stmt 1 discriminator 1
  46 0010 42F21070 		movw	r0, #10000
  47 0014 FFF7FEFF 		bl	chThdSleep
  48              	.LVL2:
  49 0018 F4E7     		b	.L2
  50              	.L5:
  51 001a 00BF     		.align	2
  52              	.L4:
  53 001c 00D00540 		.word	1074122752
  54              		.cfi_endproc
  55              	.LFE118:
  56              		.size	Thread1, .-Thread1
  57              		.section	.text.startup.main,"ax",%progbits
ARM GAS  /tmp/cc6E7nR5.s 			page 2


  58              		.align	2
  59              		.p2align 4,,15
  60              		.global	main
  61              		.thumb
  62              		.thumb_func
  63              		.type	main, %function
  64              	main:
  65              	.LFB119:
  66              		.loc 1 35 0
  67              		.cfi_startproc
  68              		@ Volatile: function does not return.
  69              		@ args = 0, pretend = 0, frame = 0
  70              		@ frame_needed = 0, uses_anonymous_args = 0
  71 0000 00B5     		push	{lr}
  72              		.cfi_def_cfa_offset 4
  73              		.cfi_offset 14, -4
  74 0002 83B0     		sub	sp, sp, #12
  75              		.cfi_def_cfa_offset 16
  76              		.loc 1 44 0
  77 0004 FFF7FEFF 		bl	halInit
  78              	.LVL3:
  79              		.loc 1 45 0
  80 0008 FFF7FEFF 		bl	chSysInit
  81              	.LVL4:
  82              		.loc 1 56 0
  83 000c 0023     		movs	r3, #0
  84 000e 0093     		str	r3, [sp]
  85 0010 0548     		ldr	r0, .L8
  86 0012 064B     		ldr	r3, .L8+4
  87 0014 F021     		movs	r1, #240
  88 0016 4022     		movs	r2, #64
  89 0018 FFF7FEFF 		bl	chThdCreateStatic
  90              	.LVL5:
  91              	.L7:
  92              		.loc 1 60 0 discriminator 1
  93 001c 42F21070 		movw	r0, #10000
  94 0020 FFF7FEFF 		bl	chThdSleep
  95              	.LVL6:
  96 0024 FAE7     		b	.L7
  97              	.L9:
  98 0026 00BF     		.align	2
  99              	.L8:
 100 0028 00000000 		.word	.LANCHOR0
 101 002c 00000000 		.word	Thread1
 102              		.cfi_endproc
 103              	.LFE119:
 104              		.size	main, .-main
 105              		.section	.bss.waThread1,"aw",%nobits
 106              		.align	3
 107              		.set	.LANCHOR0,. + 0
 108              		.type	waThread1, %object
 109              		.size	waThread1, 240
 110              	waThread1:
 111 0000 00000000 		.space	240
 111      00000000 
 111      00000000 
 111      00000000 
ARM GAS  /tmp/cc6E7nR5.s 			page 3


 111      00000000 
 112              		.text
 113              	.Letext0:
 114              		.file 2 "/usr/lib/gcc/arm-none-eabi/4.8/include/stddef.h"
 115              		.file 3 "/usr/include/newlib/machine/_default_types.h"
 116              		.file 4 "/usr/include/newlib/stdint.h"
 117              		.file 5 "../../os/ports/GCC/ARMCMx/chtypes.h"
 118              		.file 6 "../../os/kernel/include/chlists.h"
 119              		.file 7 "../../os/kernel/include/chthreads.h"
 120              		.file 8 "../../os/ports/GCC/ARMCMx/TM4C129x/tm4c129x.h"
 121              		.file 9 "../../os/ports/GCC/ARMCMx/chcore_v7m.h"
 122              		.file 10 "../../os/kernel/include/chmtx.h"
 123              		.file 11 "../../os/hal/platforms/TM4C129x/pal_lld.h"
 124              		.file 12 "../../os/hal/include/hal.h"
 125              		.file 13 "../../os/kernel/include/chsys.h"
 126              		.file 14 "../../os/ports/common/ARMCMx/CMSIS/include/core_cm4.h"
 127              		.section	.debug_info,"",%progbits
 128              	.Ldebug_info0:
 129 0000 90070000 		.4byte	0x790
 130 0004 0400     		.2byte	0x4
 131 0006 00000000 		.4byte	.Ldebug_abbrev0
 132 000a 04       		.byte	0x4
 133 000b 01       		.uleb128 0x1
 134 000c 11000000 		.4byte	.LASF86
 135 0010 01       		.byte	0x1
 136 0011 36030000 		.4byte	.LASF87
 137 0015 86030000 		.4byte	.LASF88
 138 0019 00000000 		.4byte	.Ldebug_ranges0+0
 139 001d 00000000 		.4byte	0
 140 0021 00000000 		.4byte	.Ldebug_line0
 141 0025 02       		.uleb128 0x2
 142 0026 04       		.byte	0x4
 143 0027 05       		.byte	0x5
 144 0028 696E7400 		.ascii	"int\000"
 145 002c 03       		.uleb128 0x3
 146 002d 09010000 		.4byte	.LASF2
 147 0031 02       		.byte	0x2
 148 0032 D4       		.byte	0xd4
 149 0033 37000000 		.4byte	0x37
 150 0037 04       		.uleb128 0x4
 151 0038 04       		.byte	0x4
 152 0039 07       		.byte	0x7
 153 003a 85020000 		.4byte	.LASF0
 154 003e 04       		.uleb128 0x4
 155 003f 01       		.byte	0x1
 156 0040 06       		.byte	0x6
 157 0041 51020000 		.4byte	.LASF1
 158 0045 03       		.uleb128 0x3
 159 0046 01020000 		.4byte	.LASF3
 160 004a 03       		.byte	0x3
 161 004b 1D       		.byte	0x1d
 162 004c 50000000 		.4byte	0x50
 163 0050 04       		.uleb128 0x4
 164 0051 01       		.byte	0x1
 165 0052 08       		.byte	0x8
 166 0053 35020000 		.4byte	.LASF4
 167 0057 04       		.uleb128 0x4
ARM GAS  /tmp/cc6E7nR5.s 			page 4


 168 0058 02       		.byte	0x2
 169 0059 05       		.byte	0x5
 170 005a FF000000 		.4byte	.LASF5
 171 005e 04       		.uleb128 0x4
 172 005f 02       		.byte	0x2
 173 0060 07       		.byte	0x7
 174 0061 9A020000 		.4byte	.LASF6
 175 0065 03       		.uleb128 0x3
 176 0066 4F030000 		.4byte	.LASF7
 177 006a 03       		.byte	0x3
 178 006b 3F       		.byte	0x3f
 179 006c 70000000 		.4byte	0x70
 180 0070 04       		.uleb128 0x4
 181 0071 04       		.byte	0x4
 182 0072 05       		.byte	0x5
 183 0073 E5010000 		.4byte	.LASF8
 184 0077 03       		.uleb128 0x3
 185 0078 4E010000 		.4byte	.LASF9
 186 007c 03       		.byte	0x3
 187 007d 41       		.byte	0x41
 188 007e 82000000 		.4byte	0x82
 189 0082 04       		.uleb128 0x4
 190 0083 04       		.byte	0x4
 191 0084 07       		.byte	0x7
 192 0085 3D030000 		.4byte	.LASF10
 193 0089 04       		.uleb128 0x4
 194 008a 08       		.byte	0x8
 195 008b 05       		.byte	0x5
 196 008c B9010000 		.4byte	.LASF11
 197 0090 03       		.uleb128 0x3
 198 0091 C1000000 		.4byte	.LASF12
 199 0095 03       		.byte	0x3
 200 0096 5B       		.byte	0x5b
 201 0097 9B000000 		.4byte	0x9b
 202 009b 04       		.uleb128 0x4
 203 009c 08       		.byte	0x8
 204 009d 07       		.byte	0x7
 205 009e 65020000 		.4byte	.LASF13
 206 00a2 03       		.uleb128 0x3
 207 00a3 A4010000 		.4byte	.LASF14
 208 00a7 04       		.byte	0x4
 209 00a8 2A       		.byte	0x2a
 210 00a9 45000000 		.4byte	0x45
 211 00ad 03       		.uleb128 0x3
 212 00ae D7020000 		.4byte	.LASF15
 213 00b2 04       		.byte	0x4
 214 00b3 41       		.byte	0x41
 215 00b4 65000000 		.4byte	0x65
 216 00b8 03       		.uleb128 0x3
 217 00b9 7C020000 		.4byte	.LASF16
 218 00bd 04       		.byte	0x4
 219 00be 42       		.byte	0x42
 220 00bf 77000000 		.4byte	0x77
 221 00c3 03       		.uleb128 0x3
 222 00c4 EA000000 		.4byte	.LASF17
 223 00c8 04       		.byte	0x4
 224 00c9 4E       		.byte	0x4e
ARM GAS  /tmp/cc6E7nR5.s 			page 5


 225 00ca 90000000 		.4byte	0x90
 226 00ce 04       		.uleb128 0x4
 227 00cf 01       		.byte	0x1
 228 00d0 02       		.byte	0x2
 229 00d1 FB020000 		.4byte	.LASF18
 230 00d5 03       		.uleb128 0x3
 231 00d6 28020000 		.4byte	.LASF19
 232 00da 05       		.byte	0x5
 233 00db 2C       		.byte	0x2c
 234 00dc A2000000 		.4byte	0xa2
 235 00e0 03       		.uleb128 0x3
 236 00e1 2D030000 		.4byte	.LASF20
 237 00e5 05       		.byte	0x5
 238 00e6 2D       		.byte	0x2d
 239 00e7 A2000000 		.4byte	0xa2
 240 00eb 03       		.uleb128 0x3
 241 00ec 16040000 		.4byte	.LASF21
 242 00f0 05       		.byte	0x5
 243 00f1 2E       		.byte	0x2e
 244 00f2 A2000000 		.4byte	0xa2
 245 00f6 03       		.uleb128 0x3
 246 00f7 CF010000 		.4byte	.LASF22
 247 00fb 05       		.byte	0x5
 248 00fc 30       		.byte	0x30
 249 00fd B8000000 		.4byte	0xb8
 250 0101 03       		.uleb128 0x3
 251 0102 10040000 		.4byte	.LASF23
 252 0106 05       		.byte	0x5
 253 0107 31       		.byte	0x31
 254 0108 AD000000 		.4byte	0xad
 255 010c 03       		.uleb128 0x3
 256 010d 59010000 		.4byte	.LASF24
 257 0111 05       		.byte	0x5
 258 0112 33       		.byte	0x33
 259 0113 B8000000 		.4byte	0xb8
 260 0117 03       		.uleb128 0x3
 261 0118 C0020000 		.4byte	.LASF25
 262 011c 05       		.byte	0x5
 263 011d 35       		.byte	0x35
 264 011e B8000000 		.4byte	0xb8
 265 0122 03       		.uleb128 0x3
 266 0123 59030000 		.4byte	.LASF26
 267 0127 06       		.byte	0x6
 268 0128 2A       		.byte	0x2a
 269 0129 2D010000 		.4byte	0x12d
 270 012d 05       		.uleb128 0x5
 271 012e 59030000 		.4byte	.LASF26
 272 0132 48       		.byte	0x48
 273 0133 07       		.byte	0x7
 274 0134 5E       		.byte	0x5e
 275 0135 1E020000 		.4byte	0x21e
 276 0139 06       		.uleb128 0x6
 277 013a 77010000 		.4byte	.LASF27
 278 013e 07       		.byte	0x7
 279 013f 5F       		.byte	0x5f
 280 0140 3F020000 		.4byte	0x23f
 281 0144 00       		.byte	0
ARM GAS  /tmp/cc6E7nR5.s 			page 6


 282 0145 06       		.uleb128 0x6
 283 0146 27010000 		.4byte	.LASF28
 284 014a 07       		.byte	0x7
 285 014b 61       		.byte	0x61
 286 014c 3F020000 		.4byte	0x23f
 287 0150 04       		.byte	0x4
 288 0151 06       		.uleb128 0x6
 289 0152 70010000 		.4byte	.LASF29
 290 0156 07       		.byte	0x7
 291 0157 63       		.byte	0x63
 292 0158 F6000000 		.4byte	0xf6
 293 015c 08       		.byte	0x8
 294 015d 06       		.uleb128 0x6
 295 015e DB030000 		.4byte	.LASF30
 296 0162 07       		.byte	0x7
 297 0163 64       		.byte	0x64
 298 0164 92050000 		.4byte	0x592
 299 0168 0C       		.byte	0xc
 300 0169 06       		.uleb128 0x6
 301 016a 5D020000 		.4byte	.LASF31
 302 016e 07       		.byte	0x7
 303 016f 66       		.byte	0x66
 304 0170 3F020000 		.4byte	0x23f
 305 0174 10       		.byte	0x10
 306 0175 06       		.uleb128 0x6
 307 0176 C6030000 		.4byte	.LASF32
 308 017a 07       		.byte	0x7
 309 017b 67       		.byte	0x67
 310 017c 3F020000 		.4byte	0x23f
 311 0180 14       		.byte	0x14
 312 0181 06       		.uleb128 0x6
 313 0182 01030000 		.4byte	.LASF33
 314 0186 07       		.byte	0x7
 315 0187 6E       		.byte	0x6e
 316 0188 2F060000 		.4byte	0x62f
 317 018c 18       		.byte	0x18
 318 018d 06       		.uleb128 0x6
 319 018e DF020000 		.4byte	.LASF34
 320 0192 07       		.byte	0x7
 321 0193 79       		.byte	0x79
 322 0194 E0000000 		.4byte	0xe0
 323 0198 1C       		.byte	0x1c
 324 0199 06       		.uleb128 0x6
 325 019a AD020000 		.4byte	.LASF35
 326 019e 07       		.byte	0x7
 327 019f 7D       		.byte	0x7d
 328 01a0 D5000000 		.4byte	0xd5
 329 01a4 1D       		.byte	0x1d
 330 01a5 06       		.uleb128 0x6
 331 01a6 D4030000 		.4byte	.LASF36
 332 01aa 07       		.byte	0x7
 333 01ab 82       		.byte	0x82
 334 01ac EB000000 		.4byte	0xeb
 335 01b0 1E       		.byte	0x1e
 336 01b1 06       		.uleb128 0x6
 337 01b2 43020000 		.4byte	.LASF37
 338 01b6 07       		.byte	0x7
ARM GAS  /tmp/cc6E7nR5.s 			page 7


 339 01b7 8F       		.byte	0x8f
 340 01b8 B3050000 		.4byte	0x5b3
 341 01bc 20       		.byte	0x20
 342 01bd 07       		.uleb128 0x7
 343 01be 705F7500 		.ascii	"p_u\000"
 344 01c2 07       		.byte	0x7
 345 01c3 B4       		.byte	0xb4
 346 01c4 FA050000 		.4byte	0x5fa
 347 01c8 24       		.byte	0x24
 348 01c9 06       		.uleb128 0x6
 349 01ca 13020000 		.4byte	.LASF38
 350 01ce 07       		.byte	0x7
 351 01cf B9       		.byte	0xb9
 352 01d0 65020000 		.4byte	0x265
 353 01d4 28       		.byte	0x28
 354 01d5 06       		.uleb128 0x6
 355 01d6 65010000 		.4byte	.LASF39
 356 01da 07       		.byte	0x7
 357 01db BF       		.byte	0xbf
 358 01dc 45020000 		.4byte	0x245
 359 01e0 2C       		.byte	0x2c
 360 01e1 06       		.uleb128 0x6
 361 01e2 1D020000 		.4byte	.LASF40
 362 01e6 07       		.byte	0x7
 363 01e7 C3       		.byte	0xc3
 364 01e8 01010000 		.4byte	0x101
 365 01ec 34       		.byte	0x34
 366 01ed 06       		.uleb128 0x6
 367 01ee 88010000 		.4byte	.LASF41
 368 01f2 07       		.byte	0x7
 369 01f3 C9       		.byte	0xc9
 370 01f4 0C010000 		.4byte	0x10c
 371 01f8 38       		.byte	0x38
 372 01f9 06       		.uleb128 0x6
 373 01fa 7E010000 		.4byte	.LASF42
 374 01fe 07       		.byte	0x7
 375 01ff D0       		.byte	0xd0
 376 0200 41060000 		.4byte	0x641
 377 0204 3C       		.byte	0x3c
 378 0205 06       		.uleb128 0x6
 379 0206 B5020000 		.4byte	.LASF43
 380 020a 07       		.byte	0x7
 381 020b D4       		.byte	0xd4
 382 020c F6000000 		.4byte	0xf6
 383 0210 40       		.byte	0x40
 384 0211 06       		.uleb128 0x6
 385 0212 92020000 		.4byte	.LASF44
 386 0216 07       		.byte	0x7
 387 0217 DA       		.byte	0xda
 388 0218 09050000 		.4byte	0x509
 389 021c 44       		.byte	0x44
 390 021d 00       		.byte	0
 391 021e 08       		.uleb128 0x8
 392 021f 08       		.byte	0x8
 393 0220 06       		.byte	0x6
 394 0221 61       		.byte	0x61
 395 0222 3F020000 		.4byte	0x23f
ARM GAS  /tmp/cc6E7nR5.s 			page 8


 396 0226 06       		.uleb128 0x6
 397 0227 77010000 		.4byte	.LASF27
 398 022b 06       		.byte	0x6
 399 022c 62       		.byte	0x62
 400 022d 3F020000 		.4byte	0x23f
 401 0231 00       		.byte	0
 402 0232 06       		.uleb128 0x6
 403 0233 27010000 		.4byte	.LASF28
 404 0237 06       		.byte	0x6
 405 0238 64       		.byte	0x64
 406 0239 3F020000 		.4byte	0x23f
 407 023d 04       		.byte	0x4
 408 023e 00       		.byte	0
 409 023f 09       		.uleb128 0x9
 410 0240 04       		.byte	0x4
 411 0241 22010000 		.4byte	0x122
 412 0245 03       		.uleb128 0x3
 413 0246 EE020000 		.4byte	.LASF45
 414 024a 06       		.byte	0x6
 415 024b 66       		.byte	0x66
 416 024c 1E020000 		.4byte	0x21e
 417 0250 08       		.uleb128 0x8
 418 0251 04       		.byte	0x4
 419 0252 06       		.byte	0x6
 420 0253 6B       		.byte	0x6b
 421 0254 65020000 		.4byte	0x265
 422 0258 06       		.uleb128 0x6
 423 0259 77010000 		.4byte	.LASF27
 424 025d 06       		.byte	0x6
 425 025e 6D       		.byte	0x6d
 426 025f 3F020000 		.4byte	0x23f
 427 0263 00       		.byte	0
 428 0264 00       		.byte	0
 429 0265 03       		.uleb128 0x3
 430 0266 F3000000 		.4byte	.LASF46
 431 026a 06       		.byte	0x6
 432 026b 70       		.byte	0x70
 433 026c 50020000 		.4byte	0x250
 434 0270 04       		.uleb128 0x4
 435 0271 04       		.byte	0x4
 436 0272 07       		.byte	0x7
 437 0273 17010000 		.4byte	.LASF47
 438 0277 0A       		.uleb128 0xa
 439 0278 B8000000 		.4byte	0xb8
 440 027c 0B       		.uleb128 0xb
 441 027d 77020000 		.4byte	0x277
 442 0281 0C       		.uleb128 0xc
 443 0282 B8000000 		.4byte	0xb8
 444 0286 91020000 		.4byte	0x291
 445 028a 0D       		.uleb128 0xd
 446 028b 70020000 		.4byte	0x270
 447 028f 36       		.byte	0x36
 448 0290 00       		.byte	0
 449 0291 0E       		.uleb128 0xe
 450 0292 0004     		.2byte	0x400
 451 0294 08       		.byte	0x8
 452 0295 0502     		.2byte	0x205
ARM GAS  /tmp/cc6E7nR5.s 			page 9


 453 0297 B7020000 		.4byte	0x2b7
 454 029b 0F       		.uleb128 0xf
 455 029c 0F030000 		.4byte	.LASF48
 456 02a0 08       		.byte	0x8
 457 02a1 0602     		.2byte	0x206
 458 02a3 C7020000 		.4byte	0x2c7
 459 02a7 00       		.byte	0
 460 02a8 10       		.uleb128 0x10
 461 02a9 23020000 		.4byte	.LASF49
 462 02ad 08       		.byte	0x8
 463 02ae 0702     		.2byte	0x207
 464 02b0 77020000 		.4byte	0x277
 465 02b4 FC03     		.2byte	0x3fc
 466 02b6 00       		.byte	0
 467 02b7 0C       		.uleb128 0xc
 468 02b8 B8000000 		.4byte	0xb8
 469 02bc C7020000 		.4byte	0x2c7
 470 02c0 0D       		.uleb128 0xd
 471 02c1 70020000 		.4byte	0x270
 472 02c5 FE       		.byte	0xfe
 473 02c6 00       		.byte	0
 474 02c7 0B       		.uleb128 0xb
 475 02c8 CC020000 		.4byte	0x2cc
 476 02cc 0A       		.uleb128 0xa
 477 02cd B7020000 		.4byte	0x2b7
 478 02d1 11       		.uleb128 0x11
 479 02d2 0004     		.2byte	0x400
 480 02d4 08       		.byte	0x8
 481 02d5 0302     		.2byte	0x203
 482 02d7 ED020000 		.4byte	0x2ed
 483 02db 12       		.uleb128 0x12
 484 02dc D7010000 		.4byte	.LASF74
 485 02e0 08       		.byte	0x8
 486 02e1 0402     		.2byte	0x204
 487 02e3 FD020000 		.4byte	0x2fd
 488 02e7 13       		.uleb128 0x13
 489 02e8 91020000 		.4byte	0x291
 490 02ec 00       		.byte	0
 491 02ed 0C       		.uleb128 0xc
 492 02ee B8000000 		.4byte	0xb8
 493 02f2 FD020000 		.4byte	0x2fd
 494 02f6 0D       		.uleb128 0xd
 495 02f7 70020000 		.4byte	0x270
 496 02fb FF       		.byte	0xff
 497 02fc 00       		.byte	0
 498 02fd 0A       		.uleb128 0xa
 499 02fe ED020000 		.4byte	0x2ed
 500 0302 0E       		.uleb128 0xe
 501 0303 C80F     		.2byte	0xfc8
 502 0305 08       		.byte	0x8
 503 0306 0102     		.2byte	0x201
 504 0308 CD040000 		.4byte	0x4cd
 505 030c 14       		.uleb128 0x14
 506 030d D1020000 		.4byte	0x2d1
 507 0311 00       		.byte	0
 508 0312 15       		.uleb128 0x15
 509 0313 44495200 		.ascii	"DIR\000"
ARM GAS  /tmp/cc6E7nR5.s 			page 10


 510 0317 08       		.byte	0x8
 511 0318 0A02     		.2byte	0x20a
 512 031a 77020000 		.4byte	0x277
 513 031e 0004     		.2byte	0x400
 514 0320 15       		.uleb128 0x15
 515 0321 495300   		.ascii	"IS\000"
 516 0324 08       		.byte	0x8
 517 0325 0B02     		.2byte	0x20b
 518 0327 77020000 		.4byte	0x277
 519 032b 0404     		.2byte	0x404
 520 032d 15       		.uleb128 0x15
 521 032e 49424500 		.ascii	"IBE\000"
 522 0332 08       		.byte	0x8
 523 0333 0C02     		.2byte	0x20c
 524 0335 77020000 		.4byte	0x277
 525 0339 0804     		.2byte	0x408
 526 033b 15       		.uleb128 0x15
 527 033c 49455600 		.ascii	"IEV\000"
 528 0340 08       		.byte	0x8
 529 0341 0D02     		.2byte	0x20d
 530 0343 77020000 		.4byte	0x277
 531 0347 0C04     		.2byte	0x40c
 532 0349 15       		.uleb128 0x15
 533 034a 494D00   		.ascii	"IM\000"
 534 034d 08       		.byte	0x8
 535 034e 0E02     		.2byte	0x20e
 536 0350 77020000 		.4byte	0x277
 537 0354 1004     		.2byte	0x410
 538 0356 15       		.uleb128 0x15
 539 0357 52495300 		.ascii	"RIS\000"
 540 035b 08       		.byte	0x8
 541 035c 0F02     		.2byte	0x20f
 542 035e 7C020000 		.4byte	0x27c
 543 0362 1404     		.2byte	0x414
 544 0364 15       		.uleb128 0x15
 545 0365 4D495300 		.ascii	"MIS\000"
 546 0369 08       		.byte	0x8
 547 036a 1002     		.2byte	0x210
 548 036c 7C020000 		.4byte	0x27c
 549 0370 1804     		.2byte	0x418
 550 0372 15       		.uleb128 0x15
 551 0373 49435200 		.ascii	"ICR\000"
 552 0377 08       		.byte	0x8
 553 0378 1102     		.2byte	0x211
 554 037a 77020000 		.4byte	0x277
 555 037e 1C04     		.2byte	0x41c
 556 0380 10       		.uleb128 0x10
 557 0381 67030000 		.4byte	.LASF50
 558 0385 08       		.byte	0x8
 559 0386 1202     		.2byte	0x212
 560 0388 77020000 		.4byte	0x277
 561 038c 2004     		.2byte	0x420
 562 038e 10       		.uleb128 0x10
 563 038f 19030000 		.4byte	.LASF51
 564 0393 08       		.byte	0x8
 565 0394 1302     		.2byte	0x213
 566 0396 CD040000 		.4byte	0x4cd
ARM GAS  /tmp/cc6E7nR5.s 			page 11


 567 039a 2404     		.2byte	0x424
 568 039c 10       		.uleb128 0x10
 569 039d 30020000 		.4byte	.LASF52
 570 03a1 08       		.byte	0x8
 571 03a2 1402     		.2byte	0x214
 572 03a4 77020000 		.4byte	0x277
 573 03a8 0005     		.2byte	0x500
 574 03aa 10       		.uleb128 0x10
 575 03ab FE030000 		.4byte	.LASF53
 576 03af 08       		.byte	0x8
 577 03b0 1502     		.2byte	0x215
 578 03b2 77020000 		.4byte	0x277
 579 03b6 0405     		.2byte	0x504
 580 03b8 10       		.uleb128 0x10
 581 03b9 E5000000 		.4byte	.LASF54
 582 03bd 08       		.byte	0x8
 583 03be 1602     		.2byte	0x216
 584 03c0 77020000 		.4byte	0x277
 585 03c4 0805     		.2byte	0x508
 586 03c6 15       		.uleb128 0x15
 587 03c7 4F445200 		.ascii	"ODR\000"
 588 03cb 08       		.byte	0x8
 589 03cc 1702     		.2byte	0x217
 590 03ce 77020000 		.4byte	0x277
 591 03d2 0C05     		.2byte	0x50c
 592 03d4 15       		.uleb128 0x15
 593 03d5 50555200 		.ascii	"PUR\000"
 594 03d9 08       		.byte	0x8
 595 03da 1802     		.2byte	0x218
 596 03dc 77020000 		.4byte	0x277
 597 03e0 1005     		.2byte	0x510
 598 03e2 15       		.uleb128 0x15
 599 03e3 50445200 		.ascii	"PDR\000"
 600 03e7 08       		.byte	0x8
 601 03e8 1902     		.2byte	0x219
 602 03ea 77020000 		.4byte	0x277
 603 03ee 1405     		.2byte	0x514
 604 03f0 15       		.uleb128 0x15
 605 03f1 534C5200 		.ascii	"SLR\000"
 606 03f5 08       		.byte	0x8
 607 03f6 1A02     		.2byte	0x21a
 608 03f8 77020000 		.4byte	0x277
 609 03fc 1805     		.2byte	0x518
 610 03fe 15       		.uleb128 0x15
 611 03ff 44454E00 		.ascii	"DEN\000"
 612 0403 08       		.byte	0x8
 613 0404 1B02     		.2byte	0x21b
 614 0406 77020000 		.4byte	0x277
 615 040a 1C05     		.2byte	0x51c
 616 040c 10       		.uleb128 0x10
 617 040d 81030000 		.4byte	.LASF55
 618 0411 08       		.byte	0x8
 619 0412 1C02     		.2byte	0x21c
 620 0414 77020000 		.4byte	0x277
 621 0418 2005     		.2byte	0x520
 622 041a 15       		.uleb128 0x15
 623 041b 435200   		.ascii	"CR\000"
ARM GAS  /tmp/cc6E7nR5.s 			page 12


 624 041e 08       		.byte	0x8
 625 041f 1D02     		.2byte	0x21d
 626 0421 77020000 		.4byte	0x277
 627 0425 2405     		.2byte	0x524
 628 0427 10       		.uleb128 0x10
 629 0428 CE030000 		.4byte	.LASF56
 630 042c 08       		.byte	0x8
 631 042d 1E02     		.2byte	0x21e
 632 042f 77020000 		.4byte	0x277
 633 0433 2805     		.2byte	0x528
 634 0435 10       		.uleb128 0x10
 635 0436 EE010000 		.4byte	.LASF57
 636 043a 08       		.byte	0x8
 637 043b 1F02     		.2byte	0x21f
 638 043d 77020000 		.4byte	0x277
 639 0441 2C05     		.2byte	0x52c
 640 0443 10       		.uleb128 0x10
 641 0444 CC000000 		.4byte	.LASF58
 642 0448 08       		.byte	0x8
 643 0449 2002     		.2byte	0x220
 644 044b 77020000 		.4byte	0x277
 645 044f 3005     		.2byte	0x530
 646 0451 10       		.uleb128 0x10
 647 0452 E7020000 		.4byte	.LASF59
 648 0456 08       		.byte	0x8
 649 0457 2102     		.2byte	0x221
 650 0459 77020000 		.4byte	0x277
 651 045d 3405     		.2byte	0x534
 652 045f 15       		.uleb128 0x15
 653 0460 534900   		.ascii	"SI\000"
 654 0463 08       		.byte	0x8
 655 0464 2202     		.2byte	0x222
 656 0466 77020000 		.4byte	0x277
 657 046a 3805     		.2byte	0x538
 658 046c 10       		.uleb128 0x10
 659 046d 38010000 		.4byte	.LASF60
 660 0471 08       		.byte	0x8
 661 0472 2302     		.2byte	0x223
 662 0474 77020000 		.4byte	0x277
 663 0478 3C05     		.2byte	0x53c
 664 047a 10       		.uleb128 0x10
 665 047b EE030000 		.4byte	.LASF61
 666 047f 08       		.byte	0x8
 667 0480 2402     		.2byte	0x224
 668 0482 77020000 		.4byte	0x277
 669 0486 4005     		.2byte	0x540
 670 0488 10       		.uleb128 0x10
 671 0489 93010000 		.4byte	.LASF62
 672 048d 08       		.byte	0x8
 673 048e 2502     		.2byte	0x225
 674 0490 77020000 		.4byte	0x277
 675 0494 4405     		.2byte	0x544
 676 0496 10       		.uleb128 0x10
 677 0497 00000000 		.4byte	.LASF63
 678 049b 08       		.byte	0x8
 679 049c 2602     		.2byte	0x226
 680 049e 77020000 		.4byte	0x277
ARM GAS  /tmp/cc6E7nR5.s 			page 13


 681 04a2 4805     		.2byte	0x548
 682 04a4 10       		.uleb128 0x10
 683 04a5 23030000 		.4byte	.LASF64
 684 04a9 08       		.byte	0x8
 685 04aa 2702     		.2byte	0x227
 686 04ac E8040000 		.4byte	0x4e8
 687 04b0 4C05     		.2byte	0x54c
 688 04b2 15       		.uleb128 0x15
 689 04b3 505000   		.ascii	"PP\000"
 690 04b6 08       		.byte	0x8
 691 04b7 2802     		.2byte	0x228
 692 04b9 7C020000 		.4byte	0x27c
 693 04bd C00F     		.2byte	0xfc0
 694 04bf 15       		.uleb128 0x15
 695 04c0 504300   		.ascii	"PC\000"
 696 04c3 08       		.byte	0x8
 697 04c4 2902     		.2byte	0x229
 698 04c6 77020000 		.4byte	0x277
 699 04ca C40F     		.2byte	0xfc4
 700 04cc 00       		.byte	0
 701 04cd 0B       		.uleb128 0xb
 702 04ce D2040000 		.4byte	0x4d2
 703 04d2 0A       		.uleb128 0xa
 704 04d3 81020000 		.4byte	0x281
 705 04d7 0C       		.uleb128 0xc
 706 04d8 B8000000 		.4byte	0xb8
 707 04dc E8040000 		.4byte	0x4e8
 708 04e0 16       		.uleb128 0x16
 709 04e1 70020000 		.4byte	0x270
 710 04e5 9C02     		.2byte	0x29c
 711 04e7 00       		.byte	0
 712 04e8 0B       		.uleb128 0xb
 713 04e9 ED040000 		.4byte	0x4ed
 714 04ed 0A       		.uleb128 0xa
 715 04ee D7040000 		.4byte	0x4d7
 716 04f2 17       		.uleb128 0x17
 717 04f3 03040000 		.4byte	.LASF65
 718 04f7 08       		.byte	0x8
 719 04f8 2A02     		.2byte	0x22a
 720 04fa 02030000 		.4byte	0x302
 721 04fe 03       		.uleb128 0x3
 722 04ff 9B010000 		.4byte	.LASF66
 723 0503 09       		.byte	0x9
 724 0504 E5       		.byte	0xe5
 725 0505 09050000 		.4byte	0x509
 726 0509 18       		.uleb128 0x18
 727 050a 04       		.byte	0x4
 728 050b 03       		.uleb128 0x3
 729 050c 6D030000 		.4byte	.LASF67
 730 0510 09       		.byte	0x9
 731 0511 EB       		.byte	0xeb
 732 0512 C3000000 		.4byte	0xc3
 733 0516 19       		.uleb128 0x19
 734 0517 08030000 		.4byte	.LASF68
 735 051b 24       		.byte	0x24
 736 051c 09       		.byte	0x9
 737 051d 0C01     		.2byte	0x10c
ARM GAS  /tmp/cc6E7nR5.s 			page 14


 738 051f 92050000 		.4byte	0x592
 739 0523 1A       		.uleb128 0x1a
 740 0524 723400   		.ascii	"r4\000"
 741 0527 09       		.byte	0x9
 742 0528 1F01     		.2byte	0x11f
 743 052a FE040000 		.4byte	0x4fe
 744 052e 00       		.byte	0
 745 052f 1A       		.uleb128 0x1a
 746 0530 723500   		.ascii	"r5\000"
 747 0533 09       		.byte	0x9
 748 0534 2001     		.2byte	0x120
 749 0536 FE040000 		.4byte	0x4fe
 750 053a 04       		.byte	0x4
 751 053b 1A       		.uleb128 0x1a
 752 053c 723600   		.ascii	"r6\000"
 753 053f 09       		.byte	0x9
 754 0540 2101     		.2byte	0x121
 755 0542 FE040000 		.4byte	0x4fe
 756 0546 08       		.byte	0x8
 757 0547 1A       		.uleb128 0x1a
 758 0548 723700   		.ascii	"r7\000"
 759 054b 09       		.byte	0x9
 760 054c 2201     		.2byte	0x122
 761 054e FE040000 		.4byte	0x4fe
 762 0552 0C       		.byte	0xc
 763 0553 1A       		.uleb128 0x1a
 764 0554 723800   		.ascii	"r8\000"
 765 0557 09       		.byte	0x9
 766 0558 2301     		.2byte	0x123
 767 055a FE040000 		.4byte	0x4fe
 768 055e 10       		.byte	0x10
 769 055f 1A       		.uleb128 0x1a
 770 0560 723900   		.ascii	"r9\000"
 771 0563 09       		.byte	0x9
 772 0564 2401     		.2byte	0x124
 773 0566 FE040000 		.4byte	0x4fe
 774 056a 14       		.byte	0x14
 775 056b 1A       		.uleb128 0x1a
 776 056c 72313000 		.ascii	"r10\000"
 777 0570 09       		.byte	0x9
 778 0571 2501     		.2byte	0x125
 779 0573 FE040000 		.4byte	0x4fe
 780 0577 18       		.byte	0x18
 781 0578 1A       		.uleb128 0x1a
 782 0579 72313100 		.ascii	"r11\000"
 783 057d 09       		.byte	0x9
 784 057e 2601     		.2byte	0x126
 785 0580 FE040000 		.4byte	0x4fe
 786 0584 1C       		.byte	0x1c
 787 0585 1A       		.uleb128 0x1a
 788 0586 6C7200   		.ascii	"lr\000"
 789 0589 09       		.byte	0x9
 790 058a 2701     		.2byte	0x127
 791 058c FE040000 		.4byte	0x4fe
 792 0590 20       		.byte	0x20
 793 0591 00       		.byte	0
 794 0592 19       		.uleb128 0x19
ARM GAS  /tmp/cc6E7nR5.s 			page 15


 795 0593 0B020000 		.4byte	.LASF69
 796 0597 04       		.byte	0x4
 797 0598 09       		.byte	0x9
 798 0599 3101     		.2byte	0x131
 799 059b AD050000 		.4byte	0x5ad
 800 059f 1A       		.uleb128 0x1a
 801 05a0 72313300 		.ascii	"r13\000"
 802 05a4 09       		.byte	0x9
 803 05a5 3201     		.2byte	0x132
 804 05a7 AD050000 		.4byte	0x5ad
 805 05ab 00       		.byte	0
 806 05ac 00       		.byte	0
 807 05ad 09       		.uleb128 0x9
 808 05ae 04       		.byte	0x4
 809 05af 16050000 		.4byte	0x516
 810 05b3 0A       		.uleb128 0xa
 811 05b4 17010000 		.4byte	0x117
 812 05b8 05       		.uleb128 0x5
 813 05b9 F3010000 		.4byte	.LASF70
 814 05bd 10       		.byte	0x10
 815 05be 0A       		.byte	0xa
 816 05bf 2C       		.byte	0x2c
 817 05c0 E9050000 		.4byte	0x5e9
 818 05c4 06       		.uleb128 0x6
 819 05c5 F9010000 		.4byte	.LASF71
 820 05c9 0A       		.byte	0xa
 821 05ca 2D       		.byte	0x2d
 822 05cb 45020000 		.4byte	0x245
 823 05cf 00       		.byte	0
 824 05d0 06       		.uleb128 0x6
 825 05d1 F6030000 		.4byte	.LASF72
 826 05d5 0A       		.byte	0xa
 827 05d6 2F       		.byte	0x2f
 828 05d7 3F020000 		.4byte	0x23f
 829 05db 08       		.byte	0x8
 830 05dc 06       		.uleb128 0x6
 831 05dd 10010000 		.4byte	.LASF73
 832 05e1 0A       		.byte	0xa
 833 05e2 31       		.byte	0x31
 834 05e3 E9050000 		.4byte	0x5e9
 835 05e7 0C       		.byte	0xc
 836 05e8 00       		.byte	0
 837 05e9 09       		.uleb128 0x9
 838 05ea 04       		.byte	0x4
 839 05eb B8050000 		.4byte	0x5b8
 840 05ef 03       		.uleb128 0x3
 841 05f0 F3010000 		.4byte	.LASF70
 842 05f4 0A       		.byte	0xa
 843 05f5 33       		.byte	0x33
 844 05f6 B8050000 		.4byte	0x5b8
 845 05fa 1B       		.uleb128 0x1b
 846 05fb 04       		.byte	0x4
 847 05fc 07       		.byte	0x7
 848 05fd 96       		.byte	0x96
 849 05fe 2F060000 		.4byte	0x62f
 850 0602 1C       		.uleb128 0x1c
 851 0603 20010000 		.4byte	.LASF75
ARM GAS  /tmp/cc6E7nR5.s 			page 16


 852 0607 07       		.byte	0x7
 853 0608 9D       		.byte	0x9d
 854 0609 01010000 		.4byte	0x101
 855 060d 1C       		.uleb128 0x1c
 856 060e 78030000 		.4byte	.LASF76
 857 0612 07       		.byte	0x7
 858 0613 A4       		.byte	0xa4
 859 0614 01010000 		.4byte	0x101
 860 0618 1C       		.uleb128 0x1c
 861 0619 60030000 		.4byte	.LASF77
 862 061d 07       		.byte	0x7
 863 061e AB       		.byte	0xab
 864 061f 09050000 		.4byte	0x509
 865 0623 1C       		.uleb128 0x1c
 866 0624 4A020000 		.4byte	.LASF78
 867 0628 07       		.byte	0x7
 868 0629 B2       		.byte	0xb2
 869 062a 0C010000 		.4byte	0x10c
 870 062e 00       		.byte	0
 871 062f 09       		.uleb128 0x9
 872 0630 04       		.byte	0x4
 873 0631 35060000 		.4byte	0x635
 874 0635 0B       		.uleb128 0xb
 875 0636 3A060000 		.4byte	0x63a
 876 063a 04       		.uleb128 0x4
 877 063b 01       		.byte	0x1
 878 063c 08       		.byte	0x8
 879 063d CA020000 		.4byte	.LASF79
 880 0641 09       		.uleb128 0x9
 881 0642 04       		.byte	0x4
 882 0643 EF050000 		.4byte	0x5ef
 883 0647 03       		.uleb128 0x3
 884 0648 CF020000 		.4byte	.LASF80
 885 064c 07       		.byte	0x7
 886 064d E5       		.byte	0xe5
 887 064e 52060000 		.4byte	0x652
 888 0652 09       		.uleb128 0x9
 889 0653 04       		.byte	0x4
 890 0654 58060000 		.4byte	0x658
 891 0658 1D       		.uleb128 0x1d
 892 0659 01010000 		.4byte	0x101
 893 065d 67060000 		.4byte	0x667
 894 0661 1E       		.uleb128 0x1e
 895 0662 09050000 		.4byte	0x509
 896 0666 00       		.byte	0
 897 0667 03       		.uleb128 0x3
 898 0668 AC010000 		.4byte	.LASF81
 899 066c 0B       		.byte	0xb
 900 066d A8       		.byte	0xa8
 901 066e B8000000 		.4byte	0xb8
 902 0672 1F       		.uleb128 0x1f
 903 0673 09000000 		.4byte	.LASF89
 904 0677 01       		.byte	0x1
 905 0678 17       		.byte	0x17
 906 0679 01010000 		.4byte	0x101
 907 067d 00000000 		.4byte	.LFB118
 908 0681 20000000 		.4byte	.LFE118-.LFB118
ARM GAS  /tmp/cc6E7nR5.s 			page 17


 909 0685 01       		.uleb128 0x1
 910 0686 9C       		.byte	0x9c
 911 0687 AC060000 		.4byte	0x6ac
 912 068b 20       		.uleb128 0x20
 913 068c 61726700 		.ascii	"arg\000"
 914 0690 01       		.byte	0x1
 915 0691 17       		.byte	0x17
 916 0692 09050000 		.4byte	0x509
 917 0696 00000000 		.4byte	.LLST0
 918 069a 21       		.uleb128 0x21
 919 069b 18000000 		.4byte	.LVL2
 920 069f 4D070000 		.4byte	0x74d
 921 06a3 22       		.uleb128 0x22
 922 06a4 01       		.uleb128 0x1
 923 06a5 50       		.byte	0x50
 924 06a6 03       		.uleb128 0x3
 925 06a7 0A       		.byte	0xa
 926 06a8 1027     		.2byte	0x2710
 927 06aa 00       		.byte	0
 928 06ab 00       		.byte	0
 929 06ac 23       		.uleb128 0x23
 930 06ad 49010000 		.4byte	.LASF90
 931 06b1 01       		.byte	0x1
 932 06b2 23       		.byte	0x23
 933 06b3 25000000 		.4byte	0x25
 934 06b7 00000000 		.4byte	.LFB119
 935 06bb 30000000 		.4byte	.LFE119-.LFB119
 936 06bf 01       		.uleb128 0x1
 937 06c0 9C       		.byte	0x9c
 938 06c1 1B070000 		.4byte	0x71b
 939 06c5 24       		.uleb128 0x24
 940 06c6 08000000 		.4byte	.LVL3
 941 06ca 5F070000 		.4byte	0x75f
 942 06ce 24       		.uleb128 0x24
 943 06cf 0C000000 		.4byte	.LVL4
 944 06d3 66070000 		.4byte	0x766
 945 06d7 25       		.uleb128 0x25
 946 06d8 1C000000 		.4byte	.LVL5
 947 06dc 6D070000 		.4byte	0x76d
 948 06e0 09070000 		.4byte	0x709
 949 06e4 22       		.uleb128 0x22
 950 06e5 01       		.uleb128 0x1
 951 06e6 53       		.byte	0x53
 952 06e7 05       		.uleb128 0x5
 953 06e8 03       		.byte	0x3
 954 06e9 00000000 		.4byte	Thread1
 955 06ed 22       		.uleb128 0x22
 956 06ee 01       		.uleb128 0x1
 957 06ef 52       		.byte	0x52
 958 06f0 02       		.uleb128 0x2
 959 06f1 08       		.byte	0x8
 960 06f2 40       		.byte	0x40
 961 06f3 22       		.uleb128 0x22
 962 06f4 01       		.uleb128 0x1
 963 06f5 51       		.byte	0x51
 964 06f6 02       		.uleb128 0x2
 965 06f7 08       		.byte	0x8
ARM GAS  /tmp/cc6E7nR5.s 			page 18


 966 06f8 F0       		.byte	0xf0
 967 06f9 22       		.uleb128 0x22
 968 06fa 01       		.uleb128 0x1
 969 06fb 50       		.byte	0x50
 970 06fc 05       		.uleb128 0x5
 971 06fd 03       		.byte	0x3
 972 06fe 00000000 		.4byte	.LANCHOR0
 973 0702 22       		.uleb128 0x22
 974 0703 02       		.uleb128 0x2
 975 0704 7D       		.byte	0x7d
 976 0705 00       		.sleb128 0
 977 0706 01       		.uleb128 0x1
 978 0707 30       		.byte	0x30
 979 0708 00       		.byte	0
 980 0709 21       		.uleb128 0x21
 981 070a 24000000 		.4byte	.LVL6
 982 070e 4D070000 		.4byte	0x74d
 983 0712 22       		.uleb128 0x22
 984 0713 01       		.uleb128 0x1
 985 0714 50       		.byte	0x50
 986 0715 03       		.uleb128 0x3
 987 0716 0A       		.byte	0xa
 988 0717 1027     		.2byte	0x2710
 989 0719 00       		.byte	0
 990 071a 00       		.byte	0
 991 071b 0C       		.uleb128 0xc
 992 071c 0B050000 		.4byte	0x50b
 993 0720 2B070000 		.4byte	0x72b
 994 0724 0D       		.uleb128 0xd
 995 0725 70020000 		.4byte	0x270
 996 0729 1D       		.byte	0x1d
 997 072a 00       		.byte	0
 998 072b 26       		.uleb128 0x26
 999 072c 1E040000 		.4byte	.LASF91
 1000 0730 01       		.byte	0x1
 1001 0731 16       		.byte	0x16
 1002 0732 1B070000 		.4byte	0x71b
 1003 0736 05       		.uleb128 0x5
 1004 0737 03       		.byte	0x3
 1005 0738 00000000 		.4byte	waThread1
 1006 073c 27       		.uleb128 0x27
 1007 073d E1030000 		.4byte	.LASF92
 1008 0741 0E       		.byte	0xe
 1009 0742 9806     		.2byte	0x698
 1010 0744 48070000 		.4byte	0x748
 1011 0748 0A       		.uleb128 0xa
 1012 0749 AD000000 		.4byte	0xad
 1013 074d 28       		.uleb128 0x28
 1014 074e 3E010000 		.4byte	.LASF84
 1015 0752 07       		.byte	0x7
 1016 0753 7501     		.2byte	0x175
 1017 0755 5F070000 		.4byte	0x75f
 1018 0759 1E       		.uleb128 0x1e
 1019 075a 17010000 		.4byte	0x117
 1020 075e 00       		.byte	0
 1021 075f 29       		.uleb128 0x29
 1022 0760 C7010000 		.4byte	.LASF82
ARM GAS  /tmp/cc6E7nR5.s 			page 19


 1023 0764 0C       		.byte	0xc
 1024 0765 D0       		.byte	0xd0
 1025 0766 29       		.uleb128 0x29
 1026 0767 2E010000 		.4byte	.LASF83
 1027 076b 0D       		.byte	0xd
 1028 076c F6       		.byte	0xf6
 1029 076d 2A       		.uleb128 0x2a
 1030 076e D3000000 		.4byte	.LASF85
 1031 0772 07       		.byte	0x7
 1032 0773 7001     		.2byte	0x170
 1033 0775 3F020000 		.4byte	0x23f
 1034 0779 1E       		.uleb128 0x1e
 1035 077a 09050000 		.4byte	0x509
 1036 077e 1E       		.uleb128 0x1e
 1037 077f 2C000000 		.4byte	0x2c
 1038 0783 1E       		.uleb128 0x1e
 1039 0784 F6000000 		.4byte	0xf6
 1040 0788 1E       		.uleb128 0x1e
 1041 0789 47060000 		.4byte	0x647
 1042 078d 1E       		.uleb128 0x1e
 1043 078e 09050000 		.4byte	0x509
 1044 0792 00       		.byte	0
 1045 0793 00       		.byte	0
 1046              		.section	.debug_abbrev,"",%progbits
 1047              	.Ldebug_abbrev0:
 1048 0000 01       		.uleb128 0x1
 1049 0001 11       		.uleb128 0x11
 1050 0002 01       		.byte	0x1
 1051 0003 25       		.uleb128 0x25
 1052 0004 0E       		.uleb128 0xe
 1053 0005 13       		.uleb128 0x13
 1054 0006 0B       		.uleb128 0xb
 1055 0007 03       		.uleb128 0x3
 1056 0008 0E       		.uleb128 0xe
 1057 0009 1B       		.uleb128 0x1b
 1058 000a 0E       		.uleb128 0xe
 1059 000b 55       		.uleb128 0x55
 1060 000c 17       		.uleb128 0x17
 1061 000d 11       		.uleb128 0x11
 1062 000e 01       		.uleb128 0x1
 1063 000f 10       		.uleb128 0x10
 1064 0010 17       		.uleb128 0x17
 1065 0011 00       		.byte	0
 1066 0012 00       		.byte	0
 1067 0013 02       		.uleb128 0x2
 1068 0014 24       		.uleb128 0x24
 1069 0015 00       		.byte	0
 1070 0016 0B       		.uleb128 0xb
 1071 0017 0B       		.uleb128 0xb
 1072 0018 3E       		.uleb128 0x3e
 1073 0019 0B       		.uleb128 0xb
 1074 001a 03       		.uleb128 0x3
 1075 001b 08       		.uleb128 0x8
 1076 001c 00       		.byte	0
 1077 001d 00       		.byte	0
 1078 001e 03       		.uleb128 0x3
 1079 001f 16       		.uleb128 0x16
ARM GAS  /tmp/cc6E7nR5.s 			page 20


 1080 0020 00       		.byte	0
 1081 0021 03       		.uleb128 0x3
 1082 0022 0E       		.uleb128 0xe
 1083 0023 3A       		.uleb128 0x3a
 1084 0024 0B       		.uleb128 0xb
 1085 0025 3B       		.uleb128 0x3b
 1086 0026 0B       		.uleb128 0xb
 1087 0027 49       		.uleb128 0x49
 1088 0028 13       		.uleb128 0x13
 1089 0029 00       		.byte	0
 1090 002a 00       		.byte	0
 1091 002b 04       		.uleb128 0x4
 1092 002c 24       		.uleb128 0x24
 1093 002d 00       		.byte	0
 1094 002e 0B       		.uleb128 0xb
 1095 002f 0B       		.uleb128 0xb
 1096 0030 3E       		.uleb128 0x3e
 1097 0031 0B       		.uleb128 0xb
 1098 0032 03       		.uleb128 0x3
 1099 0033 0E       		.uleb128 0xe
 1100 0034 00       		.byte	0
 1101 0035 00       		.byte	0
 1102 0036 05       		.uleb128 0x5
 1103 0037 13       		.uleb128 0x13
 1104 0038 01       		.byte	0x1
 1105 0039 03       		.uleb128 0x3
 1106 003a 0E       		.uleb128 0xe
 1107 003b 0B       		.uleb128 0xb
 1108 003c 0B       		.uleb128 0xb
 1109 003d 3A       		.uleb128 0x3a
 1110 003e 0B       		.uleb128 0xb
 1111 003f 3B       		.uleb128 0x3b
 1112 0040 0B       		.uleb128 0xb
 1113 0041 01       		.uleb128 0x1
 1114 0042 13       		.uleb128 0x13
 1115 0043 00       		.byte	0
 1116 0044 00       		.byte	0
 1117 0045 06       		.uleb128 0x6
 1118 0046 0D       		.uleb128 0xd
 1119 0047 00       		.byte	0
 1120 0048 03       		.uleb128 0x3
 1121 0049 0E       		.uleb128 0xe
 1122 004a 3A       		.uleb128 0x3a
 1123 004b 0B       		.uleb128 0xb
 1124 004c 3B       		.uleb128 0x3b
 1125 004d 0B       		.uleb128 0xb
 1126 004e 49       		.uleb128 0x49
 1127 004f 13       		.uleb128 0x13
 1128 0050 38       		.uleb128 0x38
 1129 0051 0B       		.uleb128 0xb
 1130 0052 00       		.byte	0
 1131 0053 00       		.byte	0
 1132 0054 07       		.uleb128 0x7
 1133 0055 0D       		.uleb128 0xd
 1134 0056 00       		.byte	0
 1135 0057 03       		.uleb128 0x3
 1136 0058 08       		.uleb128 0x8
ARM GAS  /tmp/cc6E7nR5.s 			page 21


 1137 0059 3A       		.uleb128 0x3a
 1138 005a 0B       		.uleb128 0xb
 1139 005b 3B       		.uleb128 0x3b
 1140 005c 0B       		.uleb128 0xb
 1141 005d 49       		.uleb128 0x49
 1142 005e 13       		.uleb128 0x13
 1143 005f 38       		.uleb128 0x38
 1144 0060 0B       		.uleb128 0xb
 1145 0061 00       		.byte	0
 1146 0062 00       		.byte	0
 1147 0063 08       		.uleb128 0x8
 1148 0064 13       		.uleb128 0x13
 1149 0065 01       		.byte	0x1
 1150 0066 0B       		.uleb128 0xb
 1151 0067 0B       		.uleb128 0xb
 1152 0068 3A       		.uleb128 0x3a
 1153 0069 0B       		.uleb128 0xb
 1154 006a 3B       		.uleb128 0x3b
 1155 006b 0B       		.uleb128 0xb
 1156 006c 01       		.uleb128 0x1
 1157 006d 13       		.uleb128 0x13
 1158 006e 00       		.byte	0
 1159 006f 00       		.byte	0
 1160 0070 09       		.uleb128 0x9
 1161 0071 0F       		.uleb128 0xf
 1162 0072 00       		.byte	0
 1163 0073 0B       		.uleb128 0xb
 1164 0074 0B       		.uleb128 0xb
 1165 0075 49       		.uleb128 0x49
 1166 0076 13       		.uleb128 0x13
 1167 0077 00       		.byte	0
 1168 0078 00       		.byte	0
 1169 0079 0A       		.uleb128 0xa
 1170 007a 35       		.uleb128 0x35
 1171 007b 00       		.byte	0
 1172 007c 49       		.uleb128 0x49
 1173 007d 13       		.uleb128 0x13
 1174 007e 00       		.byte	0
 1175 007f 00       		.byte	0
 1176 0080 0B       		.uleb128 0xb
 1177 0081 26       		.uleb128 0x26
 1178 0082 00       		.byte	0
 1179 0083 49       		.uleb128 0x49
 1180 0084 13       		.uleb128 0x13
 1181 0085 00       		.byte	0
 1182 0086 00       		.byte	0
 1183 0087 0C       		.uleb128 0xc
 1184 0088 01       		.uleb128 0x1
 1185 0089 01       		.byte	0x1
 1186 008a 49       		.uleb128 0x49
 1187 008b 13       		.uleb128 0x13
 1188 008c 01       		.uleb128 0x1
 1189 008d 13       		.uleb128 0x13
 1190 008e 00       		.byte	0
 1191 008f 00       		.byte	0
 1192 0090 0D       		.uleb128 0xd
 1193 0091 21       		.uleb128 0x21
ARM GAS  /tmp/cc6E7nR5.s 			page 22


 1194 0092 00       		.byte	0
 1195 0093 49       		.uleb128 0x49
 1196 0094 13       		.uleb128 0x13
 1197 0095 2F       		.uleb128 0x2f
 1198 0096 0B       		.uleb128 0xb
 1199 0097 00       		.byte	0
 1200 0098 00       		.byte	0
 1201 0099 0E       		.uleb128 0xe
 1202 009a 13       		.uleb128 0x13
 1203 009b 01       		.byte	0x1
 1204 009c 0B       		.uleb128 0xb
 1205 009d 05       		.uleb128 0x5
 1206 009e 3A       		.uleb128 0x3a
 1207 009f 0B       		.uleb128 0xb
 1208 00a0 3B       		.uleb128 0x3b
 1209 00a1 05       		.uleb128 0x5
 1210 00a2 01       		.uleb128 0x1
 1211 00a3 13       		.uleb128 0x13
 1212 00a4 00       		.byte	0
 1213 00a5 00       		.byte	0
 1214 00a6 0F       		.uleb128 0xf
 1215 00a7 0D       		.uleb128 0xd
 1216 00a8 00       		.byte	0
 1217 00a9 03       		.uleb128 0x3
 1218 00aa 0E       		.uleb128 0xe
 1219 00ab 3A       		.uleb128 0x3a
 1220 00ac 0B       		.uleb128 0xb
 1221 00ad 3B       		.uleb128 0x3b
 1222 00ae 05       		.uleb128 0x5
 1223 00af 49       		.uleb128 0x49
 1224 00b0 13       		.uleb128 0x13
 1225 00b1 38       		.uleb128 0x38
 1226 00b2 0B       		.uleb128 0xb
 1227 00b3 00       		.byte	0
 1228 00b4 00       		.byte	0
 1229 00b5 10       		.uleb128 0x10
 1230 00b6 0D       		.uleb128 0xd
 1231 00b7 00       		.byte	0
 1232 00b8 03       		.uleb128 0x3
 1233 00b9 0E       		.uleb128 0xe
 1234 00ba 3A       		.uleb128 0x3a
 1235 00bb 0B       		.uleb128 0xb
 1236 00bc 3B       		.uleb128 0x3b
 1237 00bd 05       		.uleb128 0x5
 1238 00be 49       		.uleb128 0x49
 1239 00bf 13       		.uleb128 0x13
 1240 00c0 38       		.uleb128 0x38
 1241 00c1 05       		.uleb128 0x5
 1242 00c2 00       		.byte	0
 1243 00c3 00       		.byte	0
 1244 00c4 11       		.uleb128 0x11
 1245 00c5 17       		.uleb128 0x17
 1246 00c6 01       		.byte	0x1
 1247 00c7 0B       		.uleb128 0xb
 1248 00c8 05       		.uleb128 0x5
 1249 00c9 3A       		.uleb128 0x3a
 1250 00ca 0B       		.uleb128 0xb
ARM GAS  /tmp/cc6E7nR5.s 			page 23


 1251 00cb 3B       		.uleb128 0x3b
 1252 00cc 05       		.uleb128 0x5
 1253 00cd 01       		.uleb128 0x1
 1254 00ce 13       		.uleb128 0x13
 1255 00cf 00       		.byte	0
 1256 00d0 00       		.byte	0
 1257 00d1 12       		.uleb128 0x12
 1258 00d2 0D       		.uleb128 0xd
 1259 00d3 00       		.byte	0
 1260 00d4 03       		.uleb128 0x3
 1261 00d5 0E       		.uleb128 0xe
 1262 00d6 3A       		.uleb128 0x3a
 1263 00d7 0B       		.uleb128 0xb
 1264 00d8 3B       		.uleb128 0x3b
 1265 00d9 05       		.uleb128 0x5
 1266 00da 49       		.uleb128 0x49
 1267 00db 13       		.uleb128 0x13
 1268 00dc 00       		.byte	0
 1269 00dd 00       		.byte	0
 1270 00de 13       		.uleb128 0x13
 1271 00df 0D       		.uleb128 0xd
 1272 00e0 00       		.byte	0
 1273 00e1 49       		.uleb128 0x49
 1274 00e2 13       		.uleb128 0x13
 1275 00e3 00       		.byte	0
 1276 00e4 00       		.byte	0
 1277 00e5 14       		.uleb128 0x14
 1278 00e6 0D       		.uleb128 0xd
 1279 00e7 00       		.byte	0
 1280 00e8 49       		.uleb128 0x49
 1281 00e9 13       		.uleb128 0x13
 1282 00ea 38       		.uleb128 0x38
 1283 00eb 0B       		.uleb128 0xb
 1284 00ec 00       		.byte	0
 1285 00ed 00       		.byte	0
 1286 00ee 15       		.uleb128 0x15
 1287 00ef 0D       		.uleb128 0xd
 1288 00f0 00       		.byte	0
 1289 00f1 03       		.uleb128 0x3
 1290 00f2 08       		.uleb128 0x8
 1291 00f3 3A       		.uleb128 0x3a
 1292 00f4 0B       		.uleb128 0xb
 1293 00f5 3B       		.uleb128 0x3b
 1294 00f6 05       		.uleb128 0x5
 1295 00f7 49       		.uleb128 0x49
 1296 00f8 13       		.uleb128 0x13
 1297 00f9 38       		.uleb128 0x38
 1298 00fa 05       		.uleb128 0x5
 1299 00fb 00       		.byte	0
 1300 00fc 00       		.byte	0
 1301 00fd 16       		.uleb128 0x16
 1302 00fe 21       		.uleb128 0x21
 1303 00ff 00       		.byte	0
 1304 0100 49       		.uleb128 0x49
 1305 0101 13       		.uleb128 0x13
 1306 0102 2F       		.uleb128 0x2f
 1307 0103 05       		.uleb128 0x5
ARM GAS  /tmp/cc6E7nR5.s 			page 24


 1308 0104 00       		.byte	0
 1309 0105 00       		.byte	0
 1310 0106 17       		.uleb128 0x17
 1311 0107 16       		.uleb128 0x16
 1312 0108 00       		.byte	0
 1313 0109 03       		.uleb128 0x3
 1314 010a 0E       		.uleb128 0xe
 1315 010b 3A       		.uleb128 0x3a
 1316 010c 0B       		.uleb128 0xb
 1317 010d 3B       		.uleb128 0x3b
 1318 010e 05       		.uleb128 0x5
 1319 010f 49       		.uleb128 0x49
 1320 0110 13       		.uleb128 0x13
 1321 0111 00       		.byte	0
 1322 0112 00       		.byte	0
 1323 0113 18       		.uleb128 0x18
 1324 0114 0F       		.uleb128 0xf
 1325 0115 00       		.byte	0
 1326 0116 0B       		.uleb128 0xb
 1327 0117 0B       		.uleb128 0xb
 1328 0118 00       		.byte	0
 1329 0119 00       		.byte	0
 1330 011a 19       		.uleb128 0x19
 1331 011b 13       		.uleb128 0x13
 1332 011c 01       		.byte	0x1
 1333 011d 03       		.uleb128 0x3
 1334 011e 0E       		.uleb128 0xe
 1335 011f 0B       		.uleb128 0xb
 1336 0120 0B       		.uleb128 0xb
 1337 0121 3A       		.uleb128 0x3a
 1338 0122 0B       		.uleb128 0xb
 1339 0123 3B       		.uleb128 0x3b
 1340 0124 05       		.uleb128 0x5
 1341 0125 01       		.uleb128 0x1
 1342 0126 13       		.uleb128 0x13
 1343 0127 00       		.byte	0
 1344 0128 00       		.byte	0
 1345 0129 1A       		.uleb128 0x1a
 1346 012a 0D       		.uleb128 0xd
 1347 012b 00       		.byte	0
 1348 012c 03       		.uleb128 0x3
 1349 012d 08       		.uleb128 0x8
 1350 012e 3A       		.uleb128 0x3a
 1351 012f 0B       		.uleb128 0xb
 1352 0130 3B       		.uleb128 0x3b
 1353 0131 05       		.uleb128 0x5
 1354 0132 49       		.uleb128 0x49
 1355 0133 13       		.uleb128 0x13
 1356 0134 38       		.uleb128 0x38
 1357 0135 0B       		.uleb128 0xb
 1358 0136 00       		.byte	0
 1359 0137 00       		.byte	0
 1360 0138 1B       		.uleb128 0x1b
 1361 0139 17       		.uleb128 0x17
 1362 013a 01       		.byte	0x1
 1363 013b 0B       		.uleb128 0xb
 1364 013c 0B       		.uleb128 0xb
ARM GAS  /tmp/cc6E7nR5.s 			page 25


 1365 013d 3A       		.uleb128 0x3a
 1366 013e 0B       		.uleb128 0xb
 1367 013f 3B       		.uleb128 0x3b
 1368 0140 0B       		.uleb128 0xb
 1369 0141 01       		.uleb128 0x1
 1370 0142 13       		.uleb128 0x13
 1371 0143 00       		.byte	0
 1372 0144 00       		.byte	0
 1373 0145 1C       		.uleb128 0x1c
 1374 0146 0D       		.uleb128 0xd
 1375 0147 00       		.byte	0
 1376 0148 03       		.uleb128 0x3
 1377 0149 0E       		.uleb128 0xe
 1378 014a 3A       		.uleb128 0x3a
 1379 014b 0B       		.uleb128 0xb
 1380 014c 3B       		.uleb128 0x3b
 1381 014d 0B       		.uleb128 0xb
 1382 014e 49       		.uleb128 0x49
 1383 014f 13       		.uleb128 0x13
 1384 0150 00       		.byte	0
 1385 0151 00       		.byte	0
 1386 0152 1D       		.uleb128 0x1d
 1387 0153 15       		.uleb128 0x15
 1388 0154 01       		.byte	0x1
 1389 0155 27       		.uleb128 0x27
 1390 0156 19       		.uleb128 0x19
 1391 0157 49       		.uleb128 0x49
 1392 0158 13       		.uleb128 0x13
 1393 0159 01       		.uleb128 0x1
 1394 015a 13       		.uleb128 0x13
 1395 015b 00       		.byte	0
 1396 015c 00       		.byte	0
 1397 015d 1E       		.uleb128 0x1e
 1398 015e 05       		.uleb128 0x5
 1399 015f 00       		.byte	0
 1400 0160 49       		.uleb128 0x49
 1401 0161 13       		.uleb128 0x13
 1402 0162 00       		.byte	0
 1403 0163 00       		.byte	0
 1404 0164 1F       		.uleb128 0x1f
 1405 0165 2E       		.uleb128 0x2e
 1406 0166 01       		.byte	0x1
 1407 0167 03       		.uleb128 0x3
 1408 0168 0E       		.uleb128 0xe
 1409 0169 3A       		.uleb128 0x3a
 1410 016a 0B       		.uleb128 0xb
 1411 016b 3B       		.uleb128 0x3b
 1412 016c 0B       		.uleb128 0xb
 1413 016d 27       		.uleb128 0x27
 1414 016e 19       		.uleb128 0x19
 1415 016f 49       		.uleb128 0x49
 1416 0170 13       		.uleb128 0x13
 1417 0171 11       		.uleb128 0x11
 1418 0172 01       		.uleb128 0x1
 1419 0173 12       		.uleb128 0x12
 1420 0174 06       		.uleb128 0x6
 1421 0175 40       		.uleb128 0x40
ARM GAS  /tmp/cc6E7nR5.s 			page 26


 1422 0176 18       		.uleb128 0x18
 1423 0177 9742     		.uleb128 0x2117
 1424 0179 19       		.uleb128 0x19
 1425 017a 01       		.uleb128 0x1
 1426 017b 13       		.uleb128 0x13
 1427 017c 00       		.byte	0
 1428 017d 00       		.byte	0
 1429 017e 20       		.uleb128 0x20
 1430 017f 05       		.uleb128 0x5
 1431 0180 00       		.byte	0
 1432 0181 03       		.uleb128 0x3
 1433 0182 08       		.uleb128 0x8
 1434 0183 3A       		.uleb128 0x3a
 1435 0184 0B       		.uleb128 0xb
 1436 0185 3B       		.uleb128 0x3b
 1437 0186 0B       		.uleb128 0xb
 1438 0187 49       		.uleb128 0x49
 1439 0188 13       		.uleb128 0x13
 1440 0189 02       		.uleb128 0x2
 1441 018a 17       		.uleb128 0x17
 1442 018b 00       		.byte	0
 1443 018c 00       		.byte	0
 1444 018d 21       		.uleb128 0x21
 1445 018e 898201   		.uleb128 0x4109
 1446 0191 01       		.byte	0x1
 1447 0192 11       		.uleb128 0x11
 1448 0193 01       		.uleb128 0x1
 1449 0194 31       		.uleb128 0x31
 1450 0195 13       		.uleb128 0x13
 1451 0196 00       		.byte	0
 1452 0197 00       		.byte	0
 1453 0198 22       		.uleb128 0x22
 1454 0199 8A8201   		.uleb128 0x410a
 1455 019c 00       		.byte	0
 1456 019d 02       		.uleb128 0x2
 1457 019e 18       		.uleb128 0x18
 1458 019f 9142     		.uleb128 0x2111
 1459 01a1 18       		.uleb128 0x18
 1460 01a2 00       		.byte	0
 1461 01a3 00       		.byte	0
 1462 01a4 23       		.uleb128 0x23
 1463 01a5 2E       		.uleb128 0x2e
 1464 01a6 01       		.byte	0x1
 1465 01a7 3F       		.uleb128 0x3f
 1466 01a8 19       		.uleb128 0x19
 1467 01a9 03       		.uleb128 0x3
 1468 01aa 0E       		.uleb128 0xe
 1469 01ab 3A       		.uleb128 0x3a
 1470 01ac 0B       		.uleb128 0xb
 1471 01ad 3B       		.uleb128 0x3b
 1472 01ae 0B       		.uleb128 0xb
 1473 01af 27       		.uleb128 0x27
 1474 01b0 19       		.uleb128 0x19
 1475 01b1 49       		.uleb128 0x49
 1476 01b2 13       		.uleb128 0x13
 1477 01b3 11       		.uleb128 0x11
 1478 01b4 01       		.uleb128 0x1
ARM GAS  /tmp/cc6E7nR5.s 			page 27


 1479 01b5 12       		.uleb128 0x12
 1480 01b6 06       		.uleb128 0x6
 1481 01b7 40       		.uleb128 0x40
 1482 01b8 18       		.uleb128 0x18
 1483 01b9 9742     		.uleb128 0x2117
 1484 01bb 19       		.uleb128 0x19
 1485 01bc 01       		.uleb128 0x1
 1486 01bd 13       		.uleb128 0x13
 1487 01be 00       		.byte	0
 1488 01bf 00       		.byte	0
 1489 01c0 24       		.uleb128 0x24
 1490 01c1 898201   		.uleb128 0x4109
 1491 01c4 00       		.byte	0
 1492 01c5 11       		.uleb128 0x11
 1493 01c6 01       		.uleb128 0x1
 1494 01c7 31       		.uleb128 0x31
 1495 01c8 13       		.uleb128 0x13
 1496 01c9 00       		.byte	0
 1497 01ca 00       		.byte	0
 1498 01cb 25       		.uleb128 0x25
 1499 01cc 898201   		.uleb128 0x4109
 1500 01cf 01       		.byte	0x1
 1501 01d0 11       		.uleb128 0x11
 1502 01d1 01       		.uleb128 0x1
 1503 01d2 31       		.uleb128 0x31
 1504 01d3 13       		.uleb128 0x13
 1505 01d4 01       		.uleb128 0x1
 1506 01d5 13       		.uleb128 0x13
 1507 01d6 00       		.byte	0
 1508 01d7 00       		.byte	0
 1509 01d8 26       		.uleb128 0x26
 1510 01d9 34       		.uleb128 0x34
 1511 01da 00       		.byte	0
 1512 01db 03       		.uleb128 0x3
 1513 01dc 0E       		.uleb128 0xe
 1514 01dd 3A       		.uleb128 0x3a
 1515 01de 0B       		.uleb128 0xb
 1516 01df 3B       		.uleb128 0x3b
 1517 01e0 0B       		.uleb128 0xb
 1518 01e1 49       		.uleb128 0x49
 1519 01e2 13       		.uleb128 0x13
 1520 01e3 02       		.uleb128 0x2
 1521 01e4 18       		.uleb128 0x18
 1522 01e5 00       		.byte	0
 1523 01e6 00       		.byte	0
 1524 01e7 27       		.uleb128 0x27
 1525 01e8 34       		.uleb128 0x34
 1526 01e9 00       		.byte	0
 1527 01ea 03       		.uleb128 0x3
 1528 01eb 0E       		.uleb128 0xe
 1529 01ec 3A       		.uleb128 0x3a
 1530 01ed 0B       		.uleb128 0xb
 1531 01ee 3B       		.uleb128 0x3b
 1532 01ef 05       		.uleb128 0x5
 1533 01f0 49       		.uleb128 0x49
 1534 01f1 13       		.uleb128 0x13
 1535 01f2 3F       		.uleb128 0x3f
ARM GAS  /tmp/cc6E7nR5.s 			page 28


 1536 01f3 19       		.uleb128 0x19
 1537 01f4 3C       		.uleb128 0x3c
 1538 01f5 19       		.uleb128 0x19
 1539 01f6 00       		.byte	0
 1540 01f7 00       		.byte	0
 1541 01f8 28       		.uleb128 0x28
 1542 01f9 2E       		.uleb128 0x2e
 1543 01fa 01       		.byte	0x1
 1544 01fb 3F       		.uleb128 0x3f
 1545 01fc 19       		.uleb128 0x19
 1546 01fd 03       		.uleb128 0x3
 1547 01fe 0E       		.uleb128 0xe
 1548 01ff 3A       		.uleb128 0x3a
 1549 0200 0B       		.uleb128 0xb
 1550 0201 3B       		.uleb128 0x3b
 1551 0202 05       		.uleb128 0x5
 1552 0203 27       		.uleb128 0x27
 1553 0204 19       		.uleb128 0x19
 1554 0205 3C       		.uleb128 0x3c
 1555 0206 19       		.uleb128 0x19
 1556 0207 01       		.uleb128 0x1
 1557 0208 13       		.uleb128 0x13
 1558 0209 00       		.byte	0
 1559 020a 00       		.byte	0
 1560 020b 29       		.uleb128 0x29
 1561 020c 2E       		.uleb128 0x2e
 1562 020d 00       		.byte	0
 1563 020e 3F       		.uleb128 0x3f
 1564 020f 19       		.uleb128 0x19
 1565 0210 03       		.uleb128 0x3
 1566 0211 0E       		.uleb128 0xe
 1567 0212 3A       		.uleb128 0x3a
 1568 0213 0B       		.uleb128 0xb
 1569 0214 3B       		.uleb128 0x3b
 1570 0215 0B       		.uleb128 0xb
 1571 0216 27       		.uleb128 0x27
 1572 0217 19       		.uleb128 0x19
 1573 0218 3C       		.uleb128 0x3c
 1574 0219 19       		.uleb128 0x19
 1575 021a 00       		.byte	0
 1576 021b 00       		.byte	0
 1577 021c 2A       		.uleb128 0x2a
 1578 021d 2E       		.uleb128 0x2e
 1579 021e 01       		.byte	0x1
 1580 021f 3F       		.uleb128 0x3f
 1581 0220 19       		.uleb128 0x19
 1582 0221 03       		.uleb128 0x3
 1583 0222 0E       		.uleb128 0xe
 1584 0223 3A       		.uleb128 0x3a
 1585 0224 0B       		.uleb128 0xb
 1586 0225 3B       		.uleb128 0x3b
 1587 0226 05       		.uleb128 0x5
 1588 0227 27       		.uleb128 0x27
 1589 0228 19       		.uleb128 0x19
 1590 0229 49       		.uleb128 0x49
 1591 022a 13       		.uleb128 0x13
 1592 022b 3C       		.uleb128 0x3c
ARM GAS  /tmp/cc6E7nR5.s 			page 29


 1593 022c 19       		.uleb128 0x19
 1594 022d 00       		.byte	0
 1595 022e 00       		.byte	0
 1596 022f 00       		.byte	0
 1597              		.section	.debug_loc,"",%progbits
 1598              	.Ldebug_loc0:
 1599              	.LLST0:
 1600 0000 00000000 		.4byte	.LVL0
 1601 0004 04000000 		.4byte	.LVL1
 1602 0008 0100     		.2byte	0x1
 1603 000a 50       		.byte	0x50
 1604 000b 04000000 		.4byte	.LVL1
 1605 000f 20000000 		.4byte	.LFE118
 1606 0013 0400     		.2byte	0x4
 1607 0015 F3       		.byte	0xf3
 1608 0016 01       		.uleb128 0x1
 1609 0017 50       		.byte	0x50
 1610 0018 9F       		.byte	0x9f
 1611 0019 00000000 		.4byte	0
 1612 001d 00000000 		.4byte	0
 1613              		.section	.debug_aranges,"",%progbits
 1614 0000 24000000 		.4byte	0x24
 1615 0004 0200     		.2byte	0x2
 1616 0006 00000000 		.4byte	.Ldebug_info0
 1617 000a 04       		.byte	0x4
 1618 000b 00       		.byte	0
 1619 000c 0000     		.2byte	0
 1620 000e 0000     		.2byte	0
 1621 0010 00000000 		.4byte	.LFB118
 1622 0014 20000000 		.4byte	.LFE118-.LFB118
 1623 0018 00000000 		.4byte	.LFB119
 1624 001c 30000000 		.4byte	.LFE119-.LFB119
 1625 0020 00000000 		.4byte	0
 1626 0024 00000000 		.4byte	0
 1627              		.section	.debug_ranges,"",%progbits
 1628              	.Ldebug_ranges0:
 1629 0000 00000000 		.4byte	.LFB118
 1630 0004 20000000 		.4byte	.LFE118
 1631 0008 00000000 		.4byte	.LFB119
 1632 000c 30000000 		.4byte	.LFE119
 1633 0010 00000000 		.4byte	0
 1634 0014 00000000 		.4byte	0
 1635              		.section	.debug_line,"",%progbits
 1636              	.Ldebug_line0:
 1637 0000 13020000 		.section	.debug_str,"MS",%progbits,1
 1637      0200D601 
 1637      00000201 
 1637      FB0E0D00 
 1637      01010101 
 1638              	.LASF63:
 1639 0000 57414B45 		.ascii	"WAKESTAT\000"
 1639      53544154 
 1639      00
 1640              	.LASF89:
 1641 0009 54687265 		.ascii	"Thread1\000"
 1641      61643100 
 1642              	.LASF86:
ARM GAS  /tmp/cc6E7nR5.s 			page 30


 1643 0011 474E5520 		.ascii	"GNU C 4.8.3 20140820 (release) -mcpu=cortex-m4 -mno"
 1643      4320342E 
 1643      382E3320 
 1643      32303134 
 1643      30383230 
 1644 0044 2D746875 		.ascii	"-thumb-interwork -mthumb -ggdb -O2 -fomit-frame-poi"
 1644      6D622D69 
 1644      6E746572 
 1644      776F726B 
 1644      202D6D74 
 1645 0077 6E746572 		.ascii	"nter -falign-functions=16 -ffunction-sections -fdat"
 1645      202D6661 
 1645      6C69676E 
 1645      2D66756E 
 1645      6374696F 
 1646 00aa 612D7365 		.ascii	"a-sections -fno-common\000"
 1646      6374696F 
 1646      6E73202D 
 1646      666E6F2D 
 1646      636F6D6D 
 1647              	.LASF12:
 1648 00c1 5F5F7569 		.ascii	"__uint64_t\000"
 1648      6E743634 
 1648      5F7400
 1649              	.LASF58:
 1650 00cc 41444343 		.ascii	"ADCCTL\000"
 1650      544C00
 1651              	.LASF85:
 1652 00d3 63685468 		.ascii	"chThdCreateStatic\000"
 1652      64437265 
 1652      61746553 
 1652      74617469 
 1652      6300
 1653              	.LASF54:
 1654 00e5 44523852 		.ascii	"DR8R\000"
 1654      00
 1655              	.LASF17:
 1656 00ea 75696E74 		.ascii	"uint64_t\000"
 1656      36345F74 
 1656      00
 1657              	.LASF46:
 1658 00f3 54687265 		.ascii	"ThreadsList\000"
 1658      6164734C 
 1658      69737400 
 1659              	.LASF5:
 1660 00ff 73686F72 		.ascii	"short int\000"
 1660      7420696E 
 1660      7400
 1661              	.LASF2:
 1662 0109 73697A65 		.ascii	"size_t\000"
 1662      5F7400
 1663              	.LASF73:
 1664 0110 6D5F6E65 		.ascii	"m_next\000"
 1664      787400
 1665              	.LASF47:
 1666 0117 73697A65 		.ascii	"sizetype\000"
 1666      74797065 
ARM GAS  /tmp/cc6E7nR5.s 			page 31


 1666      00
 1667              	.LASF75:
 1668 0120 7264796D 		.ascii	"rdymsg\000"
 1668      736700
 1669              	.LASF28:
 1670 0127 705F7072 		.ascii	"p_prev\000"
 1670      657600
 1671              	.LASF83:
 1672 012e 63685379 		.ascii	"chSysInit\000"
 1672      73496E69 
 1672      7400
 1673              	.LASF60:
 1674 0138 44523132 		.ascii	"DR12R\000"
 1674      5200
 1675              	.LASF84:
 1676 013e 63685468 		.ascii	"chThdSleep\000"
 1676      64536C65 
 1676      657000
 1677              	.LASF90:
 1678 0149 6D61696E 		.ascii	"main\000"
 1678      00
 1679              	.LASF9:
 1680 014e 5F5F7569 		.ascii	"__uint32_t\000"
 1680      6E743332 
 1680      5F7400
 1681              	.LASF24:
 1682 0159 6576656E 		.ascii	"eventmask_t\000"
 1682      746D6173 
 1682      6B5F7400 
 1683              	.LASF39:
 1684 0165 705F6D73 		.ascii	"p_msgqueue\000"
 1684      67717565 
 1684      756500
 1685              	.LASF29:
 1686 0170 705F7072 		.ascii	"p_prio\000"
 1686      696F00
 1687              	.LASF27:
 1688 0177 705F6E65 		.ascii	"p_next\000"
 1688      787400
 1689              	.LASF42:
 1690 017e 705F6D74 		.ascii	"p_mtxlist\000"
 1690      786C6973 
 1690      7400
 1691              	.LASF41:
 1692 0188 705F6570 		.ascii	"p_epending\000"
 1692      656E6469 
 1692      6E6700
 1693              	.LASF62:
 1694 0193 57414B45 		.ascii	"WAKELVL\000"
 1694      4C564C00 
 1695              	.LASF66:
 1696 019b 72656761 		.ascii	"regarm_t\000"
 1696      726D5F74 
 1696      00
 1697              	.LASF14:
 1698 01a4 75696E74 		.ascii	"uint8_t\000"
 1698      385F7400 
ARM GAS  /tmp/cc6E7nR5.s 			page 32


 1699              	.LASF81:
 1700 01ac 696F706F 		.ascii	"ioportmask_t\000"
 1700      72746D61 
 1700      736B5F74 
 1700      00
 1701              	.LASF11:
 1702 01b9 6C6F6E67 		.ascii	"long long int\000"
 1702      206C6F6E 
 1702      6720696E 
 1702      7400
 1703              	.LASF82:
 1704 01c7 68616C49 		.ascii	"halInit\000"
 1704      6E697400 
 1705              	.LASF22:
 1706 01cf 74707269 		.ascii	"tprio_t\000"
 1706      6F5F7400 
 1707              	.LASF74:
 1708 01d7 4D41534B 		.ascii	"MASKED_ACCESS\000"
 1708      45445F41 
 1708      43434553 
 1708      5300
 1709              	.LASF8:
 1710 01e5 6C6F6E67 		.ascii	"long int\000"
 1710      20696E74 
 1710      00
 1711              	.LASF57:
 1712 01ee 5043544C 		.ascii	"PCTL\000"
 1712      00
 1713              	.LASF70:
 1714 01f3 4D757465 		.ascii	"Mutex\000"
 1714      7800
 1715              	.LASF71:
 1716 01f9 6D5F7175 		.ascii	"m_queue\000"
 1716      65756500 
 1717              	.LASF3:
 1718 0201 5F5F7569 		.ascii	"__uint8_t\000"
 1718      6E74385F 
 1718      7400
 1719              	.LASF69:
 1720 020b 636F6E74 		.ascii	"context\000"
 1720      65787400 
 1721              	.LASF38:
 1722 0213 705F7761 		.ascii	"p_waiting\000"
 1722      6974696E 
 1722      6700
 1723              	.LASF40:
 1724 021d 705F6D73 		.ascii	"p_msg\000"
 1724      6700
 1725              	.LASF49:
 1726 0223 44415441 		.ascii	"DATA\000"
 1726      00
 1727              	.LASF19:
 1728 0228 746D6F64 		.ascii	"tmode_t\000"
 1728      655F7400 
 1729              	.LASF52:
 1730 0230 44523252 		.ascii	"DR2R\000"
 1730      00
ARM GAS  /tmp/cc6E7nR5.s 			page 33


 1731              	.LASF4:
 1732 0235 756E7369 		.ascii	"unsigned char\000"
 1732      676E6564 
 1732      20636861 
 1732      7200
 1733              	.LASF37:
 1734 0243 705F7469 		.ascii	"p_time\000"
 1734      6D6500
 1735              	.LASF78:
 1736 024a 65776D61 		.ascii	"ewmask\000"
 1736      736B00
 1737              	.LASF1:
 1738 0251 7369676E 		.ascii	"signed char\000"
 1738      65642063 
 1738      68617200 
 1739              	.LASF31:
 1740 025d 705F6E65 		.ascii	"p_newer\000"
 1740      77657200 
 1741              	.LASF13:
 1742 0265 6C6F6E67 		.ascii	"long long unsigned int\000"
 1742      206C6F6E 
 1742      6720756E 
 1742      7369676E 
 1742      65642069 
 1743              	.LASF16:
 1744 027c 75696E74 		.ascii	"uint32_t\000"
 1744      33325F74 
 1744      00
 1745              	.LASF0:
 1746 0285 756E7369 		.ascii	"unsigned int\000"
 1746      676E6564 
 1746      20696E74 
 1746      00
 1747              	.LASF44:
 1748 0292 705F6D70 		.ascii	"p_mpool\000"
 1748      6F6F6C00 
 1749              	.LASF6:
 1750 029a 73686F72 		.ascii	"short unsigned int\000"
 1750      7420756E 
 1750      7369676E 
 1750      65642069 
 1750      6E7400
 1751              	.LASF35:
 1752 02ad 705F666C 		.ascii	"p_flags\000"
 1752      61677300 
 1753              	.LASF43:
 1754 02b5 705F7265 		.ascii	"p_realprio\000"
 1754      616C7072 
 1754      696F00
 1755              	.LASF25:
 1756 02c0 73797374 		.ascii	"systime_t\000"
 1756      696D655F 
 1756      7400
 1757              	.LASF79:
 1758 02ca 63686172 		.ascii	"char\000"
 1758      00
 1759              	.LASF80:
ARM GAS  /tmp/cc6E7nR5.s 			page 34


 1760 02cf 7466756E 		.ascii	"tfunc_t\000"
 1760      635F7400 
 1761              	.LASF15:
 1762 02d7 696E7433 		.ascii	"int32_t\000"
 1762      325F7400 
 1763              	.LASF34:
 1764 02df 705F7374 		.ascii	"p_state\000"
 1764      61746500 
 1765              	.LASF59:
 1766 02e7 444D4143 		.ascii	"DMACTL\000"
 1766      544C00
 1767              	.LASF45:
 1768 02ee 54687265 		.ascii	"ThreadsQueue\000"
 1768      61647351 
 1768      75657565 
 1768      00
 1769              	.LASF18:
 1770 02fb 5F426F6F 		.ascii	"_Bool\000"
 1770      6C00
 1771              	.LASF33:
 1772 0301 705F6E61 		.ascii	"p_name\000"
 1772      6D6500
 1773              	.LASF68:
 1774 0308 696E7463 		.ascii	"intctx\000"
 1774      747800
 1775              	.LASF48:
 1776 030f 52455345 		.ascii	"RESERVED0\000"
 1776      52564544 
 1776      3000
 1777              	.LASF51:
 1778 0319 52455345 		.ascii	"RESERVED1\000"
 1778      52564544 
 1778      3100
 1779              	.LASF64:
 1780 0323 52455345 		.ascii	"RESERVED2\000"
 1780      52564544 
 1780      3200
 1781              	.LASF20:
 1782 032d 74737461 		.ascii	"tstate_t\000"
 1782      74655F74 
 1782      00
 1783              	.LASF87:
 1784 0336 6D61696E 		.ascii	"main.c\000"
 1784      2E6300
 1785              	.LASF10:
 1786 033d 6C6F6E67 		.ascii	"long unsigned int\000"
 1786      20756E73 
 1786      69676E65 
 1786      6420696E 
 1786      7400
 1787              	.LASF7:
 1788 034f 5F5F696E 		.ascii	"__int32_t\000"
 1788      7433325F 
 1788      7400
 1789              	.LASF26:
 1790 0359 54687265 		.ascii	"Thread\000"
 1790      616400
ARM GAS  /tmp/cc6E7nR5.s 			page 35


 1791              	.LASF77:
 1792 0360 77746F62 		.ascii	"wtobjp\000"
 1792      6A7000
 1793              	.LASF50:
 1794 0367 41465345 		.ascii	"AFSEL\000"
 1794      4C00
 1795              	.LASF67:
 1796 036d 73746B61 		.ascii	"stkalign_t\000"
 1796      6C69676E 
 1796      5F7400
 1797              	.LASF76:
 1798 0378 65786974 		.ascii	"exitcode\000"
 1798      636F6465 
 1798      00
 1799              	.LASF55:
 1800 0381 4C4F434B 		.ascii	"LOCK\000"
 1800      00
 1801              	.LASF88:
 1802 0386 2F706F6F 		.ascii	"/pool/prototipi/git/tiva-chibios2_6/demos/RT-TM4C12"
 1802      6C2F7072 
 1802      6F746F74 
 1802      6970692F 
 1802      6769742F 
 1803 03b9 39342D4C 		.ascii	"94-LAUNCHPAD\000"
 1803      41554E43 
 1803      48504144 
 1803      00
 1804              	.LASF32:
 1805 03c6 705F6F6C 		.ascii	"p_older\000"
 1805      64657200 
 1806              	.LASF56:
 1807 03ce 414D5345 		.ascii	"AMSEL\000"
 1807      4C00
 1808              	.LASF36:
 1809 03d4 705F7265 		.ascii	"p_refs\000"
 1809      667300
 1810              	.LASF30:
 1811 03db 705F6374 		.ascii	"p_ctx\000"
 1811      7800
 1812              	.LASF92:
 1813 03e1 49544D5F 		.ascii	"ITM_RxBuffer\000"
 1813      52784275 
 1813      66666572 
 1813      00
 1814              	.LASF61:
 1815 03ee 57414B45 		.ascii	"WAKEPEN\000"
 1815      50454E00 
 1816              	.LASF72:
 1817 03f6 6D5F6F77 		.ascii	"m_owner\000"
 1817      6E657200 
 1818              	.LASF53:
 1819 03fe 44523452 		.ascii	"DR4R\000"
 1819      00
 1820              	.LASF65:
 1821 0403 4750494F 		.ascii	"GPIO_TypeDef\000"
 1821      5F547970 
 1821      65446566 
ARM GAS  /tmp/cc6E7nR5.s 			page 36


 1821      00
 1822              	.LASF23:
 1823 0410 6D73675F 		.ascii	"msg_t\000"
 1823      7400
 1824              	.LASF21:
 1825 0416 74726566 		.ascii	"trefs_t\000"
 1825      735F7400 
 1826              	.LASF91:
 1827 041e 77615468 		.ascii	"waThread1\000"
 1827      72656164 
 1827      3100
 1828              		.ident	"GCC: (4.8.3-9+11) 4.8.3 20140820 (release)"
ARM GAS  /tmp/cc6E7nR5.s 			page 37


DEFINED SYMBOLS
                            *ABS*:0000000000000000 main.c
     /tmp/cc6E7nR5.s:19     .text.Thread1:0000000000000000 $t
     /tmp/cc6E7nR5.s:24     .text.Thread1:0000000000000000 Thread1
     /tmp/cc6E7nR5.s:53     .text.Thread1:000000000000001c $d
     /tmp/cc6E7nR5.s:58     .text.startup.main:0000000000000000 $t
     /tmp/cc6E7nR5.s:64     .text.startup.main:0000000000000000 main
     /tmp/cc6E7nR5.s:100    .text.startup.main:0000000000000028 $d
     /tmp/cc6E7nR5.s:106    .bss.waThread1:0000000000000000 $d
     /tmp/cc6E7nR5.s:110    .bss.waThread1:0000000000000000 waThread1
                     .debug_frame:0000000000000010 $d

UNDEFINED SYMBOLS
chThdSleep
halInit
chSysInit
chThdCreateStatic
